/home/devesh/Butterfly/project_2/libbot_final/install/libbot_bringup/lib/python3.12/site-packages/libbot_bringup/camera_publisher.py
/home/devesh/Butterfly/project_2/libbot_final/install/libbot_bringup/lib/python3.12/site-packages/libbot_bringup/__init__.py
/home/devesh/Butterfly/project_2/libbot_final/install/libbot_bringup/lib/python3.12/site-packages/libbot_bringup/__pycache__/camera_publisher.cpython-312.pyc
/home/devesh/Butterfly/project_2/libbot_final/install/libbot_bringup/lib/python3.12/site-packages/libbot_bringup/__pycache__/__init__.cpython-312.pyc
/home/devesh/Butterfly/project_2/libbot_final/install/libbot_bringup/share/ament_index/resource_index/packages/libbot_bringup
/home/devesh/Butterfly/project_2/libbot_final/install/libbot_bringup/share/libbot_bringup/package.xml
/home/devesh/Butterfly/project_2/libbot_final/install/libbot_bringup/share/libbot_bringup/config/model.rviz
/home/devesh/Butterfly/project_2/libbot_final/install/libbot_bringup/share/libbot_bringup/config/description_launch.rviz
/home/devesh/Butterfly/project_2/libbot_final/install/libbot_bringup/share/libbot_bringup/config/ekf_hw.yaml
/home/devesh/Butterfly/project_2/libbot_final/install/libbot_bringup/share/libbot_bringup/launch/description.launch.py
/home/devesh/Butterfly/project_2/libbot_final/install/libbot_bringup/share/libbot_bringup/launch/gz_mix_sim.launch.py
/home/devesh/Butterfly/project_2/libbot_final/install/libbot_bringup/share/libbot_bringup/launch/bringup.launch.py
/home/devesh/Butterfly/project_2/libbot_final/install/libbot_bringup/share/libbot_bringup/urdf/libbot_core.xacro
/home/devesh/Butterfly/project_2/libbot_final/install/libbot_bringup/share/libbot_bringup/urdf/lidar.xacro
/home/devesh/Butterfly/project_2/libbot_final/install/libbot_bringup/share/libbot_bringup/urdf/materials.xacro
/home/devesh/Butterfly/project_2/libbot_final/install/libbot_bringup/share/libbot_bringup/urdf/imu.xacro
/home/devesh/Butterfly/project_2/libbot_final/install/libbot_bringup/share/libbot_bringup/urdf/libbot.urdf.xacro
/home/devesh/Butterfly/project_2/libbot_final/install/libbot_bringup/share/libbot_bringup/urdf/libbot_gazebo_control.xacro
/home/devesh/Butterfly/project_2/libbot_final/install/libbot_bringup/share/libbot_bringup/urdf/meshes/chassis_frame.stl
/home/devesh/Butterfly/project_2/libbot_final/install/libbot_bringup/share/libbot_bringup/urdf/meshes/caster_wheel.stl
/home/devesh/Butterfly/project_2/libbot_final/install/libbot_bringup/lib/python3.12/site-packages/libbot_bringup-0.0.0-py3.12.egg-info/PKG-INFO
/home/devesh/Butterfly/project_2/libbot_final/install/libbot_bringup/lib/python3.12/site-packages/libbot_bringup-0.0.0-py3.12.egg-info/requires.txt
/home/devesh/Butterfly/project_2/libbot_final/install/libbot_bringup/lib/python3.12/site-packages/libbot_bringup-0.0.0-py3.12.egg-info/dependency_links.txt
/home/devesh/Butterfly/project_2/libbot_final/install/libbot_bringup/lib/python3.12/site-packages/libbot_bringup-0.0.0-py3.12.egg-info/entry_points.txt
/home/devesh/Butterfly/project_2/libbot_final/install/libbot_bringup/lib/python3.12/site-packages/libbot_bringup-0.0.0-py3.12.egg-info/zip-safe
/home/devesh/Butterfly/project_2/libbot_final/install/libbot_bringup/lib/python3.12/site-packages/libbot_bringup-0.0.0-py3.12.egg-info/top_level.txt
/home/devesh/Butterfly/project_2/libbot_final/install/libbot_bringup/lib/python3.12/site-packages/libbot_bringup-0.0.0-py3.12.egg-info/SOURCES.txt
/home/devesh/Butterfly/project_2/libbot_final/install/libbot_bringup/lib/libbot_bringup/camera_publisher
