/home/devesh/Butterfly/project_2/libbot_final/install/libbot_navigation/lib/python3.12/site-packages/libbot_navigation/__init__.py
/home/devesh/Butterfly/project_2/libbot_final/install/libbot_navigation/lib/python3.12/site-packages/libbot_navigation/__pycache__/__init__.cpython-312.pyc
/home/devesh/Butterfly/project_2/libbot_final/install/libbot_navigation/share/ament_index/resource_index/packages/libbot_navigation
/home/devesh/Butterfly/project_2/libbot_final/install/libbot_navigation/share/libbot_navigation/package.xml
/home/devesh/Butterfly/project_2/libbot_final/install/libbot_navigation/share/libbot_navigation/config/nav2_params.yaml
/home/devesh/Butterfly/project_2/libbot_final/install/libbot_navigation/share/libbot_navigation/config/rviz_config.rviz
/home/devesh/Butterfly/project_2/libbot_final/install/libbot_navigation/share/libbot_navigation/config/twist_mux.yaml
/home/devesh/Butterfly/project_2/libbot_final/install/libbot_navigation/share/libbot_navigation/config/dock_database.yaml
/home/devesh/Butterfly/project_2/libbot_final/install/libbot_navigation/share/libbot_navigation/launch/navigation.launch.py
/home/devesh/Butterfly/project_2/libbot_final/install/libbot_navigation/share/libbot_navigation/launch/view_nav.launch.py
/home/devesh/Butterfly/project_2/libbot_final/install/libbot_navigation/share/libbot_navigation/maps/home_sav.yaml
/home/devesh/Butterfly/project_2/libbot_final/install/libbot_navigation/share/libbot_navigation/maps/library_map_v2_sav.yaml
/home/devesh/Butterfly/project_2/libbot_final/install/libbot_navigation/share/libbot_navigation/maps/library_map_v2_sav.pgm
/home/devesh/Butterfly/project_2/libbot_final/install/libbot_navigation/share/libbot_navigation/maps/home_sav.pgm
/home/devesh/Butterfly/project_2/libbot_final/install/libbot_navigation/lib/python3.12/site-packages/libbot_navigation-0.0.0-py3.12.egg-info/PKG-INFO
/home/devesh/Butterfly/project_2/libbot_final/install/libbot_navigation/lib/python3.12/site-packages/libbot_navigation-0.0.0-py3.12.egg-info/requires.txt
/home/devesh/Butterfly/project_2/libbot_final/install/libbot_navigation/lib/python3.12/site-packages/libbot_navigation-0.0.0-py3.12.egg-info/dependency_links.txt
/home/devesh/Butterfly/project_2/libbot_final/install/libbot_navigation/lib/python3.12/site-packages/libbot_navigation-0.0.0-py3.12.egg-info/zip-safe
/home/devesh/Butterfly/project_2/libbot_final/install/libbot_navigation/lib/python3.12/site-packages/libbot_navigation-0.0.0-py3.12.egg-info/top_level.txt
/home/devesh/Butterfly/project_2/libbot_final/install/libbot_navigation/lib/python3.12/site-packages/libbot_navigation-0.0.0-py3.12.egg-info/SOURCES.txt
