running egg_info
writing ../../build/libbot_bringup/libbot_bringup.egg-info/PKG-INFO
writing dependency_links to ../../build/libbot_bringup/libbot_bringup.egg-info/dependency_links.txt
writing entry points to ../../build/libbot_bringup/libbot_bringup.egg-info/entry_points.txt
writing requirements to ../../build/libbot_bringup/libbot_bringup.egg-info/requires.txt
writing top-level names to ../../build/libbot_bringup/libbot_bringup.egg-info/top_level.txt
reading manifest file '../../build/libbot_bringup/libbot_bringup.egg-info/SOURCES.txt'
adding license file 'LICENSE'
writing manifest file '../../build/libbot_bringup/libbot_bringup.egg-info/SOURCES.txt'
running build
running build_py
copying libbot_bringup/camera_publisher.py -> /home/devesh/Butterfly/project_2/libbot_final/build/libbot_bringup/build/lib/libbot_bringup
running install
running install_lib
copying /home/devesh/Butterfly/project_2/libbot_final/build/libbot_bringup/build/lib/libbot_bringup/camera_publisher.py -> /home/devesh/Butterfly/project_2/libbot_final/install/libbot_bringup/lib/python3.12/site-packages/libbot_bringup
byte-compiling /home/devesh/Butterfly/project_2/libbot_final/install/libbot_bringup/lib/python3.12/site-packages/libbot_bringup/camera_publisher.py to camera_publisher.cpython-312.pyc
running install_data
copying launch/bringup.launch.py -> /home/devesh/Butterfly/project_2/libbot_final/install/libbot_bringup/share/libbot_bringup/launch
running install_egg_info
removing '/home/devesh/Butterfly/project_2/libbot_final/install/libbot_bringup/lib/python3.12/site-packages/libbot_bringup-0.0.0-py3.12.egg-info' (and everything under it)
Copying ../../build/libbot_bringup/libbot_bringup.egg-info to /home/devesh/Butterfly/project_2/libbot_final/install/libbot_bringup/lib/python3.12/site-packages/libbot_bringup-0.0.0-py3.12.egg-info
running install_scripts
Installing camera_publisher script to /home/devesh/Butterfly/project_2/libbot_final/install/libbot_bringup/lib/libbot_bringup
writing list of installed files to '/home/devesh/Butterfly/project_2/libbot_final/build/libbot_bringup/install.log'
