running egg_info
writing ../../build/libbot_navigation/libbot_navigation.egg-info/PKG-INFO
writing dependency_links to ../../build/libbot_navigation/libbot_navigation.egg-info/dependency_links.txt
writing requirements to ../../build/libbot_navigation/libbot_navigation.egg-info/requires.txt
writing top-level names to ../../build/libbot_navigation/libbot_navigation.egg-info/top_level.txt
reading manifest file '../../build/libbot_navigation/libbot_navigation.egg-info/SOURCES.txt'
adding license file 'LICENSE'
writing manifest file '../../build/libbot_navigation/libbot_navigation.egg-info/SOURCES.txt'
running build
running build_py
running install
running install_lib
running install_data
copying config/nav2_params.yaml -> /home/devesh/Butterfly/project_2/libbot_final/install/libbot_navigation/share/libbot_navigation/config
copying launch/navigation.launch.py -> /home/devesh/Butterfly/project_2/libbot_final/install/libbot_navigation/share/libbot_navigation/launch
copying maps/home_sav.yaml -> /home/devesh/Butterfly/project_2/libbot_final/install/libbot_navigation/share/libbot_navigation/maps
copying maps/home_sav.pgm -> /home/devesh/Butterfly/project_2/libbot_final/install/libbot_navigation/share/libbot_navigation/maps
running install_egg_info
removing '/home/devesh/Butterfly/project_2/libbot_final/install/libbot_navigation/lib/python3.12/site-packages/libbot_navigation-0.0.0-py3.12.egg-info' (and everything under it)
Copying ../../build/libbot_navigation/libbot_navigation.egg-info to /home/devesh/Butterfly/project_2/libbot_final/install/libbot_navigation/lib/python3.12/site-packages/libbot_navigation-0.0.0-py3.12.egg-info
running install_scripts
writing list of installed files to '/home/devesh/Butterfly/project_2/libbot_final/build/libbot_navigation/install.log'
