[1.565s] Invoking command in '/home/devesh/Butterfly/project_2/libbot_final/src/libbot_lib_interface': DEBUGINFOD_URLS=https://debuginfod.ubuntu.com PYTHONPATH=/home/devesh/Butterfly/project_2/libbot_final/build/libbot_lib_interface/prefix_override:/usr/lib/python3/dist-packages/colcon_core/task/python/colcon_distutils_commands:/home/devesh/Butterfly/project_2/libbot_final/install/libbot_lib_interface/lib/python3.12/site-packages:${PYTHONPATH} /usr/bin/python3 -W ignore:setup.py install is deprecated -W ignore:easy_install command is deprecated setup.py egg_info --egg-base ../../build/libbot_lib_interface build --build-base /home/devesh/Butterfly/project_2/libbot_final/build/libbot_lib_interface/build install --record /home/devesh/Butterfly/project_2/libbot_final/build/libbot_lib_interface/install.log --single-version-externally-managed install_data
[2.003s] running egg_info
[2.038s] writing ../../build/libbot_lib_interface/libbot_lib_interface.egg-info/PKG-INFO
[2.039s] writing dependency_links to ../../build/libbot_lib_interface/libbot_lib_interface.egg-info/dependency_links.txt
[2.039s] writing entry points to ../../build/libbot_lib_interface/libbot_lib_interface.egg-info/entry_points.txt
[2.039s] writing requirements to ../../build/libbot_lib_interface/libbot_lib_interface.egg-info/requires.txt
[2.040s] writing top-level names to ../../build/libbot_lib_interface/libbot_lib_interface.egg-info/top_level.txt
[2.107s] reading manifest file '../../build/libbot_lib_interface/libbot_lib_interface.egg-info/SOURCES.txt'
[2.108s] adding license file 'LICENSE'
[2.109s] writing manifest file '../../build/libbot_lib_interface/libbot_lib_interface.egg-info/SOURCES.txt'
[2.109s] running build
[2.110s] running build_py
[2.110s] copying libbot_lib_interface/RobotControl.py -> /home/devesh/Butterfly/project_2/libbot_final/build/libbot_lib_interface/build/lib/libbot_lib_interface
[2.111s] running install
[2.121s] running install_lib
[2.154s] copying /home/devesh/Butterfly/project_2/libbot_final/build/libbot_lib_interface/build/lib/libbot_lib_interface/RobotControl.py -> /home/devesh/Butterfly/project_2/libbot_final/install/libbot_lib_interface/lib/python3.12/site-packages/libbot_lib_interface
[2.155s] byte-compiling /home/devesh/Butterfly/project_2/libbot_final/install/libbot_lib_interface/lib/python3.12/site-packages/libbot_lib_interface/RobotControl.py to RobotControl.cpython-312.pyc
[2.157s] running install_data
[2.158s] running install_egg_info
[2.193s] removing '/home/devesh/Butterfly/project_2/libbot_final/install/libbot_lib_interface/lib/python3.12/site-packages/libbot_lib_interface-0.0.0-py3.12.egg-info' (and everything under it)
[2.193s] Copying ../../build/libbot_lib_interface/libbot_lib_interface.egg-info to /home/devesh/Butterfly/project_2/libbot_final/install/libbot_lib_interface/lib/python3.12/site-packages/libbot_lib_interface-0.0.0-py3.12.egg-info
[2.195s] running install_scripts
[2.421s] Installing door_trajectory_publisher script to /home/devesh/Butterfly/project_2/libbot_final/install/libbot_lib_interface/lib/libbot_lib_interface
[2.421s] Installing library_server script to /home/devesh/Butterfly/project_2/libbot_final/install/libbot_lib_interface/lib/libbot_lib_interface
[2.422s] writing list of installed files to '/home/devesh/Butterfly/project_2/libbot_final/build/libbot_lib_interface/install.log'
[2.469s] Invoked command in '/home/devesh/Butterfly/project_2/libbot_final/src/libbot_lib_interface' returned '0': DEBUGINFOD_URLS=https://debuginfod.ubuntu.com PYTHONPATH=/home/devesh/Butterfly/project_2/libbot_final/build/libbot_lib_interface/prefix_override:/usr/lib/python3/dist-packages/colcon_core/task/python/colcon_distutils_commands:/home/devesh/Butterfly/project_2/libbot_final/install/libbot_lib_interface/lib/python3.12/site-packages:${PYTHONPATH} /usr/bin/python3 -W ignore:setup.py install is deprecated -W ignore:easy_install command is deprecated setup.py egg_info --egg-base ../../build/libbot_lib_interface build --build-base /home/devesh/Butterfly/project_2/libbot_final/build/libbot_lib_interface/build install --record /home/devesh/Butterfly/project_2/libbot_final/build/libbot_lib_interface/install.log --single-version-externally-managed install_data
