[2.752s] Invoking command in '/home/devesh/Butterfly/project_2/libbot_final/src/libbot_gazebo': DEBUGINFOD_URLS=https://debuginfod.ubuntu.com PYTHONPATH=/home/devesh/Butterfly/project_2/libbot_final/build/libbot_gazebo/prefix_override:/usr/lib/python3/dist-packages/colcon_core/task/python/colcon_distutils_commands:/home/devesh/Butterfly/project_2/libbot_final/install/libbot_gazebo/lib/python3.12/site-packages:${PYTHONPATH} /usr/bin/python3 -W ignore:setup.py install is deprecated -W ignore:easy_install command is deprecated setup.py egg_info --egg-base ../../build/libbot_gazebo build --build-base /home/devesh/Butterfly/project_2/libbot_final/build/libbot_gazebo/build install --record /home/devesh/Butterfly/project_2/libbot_final/build/libbot_gazebo/install.log --single-version-externally-managed install_data
[3.197s] running egg_info
[3.239s] writing ../../build/libbot_gazebo/libbot_gazebo.egg-info/PKG-INFO
[3.240s] writing dependency_links to ../../build/libbot_gazebo/libbot_gazebo.egg-info/dependency_links.txt
[3.240s] writing requirements to ../../build/libbot_gazebo/libbot_gazebo.egg-info/requires.txt
[3.241s] writing top-level names to ../../build/libbot_gazebo/libbot_gazebo.egg-info/top_level.txt
[3.325s] reading manifest file '../../build/libbot_gazebo/libbot_gazebo.egg-info/SOURCES.txt'
[3.327s] adding license file 'LICENSE'
[3.327s] writing manifest file '../../build/libbot_gazebo/libbot_gazebo.egg-info/SOURCES.txt'
[3.328s] running build
[3.328s] running build_py
[3.330s] running install
[3.339s] running install_lib
[3.372s] running install_data
[3.372s] running install_egg_info
[3.414s] removing '/home/devesh/Butterfly/project_2/libbot_final/install/libbot_gazebo/lib/python3.12/site-packages/libbot_gazebo-0.0.0-py3.12.egg-info' (and everything under it)
[3.414s] Copying ../../build/libbot_gazebo/libbot_gazebo.egg-info to /home/devesh/Butterfly/project_2/libbot_final/install/libbot_gazebo/lib/python3.12/site-packages/libbot_gazebo-0.0.0-py3.12.egg-info
[3.417s] running install_scripts
[3.633s] writing list of installed files to '/home/devesh/Butterfly/project_2/libbot_final/build/libbot_gazebo/install.log'
[3.724s] Invoked command in '/home/devesh/Butterfly/project_2/libbot_final/src/libbot_gazebo' returned '0': DEBUGINFOD_URLS=https://debuginfod.ubuntu.com PYTHONPATH=/home/devesh/Butterfly/project_2/libbot_final/build/libbot_gazebo/prefix_override:/usr/lib/python3/dist-packages/colcon_core/task/python/colcon_distutils_commands:/home/devesh/Butterfly/project_2/libbot_final/install/libbot_gazebo/lib/python3.12/site-packages:${PYTHONPATH} /usr/bin/python3 -W ignore:setup.py install is deprecated -W ignore:easy_install command is deprecated setup.py egg_info --egg-base ../../build/libbot_gazebo build --build-base /home/devesh/Butterfly/project_2/libbot_final/build/libbot_gazebo/build install --record /home/devesh/Butterfly/project_2/libbot_final/build/libbot_gazebo/install.log --single-version-externally-managed install_data
