[1.081s] Invoking command in '/home/devesh/Butterfly/project_2/libbot_final/src/libbot_gazebo': DEBUGINFOD_URLS=https://debuginfod.ubuntu.com PYTHONPATH=/home/devesh/Butterfly/project_2/libbot_final/build/libbot_gazebo/prefix_override:/usr/lib/python3/dist-packages/colcon_core/task/python/colcon_distutils_commands:/home/devesh/Butterfly/project_2/libbot_final/install/libbot_gazebo/lib/python3.12/site-packages:${PYTHONPATH} /usr/bin/python3 -W ignore:setup.py install is deprecated -W ignore:easy_install command is deprecated setup.py egg_info --egg-base ../../build/libbot_gazebo build --build-base /home/devesh/Butterfly/project_2/libbot_final/build/libbot_gazebo/build install --record /home/devesh/Butterfly/project_2/libbot_final/build/libbot_gazebo/install.log --single-version-externally-managed install_data
[1.354s] running egg_info
[1.354s] creating ../../build/libbot_gazebo/libbot_gazebo.egg-info
[1.374s] writing ../../build/libbot_gazebo/libbot_gazebo.egg-info/PKG-INFO
[1.375s] writing dependency_links to ../../build/libbot_gazebo/libbot_gazebo.egg-info/dependency_links.txt
[1.375s] writing requirements to ../../build/libbot_gazebo/libbot_gazebo.egg-info/requires.txt
[1.375s] writing top-level names to ../../build/libbot_gazebo/libbot_gazebo.egg-info/top_level.txt
[1.375s] writing manifest file '../../build/libbot_gazebo/libbot_gazebo.egg-info/SOURCES.txt'
[1.417s] reading manifest file '../../build/libbot_gazebo/libbot_gazebo.egg-info/SOURCES.txt'
[1.417s] adding license file 'LICENSE'
[1.417s] writing manifest file '../../build/libbot_gazebo/libbot_gazebo.egg-info/SOURCES.txt'
[1.417s] running build
[1.418s] running build_py
[1.418s] creating /home/devesh/Butterfly/project_2/libbot_final/build/libbot_gazebo/build
[1.418s] creating /home/devesh/Butterfly/project_2/libbot_final/build/libbot_gazebo/build/lib
[1.418s] creating /home/devesh/Butterfly/project_2/libbot_final/build/libbot_gazebo/build/lib/libbot_gazebo
[1.418s] copying libbot_gazebo/__init__.py -> /home/devesh/Butterfly/project_2/libbot_final/build/libbot_gazebo/build/lib/libbot_gazebo
[1.419s] running install
[1.424s] running install_lib
[1.444s] creating /home/devesh/Butterfly/project_2/libbot_final/install/libbot_gazebo/lib/python3.12/site-packages/libbot_gazebo
[1.445s] copying /home/devesh/Butterfly/project_2/libbot_final/build/libbot_gazebo/build/lib/libbot_gazebo/__init__.py -> /home/devesh/Butterfly/project_2/libbot_final/install/libbot_gazebo/lib/python3.12/site-packages/libbot_gazebo
[1.445s] byte-compiling /home/devesh/Butterfly/project_2/libbot_final/install/libbot_gazebo/lib/python3.12/site-packages/libbot_gazebo/__init__.py to __init__.cpython-312.pyc
[1.445s] running install_data
[1.445s] creating /home/devesh/Butterfly/project_2/libbot_final/install/libbot_gazebo/share/ament_index
[1.446s] creating /home/devesh/Butterfly/project_2/libbot_final/install/libbot_gazebo/share/ament_index/resource_index
[1.446s] creating /home/devesh/Butterfly/project_2/libbot_final/install/libbot_gazebo/share/ament_index/resource_index/packages
[1.446s] copying resource/libbot_gazebo -> /home/devesh/Butterfly/project_2/libbot_final/install/libbot_gazebo/share/ament_index/resource_index/packages
[1.446s] copying package.xml -> /home/devesh/Butterfly/project_2/libbot_final/install/libbot_gazebo/share/libbot_gazebo
[1.446s] running install_egg_info
[1.468s] Copying ../../build/libbot_gazebo/libbot_gazebo.egg-info to /home/devesh/Butterfly/project_2/libbot_final/install/libbot_gazebo/lib/python3.12/site-packages/libbot_gazebo-0.0.0-py3.12.egg-info
[1.469s] running install_scripts
[1.608s] writing list of installed files to '/home/devesh/Butterfly/project_2/libbot_final/build/libbot_gazebo/install.log'
[1.648s] Invoked command in '/home/devesh/Butterfly/project_2/libbot_final/src/libbot_gazebo' returned '0': DEBUGINFOD_URLS=https://debuginfod.ubuntu.com PYTHONPATH=/home/devesh/Butterfly/project_2/libbot_final/build/libbot_gazebo/prefix_override:/usr/lib/python3/dist-packages/colcon_core/task/python/colcon_distutils_commands:/home/devesh/Butterfly/project_2/libbot_final/install/libbot_gazebo/lib/python3.12/site-packages:${PYTHONPATH} /usr/bin/python3 -W ignore:setup.py install is deprecated -W ignore:easy_install command is deprecated setup.py egg_info --egg-base ../../build/libbot_gazebo build --build-base /home/devesh/Butterfly/project_2/libbot_final/build/libbot_gazebo/build install --record /home/devesh/Butterfly/project_2/libbot_final/build/libbot_gazebo/install.log --single-version-externally-managed install_data
