[0.053s] Invoking command in '/home/devesh/Butterfly/project_2/libbot_final/build/micro_ros_msgs': CMAKE_PREFIX_PATH=${CMAKE_PREFIX_PATH}:/home/devesh/Butterfly/project_2/libbot_final/install/libbot_gazebo:/home/devesh/Butterfly/project_2/libbot_final/install/libbot_bringup:/opt/ros/jazzy DEBUGINFOD_URLS=https://debuginfod.ubuntu.com /usr/bin/cmake --build /home/devesh/Butterfly/project_2/libbot_final/build/micro_ros_msgs -- -j12 -l12
[1.406s] [  1%] Built target micro_ros_msgs__rosidl_generator_type_description
[1.407s] [  1%] Built target ament_cmake_python_copy_micro_ros_msgs
[1.407s] [  9%] Built target micro_ros_msgs__cpp
[1.407s] [ 24%] Built target micro_ros_msgs__rosidl_generator_c
[1.407s] [ 42%] Built target micro_ros_msgs__rosidl_typesupport_fastrtps_c
[1.408s] [ 42%] Built target micro_ros_msgs__rosidl_typesupport_fastrtps_cpp
[1.408s] [ 51%] Built target micro_ros_msgs__rosidl_typesupport_c
[1.408s] [ 61%] Built target micro_ros_msgs__rosidl_typesupport_introspection_cpp
[1.408s] [ 70%] Built target micro_ros_msgs__rosidl_typesupport_cpp
[1.408s] [ 79%] Built target micro_ros_msgs__rosidl_typesupport_introspection_c
[1.408s] [ 79%] Built target micro_ros_msgs
[1.408s] [ 81%] Built target micro_ros_msgs__py
[1.408s] [ 88%] Built target micro_ros_msgs__rosidl_generator_py
[1.433s] [100%] Built target micro_ros_msgs_s__rosidl_typesupport_fastrtps_c
[1.433s] [100%] Built target micro_ros_msgs_s__rosidl_typesupport_introspection_c
[1.433s] [100%] Built target micro_ros_msgs_s__rosidl_typesupport_c
[1.434s] running egg_info
[1.434s] writing micro_ros_msgs.egg-info/PKG-INFO
[1.434s] writing dependency_links to micro_ros_msgs.egg-info/dependency_links.txt
[1.434s] writing top-level names to micro_ros_msgs.egg-info/top_level.txt
[1.434s] reading manifest file 'micro_ros_msgs.egg-info/SOURCES.txt'
[1.434s] writing manifest file 'micro_ros_msgs.egg-info/SOURCES.txt'
[1.435s] [100%] Built target ament_cmake_python_build_micro_ros_msgs_egg
[1.442s] Invoked command in '/home/devesh/Butterfly/project_2/libbot_final/build/micro_ros_msgs' returned '0': CMAKE_PREFIX_PATH=${CMAKE_PREFIX_PATH}:/home/devesh/Butterfly/project_2/libbot_final/install/libbot_gazebo:/home/devesh/Butterfly/project_2/libbot_final/install/libbot_bringup:/opt/ros/jazzy DEBUGINFOD_URLS=https://debuginfod.ubuntu.com /usr/bin/cmake --build /home/devesh/Butterfly/project_2/libbot_final/build/micro_ros_msgs -- -j12 -l12
[1.470s] Invoking command in '/home/devesh/Butterfly/project_2/libbot_final/build/micro_ros_msgs': CMAKE_PREFIX_PATH=${CMAKE_PREFIX_PATH}:/home/devesh/Butterfly/project_2/libbot_final/install/libbot_gazebo:/home/devesh/Butterfly/project_2/libbot_final/install/libbot_bringup:/opt/ros/jazzy DEBUGINFOD_URLS=https://debuginfod.ubuntu.com /usr/bin/cmake --install /home/devesh/Butterfly/project_2/libbot_final/build/micro_ros_msgs
[1.512s] -- Install configuration: ""
[1.512s] -- Up-to-date: /home/devesh/Butterfly/project_2/libbot_final/install/micro_ros_msgs/share/ament_index/resource_index/rosidl_interfaces/micro_ros_msgs
[1.512s] -- Up-to-date: /home/devesh/Butterfly/project_2/libbot_final/install/micro_ros_msgs/share/micro_ros_msgs/msg/Graph.json
[1.512s] -- Up-to-date: /home/devesh/Butterfly/project_2/libbot_final/install/micro_ros_msgs/share/micro_ros_msgs/msg/Node.json
[1.512s] -- Up-to-date: /home/devesh/Butterfly/project_2/libbot_final/install/micro_ros_msgs/share/micro_ros_msgs/msg/Entity.json
[1.512s] -- Up-to-date: /home/devesh/Butterfly/project_2/libbot_final/install/micro_ros_msgs/include/micro_ros_msgs/micro_ros_msgs
[1.512s] -- Up-to-date: /home/devesh/Butterfly/project_2/libbot_final/install/micro_ros_msgs/include/micro_ros_msgs/micro_ros_msgs/msg
[1.512s] -- Up-to-date: /home/devesh/Butterfly/project_2/libbot_final/install/micro_ros_msgs/include/micro_ros_msgs/micro_ros_msgs/msg/detail
[1.514s] -- Up-to-date: /home/devesh/Butterfly/project_2/libbot_final/install/micro_ros_msgs/include/micro_ros_msgs/micro_ros_msgs/msg/detail/node__type_support.h
[1.514s] -- Up-to-date: /home/devesh/Butterfly/project_2/libbot_final/install/micro_ros_msgs/include/micro_ros_msgs/micro_ros_msgs/msg/detail/entity__functions.c
[1.515s] -- Up-to-date: /home/devesh/Butterfly/project_2/libbot_final/install/micro_ros_msgs/include/micro_ros_msgs/micro_ros_msgs/msg/detail/node__struct.h
[1.515s] -- Up-to-date: /home/devesh/Butterfly/project_2/libbot_final/install/micro_ros_msgs/include/micro_ros_msgs/micro_ros_msgs/msg/detail/node__description.c
[1.516s] -- Up-to-date: /home/devesh/Butterfly/project_2/libbot_final/install/micro_ros_msgs/include/micro_ros_msgs/micro_ros_msgs/msg/detail/graph__description.c
[1.516s] -- Up-to-date: /home/devesh/Butterfly/project_2/libbot_final/install/micro_ros_msgs/include/micro_ros_msgs/micro_ros_msgs/msg/detail/graph__functions.h
[1.516s] -- Up-to-date: /home/devesh/Butterfly/project_2/libbot_final/install/micro_ros_msgs/include/micro_ros_msgs/micro_ros_msgs/msg/detail/graph__functions.c
[1.516s] -- Up-to-date: /home/devesh/Butterfly/project_2/libbot_final/install/micro_ros_msgs/include/micro_ros_msgs/micro_ros_msgs/msg/detail/node__functions.h
[1.516s] -- Up-to-date: /home/devesh/Butterfly/project_2/libbot_final/install/micro_ros_msgs/include/micro_ros_msgs/micro_ros_msgs/msg/detail/graph__struct.h
[1.516s] -- Up-to-date: /home/devesh/Butterfly/project_2/libbot_final/install/micro_ros_msgs/include/micro_ros_msgs/micro_ros_msgs/msg/detail/entity__type_support.h
[1.516s] -- Up-to-date: /home/devesh/Butterfly/project_2/libbot_final/install/micro_ros_msgs/include/micro_ros_msgs/micro_ros_msgs/msg/detail/node__functions.c
[1.516s] -- Up-to-date: /home/devesh/Butterfly/project_2/libbot_final/install/micro_ros_msgs/include/micro_ros_msgs/micro_ros_msgs/msg/detail/node__type_support.c
[1.516s] -- Up-to-date: /home/devesh/Butterfly/project_2/libbot_final/install/micro_ros_msgs/include/micro_ros_msgs/micro_ros_msgs/msg/detail/entity__description.c
[1.517s] -- Up-to-date: /home/devesh/Butterfly/project_2/libbot_final/install/micro_ros_msgs/include/micro_ros_msgs/micro_ros_msgs/msg/detail/graph__type_support.c
[1.517s] -- Up-to-date: /home/devesh/Butterfly/project_2/libbot_final/install/micro_ros_msgs/include/micro_ros_msgs/micro_ros_msgs/msg/detail/entity__struct.h
[1.517s] -- Up-to-date: /home/devesh/Butterfly/project_2/libbot_final/install/micro_ros_msgs/include/micro_ros_msgs/micro_ros_msgs/msg/detail/entity__type_support.c
[1.517s] -- Up-to-date: /home/devesh/Butterfly/project_2/libbot_final/install/micro_ros_msgs/include/micro_ros_msgs/micro_ros_msgs/msg/detail/entity__functions.h
[1.517s] -- Up-to-date: /home/devesh/Butterfly/project_2/libbot_final/install/micro_ros_msgs/include/micro_ros_msgs/micro_ros_msgs/msg/detail/graph__type_support.h
[1.517s] -- Up-to-date: /home/devesh/Butterfly/project_2/libbot_final/install/micro_ros_msgs/include/micro_ros_msgs/micro_ros_msgs/msg/rosidl_generator_c__visibility_control.h
[1.517s] -- Up-to-date: /home/devesh/Butterfly/project_2/libbot_final/install/micro_ros_msgs/include/micro_ros_msgs/micro_ros_msgs/msg/entity.h
[1.517s] -- Up-to-date: /home/devesh/Butterfly/project_2/libbot_final/install/micro_ros_msgs/include/micro_ros_msgs/micro_ros_msgs/msg/node.h
[1.518s] -- Up-to-date: /home/devesh/Butterfly/project_2/libbot_final/install/micro_ros_msgs/include/micro_ros_msgs/micro_ros_msgs/msg/graph.h
[1.518s] -- Up-to-date: /home/devesh/Butterfly/project_2/libbot_final/install/micro_ros_msgs/share/micro_ros_msgs/environment/library_path.sh
[1.519s] -- Up-to-date: /home/devesh/Butterfly/project_2/libbot_final/install/micro_ros_msgs/share/micro_ros_msgs/environment/library_path.dsv
[1.519s] -- Up-to-date: /home/devesh/Butterfly/project_2/libbot_final/install/micro_ros_msgs/lib/libmicro_ros_msgs__rosidl_generator_c.so
[1.519s] -- Up-to-date: /home/devesh/Butterfly/project_2/libbot_final/install/micro_ros_msgs/include/micro_ros_msgs/micro_ros_msgs
[1.519s] -- Up-to-date: /home/devesh/Butterfly/project_2/libbot_final/install/micro_ros_msgs/include/micro_ros_msgs/micro_ros_msgs/msg
[1.519s] -- Up-to-date: /home/devesh/Butterfly/project_2/libbot_final/install/micro_ros_msgs/include/micro_ros_msgs/micro_ros_msgs/msg/detail
[1.519s] -- Up-to-date: /home/devesh/Butterfly/project_2/libbot_final/install/micro_ros_msgs/include/micro_ros_msgs/micro_ros_msgs/msg/detail/graph__rosidl_typesupport_fastrtps_c.h
[1.519s] -- Up-to-date: /home/devesh/Butterfly/project_2/libbot_final/install/micro_ros_msgs/include/micro_ros_msgs/micro_ros_msgs/msg/detail/entity__rosidl_typesupport_fastrtps_c.h
[1.519s] -- Up-to-date: /home/devesh/Butterfly/project_2/libbot_final/install/micro_ros_msgs/include/micro_ros_msgs/micro_ros_msgs/msg/detail/node__rosidl_typesupport_fastrtps_c.h
[1.520s] -- Up-to-date: /home/devesh/Butterfly/project_2/libbot_final/install/micro_ros_msgs/include/micro_ros_msgs/micro_ros_msgs/msg/rosidl_typesupport_fastrtps_c__visibility_control.h
[1.520s] -- Up-to-date: /home/devesh/Butterfly/project_2/libbot_final/install/micro_ros_msgs/lib/libmicro_ros_msgs__rosidl_typesupport_fastrtps_c.so
[1.520s] -- Up-to-date: /home/devesh/Butterfly/project_2/libbot_final/install/micro_ros_msgs/include/micro_ros_msgs/micro_ros_msgs
[1.520s] -- Up-to-date: /home/devesh/Butterfly/project_2/libbot_final/install/micro_ros_msgs/include/micro_ros_msgs/micro_ros_msgs/msg
[1.520s] -- Up-to-date: /home/devesh/Butterfly/project_2/libbot_final/install/micro_ros_msgs/include/micro_ros_msgs/micro_ros_msgs/msg/rosidl_typesupport_introspection_c__visibility_control.h
[1.520s] -- Up-to-date: /home/devesh/Butterfly/project_2/libbot_final/install/micro_ros_msgs/include/micro_ros_msgs/micro_ros_msgs/msg/detail
[1.520s] -- Up-to-date: /home/devesh/Butterfly/project_2/libbot_final/install/micro_ros_msgs/include/micro_ros_msgs/micro_ros_msgs/msg/detail/node__rosidl_typesupport_introspection_c.h
[1.520s] -- Up-to-date: /home/devesh/Butterfly/project_2/libbot_final/install/micro_ros_msgs/include/micro_ros_msgs/micro_ros_msgs/msg/detail/graph__rosidl_typesupport_introspection_c.h
[1.521s] -- Up-to-date: /home/devesh/Butterfly/project_2/libbot_final/install/micro_ros_msgs/include/micro_ros_msgs/micro_ros_msgs/msg/detail/node__type_support.c
[1.521s] -- Up-to-date: /home/devesh/Butterfly/project_2/libbot_final/install/micro_ros_msgs/include/micro_ros_msgs/micro_ros_msgs/msg/detail/entity__rosidl_typesupport_introspection_c.h
[1.521s] -- Up-to-date: /home/devesh/Butterfly/project_2/libbot_final/install/micro_ros_msgs/include/micro_ros_msgs/micro_ros_msgs/msg/detail/graph__type_support.c
[1.521s] -- Up-to-date: /home/devesh/Butterfly/project_2/libbot_final/install/micro_ros_msgs/include/micro_ros_msgs/micro_ros_msgs/msg/detail/entity__type_support.c
[1.521s] -- Up-to-date: /home/devesh/Butterfly/project_2/libbot_final/install/micro_ros_msgs/lib/libmicro_ros_msgs__rosidl_typesupport_introspection_c.so
[1.521s] -- Up-to-date: /home/devesh/Butterfly/project_2/libbot_final/install/micro_ros_msgs/lib/libmicro_ros_msgs__rosidl_typesupport_c.so
[1.521s] -- Up-to-date: /home/devesh/Butterfly/project_2/libbot_final/install/micro_ros_msgs/include/micro_ros_msgs/micro_ros_msgs
[1.522s] -- Up-to-date: /home/devesh/Butterfly/project_2/libbot_final/install/micro_ros_msgs/include/micro_ros_msgs/micro_ros_msgs/msg
[1.522s] -- Up-to-date: /home/devesh/Butterfly/project_2/libbot_final/install/micro_ros_msgs/include/micro_ros_msgs/micro_ros_msgs/msg/entity.hpp
[1.522s] -- Up-to-date: /home/devesh/Butterfly/project_2/libbot_final/install/micro_ros_msgs/include/micro_ros_msgs/micro_ros_msgs/msg/rosidl_generator_cpp__visibility_control.hpp
[1.522s] -- Up-to-date: /home/devesh/Butterfly/project_2/libbot_final/install/micro_ros_msgs/include/micro_ros_msgs/micro_ros_msgs/msg/detail
[1.523s] -- Up-to-date: /home/devesh/Butterfly/project_2/libbot_final/install/micro_ros_msgs/include/micro_ros_msgs/micro_ros_msgs/msg/detail/entity__type_support.hpp
[1.523s] -- Up-to-date: /home/devesh/Butterfly/project_2/libbot_final/install/micro_ros_msgs/include/micro_ros_msgs/micro_ros_msgs/msg/detail/entity__struct.hpp
[1.523s] -- Up-to-date: /home/devesh/Butterfly/project_2/libbot_final/install/micro_ros_msgs/include/micro_ros_msgs/micro_ros_msgs/msg/detail/graph__struct.hpp
[1.523s] -- Up-to-date: /home/devesh/Butterfly/project_2/libbot_final/install/micro_ros_msgs/include/micro_ros_msgs/micro_ros_msgs/msg/detail/node__struct.hpp
[1.523s] -- Up-to-date: /home/devesh/Butterfly/project_2/libbot_final/install/micro_ros_msgs/include/micro_ros_msgs/micro_ros_msgs/msg/detail/graph__builder.hpp
[1.523s] -- Up-to-date: /home/devesh/Butterfly/project_2/libbot_final/install/micro_ros_msgs/include/micro_ros_msgs/micro_ros_msgs/msg/detail/node__type_support.hpp
[1.523s] -- Up-to-date: /home/devesh/Butterfly/project_2/libbot_final/install/micro_ros_msgs/include/micro_ros_msgs/micro_ros_msgs/msg/detail/graph__traits.hpp
[1.523s] -- Up-to-date: /home/devesh/Butterfly/project_2/libbot_final/install/micro_ros_msgs/include/micro_ros_msgs/micro_ros_msgs/msg/detail/entity__traits.hpp
[1.524s] -- Up-to-date: /home/devesh/Butterfly/project_2/libbot_final/install/micro_ros_msgs/include/micro_ros_msgs/micro_ros_msgs/msg/detail/node__traits.hpp
[1.524s] -- Up-to-date: /home/devesh/Butterfly/project_2/libbot_final/install/micro_ros_msgs/include/micro_ros_msgs/micro_ros_msgs/msg/detail/entity__builder.hpp
[1.524s] -- Up-to-date: /home/devesh/Butterfly/project_2/libbot_final/install/micro_ros_msgs/include/micro_ros_msgs/micro_ros_msgs/msg/detail/node__builder.hpp
[1.524s] -- Up-to-date: /home/devesh/Butterfly/project_2/libbot_final/install/micro_ros_msgs/include/micro_ros_msgs/micro_ros_msgs/msg/detail/graph__type_support.hpp
[1.524s] -- Up-to-date: /home/devesh/Butterfly/project_2/libbot_final/install/micro_ros_msgs/include/micro_ros_msgs/micro_ros_msgs/msg/graph.hpp
[1.524s] -- Up-to-date: /home/devesh/Butterfly/project_2/libbot_final/install/micro_ros_msgs/include/micro_ros_msgs/micro_ros_msgs/msg/node.hpp
[1.524s] -- Up-to-date: /home/devesh/Butterfly/project_2/libbot_final/install/micro_ros_msgs/include/micro_ros_msgs/micro_ros_msgs
[1.524s] -- Up-to-date: /home/devesh/Butterfly/project_2/libbot_final/install/micro_ros_msgs/include/micro_ros_msgs/micro_ros_msgs/msg
[1.524s] -- Up-to-date: /home/devesh/Butterfly/project_2/libbot_final/install/micro_ros_msgs/include/micro_ros_msgs/micro_ros_msgs/msg/detail
[1.525s] -- Up-to-date: /home/devesh/Butterfly/project_2/libbot_final/install/micro_ros_msgs/include/micro_ros_msgs/micro_ros_msgs/msg/detail/node__rosidl_typesupport_fastrtps_cpp.hpp
[1.525s] -- Up-to-date: /home/devesh/Butterfly/project_2/libbot_final/install/micro_ros_msgs/include/micro_ros_msgs/micro_ros_msgs/msg/detail/dds_fastrtps
[1.525s] -- Up-to-date: /home/devesh/Butterfly/project_2/libbot_final/install/micro_ros_msgs/include/micro_ros_msgs/micro_ros_msgs/msg/detail/entity__rosidl_typesupport_fastrtps_cpp.hpp
[1.525s] -- Up-to-date: /home/devesh/Butterfly/project_2/libbot_final/install/micro_ros_msgs/include/micro_ros_msgs/micro_ros_msgs/msg/detail/graph__rosidl_typesupport_fastrtps_cpp.hpp
[1.525s] -- Up-to-date: /home/devesh/Butterfly/project_2/libbot_final/install/micro_ros_msgs/include/micro_ros_msgs/micro_ros_msgs/msg/rosidl_typesupport_fastrtps_cpp__visibility_control.h
[1.525s] -- Up-to-date: /home/devesh/Butterfly/project_2/libbot_final/install/micro_ros_msgs/lib/libmicro_ros_msgs__rosidl_typesupport_fastrtps_cpp.so
[1.528s] -- Up-to-date: /home/devesh/Butterfly/project_2/libbot_final/install/micro_ros_msgs/include/micro_ros_msgs/micro_ros_msgs
[1.528s] -- Up-to-date: /home/devesh/Butterfly/project_2/libbot_final/install/micro_ros_msgs/include/micro_ros_msgs/micro_ros_msgs/msg
[1.528s] -- Up-to-date: /home/devesh/Butterfly/project_2/libbot_final/install/micro_ros_msgs/include/micro_ros_msgs/micro_ros_msgs/msg/detail
[1.528s] -- Up-to-date: /home/devesh/Butterfly/project_2/libbot_final/install/micro_ros_msgs/include/micro_ros_msgs/micro_ros_msgs/msg/detail/node__type_support.cpp
[1.528s] -- Up-to-date: /home/devesh/Butterfly/project_2/libbot_final/install/micro_ros_msgs/include/micro_ros_msgs/micro_ros_msgs/msg/detail/graph__type_support.cpp
[1.528s] -- Up-to-date: /home/devesh/Butterfly/project_2/libbot_final/install/micro_ros_msgs/include/micro_ros_msgs/micro_ros_msgs/msg/detail/entity__rosidl_typesupport_introspection_cpp.hpp
[1.529s] -- Up-to-date: /home/devesh/Butterfly/project_2/libbot_final/install/micro_ros_msgs/include/micro_ros_msgs/micro_ros_msgs/msg/detail/graph__rosidl_typesupport_introspection_cpp.hpp
[1.529s] -- Up-to-date: /home/devesh/Butterfly/project_2/libbot_final/install/micro_ros_msgs/include/micro_ros_msgs/micro_ros_msgs/msg/detail/node__rosidl_typesupport_introspection_cpp.hpp
[1.529s] -- Up-to-date: /home/devesh/Butterfly/project_2/libbot_final/install/micro_ros_msgs/include/micro_ros_msgs/micro_ros_msgs/msg/detail/entity__type_support.cpp
[1.529s] -- Up-to-date: /home/devesh/Butterfly/project_2/libbot_final/install/micro_ros_msgs/lib/libmicro_ros_msgs__rosidl_typesupport_introspection_cpp.so
[1.529s] -- Up-to-date: /home/devesh/Butterfly/project_2/libbot_final/install/micro_ros_msgs/lib/libmicro_ros_msgs__rosidl_typesupport_cpp.so
[1.529s] -- Up-to-date: /home/devesh/Butterfly/project_2/libbot_final/install/micro_ros_msgs/share/micro_ros_msgs/environment/pythonpath.sh
[1.529s] -- Up-to-date: /home/devesh/Butterfly/project_2/libbot_final/install/micro_ros_msgs/share/micro_ros_msgs/environment/pythonpath.dsv
[1.529s] -- Up-to-date: /home/devesh/Butterfly/project_2/libbot_final/install/micro_ros_msgs/lib/python3.12/site-packages/micro_ros_msgs-5.0.2-py3.12.egg-info
[1.530s] -- Installing: /home/devesh/Butterfly/project_2/libbot_final/install/micro_ros_msgs/lib/python3.12/site-packages/micro_ros_msgs-5.0.2-py3.12.egg-info/PKG-INFO
[1.530s] -- Installing: /home/devesh/Butterfly/project_2/libbot_final/install/micro_ros_msgs/lib/python3.12/site-packages/micro_ros_msgs-5.0.2-py3.12.egg-info/dependency_links.txt
[1.530s] -- Installing: /home/devesh/Butterfly/project_2/libbot_final/install/micro_ros_msgs/lib/python3.12/site-packages/micro_ros_msgs-5.0.2-py3.12.egg-info/top_level.txt
[1.530s] -- Installing: /home/devesh/Butterfly/project_2/libbot_final/install/micro_ros_msgs/lib/python3.12/site-packages/micro_ros_msgs-5.0.2-py3.12.egg-info/SOURCES.txt
[1.530s] -- Up-to-date: /home/devesh/Butterfly/project_2/libbot_final/install/micro_ros_msgs/lib/python3.12/site-packages/micro_ros_msgs
[1.530s] -- Up-to-date: /home/devesh/Butterfly/project_2/libbot_final/install/micro_ros_msgs/lib/python3.12/site-packages/micro_ros_msgs/micro_ros_msgs_s__rosidl_typesupport_c.so
[1.530s] -- Up-to-date: /home/devesh/Butterfly/project_2/libbot_final/install/micro_ros_msgs/lib/python3.12/site-packages/micro_ros_msgs/micro_ros_msgs_s__rosidl_typesupport_fastrtps_c.so
[1.530s] -- Up-to-date: /home/devesh/Butterfly/project_2/libbot_final/install/micro_ros_msgs/lib/python3.12/site-packages/micro_ros_msgs/_micro_ros_msgs_s.ep.rosidl_typesupport_fastrtps_c.c
[1.531s] -- Up-to-date: /home/devesh/Butterfly/project_2/libbot_final/install/micro_ros_msgs/lib/python3.12/site-packages/micro_ros_msgs/__init__.py
[1.531s] -- Up-to-date: /home/devesh/Butterfly/project_2/libbot_final/install/micro_ros_msgs/lib/python3.12/site-packages/micro_ros_msgs/_micro_ros_msgs_s.ep.rosidl_typesupport_introspection_c.c
[1.531s] -- Up-to-date: /home/devesh/Butterfly/project_2/libbot_final/install/micro_ros_msgs/lib/python3.12/site-packages/micro_ros_msgs/msg
[1.531s] -- Up-to-date: /home/devesh/Butterfly/project_2/libbot_final/install/micro_ros_msgs/lib/python3.12/site-packages/micro_ros_msgs/msg/_entity_s.c
[1.531s] -- Up-to-date: /home/devesh/Butterfly/project_2/libbot_final/install/micro_ros_msgs/lib/python3.12/site-packages/micro_ros_msgs/msg/_graph_s.c
[1.531s] -- Up-to-date: /home/devesh/Butterfly/project_2/libbot_final/install/micro_ros_msgs/lib/python3.12/site-packages/micro_ros_msgs/msg/_graph.py
[1.531s] -- Up-to-date: /home/devesh/Butterfly/project_2/libbot_final/install/micro_ros_msgs/lib/python3.12/site-packages/micro_ros_msgs/msg/_node_s.c
[1.531s] -- Up-to-date: /home/devesh/Butterfly/project_2/libbot_final/install/micro_ros_msgs/lib/python3.12/site-packages/micro_ros_msgs/msg/__init__.py
[1.532s] -- Up-to-date: /home/devesh/Butterfly/project_2/libbot_final/install/micro_ros_msgs/lib/python3.12/site-packages/micro_ros_msgs/msg/_node.py
[1.532s] -- Up-to-date: /home/devesh/Butterfly/project_2/libbot_final/install/micro_ros_msgs/lib/python3.12/site-packages/micro_ros_msgs/msg/_entity.py
[1.532s] -- Up-to-date: /home/devesh/Butterfly/project_2/libbot_final/install/micro_ros_msgs/lib/python3.12/site-packages/micro_ros_msgs/micro_ros_msgs_s__rosidl_typesupport_introspection_c.so
[1.532s] -- Up-to-date: /home/devesh/Butterfly/project_2/libbot_final/install/micro_ros_msgs/lib/python3.12/site-packages/micro_ros_msgs/_micro_ros_msgs_s.ep.rosidl_typesupport_c.c
[1.571s] Listing '/home/devesh/Butterfly/project_2/libbot_final/install/micro_ros_msgs/lib/python3.12/site-packages/micro_ros_msgs'...
[1.571s] Listing '/home/devesh/Butterfly/project_2/libbot_final/install/micro_ros_msgs/lib/python3.12/site-packages/micro_ros_msgs/msg'...
[1.590s] -- Up-to-date: /home/devesh/Butterfly/project_2/libbot_final/install/micro_ros_msgs/lib/python3.12/site-packages/micro_ros_msgs/micro_ros_msgs_s__rosidl_typesupport_fastrtps_c.so
[1.590s] -- Up-to-date: /home/devesh/Butterfly/project_2/libbot_final/install/micro_ros_msgs/lib/python3.12/site-packages/micro_ros_msgs/micro_ros_msgs_s__rosidl_typesupport_introspection_c.so
[1.591s] -- Up-to-date: /home/devesh/Butterfly/project_2/libbot_final/install/micro_ros_msgs/lib/python3.12/site-packages/micro_ros_msgs/micro_ros_msgs_s__rosidl_typesupport_c.so
[1.592s] -- Up-to-date: /home/devesh/Butterfly/project_2/libbot_final/install/micro_ros_msgs/lib/libmicro_ros_msgs__rosidl_generator_py.so
[1.592s] -- Up-to-date: /home/devesh/Butterfly/project_2/libbot_final/install/micro_ros_msgs/share/micro_ros_msgs/msg/Graph.idl
[1.593s] -- Up-to-date: /home/devesh/Butterfly/project_2/libbot_final/install/micro_ros_msgs/share/micro_ros_msgs/msg/Node.idl
[1.593s] -- Up-to-date: /home/devesh/Butterfly/project_2/libbot_final/install/micro_ros_msgs/share/micro_ros_msgs/msg/Entity.idl
[1.593s] -- Up-to-date: /home/devesh/Butterfly/project_2/libbot_final/install/micro_ros_msgs/share/micro_ros_msgs/msg/Graph.msg
[1.593s] -- Up-to-date: /home/devesh/Butterfly/project_2/libbot_final/install/micro_ros_msgs/share/micro_ros_msgs/msg/Node.msg
[1.593s] -- Up-to-date: /home/devesh/Butterfly/project_2/libbot_final/install/micro_ros_msgs/share/micro_ros_msgs/msg/Entity.msg
[1.593s] -- Up-to-date: /home/devesh/Butterfly/project_2/libbot_final/install/micro_ros_msgs/share/ament_index/resource_index/package_run_dependencies/micro_ros_msgs
[1.594s] -- Up-to-date: /home/devesh/Butterfly/project_2/libbot_final/install/micro_ros_msgs/share/ament_index/resource_index/parent_prefix_path/micro_ros_msgs
[1.595s] -- Up-to-date: /home/devesh/Butterfly/project_2/libbot_final/install/micro_ros_msgs/share/micro_ros_msgs/environment/ament_prefix_path.sh
[1.596s] -- Up-to-date: /home/devesh/Butterfly/project_2/libbot_final/install/micro_ros_msgs/share/micro_ros_msgs/environment/ament_prefix_path.dsv
[1.596s] -- Up-to-date: /home/devesh/Butterfly/project_2/libbot_final/install/micro_ros_msgs/share/micro_ros_msgs/environment/path.sh
[1.597s] -- Up-to-date: /home/devesh/Butterfly/project_2/libbot_final/install/micro_ros_msgs/share/micro_ros_msgs/environment/path.dsv
[1.597s] -- Up-to-date: /home/devesh/Butterfly/project_2/libbot_final/install/micro_ros_msgs/share/micro_ros_msgs/local_setup.bash
[1.597s] -- Up-to-date: /home/devesh/Butterfly/project_2/libbot_final/install/micro_ros_msgs/share/micro_ros_msgs/local_setup.sh
[1.602s] -- Up-to-date: /home/devesh/Butterfly/project_2/libbot_final/install/micro_ros_msgs/share/micro_ros_msgs/local_setup.zsh
[1.602s] -- Up-to-date: /home/devesh/Butterfly/project_2/libbot_final/install/micro_ros_msgs/share/micro_ros_msgs/local_setup.dsv
[1.602s] -- Installing: /home/devesh/Butterfly/project_2/libbot_final/install/micro_ros_msgs/share/micro_ros_msgs/package.dsv
[1.603s] -- Up-to-date: /home/devesh/Butterfly/project_2/libbot_final/install/micro_ros_msgs/share/ament_index/resource_index/packages/micro_ros_msgs
[1.603s] -- Up-to-date: /home/devesh/Butterfly/project_2/libbot_final/install/micro_ros_msgs/share/micro_ros_msgs/cmake/export_micro_ros_msgs__rosidl_generator_cExport.cmake
[1.603s] -- Up-to-date: /home/devesh/Butterfly/project_2/libbot_final/install/micro_ros_msgs/share/micro_ros_msgs/cmake/export_micro_ros_msgs__rosidl_generator_cExport-noconfig.cmake
[1.604s] -- Up-to-date: /home/devesh/Butterfly/project_2/libbot_final/install/micro_ros_msgs/share/micro_ros_msgs/cmake/export_micro_ros_msgs__rosidl_typesupport_fastrtps_cExport.cmake
[1.604s] -- Up-to-date: /home/devesh/Butterfly/project_2/libbot_final/install/micro_ros_msgs/share/micro_ros_msgs/cmake/export_micro_ros_msgs__rosidl_typesupport_fastrtps_cExport-noconfig.cmake
[1.604s] -- Up-to-date: /home/devesh/Butterfly/project_2/libbot_final/install/micro_ros_msgs/share/micro_ros_msgs/cmake/micro_ros_msgs__rosidl_typesupport_introspection_cExport.cmake
[1.604s] -- Up-to-date: /home/devesh/Butterfly/project_2/libbot_final/install/micro_ros_msgs/share/micro_ros_msgs/cmake/micro_ros_msgs__rosidl_typesupport_introspection_cExport-noconfig.cmake
[1.604s] -- Up-to-date: /home/devesh/Butterfly/project_2/libbot_final/install/micro_ros_msgs/share/micro_ros_msgs/cmake/micro_ros_msgs__rosidl_typesupport_cExport.cmake
[1.604s] -- Up-to-date: /home/devesh/Butterfly/project_2/libbot_final/install/micro_ros_msgs/share/micro_ros_msgs/cmake/micro_ros_msgs__rosidl_typesupport_cExport-noconfig.cmake
[1.605s] -- Up-to-date: /home/devesh/Butterfly/project_2/libbot_final/install/micro_ros_msgs/share/micro_ros_msgs/cmake/export_micro_ros_msgs__rosidl_generator_cppExport.cmake
[1.605s] -- Up-to-date: /home/devesh/Butterfly/project_2/libbot_final/install/micro_ros_msgs/share/micro_ros_msgs/cmake/export_micro_ros_msgs__rosidl_typesupport_fastrtps_cppExport.cmake
[1.605s] -- Up-to-date: /home/devesh/Butterfly/project_2/libbot_final/install/micro_ros_msgs/share/micro_ros_msgs/cmake/export_micro_ros_msgs__rosidl_typesupport_fastrtps_cppExport-noconfig.cmake
[1.605s] -- Up-to-date: /home/devesh/Butterfly/project_2/libbot_final/install/micro_ros_msgs/share/micro_ros_msgs/cmake/micro_ros_msgs__rosidl_typesupport_introspection_cppExport.cmake
[1.605s] -- Up-to-date: /home/devesh/Butterfly/project_2/libbot_final/install/micro_ros_msgs/share/micro_ros_msgs/cmake/micro_ros_msgs__rosidl_typesupport_introspection_cppExport-noconfig.cmake
[1.606s] -- Up-to-date: /home/devesh/Butterfly/project_2/libbot_final/install/micro_ros_msgs/share/micro_ros_msgs/cmake/micro_ros_msgs__rosidl_typesupport_cppExport.cmake
[1.606s] -- Up-to-date: /home/devesh/Butterfly/project_2/libbot_final/install/micro_ros_msgs/share/micro_ros_msgs/cmake/micro_ros_msgs__rosidl_typesupport_cppExport-noconfig.cmake
[1.606s] -- Up-to-date: /home/devesh/Butterfly/project_2/libbot_final/install/micro_ros_msgs/share/micro_ros_msgs/cmake/export_micro_ros_msgs__rosidl_generator_pyExport.cmake
[1.606s] -- Up-to-date: /home/devesh/Butterfly/project_2/libbot_final/install/micro_ros_msgs/share/micro_ros_msgs/cmake/export_micro_ros_msgs__rosidl_generator_pyExport-noconfig.cmake
[1.606s] -- Up-to-date: /home/devesh/Butterfly/project_2/libbot_final/install/micro_ros_msgs/share/micro_ros_msgs/cmake/rosidl_cmake-extras.cmake
[1.606s] -- Up-to-date: /home/devesh/Butterfly/project_2/libbot_final/install/micro_ros_msgs/share/micro_ros_msgs/cmake/ament_cmake_export_include_directories-extras.cmake
[1.606s] -- Up-to-date: /home/devesh/Butterfly/project_2/libbot_final/install/micro_ros_msgs/share/micro_ros_msgs/cmake/ament_cmake_export_libraries-extras.cmake
[1.607s] -- Up-to-date: /home/devesh/Butterfly/project_2/libbot_final/install/micro_ros_msgs/share/micro_ros_msgs/cmake/ament_cmake_export_targets-extras.cmake
[1.607s] -- Up-to-date: /home/devesh/Butterfly/project_2/libbot_final/install/micro_ros_msgs/share/micro_ros_msgs/cmake/rosidl_cmake_export_typesupport_targets-extras.cmake
[1.607s] -- Up-to-date: /home/devesh/Butterfly/project_2/libbot_final/install/micro_ros_msgs/share/micro_ros_msgs/cmake/ament_cmake_export_dependencies-extras.cmake
[1.607s] -- Up-to-date: /home/devesh/Butterfly/project_2/libbot_final/install/micro_ros_msgs/share/micro_ros_msgs/cmake/rosidl_cmake_export_typesupport_libraries-extras.cmake
[1.607s] -- Up-to-date: /home/devesh/Butterfly/project_2/libbot_final/install/micro_ros_msgs/share/micro_ros_msgs/cmake/micro_ros_msgsConfig.cmake
[1.609s] -- Up-to-date: /home/devesh/Butterfly/project_2/libbot_final/install/micro_ros_msgs/share/micro_ros_msgs/cmake/micro_ros_msgsConfig-version.cmake
[1.609s] -- Up-to-date: /home/devesh/Butterfly/project_2/libbot_final/install/micro_ros_msgs/share/micro_ros_msgs/package.xml
[1.647s] Invoked command in '/home/devesh/Butterfly/project_2/libbot_final/build/micro_ros_msgs' returned '0': CMAKE_PREFIX_PATH=${CMAKE_PREFIX_PATH}:/home/devesh/Butterfly/project_2/libbot_final/install/libbot_gazebo:/home/devesh/Butterfly/project_2/libbot_final/install/libbot_bringup:/opt/ros/jazzy DEBUGINFOD_URLS=https://debuginfod.ubuntu.com /usr/bin/cmake --install /home/devesh/Butterfly/project_2/libbot_final/build/micro_ros_msgs
