[0.000000] (-) TimerEvent: {}
[0.000813] (libbot_bringup) JobQueued: {'identifier': 'libbot_bringup', 'dependencies': OrderedDict()}
[0.000971] (libbot_gazebo) JobQueued: {'identifier': 'libbot_gazebo', 'dependencies': OrderedDict()}
[0.001032] (libbot_bringup) JobStarted: {'identifier': 'libbot_bringup'}
[0.008898] (libbot_gazebo) JobStarted: {'identifier': 'libbot_gazebo'}
[0.099782] (-) TimerEvent: {}
[0.200121] (-) TimerEvent: {}
[0.300479] (-) TimerEvent: {}
[0.401256] (-) TimerEvent: {}
[0.501624] (-) TimerEvent: {}
[0.602011] (-) TimerEvent: {}
[0.702338] (-) TimerEvent: {}
[0.802659] (-) TimerEvent: {}
[0.902956] (-) TimerEvent: {}
[1.003249] (-) TimerEvent: {}
[1.089610] (libbot_gazebo) Command: {'cmd': ['/usr/bin/python3', '-W', 'ignore:setup.py install is deprecated', '-W', 'ignore:easy_install command is deprecated', 'setup.py', 'egg_info', '--egg-base', '../../build/libbot_gazebo', 'build', '--build-base', '/home/devesh/Butterfly/project_2/libbot_final/build/libbot_gazebo/build', 'install', '--record', '/home/devesh/Butterfly/project_2/libbot_final/build/libbot_gazebo/install.log', '--single-version-externally-managed', 'install_data'], 'cwd': '/home/devesh/Butterfly/project_2/libbot_final/src/libbot_gazebo', 'env': {'USER': 'devesh', 'GZ_CONFIG_PATH': '/opt/ros/jazzy/opt/gz_sim_vendor/share/gz:/opt/ros/jazzy/opt/sdformat_vendor/share/gz:/opt/ros/jazzy/opt/gz_gui_vendor/share/gz:/opt/ros/jazzy/opt/gz_transport_vendor/share/gz:/opt/ros/jazzy/opt/gz_rendering_vendor/share/gz:/opt/ros/jazzy/opt/gz_plugin_vendor/share/gz:/opt/ros/jazzy/opt/gz_fuel_tools_vendor/share/gz:/opt/ros/jazzy/opt/gz_msgs_vendor/share/gz:/opt/ros/jazzy/opt/gz_common_vendor/share/gz', 'XDG_SESSION_TYPE': 'x11', 'SHLVL': '1', 'LD_LIBRARY_PATH': '/opt/ros/jazzy/opt/gz_sim_vendor/lib:/opt/ros/jazzy/opt/gz_sensors_vendor/lib:/opt/ros/jazzy/opt/gz_physics_vendor/lib:/opt/ros/jazzy/opt/sdformat_vendor/lib:/opt/ros/jazzy/opt/rviz_ogre_vendor/lib:/opt/ros/jazzy/lib/x86_64-linux-gnu:/opt/ros/jazzy/opt/gz_gui_vendor/lib:/opt/ros/jazzy/opt/gz_transport_vendor/lib:/opt/ros/jazzy/opt/gz_rendering_vendor/lib:/opt/ros/jazzy/opt/gz_plugin_vendor/lib:/opt/ros/jazzy/opt/gz_fuel_tools_vendor/lib:/opt/ros/jazzy/opt/gz_msgs_vendor/lib:/opt/ros/jazzy/opt/gz_common_vendor/lib:/opt/ros/jazzy/opt/gz_math_vendor/lib:/opt/ros/jazzy/opt/gz_utils_vendor/lib:/opt/ros/jazzy/opt/gz_tools_vendor/lib:/opt/ros/jazzy/opt/gz_ogre_next_vendor/lib:/opt/ros/jazzy/opt/gz_dartsim_vendor/lib:/opt/ros/jazzy/opt/gz_cmake_vendor/lib:/opt/ros/jazzy/lib', 'HOME': '/home/devesh', 'OLDPWD': '/home/devesh/Butterfly/project_2/libbot_final', 'DESKTOP_SESSION': 'ubuntu', 'GTK_MODULES': 'gail:atk-bridge', 'GNOME_SHELL_SESSION_MODE': 'ubuntu', 'ROS_PYTHON_VERSION': '3', 'SYSTEMD_EXEC_PID': '2222', 'DBUS_SESSION_BUS_ADDRESS': 'unix:path=/run/user/1000/bus,guid=3ad3c9ca0276d792be0bc43167df611d', 'GSM_SKIP_SSH_AGENT_WORKAROUND': 'true', 'DBUS_STARTER_BUS_TYPE': 'session', 'P9K_TTY': 'old', 'COLORTERM': 'truecolor', 'DEBUGINFOD_URLS': 'https://debuginfod.ubuntu.com', 'ROS_DISTRO': 'jazzy', 'LOGNAME': 'devesh', '_P9K_SSH_TTY': '/dev/pts/4', '_': '/usr/bin/colcon', 'MEMORY_PRESSURE_WATCH': '/sys/fs/cgroup/user.slice/user-1000.slice/user@1000.service/app.slice/app-gnome\\x2dsession\\x2dmanager.slice/gnome-session-manager@ubuntu.service/memory.pressure', 'XDG_SESSION_CLASS': 'user', 'ROS_VERSION': '2', 'USERNAME': 'devesh', 'TERM': 'xterm-256color', 'GNOME_DESKTOP_SESSION_ID': 'this-is-deprecated', 'WINDOWPATH': '2', 'PATH': '/opt/ros/jazzy/opt/gz_msgs_vendor/bin:/opt/ros/jazzy/opt/gz_tools_vendor/bin:/opt/ros/jazzy/opt/gz_ogre_next_vendor/bin:/opt/ros/jazzy/bin:/usr/local/sbin:/usr/local/bin:/usr/sbin:/usr/bin:/sbin:/bin:/usr/games:/usr/local/games:/snap/bin:/snap/bin:/opt/nvim-linux64/bin', 'SESSION_MANAGER': 'local/Devesh-O15:@/tmp/.ICE-unix/2222,unix/Devesh-O15:/tmp/.ICE-unix/2222', 'GNOME_TERMINAL_SCREEN': '/org/gnome/Terminal/screen/dbd1d500_312b_4b44_ad2d_bcefd3b0530c', 'XDG_MENU_PREFIX': 'gnome-', 'XDG_RUNTIME_DIR': '/run/user/1000', 'DISPLAY': ':0', 'LANG': 'en_US.UTF-8', 'XDG_CURRENT_DESKTOP': 'ubuntu:GNOME', 'XDG_SESSION_DESKTOP': 'ubuntu', 'GNOME_TERMINAL_SERVICE': ':1.348', 'XMODIFIERS': '@im=ibus', 'XAUTHORITY': '/run/user/1000/gdm/Xauthority', 'XDG_CONFIG_HOME': '/home/devesh/.config/', 'SSH_AUTH_SOCK': '/run/user/1000/keyring/ssh', 'AMENT_PREFIX_PATH': '/opt/ros/jazzy', 'SHELL': '/usr/bin/zsh', 'QT_ACCESSIBILITY': '1', 'GDMSESSION': 'ubuntu', 'GPG_AGENT_INFO': '/run/user/1000/gnupg/S.gpg-agent:0:1', 'P9K_SSH': '0', 'QT_IM_MODULE': 'ibus', 'ROS_AUTOMATIC_DISCOVERY_RANGE': 'SUBNET', 'PWD': '/home/devesh/Butterfly/project_2/libbot_final/build/libbot_gazebo', 'XDG_CONFIG_DIRS': '/etc/xdg/xdg-ubuntu:/etc/xdg', 'XDG_DATA_DIRS': '/usr/share/ubuntu:/usr/share/gnome:/usr/local/share/:/usr/share/:/var/lib/snapd/desktop', 'DBUS_STARTER_ADDRESS': 'unix:path=/run/user/1000/bus,guid=3ad3c9ca0276d792be0bc43167df611d', 'ZDOTDIR': '/home/devesh/.config//zsh/', '_P9K_TTY': '/dev/pts/4', 'PYTHONPATH': '/home/devesh/Butterfly/project_2/libbot_final/build/libbot_gazebo/prefix_override:/usr/lib/python3/dist-packages/colcon_core/task/python/colcon_distutils_commands:/home/devesh/Butterfly/project_2/libbot_final/install/libbot_gazebo/lib/python3.12/site-packages:/opt/ros/jazzy/lib/python3.12/site-packages', 'COLCON': '1', 'VTE_VERSION': '7600', 'MEMORY_PRESSURE_WRITE': 'c29tZSAyMDAwMDAgMjAwMDAwMAA=', 'CMAKE_PREFIX_PATH': '/opt/ros/jazzy/opt/gz_sim_vendor:/opt/ros/jazzy/opt/gz_sensors_vendor:/opt/ros/jazzy/opt/gz_physics_vendor:/opt/ros/jazzy/opt/sdformat_vendor:/opt/ros/jazzy/opt/gz_gui_vendor:/opt/ros/jazzy/opt/gz_transport_vendor:/opt/ros/jazzy/opt/gz_rendering_vendor:/opt/ros/jazzy/opt/gz_plugin_vendor:/opt/ros/jazzy/opt/gz_fuel_tools_vendor:/opt/ros/jazzy/opt/gz_msgs_vendor:/opt/ros/jazzy/opt/gz_common_vendor:/opt/ros/jazzy/opt/gz_math_vendor:/opt/ros/jazzy/opt/gz_utils_vendor:/opt/ros/jazzy/opt/gz_tools_vendor:/opt/ros/jazzy/opt/gz_ogre_next_vendor:/opt/ros/jazzy/opt/gz_dartsim_vendor:/opt/ros/jazzy/opt/gz_cmake_vendor'}, 'shell': False}
[1.103389] (-) TimerEvent: {}
[1.115930] (libbot_bringup) Command: {'cmd': ['/usr/bin/python3', '-W', 'ignore:setup.py install is deprecated', '-W', 'ignore:easy_install command is deprecated', 'setup.py', 'egg_info', '--egg-base', '../../build/libbot_bringup', 'build', '--build-base', '/home/devesh/Butterfly/project_2/libbot_final/build/libbot_bringup/build', 'install', '--record', '/home/devesh/Butterfly/project_2/libbot_final/build/libbot_bringup/install.log', '--single-version-externally-managed', 'install_data'], 'cwd': '/home/devesh/Butterfly/project_2/libbot_final/src/libbot_bringup', 'env': {'USER': 'devesh', 'GZ_CONFIG_PATH': '/opt/ros/jazzy/opt/gz_sim_vendor/share/gz:/opt/ros/jazzy/opt/sdformat_vendor/share/gz:/opt/ros/jazzy/opt/gz_gui_vendor/share/gz:/opt/ros/jazzy/opt/gz_transport_vendor/share/gz:/opt/ros/jazzy/opt/gz_rendering_vendor/share/gz:/opt/ros/jazzy/opt/gz_plugin_vendor/share/gz:/opt/ros/jazzy/opt/gz_fuel_tools_vendor/share/gz:/opt/ros/jazzy/opt/gz_msgs_vendor/share/gz:/opt/ros/jazzy/opt/gz_common_vendor/share/gz', 'XDG_SESSION_TYPE': 'x11', 'SHLVL': '1', 'LD_LIBRARY_PATH': '/opt/ros/jazzy/opt/gz_sim_vendor/lib:/opt/ros/jazzy/opt/gz_sensors_vendor/lib:/opt/ros/jazzy/opt/gz_physics_vendor/lib:/opt/ros/jazzy/opt/sdformat_vendor/lib:/opt/ros/jazzy/opt/rviz_ogre_vendor/lib:/opt/ros/jazzy/lib/x86_64-linux-gnu:/opt/ros/jazzy/opt/gz_gui_vendor/lib:/opt/ros/jazzy/opt/gz_transport_vendor/lib:/opt/ros/jazzy/opt/gz_rendering_vendor/lib:/opt/ros/jazzy/opt/gz_plugin_vendor/lib:/opt/ros/jazzy/opt/gz_fuel_tools_vendor/lib:/opt/ros/jazzy/opt/gz_msgs_vendor/lib:/opt/ros/jazzy/opt/gz_common_vendor/lib:/opt/ros/jazzy/opt/gz_math_vendor/lib:/opt/ros/jazzy/opt/gz_utils_vendor/lib:/opt/ros/jazzy/opt/gz_tools_vendor/lib:/opt/ros/jazzy/opt/gz_ogre_next_vendor/lib:/opt/ros/jazzy/opt/gz_dartsim_vendor/lib:/opt/ros/jazzy/opt/gz_cmake_vendor/lib:/opt/ros/jazzy/lib', 'HOME': '/home/devesh', 'OLDPWD': '/home/devesh/Butterfly/project_2/libbot_final', 'DESKTOP_SESSION': 'ubuntu', 'GTK_MODULES': 'gail:atk-bridge', 'GNOME_SHELL_SESSION_MODE': 'ubuntu', 'ROS_PYTHON_VERSION': '3', 'SYSTEMD_EXEC_PID': '2222', 'DBUS_SESSION_BUS_ADDRESS': 'unix:path=/run/user/1000/bus,guid=3ad3c9ca0276d792be0bc43167df611d', 'GSM_SKIP_SSH_AGENT_WORKAROUND': 'true', 'DBUS_STARTER_BUS_TYPE': 'session', 'P9K_TTY': 'old', 'COLORTERM': 'truecolor', 'DEBUGINFOD_URLS': 'https://debuginfod.ubuntu.com', 'ROS_DISTRO': 'jazzy', 'LOGNAME': 'devesh', '_P9K_SSH_TTY': '/dev/pts/4', '_': '/usr/bin/colcon', 'MEMORY_PRESSURE_WATCH': '/sys/fs/cgroup/user.slice/user-1000.slice/user@1000.service/app.slice/app-gnome\\x2dsession\\x2dmanager.slice/gnome-session-manager@ubuntu.service/memory.pressure', 'XDG_SESSION_CLASS': 'user', 'ROS_VERSION': '2', 'USERNAME': 'devesh', 'TERM': 'xterm-256color', 'GNOME_DESKTOP_SESSION_ID': 'this-is-deprecated', 'WINDOWPATH': '2', 'PATH': '/opt/ros/jazzy/opt/gz_msgs_vendor/bin:/opt/ros/jazzy/opt/gz_tools_vendor/bin:/opt/ros/jazzy/opt/gz_ogre_next_vendor/bin:/opt/ros/jazzy/bin:/usr/local/sbin:/usr/local/bin:/usr/sbin:/usr/bin:/sbin:/bin:/usr/games:/usr/local/games:/snap/bin:/snap/bin:/opt/nvim-linux64/bin', 'SESSION_MANAGER': 'local/Devesh-O15:@/tmp/.ICE-unix/2222,unix/Devesh-O15:/tmp/.ICE-unix/2222', 'GNOME_TERMINAL_SCREEN': '/org/gnome/Terminal/screen/dbd1d500_312b_4b44_ad2d_bcefd3b0530c', 'XDG_MENU_PREFIX': 'gnome-', 'XDG_RUNTIME_DIR': '/run/user/1000', 'DISPLAY': ':0', 'LANG': 'en_US.UTF-8', 'XDG_CURRENT_DESKTOP': 'ubuntu:GNOME', 'XDG_SESSION_DESKTOP': 'ubuntu', 'GNOME_TERMINAL_SERVICE': ':1.348', 'XMODIFIERS': '@im=ibus', 'XAUTHORITY': '/run/user/1000/gdm/Xauthority', 'XDG_CONFIG_HOME': '/home/devesh/.config/', 'SSH_AUTH_SOCK': '/run/user/1000/keyring/ssh', 'AMENT_PREFIX_PATH': '/opt/ros/jazzy', 'SHELL': '/usr/bin/zsh', 'QT_ACCESSIBILITY': '1', 'GDMSESSION': 'ubuntu', 'GPG_AGENT_INFO': '/run/user/1000/gnupg/S.gpg-agent:0:1', 'P9K_SSH': '0', 'QT_IM_MODULE': 'ibus', 'ROS_AUTOMATIC_DISCOVERY_RANGE': 'SUBNET', 'PWD': '/home/devesh/Butterfly/project_2/libbot_final/build/libbot_bringup', 'XDG_CONFIG_DIRS': '/etc/xdg/xdg-ubuntu:/etc/xdg', 'XDG_DATA_DIRS': '/usr/share/ubuntu:/usr/share/gnome:/usr/local/share/:/usr/share/:/var/lib/snapd/desktop', 'DBUS_STARTER_ADDRESS': 'unix:path=/run/user/1000/bus,guid=3ad3c9ca0276d792be0bc43167df611d', 'ZDOTDIR': '/home/devesh/.config//zsh/', '_P9K_TTY': '/dev/pts/4', 'PYTHONPATH': '/home/devesh/Butterfly/project_2/libbot_final/build/libbot_bringup/prefix_override:/usr/lib/python3/dist-packages/colcon_core/task/python/colcon_distutils_commands:/home/devesh/Butterfly/project_2/libbot_final/install/libbot_bringup/lib/python3.12/site-packages:/opt/ros/jazzy/lib/python3.12/site-packages', 'COLCON': '1', 'VTE_VERSION': '7600', 'MEMORY_PRESSURE_WRITE': 'c29tZSAyMDAwMDAgMjAwMDAwMAA=', 'CMAKE_PREFIX_PATH': '/opt/ros/jazzy/opt/gz_sim_vendor:/opt/ros/jazzy/opt/gz_sensors_vendor:/opt/ros/jazzy/opt/gz_physics_vendor:/opt/ros/jazzy/opt/sdformat_vendor:/opt/ros/jazzy/opt/gz_gui_vendor:/opt/ros/jazzy/opt/gz_transport_vendor:/opt/ros/jazzy/opt/gz_rendering_vendor:/opt/ros/jazzy/opt/gz_plugin_vendor:/opt/ros/jazzy/opt/gz_fuel_tools_vendor:/opt/ros/jazzy/opt/gz_msgs_vendor:/opt/ros/jazzy/opt/gz_common_vendor:/opt/ros/jazzy/opt/gz_math_vendor:/opt/ros/jazzy/opt/gz_utils_vendor:/opt/ros/jazzy/opt/gz_tools_vendor:/opt/ros/jazzy/opt/gz_ogre_next_vendor:/opt/ros/jazzy/opt/gz_dartsim_vendor:/opt/ros/jazzy/opt/gz_cmake_vendor'}, 'shell': False}
[1.203539] (-) TimerEvent: {}
[1.303922] (-) TimerEvent: {}
[1.362890] (libbot_gazebo) StdoutLine: {'line': b'running egg_info\n'}
[1.363351] (libbot_gazebo) StdoutLine: {'line': b'creating ../../build/libbot_gazebo/libbot_gazebo.egg-info\n'}
[1.383554] (libbot_gazebo) StdoutLine: {'line': b'writing ../../build/libbot_gazebo/libbot_gazebo.egg-info/PKG-INFO\n'}
[1.383895] (libbot_gazebo) StdoutLine: {'line': b'writing dependency_links to ../../build/libbot_gazebo/libbot_gazebo.egg-info/dependency_links.txt\n'}
[1.384232] (libbot_gazebo) StdoutLine: {'line': b'writing requirements to ../../build/libbot_gazebo/libbot_gazebo.egg-info/requires.txt\n'}
[1.384404] (libbot_gazebo) StdoutLine: {'line': b'writing top-level names to ../../build/libbot_gazebo/libbot_gazebo.egg-info/top_level.txt\n'}
[1.384619] (libbot_gazebo) StdoutLine: {'line': b"writing manifest file '../../build/libbot_gazebo/libbot_gazebo.egg-info/SOURCES.txt'\n"}
[1.388454] (libbot_bringup) StdoutLine: {'line': b'running egg_info\n'}
[1.388785] (libbot_bringup) StdoutLine: {'line': b'creating ../../build/libbot_bringup/libbot_bringup.egg-info\n'}
[1.404069] (-) TimerEvent: {}
[1.408223] (libbot_bringup) StdoutLine: {'line': b'writing ../../build/libbot_bringup/libbot_bringup.egg-info/PKG-INFO\n'}
[1.408528] (libbot_bringup) StdoutLine: {'line': b'writing dependency_links to ../../build/libbot_bringup/libbot_bringup.egg-info/dependency_links.txt\n'}
[1.408820] (libbot_bringup) StdoutLine: {'line': b'writing requirements to ../../build/libbot_bringup/libbot_bringup.egg-info/requires.txt\n'}
[1.409025] (libbot_bringup) StdoutLine: {'line': b'writing top-level names to ../../build/libbot_bringup/libbot_bringup.egg-info/top_level.txt\n'}
[1.409177] (libbot_bringup) StdoutLine: {'line': b"writing manifest file '../../build/libbot_bringup/libbot_bringup.egg-info/SOURCES.txt'\n"}
[1.425780] (libbot_gazebo) StdoutLine: {'line': b"reading manifest file '../../build/libbot_gazebo/libbot_gazebo.egg-info/SOURCES.txt'\n"}
[1.426178] (libbot_gazebo) StdoutLine: {'line': b"adding license file 'LICENSE'\n"}
[1.426548] (libbot_gazebo) StdoutLine: {'line': b"writing manifest file '../../build/libbot_gazebo/libbot_gazebo.egg-info/SOURCES.txt'\n"}
[1.426777] (libbot_gazebo) StdoutLine: {'line': b'running build\n'}
[1.426969] (libbot_gazebo) StdoutLine: {'line': b'running build_py\n'}
[1.427289] (libbot_gazebo) StdoutLine: {'line': b'creating /home/devesh/Butterfly/project_2/libbot_final/build/libbot_gazebo/build\n'}
[1.427479] (libbot_gazebo) StdoutLine: {'line': b'creating /home/devesh/Butterfly/project_2/libbot_final/build/libbot_gazebo/build/lib\n'}
[1.427639] (libbot_gazebo) StdoutLine: {'line': b'creating /home/devesh/Butterfly/project_2/libbot_final/build/libbot_gazebo/build/lib/libbot_gazebo\n'}
[1.427785] (libbot_gazebo) StdoutLine: {'line': b'copying libbot_gazebo/__init__.py -> /home/devesh/Butterfly/project_2/libbot_final/build/libbot_gazebo/build/lib/libbot_gazebo\n'}
[1.427931] (libbot_gazebo) StdoutLine: {'line': b'running install\n'}
[1.433201] (libbot_gazebo) StdoutLine: {'line': b'running install_lib\n'}
[1.450122] (libbot_bringup) StdoutLine: {'line': b"reading manifest file '../../build/libbot_bringup/libbot_bringup.egg-info/SOURCES.txt'\n"}
[1.450503] (libbot_bringup) StdoutLine: {'line': b"adding license file 'LICENSE'\n"}
[1.450906] (libbot_bringup) StdoutLine: {'line': b"writing manifest file '../../build/libbot_bringup/libbot_bringup.egg-info/SOURCES.txt'\n"}
[1.451198] (libbot_bringup) StdoutLine: {'line': b'running build\n'}
[1.451369] (libbot_bringup) StdoutLine: {'line': b'running build_py\n'}
[1.451659] (libbot_bringup) StdoutLine: {'line': b'creating /home/devesh/Butterfly/project_2/libbot_final/build/libbot_bringup/build\n'}
[1.451821] (libbot_bringup) StdoutLine: {'line': b'creating /home/devesh/Butterfly/project_2/libbot_final/build/libbot_bringup/build/lib\n'}
[1.451967] (libbot_bringup) StdoutLine: {'line': b'creating /home/devesh/Butterfly/project_2/libbot_final/build/libbot_bringup/build/lib/libbot_bringup\n'}
[1.452112] (libbot_bringup) StdoutLine: {'line': b'copying libbot_bringup/__init__.py -> /home/devesh/Butterfly/project_2/libbot_final/build/libbot_bringup/build/lib/libbot_bringup\n'}
[1.452255] (libbot_bringup) StdoutLine: {'line': b'running install\n'}
[1.453690] (libbot_gazebo) StdoutLine: {'line': b'creating /home/devesh/Butterfly/project_2/libbot_final/install/libbot_gazebo/lib/python3.12/site-packages/libbot_gazebo\n'}
[1.453929] (libbot_gazebo) StdoutLine: {'line': b'copying /home/devesh/Butterfly/project_2/libbot_final/build/libbot_gazebo/build/lib/libbot_gazebo/__init__.py -> /home/devesh/Butterfly/project_2/libbot_final/install/libbot_gazebo/lib/python3.12/site-packages/libbot_gazebo\n'}
[1.454269] (libbot_gazebo) StdoutLine: {'line': b'byte-compiling /home/devesh/Butterfly/project_2/libbot_final/install/libbot_gazebo/lib/python3.12/site-packages/libbot_gazebo/__init__.py to __init__.cpython-312.pyc\n'}
[1.454575] (libbot_gazebo) StdoutLine: {'line': b'running install_data\n'}
[1.454827] (libbot_gazebo) StdoutLine: {'line': b'creating /home/devesh/Butterfly/project_2/libbot_final/install/libbot_gazebo/share/ament_index\n'}
[1.455015] (libbot_gazebo) StdoutLine: {'line': b'creating /home/devesh/Butterfly/project_2/libbot_final/install/libbot_gazebo/share/ament_index/resource_index\n'}
[1.455329] (libbot_gazebo) StdoutLine: {'line': b'creating /home/devesh/Butterfly/project_2/libbot_final/install/libbot_gazebo/share/ament_index/resource_index/packages\n'}
[1.455530] (libbot_gazebo) StdoutLine: {'line': b'copying resource/libbot_gazebo -> /home/devesh/Butterfly/project_2/libbot_final/install/libbot_gazebo/share/ament_index/resource_index/packages\n'}
[1.455687] (libbot_gazebo) StdoutLine: {'line': b'copying package.xml -> /home/devesh/Butterfly/project_2/libbot_final/install/libbot_gazebo/share/libbot_gazebo\n'}
[1.455831] (libbot_gazebo) StdoutLine: {'line': b'running install_egg_info\n'}
[1.457624] (libbot_bringup) StdoutLine: {'line': b'running install_lib\n'}
[1.477034] (libbot_gazebo) StdoutLine: {'line': b'Copying ../../build/libbot_gazebo/libbot_gazebo.egg-info to /home/devesh/Butterfly/project_2/libbot_final/install/libbot_gazebo/lib/python3.12/site-packages/libbot_gazebo-0.0.0-py3.12.egg-info\n'}
[1.477844] (libbot_gazebo) StdoutLine: {'line': b'running install_scripts\n'}
[1.478476] (libbot_bringup) StdoutLine: {'line': b'creating /home/devesh/Butterfly/project_2/libbot_final/install/libbot_bringup/lib/python3.12/site-packages/libbot_bringup\n'}
[1.478791] (libbot_bringup) StdoutLine: {'line': b'copying /home/devesh/Butterfly/project_2/libbot_final/build/libbot_bringup/build/lib/libbot_bringup/__init__.py -> /home/devesh/Butterfly/project_2/libbot_final/install/libbot_bringup/lib/python3.12/site-packages/libbot_bringup\n'}
[1.479116] (libbot_bringup) StdoutLine: {'line': b'byte-compiling /home/devesh/Butterfly/project_2/libbot_final/install/libbot_bringup/lib/python3.12/site-packages/libbot_bringup/__init__.py to __init__.cpython-312.pyc\n'}
[1.479453] (libbot_bringup) StdoutLine: {'line': b'running install_data\n'}
[1.479726] (libbot_bringup) StdoutLine: {'line': b'creating /home/devesh/Butterfly/project_2/libbot_final/install/libbot_bringup/share/ament_index\n'}
[1.479882] (libbot_bringup) StdoutLine: {'line': b'creating /home/devesh/Butterfly/project_2/libbot_final/install/libbot_bringup/share/ament_index/resource_index\n'}
[1.480031] (libbot_bringup) StdoutLine: {'line': b'creating /home/devesh/Butterfly/project_2/libbot_final/install/libbot_bringup/share/ament_index/resource_index/packages\n'}
[1.480176] (libbot_bringup) StdoutLine: {'line': b'copying resource/libbot_bringup -> /home/devesh/Butterfly/project_2/libbot_final/install/libbot_bringup/share/ament_index/resource_index/packages\n'}
[1.480396] (libbot_bringup) StdoutLine: {'line': b'copying package.xml -> /home/devesh/Butterfly/project_2/libbot_final/install/libbot_bringup/share/libbot_bringup\n'}
[1.480722] (libbot_bringup) StdoutLine: {'line': b'creating /home/devesh/Butterfly/project_2/libbot_final/install/libbot_bringup/share/libbot_bringup/config\n'}
[1.480888] (libbot_bringup) StdoutLine: {'line': b'copying config/bringup_launch.rviz -> /home/devesh/Butterfly/project_2/libbot_final/install/libbot_bringup/share/libbot_bringup/config\n'}
[1.481037] (libbot_bringup) StdoutLine: {'line': b'copying config/description_launch.rviz -> /home/devesh/Butterfly/project_2/libbot_final/install/libbot_bringup/share/libbot_bringup/config\n'}
[1.481183] (libbot_bringup) StdoutLine: {'line': b'copying config/ekf.yaml -> /home/devesh/Butterfly/project_2/libbot_final/install/libbot_bringup/share/libbot_bringup/config\n'}
[1.481327] (libbot_bringup) StdoutLine: {'line': b'creating /home/devesh/Butterfly/project_2/libbot_final/install/libbot_bringup/share/libbot_bringup/launch\n'}
[1.481496] (libbot_bringup) StdoutLine: {'line': b'copying launch/description.launch.py -> /home/devesh/Butterfly/project_2/libbot_final/install/libbot_bringup/share/libbot_bringup/launch\n'}
[1.482079] (libbot_bringup) StdoutLine: {'line': b'copying launch/bringup.launch.py -> /home/devesh/Butterfly/project_2/libbot_final/install/libbot_bringup/share/libbot_bringup/launch\n'}
[1.482233] (libbot_bringup) StdoutLine: {'line': b'creating /home/devesh/Butterfly/project_2/libbot_final/install/libbot_bringup/share/libbot_bringup/urdf\n'}
[1.482382] (libbot_bringup) StdoutLine: {'line': b'copying urdf/libbot_core.xacro -> /home/devesh/Butterfly/project_2/libbot_final/install/libbot_bringup/share/libbot_bringup/urdf\n'}
[1.482565] (libbot_bringup) StdoutLine: {'line': b'copying urdf/lidar.xacro -> /home/devesh/Butterfly/project_2/libbot_final/install/libbot_bringup/share/libbot_bringup/urdf\n'}
[1.482715] (libbot_bringup) StdoutLine: {'line': b'copying urdf/materials.xacro -> /home/devesh/Butterfly/project_2/libbot_final/install/libbot_bringup/share/libbot_bringup/urdf\n'}
[1.482860] (libbot_bringup) StdoutLine: {'line': b'copying urdf/imu.xacro -> /home/devesh/Butterfly/project_2/libbot_final/install/libbot_bringup/share/libbot_bringup/urdf\n'}
[1.483004] (libbot_bringup) StdoutLine: {'line': b'copying urdf/libbot.urdf.xacro -> /home/devesh/Butterfly/project_2/libbot_final/install/libbot_bringup/share/libbot_bringup/urdf\n'}
[1.483150] (libbot_bringup) StdoutLine: {'line': b'copying urdf/libbot_gazebo_control.xacro -> /home/devesh/Butterfly/project_2/libbot_final/install/libbot_bringup/share/libbot_bringup/urdf\n'}
[1.483300] (libbot_bringup) StdoutLine: {'line': b'creating /home/devesh/Butterfly/project_2/libbot_final/install/libbot_bringup/share/libbot_bringup/urdf/meshes\n'}
[1.483526] (libbot_bringup) StdoutLine: {'line': b'copying urdf/meshes/chassis_frame.stl -> /home/devesh/Butterfly/project_2/libbot_final/install/libbot_bringup/share/libbot_bringup/urdf/meshes\n'}
[1.483678] (libbot_bringup) StdoutLine: {'line': b'copying urdf/meshes/caster_wheel.stl -> /home/devesh/Butterfly/project_2/libbot_final/install/libbot_bringup/share/libbot_bringup/urdf/meshes\n'}
[1.483819] (libbot_bringup) StdoutLine: {'line': b'running install_egg_info\n'}
[1.503400] (libbot_bringup) StdoutLine: {'line': b'Copying ../../build/libbot_bringup/libbot_bringup.egg-info to /home/devesh/Butterfly/project_2/libbot_final/install/libbot_bringup/lib/python3.12/site-packages/libbot_bringup-0.0.0-py3.12.egg-info\n'}
[1.504165] (-) TimerEvent: {}
[1.504411] (libbot_bringup) StdoutLine: {'line': b'running install_scripts\n'}
[1.604325] (-) TimerEvent: {}
[1.616974] (libbot_gazebo) StdoutLine: {'line': b"writing list of installed files to '/home/devesh/Butterfly/project_2/libbot_final/build/libbot_gazebo/install.log'\n"}
[1.640880] (libbot_bringup) StdoutLine: {'line': b"writing list of installed files to '/home/devesh/Butterfly/project_2/libbot_final/build/libbot_bringup/install.log'\n"}
[1.656851] (libbot_gazebo) CommandEnded: {'returncode': 0}
[1.674044] (libbot_gazebo) JobEnded: {'identifier': 'libbot_gazebo', 'rc': 0}
[1.684270] (libbot_bringup) CommandEnded: {'returncode': 0}
[1.694348] (libbot_bringup) JobEnded: {'identifier': 'libbot_bringup', 'rc': 0}
[1.695643] (-) EventReactorShutdown: {}
