[0.119s] Invoking command in '/home/devesh/Butterfly/project_2/libbot_final/build/drive_base_msgs': CMAKE_PREFIX_PATH=${CMAKE_PREFIX_PATH}:/home/devesh/Butterfly/project_2/libbot_final/install/libbot_navigation:/home/devesh/Butterfly/project_2/libbot_final/install/libbot_mapping:/home/devesh/Butterfly/project_2/libbot_final/install/libbot_lib_interface:/home/devesh/Butterfly/project_2/libbot_final/install/libbot_gazebo:/home/devesh/Butterfly/project_2/libbot_final/install/libbot_bringup:/opt/ros/jazzy DEBUGINFOD_URLS=https://debuginfod.ubuntu.com /usr/bin/cmake --build /home/devesh/Butterfly/project_2/libbot_final/build/drive_base_msgs -- -j12 -l12
[3.005s] [  1%] Built target drive_base_msgs__rosidl_generator_type_description
[3.005s] [  1%] Built target ament_cmake_python_copy_drive_base_msgs
[3.006s] [  3%] Built target drive_base_msgs__cpp
[3.006s] [ 25%] Built target drive_base_msgs__rosidl_generator_c
[3.006s] [ 34%] Built target drive_base_msgs__rosidl_typesupport_fastrtps_c
[3.006s] [ 43%] Built target drive_base_msgs__rosidl_typesupport_introspection_c
[3.006s] [ 53%] Built target drive_base_msgs__rosidl_typesupport_introspection_cpp
[3.006s] [ 62%] Built target drive_base_msgs__rosidl_typesupport_fastrtps_cpp
[3.006s] [ 71%] Built target drive_base_msgs__rosidl_typesupport_c
[3.006s] [ 81%] Built target drive_base_msgs__rosidl_typesupport_cpp
[3.006s] [ 81%] Built target drive_base_msgs
[3.007s] [ 82%] Built target drive_base_msgs__py
[3.007s] [ 90%] Built target drive_base_msgs__rosidl_generator_py
[3.007s] [ 93%] Built target drive_base_msgs_s__rosidl_typesupport_fastrtps_c
[3.007s] [ 96%] Built target drive_base_msgs_s__rosidl_typesupport_introspection_c
[3.007s] [100%] Built target drive_base_msgs_s__rosidl_typesupport_c
[3.007s] running egg_info
[3.007s] writing drive_base_msgs.egg-info/PKG-INFO
[3.007s] writing dependency_links to drive_base_msgs.egg-info/dependency_links.txt
[3.007s] writing top-level names to drive_base_msgs.egg-info/top_level.txt
[3.008s] reading manifest file 'drive_base_msgs.egg-info/SOURCES.txt'
[3.008s] writing manifest file 'drive_base_msgs.egg-info/SOURCES.txt'
[3.008s] [100%] Built target ament_cmake_python_build_drive_base_msgs_egg
[3.035s] Invoked command in '/home/devesh/Butterfly/project_2/libbot_final/build/drive_base_msgs' returned '0': CMAKE_PREFIX_PATH=${CMAKE_PREFIX_PATH}:/home/devesh/Butterfly/project_2/libbot_final/install/libbot_navigation:/home/devesh/Butterfly/project_2/libbot_final/install/libbot_mapping:/home/devesh/Butterfly/project_2/libbot_final/install/libbot_lib_interface:/home/devesh/Butterfly/project_2/libbot_final/install/libbot_gazebo:/home/devesh/Butterfly/project_2/libbot_final/install/libbot_bringup:/opt/ros/jazzy DEBUGINFOD_URLS=https://debuginfod.ubuntu.com /usr/bin/cmake --build /home/devesh/Butterfly/project_2/libbot_final/build/drive_base_msgs -- -j12 -l12
[3.038s] Invoking command in '/home/devesh/Butterfly/project_2/libbot_final/build/drive_base_msgs': CMAKE_PREFIX_PATH=${CMAKE_PREFIX_PATH}:/home/devesh/Butterfly/project_2/libbot_final/install/libbot_navigation:/home/devesh/Butterfly/project_2/libbot_final/install/libbot_mapping:/home/devesh/Butterfly/project_2/libbot_final/install/libbot_lib_interface:/home/devesh/Butterfly/project_2/libbot_final/install/libbot_gazebo:/home/devesh/Butterfly/project_2/libbot_final/install/libbot_bringup:/opt/ros/jazzy DEBUGINFOD_URLS=https://debuginfod.ubuntu.com /usr/bin/cmake --install /home/devesh/Butterfly/project_2/libbot_final/build/drive_base_msgs
[3.067s] -- Install configuration: ""
[3.067s] -- Up-to-date: /home/devesh/Butterfly/project_2/libbot_final/install/drive_base_msgs/share/ament_index/resource_index/rosidl_interfaces/drive_base_msgs
[3.067s] -- Up-to-date: /home/devesh/Butterfly/project_2/libbot_final/install/drive_base_msgs/share/drive_base_msgs/msg/CommandHeader.json
[3.068s] -- Up-to-date: /home/devesh/Butterfly/project_2/libbot_final/install/drive_base_msgs/share/drive_base_msgs/msg/BaseInfo.json
[3.068s] -- Up-to-date: /home/devesh/Butterfly/project_2/libbot_final/install/drive_base_msgs/share/drive_base_msgs/msg/CommandStatus.json
[3.068s] -- Up-to-date: /home/devesh/Butterfly/project_2/libbot_final/install/drive_base_msgs/share/drive_base_msgs/msg/TRVCommand.json
[3.078s] -- Up-to-date: /home/devesh/Butterfly/project_2/libbot_final/install/drive_base_msgs/include/drive_base_msgs/drive_base_msgs
[3.078s] -- Up-to-date: /home/devesh/Butterfly/project_2/libbot_final/install/drive_base_msgs/include/drive_base_msgs/drive_base_msgs/msg
[3.079s] -- Up-to-date: /home/devesh/Butterfly/project_2/libbot_final/install/drive_base_msgs/include/drive_base_msgs/drive_base_msgs/msg/command_status.h
[3.079s] -- Up-to-date: /home/devesh/Butterfly/project_2/libbot_final/install/drive_base_msgs/include/drive_base_msgs/drive_base_msgs/msg/detail
[3.079s] -- Up-to-date: /home/devesh/Butterfly/project_2/libbot_final/install/drive_base_msgs/include/drive_base_msgs/drive_base_msgs/msg/detail/trv_command__struct.h
[3.079s] -- Up-to-date: /home/devesh/Butterfly/project_2/libbot_final/install/drive_base_msgs/include/drive_base_msgs/drive_base_msgs/msg/detail/trv_command__description.c
[3.080s] -- Up-to-date: /home/devesh/Butterfly/project_2/libbot_final/install/drive_base_msgs/include/drive_base_msgs/drive_base_msgs/msg/detail/command_status__functions.h
[3.080s] -- Up-to-date: /home/devesh/Butterfly/project_2/libbot_final/install/drive_base_msgs/include/drive_base_msgs/drive_base_msgs/msg/detail/command_header__description.c
[3.080s] -- Up-to-date: /home/devesh/Butterfly/project_2/libbot_final/install/drive_base_msgs/include/drive_base_msgs/drive_base_msgs/msg/detail/command_status__struct.h
[3.080s] -- Up-to-date: /home/devesh/Butterfly/project_2/libbot_final/install/drive_base_msgs/include/drive_base_msgs/drive_base_msgs/msg/detail/command_header__functions.c
[3.080s] -- Up-to-date: /home/devesh/Butterfly/project_2/libbot_final/install/drive_base_msgs/include/drive_base_msgs/drive_base_msgs/msg/detail/command_status__description.c
[3.080s] -- Up-to-date: /home/devesh/Butterfly/project_2/libbot_final/install/drive_base_msgs/include/drive_base_msgs/drive_base_msgs/msg/detail/command_status__functions.c
[3.080s] -- Up-to-date: /home/devesh/Butterfly/project_2/libbot_final/install/drive_base_msgs/include/drive_base_msgs/drive_base_msgs/msg/detail/trv_command__functions.h
[3.081s] -- Up-to-date: /home/devesh/Butterfly/project_2/libbot_final/install/drive_base_msgs/include/drive_base_msgs/drive_base_msgs/msg/detail/command_header__functions.h
[3.082s] -- Up-to-date: /home/devesh/Butterfly/project_2/libbot_final/install/drive_base_msgs/include/drive_base_msgs/drive_base_msgs/msg/detail/command_status__type_support.c
[3.083s] -- Up-to-date: /home/devesh/Butterfly/project_2/libbot_final/install/drive_base_msgs/include/drive_base_msgs/drive_base_msgs/msg/detail/base_info__description.c
[3.083s] -- Up-to-date: /home/devesh/Butterfly/project_2/libbot_final/install/drive_base_msgs/include/drive_base_msgs/drive_base_msgs/msg/detail/base_info__functions.h
[3.089s] -- Up-to-date: /home/devesh/Butterfly/project_2/libbot_final/install/drive_base_msgs/include/drive_base_msgs/drive_base_msgs/msg/detail/base_info__type_support.c
[3.090s] -- Up-to-date: /home/devesh/Butterfly/project_2/libbot_final/install/drive_base_msgs/include/drive_base_msgs/drive_base_msgs/msg/detail/trv_command__functions.c
[3.091s] -- Up-to-date: /home/devesh/Butterfly/project_2/libbot_final/install/drive_base_msgs/include/drive_base_msgs/drive_base_msgs/msg/detail/base_info__type_support.h
[3.091s] -- Up-to-date: /home/devesh/Butterfly/project_2/libbot_final/install/drive_base_msgs/include/drive_base_msgs/drive_base_msgs/msg/detail/command_header__type_support.c
[3.091s] -- Up-to-date: /home/devesh/Butterfly/project_2/libbot_final/install/drive_base_msgs/include/drive_base_msgs/drive_base_msgs/msg/detail/command_header__struct.h
[3.091s] -- Up-to-date: /home/devesh/Butterfly/project_2/libbot_final/install/drive_base_msgs/include/drive_base_msgs/drive_base_msgs/msg/detail/base_info__functions.c
[3.092s] -- Up-to-date: /home/devesh/Butterfly/project_2/libbot_final/install/drive_base_msgs/include/drive_base_msgs/drive_base_msgs/msg/detail/base_info__struct.h
[3.092s] -- Up-to-date: /home/devesh/Butterfly/project_2/libbot_final/install/drive_base_msgs/include/drive_base_msgs/drive_base_msgs/msg/detail/trv_command__type_support.c
[3.092s] -- Up-to-date: /home/devesh/Butterfly/project_2/libbot_final/install/drive_base_msgs/include/drive_base_msgs/drive_base_msgs/msg/detail/command_header__type_support.h
[3.092s] -- Up-to-date: /home/devesh/Butterfly/project_2/libbot_final/install/drive_base_msgs/include/drive_base_msgs/drive_base_msgs/msg/detail/command_status__type_support.h
[3.092s] -- Up-to-date: /home/devesh/Butterfly/project_2/libbot_final/install/drive_base_msgs/include/drive_base_msgs/drive_base_msgs/msg/detail/trv_command__type_support.h
[3.093s] -- Up-to-date: /home/devesh/Butterfly/project_2/libbot_final/install/drive_base_msgs/include/drive_base_msgs/drive_base_msgs/msg/rosidl_generator_c__visibility_control.h
[3.093s] -- Up-to-date: /home/devesh/Butterfly/project_2/libbot_final/install/drive_base_msgs/include/drive_base_msgs/drive_base_msgs/msg/trv_command.h
[3.093s] -- Up-to-date: /home/devesh/Butterfly/project_2/libbot_final/install/drive_base_msgs/include/drive_base_msgs/drive_base_msgs/msg/command_header.h
[3.093s] -- Up-to-date: /home/devesh/Butterfly/project_2/libbot_final/install/drive_base_msgs/include/drive_base_msgs/drive_base_msgs/msg/base_info.h
[3.093s] -- Up-to-date: /home/devesh/Butterfly/project_2/libbot_final/install/drive_base_msgs/share/drive_base_msgs/environment/library_path.sh
[3.093s] -- Up-to-date: /home/devesh/Butterfly/project_2/libbot_final/install/drive_base_msgs/share/drive_base_msgs/environment/library_path.dsv
[3.094s] -- Up-to-date: /home/devesh/Butterfly/project_2/libbot_final/install/drive_base_msgs/lib/libdrive_base_msgs__rosidl_generator_c.so
[3.094s] -- Up-to-date: /home/devesh/Butterfly/project_2/libbot_final/install/drive_base_msgs/include/drive_base_msgs/drive_base_msgs
[3.094s] -- Up-to-date: /home/devesh/Butterfly/project_2/libbot_final/install/drive_base_msgs/include/drive_base_msgs/drive_base_msgs/msg
[3.095s] -- Up-to-date: /home/devesh/Butterfly/project_2/libbot_final/install/drive_base_msgs/include/drive_base_msgs/drive_base_msgs/msg/detail
[3.095s] -- Up-to-date: /home/devesh/Butterfly/project_2/libbot_final/install/drive_base_msgs/include/drive_base_msgs/drive_base_msgs/msg/detail/command_header__rosidl_typesupport_fastrtps_c.h
[3.095s] -- Up-to-date: /home/devesh/Butterfly/project_2/libbot_final/install/drive_base_msgs/include/drive_base_msgs/drive_base_msgs/msg/detail/base_info__rosidl_typesupport_fastrtps_c.h
[3.095s] -- Up-to-date: /home/devesh/Butterfly/project_2/libbot_final/install/drive_base_msgs/include/drive_base_msgs/drive_base_msgs/msg/detail/trv_command__rosidl_typesupport_fastrtps_c.h
[3.095s] -- Up-to-date: /home/devesh/Butterfly/project_2/libbot_final/install/drive_base_msgs/include/drive_base_msgs/drive_base_msgs/msg/detail/command_status__rosidl_typesupport_fastrtps_c.h
[3.095s] -- Up-to-date: /home/devesh/Butterfly/project_2/libbot_final/install/drive_base_msgs/include/drive_base_msgs/drive_base_msgs/msg/rosidl_typesupport_fastrtps_c__visibility_control.h
[3.097s] -- Up-to-date: /home/devesh/Butterfly/project_2/libbot_final/install/drive_base_msgs/lib/libdrive_base_msgs__rosidl_typesupport_fastrtps_c.so
[3.098s] -- Up-to-date: /home/devesh/Butterfly/project_2/libbot_final/install/drive_base_msgs/include/drive_base_msgs/drive_base_msgs
[3.098s] -- Up-to-date: /home/devesh/Butterfly/project_2/libbot_final/install/drive_base_msgs/include/drive_base_msgs/drive_base_msgs/msg
[3.098s] -- Up-to-date: /home/devesh/Butterfly/project_2/libbot_final/install/drive_base_msgs/include/drive_base_msgs/drive_base_msgs/msg/base_info.hpp
[3.098s] -- Up-to-date: /home/devesh/Butterfly/project_2/libbot_final/install/drive_base_msgs/include/drive_base_msgs/drive_base_msgs/msg/rosidl_generator_cpp__visibility_control.hpp
[3.099s] -- Up-to-date: /home/devesh/Butterfly/project_2/libbot_final/install/drive_base_msgs/include/drive_base_msgs/drive_base_msgs/msg/detail
[3.100s] -- Up-to-date: /home/devesh/Butterfly/project_2/libbot_final/install/drive_base_msgs/include/drive_base_msgs/drive_base_msgs/msg/detail/trv_command__builder.hpp
[3.100s] -- Up-to-date: /home/devesh/Butterfly/project_2/libbot_final/install/drive_base_msgs/include/drive_base_msgs/drive_base_msgs/msg/detail/base_info__type_support.hpp
[3.100s] -- Up-to-date: /home/devesh/Butterfly/project_2/libbot_final/install/drive_base_msgs/include/drive_base_msgs/drive_base_msgs/msg/detail/command_status__builder.hpp
[3.100s] -- Up-to-date: /home/devesh/Butterfly/project_2/libbot_final/install/drive_base_msgs/include/drive_base_msgs/drive_base_msgs/msg/detail/base_info__struct.hpp
[3.101s] -- Up-to-date: /home/devesh/Butterfly/project_2/libbot_final/install/drive_base_msgs/include/drive_base_msgs/drive_base_msgs/msg/detail/trv_command__struct.hpp
[3.101s] -- Up-to-date: /home/devesh/Butterfly/project_2/libbot_final/install/drive_base_msgs/include/drive_base_msgs/drive_base_msgs/msg/detail/command_status__struct.hpp
[3.101s] -- Up-to-date: /home/devesh/Butterfly/project_2/libbot_final/install/drive_base_msgs/include/drive_base_msgs/drive_base_msgs/msg/detail/command_header__type_support.hpp
[3.101s] -- Up-to-date: /home/devesh/Butterfly/project_2/libbot_final/install/drive_base_msgs/include/drive_base_msgs/drive_base_msgs/msg/detail/base_info__builder.hpp
[3.101s] -- Up-to-date: /home/devesh/Butterfly/project_2/libbot_final/install/drive_base_msgs/include/drive_base_msgs/drive_base_msgs/msg/detail/command_status__type_support.hpp
[3.102s] -- Up-to-date: /home/devesh/Butterfly/project_2/libbot_final/install/drive_base_msgs/include/drive_base_msgs/drive_base_msgs/msg/detail/command_header__struct.hpp
[3.102s] -- Up-to-date: /home/devesh/Butterfly/project_2/libbot_final/install/drive_base_msgs/include/drive_base_msgs/drive_base_msgs/msg/detail/command_status__traits.hpp
[3.103s] -- Up-to-date: /home/devesh/Butterfly/project_2/libbot_final/install/drive_base_msgs/include/drive_base_msgs/drive_base_msgs/msg/detail/trv_command__type_support.hpp
[3.104s] -- Up-to-date: /home/devesh/Butterfly/project_2/libbot_final/install/drive_base_msgs/include/drive_base_msgs/drive_base_msgs/msg/detail/command_header__builder.hpp
[3.104s] -- Up-to-date: /home/devesh/Butterfly/project_2/libbot_final/install/drive_base_msgs/include/drive_base_msgs/drive_base_msgs/msg/detail/trv_command__traits.hpp
[3.104s] -- Up-to-date: /home/devesh/Butterfly/project_2/libbot_final/install/drive_base_msgs/include/drive_base_msgs/drive_base_msgs/msg/detail/base_info__traits.hpp
[3.106s] -- Up-to-date: /home/devesh/Butterfly/project_2/libbot_final/install/drive_base_msgs/include/drive_base_msgs/drive_base_msgs/msg/detail/command_header__traits.hpp
[3.106s] -- Up-to-date: /home/devesh/Butterfly/project_2/libbot_final/install/drive_base_msgs/include/drive_base_msgs/drive_base_msgs/msg/command_status.hpp
[3.106s] -- Up-to-date: /home/devesh/Butterfly/project_2/libbot_final/install/drive_base_msgs/include/drive_base_msgs/drive_base_msgs/msg/command_header.hpp
[3.106s] -- Up-to-date: /home/devesh/Butterfly/project_2/libbot_final/install/drive_base_msgs/include/drive_base_msgs/drive_base_msgs/msg/trv_command.hpp
[3.107s] -- Up-to-date: /home/devesh/Butterfly/project_2/libbot_final/install/drive_base_msgs/include/drive_base_msgs/drive_base_msgs
[3.107s] -- Up-to-date: /home/devesh/Butterfly/project_2/libbot_final/install/drive_base_msgs/include/drive_base_msgs/drive_base_msgs/msg
[3.107s] -- Up-to-date: /home/devesh/Butterfly/project_2/libbot_final/install/drive_base_msgs/include/drive_base_msgs/drive_base_msgs/msg/detail
[3.107s] -- Up-to-date: /home/devesh/Butterfly/project_2/libbot_final/install/drive_base_msgs/include/drive_base_msgs/drive_base_msgs/msg/detail/trv_command__rosidl_typesupport_fastrtps_cpp.hpp
[3.107s] -- Up-to-date: /home/devesh/Butterfly/project_2/libbot_final/install/drive_base_msgs/include/drive_base_msgs/drive_base_msgs/msg/detail/command_status__rosidl_typesupport_fastrtps_cpp.hpp
[3.107s] -- Up-to-date: /home/devesh/Butterfly/project_2/libbot_final/install/drive_base_msgs/include/drive_base_msgs/drive_base_msgs/msg/detail/dds_fastrtps
[3.109s] -- Up-to-date: /home/devesh/Butterfly/project_2/libbot_final/install/drive_base_msgs/include/drive_base_msgs/drive_base_msgs/msg/detail/base_info__rosidl_typesupport_fastrtps_cpp.hpp
[3.109s] -- Up-to-date: /home/devesh/Butterfly/project_2/libbot_final/install/drive_base_msgs/include/drive_base_msgs/drive_base_msgs/msg/detail/command_header__rosidl_typesupport_fastrtps_cpp.hpp
[3.109s] -- Up-to-date: /home/devesh/Butterfly/project_2/libbot_final/install/drive_base_msgs/include/drive_base_msgs/drive_base_msgs/msg/rosidl_typesupport_fastrtps_cpp__visibility_control.h
[3.112s] -- Up-to-date: /home/devesh/Butterfly/project_2/libbot_final/install/drive_base_msgs/lib/libdrive_base_msgs__rosidl_typesupport_fastrtps_cpp.so
[3.112s] -- Up-to-date: /home/devesh/Butterfly/project_2/libbot_final/install/drive_base_msgs/include/drive_base_msgs/drive_base_msgs
[3.112s] -- Up-to-date: /home/devesh/Butterfly/project_2/libbot_final/install/drive_base_msgs/include/drive_base_msgs/drive_base_msgs/msg
[3.112s] -- Up-to-date: /home/devesh/Butterfly/project_2/libbot_final/install/drive_base_msgs/include/drive_base_msgs/drive_base_msgs/msg/rosidl_typesupport_introspection_c__visibility_control.h
[3.113s] -- Up-to-date: /home/devesh/Butterfly/project_2/libbot_final/install/drive_base_msgs/include/drive_base_msgs/drive_base_msgs/msg/detail
[3.113s] -- Up-to-date: /home/devesh/Butterfly/project_2/libbot_final/install/drive_base_msgs/include/drive_base_msgs/drive_base_msgs/msg/detail/command_header__rosidl_typesupport_introspection_c.h
[3.113s] -- Up-to-date: /home/devesh/Butterfly/project_2/libbot_final/install/drive_base_msgs/include/drive_base_msgs/drive_base_msgs/msg/detail/base_info__rosidl_typesupport_introspection_c.h
[3.113s] -- Up-to-date: /home/devesh/Butterfly/project_2/libbot_final/install/drive_base_msgs/include/drive_base_msgs/drive_base_msgs/msg/detail/command_status__type_support.c
[3.113s] -- Up-to-date: /home/devesh/Butterfly/project_2/libbot_final/install/drive_base_msgs/include/drive_base_msgs/drive_base_msgs/msg/detail/trv_command__rosidl_typesupport_introspection_c.h
[3.114s] -- Up-to-date: /home/devesh/Butterfly/project_2/libbot_final/install/drive_base_msgs/include/drive_base_msgs/drive_base_msgs/msg/detail/base_info__type_support.c
[3.114s] -- Up-to-date: /home/devesh/Butterfly/project_2/libbot_final/install/drive_base_msgs/include/drive_base_msgs/drive_base_msgs/msg/detail/command_header__type_support.c
[3.114s] -- Up-to-date: /home/devesh/Butterfly/project_2/libbot_final/install/drive_base_msgs/include/drive_base_msgs/drive_base_msgs/msg/detail/command_status__rosidl_typesupport_introspection_c.h
[3.114s] -- Up-to-date: /home/devesh/Butterfly/project_2/libbot_final/install/drive_base_msgs/include/drive_base_msgs/drive_base_msgs/msg/detail/trv_command__type_support.c
[3.116s] -- Up-to-date: /home/devesh/Butterfly/project_2/libbot_final/install/drive_base_msgs/lib/libdrive_base_msgs__rosidl_typesupport_introspection_c.so
[3.118s] -- Up-to-date: /home/devesh/Butterfly/project_2/libbot_final/install/drive_base_msgs/lib/libdrive_base_msgs__rosidl_typesupport_c.so
[3.118s] -- Up-to-date: /home/devesh/Butterfly/project_2/libbot_final/install/drive_base_msgs/include/drive_base_msgs/drive_base_msgs
[3.119s] -- Up-to-date: /home/devesh/Butterfly/project_2/libbot_final/install/drive_base_msgs/include/drive_base_msgs/drive_base_msgs/msg
[3.119s] -- Up-to-date: /home/devesh/Butterfly/project_2/libbot_final/install/drive_base_msgs/include/drive_base_msgs/drive_base_msgs/msg/detail
[3.119s] -- Up-to-date: /home/devesh/Butterfly/project_2/libbot_final/install/drive_base_msgs/include/drive_base_msgs/drive_base_msgs/msg/detail/command_status__type_support.cpp
[3.119s] -- Up-to-date: /home/devesh/Butterfly/project_2/libbot_final/install/drive_base_msgs/include/drive_base_msgs/drive_base_msgs/msg/detail/command_status__rosidl_typesupport_introspection_cpp.hpp
[3.119s] -- Up-to-date: /home/devesh/Butterfly/project_2/libbot_final/install/drive_base_msgs/include/drive_base_msgs/drive_base_msgs/msg/detail/trv_command__rosidl_typesupport_introspection_cpp.hpp
[3.119s] -- Up-to-date: /home/devesh/Butterfly/project_2/libbot_final/install/drive_base_msgs/include/drive_base_msgs/drive_base_msgs/msg/detail/base_info__type_support.cpp
[3.120s] -- Up-to-date: /home/devesh/Butterfly/project_2/libbot_final/install/drive_base_msgs/include/drive_base_msgs/drive_base_msgs/msg/detail/trv_command__type_support.cpp
[3.120s] -- Up-to-date: /home/devesh/Butterfly/project_2/libbot_final/install/drive_base_msgs/include/drive_base_msgs/drive_base_msgs/msg/detail/command_header__type_support.cpp
[3.120s] -- Up-to-date: /home/devesh/Butterfly/project_2/libbot_final/install/drive_base_msgs/include/drive_base_msgs/drive_base_msgs/msg/detail/command_header__rosidl_typesupport_introspection_cpp.hpp
[3.120s] -- Up-to-date: /home/devesh/Butterfly/project_2/libbot_final/install/drive_base_msgs/include/drive_base_msgs/drive_base_msgs/msg/detail/base_info__rosidl_typesupport_introspection_cpp.hpp
[3.120s] -- Up-to-date: /home/devesh/Butterfly/project_2/libbot_final/install/drive_base_msgs/lib/libdrive_base_msgs__rosidl_typesupport_introspection_cpp.so
[3.120s] -- Up-to-date: /home/devesh/Butterfly/project_2/libbot_final/install/drive_base_msgs/lib/libdrive_base_msgs__rosidl_typesupport_cpp.so
[3.120s] -- Up-to-date: /home/devesh/Butterfly/project_2/libbot_final/install/drive_base_msgs/share/drive_base_msgs/environment/pythonpath.sh
[3.121s] -- Up-to-date: /home/devesh/Butterfly/project_2/libbot_final/install/drive_base_msgs/share/drive_base_msgs/environment/pythonpath.dsv
[3.121s] -- Up-to-date: /home/devesh/Butterfly/project_2/libbot_final/install/drive_base_msgs/lib/python3.12/site-packages/drive_base_msgs-0.0.0-py3.12.egg-info
[3.121s] -- Installing: /home/devesh/Butterfly/project_2/libbot_final/install/drive_base_msgs/lib/python3.12/site-packages/drive_base_msgs-0.0.0-py3.12.egg-info/PKG-INFO
[3.121s] -- Installing: /home/devesh/Butterfly/project_2/libbot_final/install/drive_base_msgs/lib/python3.12/site-packages/drive_base_msgs-0.0.0-py3.12.egg-info/dependency_links.txt
[3.121s] -- Installing: /home/devesh/Butterfly/project_2/libbot_final/install/drive_base_msgs/lib/python3.12/site-packages/drive_base_msgs-0.0.0-py3.12.egg-info/top_level.txt
[3.121s] -- Installing: /home/devesh/Butterfly/project_2/libbot_final/install/drive_base_msgs/lib/python3.12/site-packages/drive_base_msgs-0.0.0-py3.12.egg-info/SOURCES.txt
[3.121s] -- Up-to-date: /home/devesh/Butterfly/project_2/libbot_final/install/drive_base_msgs/lib/python3.12/site-packages/drive_base_msgs
[3.122s] -- Up-to-date: /home/devesh/Butterfly/project_2/libbot_final/install/drive_base_msgs/lib/python3.12/site-packages/drive_base_msgs/_drive_base_msgs_s.ep.rosidl_typesupport_fastrtps_c.c
[3.122s] -- Up-to-date: /home/devesh/Butterfly/project_2/libbot_final/install/drive_base_msgs/lib/python3.12/site-packages/drive_base_msgs/_drive_base_msgs_s.ep.rosidl_typesupport_introspection_c.c
[3.122s] -- Up-to-date: /home/devesh/Butterfly/project_2/libbot_final/install/drive_base_msgs/lib/python3.12/site-packages/drive_base_msgs/drive_base_msgs_s__rosidl_typesupport_c.so
[3.122s] -- Up-to-date: /home/devesh/Butterfly/project_2/libbot_final/install/drive_base_msgs/lib/python3.12/site-packages/drive_base_msgs/__init__.py
[3.122s] -- Up-to-date: /home/devesh/Butterfly/project_2/libbot_final/install/drive_base_msgs/lib/python3.12/site-packages/drive_base_msgs/msg
[3.122s] -- Up-to-date: /home/devesh/Butterfly/project_2/libbot_final/install/drive_base_msgs/lib/python3.12/site-packages/drive_base_msgs/msg/_command_status.py
[3.123s] -- Up-to-date: /home/devesh/Butterfly/project_2/libbot_final/install/drive_base_msgs/lib/python3.12/site-packages/drive_base_msgs/msg/_command_header.py
[3.123s] -- Up-to-date: /home/devesh/Butterfly/project_2/libbot_final/install/drive_base_msgs/lib/python3.12/site-packages/drive_base_msgs/msg/_trv_command.py
[3.123s] -- Up-to-date: /home/devesh/Butterfly/project_2/libbot_final/install/drive_base_msgs/lib/python3.12/site-packages/drive_base_msgs/msg/_base_info.py
[3.123s] -- Up-to-date: /home/devesh/Butterfly/project_2/libbot_final/install/drive_base_msgs/lib/python3.12/site-packages/drive_base_msgs/msg/_command_status_s.c
[3.123s] -- Up-to-date: /home/devesh/Butterfly/project_2/libbot_final/install/drive_base_msgs/lib/python3.12/site-packages/drive_base_msgs/msg/_command_header_s.c
[3.123s] -- Up-to-date: /home/devesh/Butterfly/project_2/libbot_final/install/drive_base_msgs/lib/python3.12/site-packages/drive_base_msgs/msg/__init__.py
[3.124s] -- Up-to-date: /home/devesh/Butterfly/project_2/libbot_final/install/drive_base_msgs/lib/python3.12/site-packages/drive_base_msgs/msg/_trv_command_s.c
[3.124s] -- Up-to-date: /home/devesh/Butterfly/project_2/libbot_final/install/drive_base_msgs/lib/python3.12/site-packages/drive_base_msgs/msg/_base_info_s.c
[3.124s] -- Up-to-date: /home/devesh/Butterfly/project_2/libbot_final/install/drive_base_msgs/lib/python3.12/site-packages/drive_base_msgs/_drive_base_msgs_s.ep.rosidl_typesupport_c.c
[3.124s] -- Up-to-date: /home/devesh/Butterfly/project_2/libbot_final/install/drive_base_msgs/lib/python3.12/site-packages/drive_base_msgs/drive_base_msgs_s__rosidl_typesupport_fastrtps_c.so
[3.124s] -- Up-to-date: /home/devesh/Butterfly/project_2/libbot_final/install/drive_base_msgs/lib/python3.12/site-packages/drive_base_msgs/drive_base_msgs_s__rosidl_typesupport_introspection_c.so
[3.250s] Listing '/home/devesh/Butterfly/project_2/libbot_final/install/drive_base_msgs/lib/python3.12/site-packages/drive_base_msgs'...
[3.250s] Listing '/home/devesh/Butterfly/project_2/libbot_final/install/drive_base_msgs/lib/python3.12/site-packages/drive_base_msgs/msg'...
[3.268s] -- Up-to-date: /home/devesh/Butterfly/project_2/libbot_final/install/drive_base_msgs/lib/python3.12/site-packages/drive_base_msgs/drive_base_msgs_s__rosidl_typesupport_fastrtps_c.so
[3.269s] -- Up-to-date: /home/devesh/Butterfly/project_2/libbot_final/install/drive_base_msgs/lib/python3.12/site-packages/drive_base_msgs/drive_base_msgs_s__rosidl_typesupport_introspection_c.so
[3.269s] -- Up-to-date: /home/devesh/Butterfly/project_2/libbot_final/install/drive_base_msgs/lib/python3.12/site-packages/drive_base_msgs/drive_base_msgs_s__rosidl_typesupport_c.so
[3.269s] -- Up-to-date: /home/devesh/Butterfly/project_2/libbot_final/install/drive_base_msgs/lib/libdrive_base_msgs__rosidl_generator_py.so
[3.270s] -- Up-to-date: /home/devesh/Butterfly/project_2/libbot_final/install/drive_base_msgs/share/drive_base_msgs/msg/CommandHeader.idl
[3.270s] -- Up-to-date: /home/devesh/Butterfly/project_2/libbot_final/install/drive_base_msgs/share/drive_base_msgs/msg/BaseInfo.idl
[3.270s] -- Up-to-date: /home/devesh/Butterfly/project_2/libbot_final/install/drive_base_msgs/share/drive_base_msgs/msg/CommandStatus.idl
[3.270s] -- Up-to-date: /home/devesh/Butterfly/project_2/libbot_final/install/drive_base_msgs/share/drive_base_msgs/msg/TRVCommand.idl
[3.270s] -- Up-to-date: /home/devesh/Butterfly/project_2/libbot_final/install/drive_base_msgs/share/drive_base_msgs/msg/CommandHeader.msg
[3.270s] -- Up-to-date: /home/devesh/Butterfly/project_2/libbot_final/install/drive_base_msgs/share/drive_base_msgs/msg/BaseInfo.msg
[3.271s] -- Up-to-date: /home/devesh/Butterfly/project_2/libbot_final/install/drive_base_msgs/share/drive_base_msgs/msg/CommandStatus.msg
[3.271s] -- Up-to-date: /home/devesh/Butterfly/project_2/libbot_final/install/drive_base_msgs/share/drive_base_msgs/msg/TRVCommand.msg
[3.271s] -- Up-to-date: /home/devesh/Butterfly/project_2/libbot_final/install/drive_base_msgs/share/ament_index/resource_index/package_run_dependencies/drive_base_msgs
[3.271s] -- Up-to-date: /home/devesh/Butterfly/project_2/libbot_final/install/drive_base_msgs/share/ament_index/resource_index/parent_prefix_path/drive_base_msgs
[3.271s] -- Up-to-date: /home/devesh/Butterfly/project_2/libbot_final/install/drive_base_msgs/share/drive_base_msgs/environment/ament_prefix_path.sh
[3.271s] -- Up-to-date: /home/devesh/Butterfly/project_2/libbot_final/install/drive_base_msgs/share/drive_base_msgs/environment/ament_prefix_path.dsv
[3.272s] -- Up-to-date: /home/devesh/Butterfly/project_2/libbot_final/install/drive_base_msgs/share/drive_base_msgs/environment/path.sh
[3.272s] -- Up-to-date: /home/devesh/Butterfly/project_2/libbot_final/install/drive_base_msgs/share/drive_base_msgs/environment/path.dsv
[3.272s] -- Up-to-date: /home/devesh/Butterfly/project_2/libbot_final/install/drive_base_msgs/share/drive_base_msgs/local_setup.bash
[3.272s] -- Up-to-date: /home/devesh/Butterfly/project_2/libbot_final/install/drive_base_msgs/share/drive_base_msgs/local_setup.sh
[3.272s] -- Up-to-date: /home/devesh/Butterfly/project_2/libbot_final/install/drive_base_msgs/share/drive_base_msgs/local_setup.zsh
[3.273s] -- Up-to-date: /home/devesh/Butterfly/project_2/libbot_final/install/drive_base_msgs/share/drive_base_msgs/local_setup.dsv
[3.273s] -- Installing: /home/devesh/Butterfly/project_2/libbot_final/install/drive_base_msgs/share/drive_base_msgs/package.dsv
[3.273s] -- Up-to-date: /home/devesh/Butterfly/project_2/libbot_final/install/drive_base_msgs/share/ament_index/resource_index/packages/drive_base_msgs
[3.273s] -- Up-to-date: /home/devesh/Butterfly/project_2/libbot_final/install/drive_base_msgs/share/drive_base_msgs/cmake/export_drive_base_msgs__rosidl_generator_cExport.cmake
[3.273s] -- Up-to-date: /home/devesh/Butterfly/project_2/libbot_final/install/drive_base_msgs/share/drive_base_msgs/cmake/export_drive_base_msgs__rosidl_generator_cExport-noconfig.cmake
[3.276s] -- Up-to-date: /home/devesh/Butterfly/project_2/libbot_final/install/drive_base_msgs/share/drive_base_msgs/cmake/export_drive_base_msgs__rosidl_typesupport_fastrtps_cExport.cmake
[3.276s] -- Up-to-date: /home/devesh/Butterfly/project_2/libbot_final/install/drive_base_msgs/share/drive_base_msgs/cmake/export_drive_base_msgs__rosidl_typesupport_fastrtps_cExport-noconfig.cmake
[3.276s] -- Up-to-date: /home/devesh/Butterfly/project_2/libbot_final/install/drive_base_msgs/share/drive_base_msgs/cmake/export_drive_base_msgs__rosidl_generator_cppExport.cmake
[3.276s] -- Up-to-date: /home/devesh/Butterfly/project_2/libbot_final/install/drive_base_msgs/share/drive_base_msgs/cmake/export_drive_base_msgs__rosidl_typesupport_fastrtps_cppExport.cmake
[3.276s] -- Up-to-date: /home/devesh/Butterfly/project_2/libbot_final/install/drive_base_msgs/share/drive_base_msgs/cmake/export_drive_base_msgs__rosidl_typesupport_fastrtps_cppExport-noconfig.cmake
[3.277s] -- Up-to-date: /home/devesh/Butterfly/project_2/libbot_final/install/drive_base_msgs/share/drive_base_msgs/cmake/drive_base_msgs__rosidl_typesupport_introspection_cExport.cmake
[3.277s] -- Up-to-date: /home/devesh/Butterfly/project_2/libbot_final/install/drive_base_msgs/share/drive_base_msgs/cmake/drive_base_msgs__rosidl_typesupport_introspection_cExport-noconfig.cmake
[3.279s] -- Up-to-date: /home/devesh/Butterfly/project_2/libbot_final/install/drive_base_msgs/share/drive_base_msgs/cmake/drive_base_msgs__rosidl_typesupport_cExport.cmake
[3.279s] -- Up-to-date: /home/devesh/Butterfly/project_2/libbot_final/install/drive_base_msgs/share/drive_base_msgs/cmake/drive_base_msgs__rosidl_typesupport_cExport-noconfig.cmake
[3.280s] -- Up-to-date: /home/devesh/Butterfly/project_2/libbot_final/install/drive_base_msgs/share/drive_base_msgs/cmake/drive_base_msgs__rosidl_typesupport_introspection_cppExport.cmake
[3.281s] -- Up-to-date: /home/devesh/Butterfly/project_2/libbot_final/install/drive_base_msgs/share/drive_base_msgs/cmake/drive_base_msgs__rosidl_typesupport_introspection_cppExport-noconfig.cmake
[3.283s] -- Up-to-date: /home/devesh/Butterfly/project_2/libbot_final/install/drive_base_msgs/share/drive_base_msgs/cmake/drive_base_msgs__rosidl_typesupport_cppExport.cmake
[3.284s] -- Up-to-date: /home/devesh/Butterfly/project_2/libbot_final/install/drive_base_msgs/share/drive_base_msgs/cmake/drive_base_msgs__rosidl_typesupport_cppExport-noconfig.cmake
[3.286s] -- Up-to-date: /home/devesh/Butterfly/project_2/libbot_final/install/drive_base_msgs/share/drive_base_msgs/cmake/export_drive_base_msgs__rosidl_generator_pyExport.cmake
[3.286s] -- Up-to-date: /home/devesh/Butterfly/project_2/libbot_final/install/drive_base_msgs/share/drive_base_msgs/cmake/export_drive_base_msgs__rosidl_generator_pyExport-noconfig.cmake
[3.286s] -- Up-to-date: /home/devesh/Butterfly/project_2/libbot_final/install/drive_base_msgs/share/drive_base_msgs/cmake/rosidl_cmake-extras.cmake
[3.287s] -- Up-to-date: /home/devesh/Butterfly/project_2/libbot_final/install/drive_base_msgs/share/drive_base_msgs/cmake/ament_cmake_export_dependencies-extras.cmake
[3.287s] -- Up-to-date: /home/devesh/Butterfly/project_2/libbot_final/install/drive_base_msgs/share/drive_base_msgs/cmake/ament_cmake_export_include_directories-extras.cmake
[3.287s] -- Up-to-date: /home/devesh/Butterfly/project_2/libbot_final/install/drive_base_msgs/share/drive_base_msgs/cmake/ament_cmake_export_libraries-extras.cmake
[3.287s] -- Up-to-date: /home/devesh/Butterfly/project_2/libbot_final/install/drive_base_msgs/share/drive_base_msgs/cmake/ament_cmake_export_targets-extras.cmake
[3.287s] -- Up-to-date: /home/devesh/Butterfly/project_2/libbot_final/install/drive_base_msgs/share/drive_base_msgs/cmake/rosidl_cmake_export_typesupport_targets-extras.cmake
[3.290s] -- Up-to-date: /home/devesh/Butterfly/project_2/libbot_final/install/drive_base_msgs/share/drive_base_msgs/cmake/rosidl_cmake_export_typesupport_libraries-extras.cmake
[3.295s] -- Up-to-date: /home/devesh/Butterfly/project_2/libbot_final/install/drive_base_msgs/share/drive_base_msgs/cmake/drive_base_msgsConfig.cmake
[3.295s] -- Up-to-date: /home/devesh/Butterfly/project_2/libbot_final/install/drive_base_msgs/share/drive_base_msgs/cmake/drive_base_msgsConfig-version.cmake
[3.296s] -- Up-to-date: /home/devesh/Butterfly/project_2/libbot_final/install/drive_base_msgs/share/drive_base_msgs/package.xml
[3.381s] Invoked command in '/home/devesh/Butterfly/project_2/libbot_final/build/drive_base_msgs' returned '0': CMAKE_PREFIX_PATH=${CMAKE_PREFIX_PATH}:/home/devesh/Butterfly/project_2/libbot_final/install/libbot_navigation:/home/devesh/Butterfly/project_2/libbot_final/install/libbot_mapping:/home/devesh/Butterfly/project_2/libbot_final/install/libbot_lib_interface:/home/devesh/Butterfly/project_2/libbot_final/install/libbot_gazebo:/home/devesh/Butterfly/project_2/libbot_final/install/libbot_bringup:/opt/ros/jazzy DEBUGINFOD_URLS=https://debuginfod.ubuntu.com /usr/bin/cmake --install /home/devesh/Butterfly/project_2/libbot_final/build/drive_base_msgs
