[4.889s] Invoking command in '/home/devesh/Butterfly/project_2/libbot_final/src/libbot_gazebo': DEBUGINFOD_URLS=https://debuginfod.ubuntu.com PYTHONPATH=/home/devesh/Butterfly/project_2/libbot_final/build/libbot_gazebo/prefix_override:/usr/lib/python3/dist-packages/colcon_core/task/python/colcon_distutils_commands:/home/devesh/Butterfly/project_2/libbot_final/install/libbot_gazebo/lib/python3.12/site-packages:${PYTHONPATH} /usr/bin/python3 -W ignore:setup.py install is deprecated -W ignore:easy_install command is deprecated setup.py egg_info --egg-base ../../build/libbot_gazebo build --build-base /home/devesh/Butterfly/project_2/libbot_final/build/libbot_gazebo/build install --record /home/devesh/Butterfly/project_2/libbot_final/build/libbot_gazebo/install.log --single-version-externally-managed install_data
[5.498s] running egg_info
[5.540s] writing ../../build/libbot_gazebo/libbot_gazebo.egg-info/PKG-INFO
[5.541s] writing dependency_links to ../../build/libbot_gazebo/libbot_gazebo.egg-info/dependency_links.txt
[5.541s] writing requirements to ../../build/libbot_gazebo/libbot_gazebo.egg-info/requires.txt
[5.542s] writing top-level names to ../../build/libbot_gazebo/libbot_gazebo.egg-info/top_level.txt
[5.625s] reading manifest file '../../build/libbot_gazebo/libbot_gazebo.egg-info/SOURCES.txt'
[5.626s] adding license file 'LICENSE'
[5.628s] writing manifest file '../../build/libbot_gazebo/libbot_gazebo.egg-info/SOURCES.txt'
[5.629s] running build
[5.629s] running build_py
[5.629s] running install
[5.643s] running install_lib
[5.685s] running install_data
[5.686s] running install_egg_info
[5.732s] removing '/home/devesh/Butterfly/project_2/libbot_final/install/libbot_gazebo/lib/python3.12/site-packages/libbot_gazebo-0.0.0-py3.12.egg-info' (and everything under it)
[5.736s] Copying ../../build/libbot_gazebo/libbot_gazebo.egg-info to /home/devesh/Butterfly/project_2/libbot_final/install/libbot_gazebo/lib/python3.12/site-packages/libbot_gazebo-0.0.0-py3.12.egg-info
[5.737s] running install_scripts
[6.047s] writing list of installed files to '/home/devesh/Butterfly/project_2/libbot_final/build/libbot_gazebo/install.log'
[6.221s] Invoked command in '/home/devesh/Butterfly/project_2/libbot_final/src/libbot_gazebo' returned '0': DEBUGINFOD_URLS=https://debuginfod.ubuntu.com PYTHONPATH=/home/devesh/Butterfly/project_2/libbot_final/build/libbot_gazebo/prefix_override:/usr/lib/python3/dist-packages/colcon_core/task/python/colcon_distutils_commands:/home/devesh/Butterfly/project_2/libbot_final/install/libbot_gazebo/lib/python3.12/site-packages:${PYTHONPATH} /usr/bin/python3 -W ignore:setup.py install is deprecated -W ignore:easy_install command is deprecated setup.py egg_info --egg-base ../../build/libbot_gazebo build --build-base /home/devesh/Butterfly/project_2/libbot_final/build/libbot_gazebo/build install --record /home/devesh/Butterfly/project_2/libbot_final/build/libbot_gazebo/install.log --single-version-externally-managed install_data
