[0.026s] Invoking command in '/home/devesh/Butterfly/project_2/libbot_final/build/sllidar_ros2': CMAKE_PREFIX_PATH=${CMAKE_PREFIX_PATH}:/home/devesh/Butterfly/project_2/libbot_final/install/libbot_navigation:/home/devesh/Butterfly/project_2/libbot_final/install/libbot_mapping:/home/devesh/Butterfly/project_2/libbot_final/install/libbot_lib_interface:/home/devesh/Butterfly/project_2/libbot_final/install/libbot_gazebo:/home/devesh/Butterfly/project_2/libbot_final/install/libbot_bringup:/opt/ros/jazzy DEBUGINFOD_URLS=https://debuginfod.ubuntu.com /usr/bin/cmake --build /home/devesh/Butterfly/project_2/libbot_final/build/sllidar_ros2 -- -j12 -l12
[0.180s] [ 10%] Built target sllidar_client
[0.241s] [ 15%] [32mBuilding CXX object CMakeFiles/sllidar_node.dir/src/sllidar_node.cpp.o[0m
[3.450s] In file included from [01m[K/home/devesh/Butterfly/project_2/libbot_final/src/sllidar_ros2/./sdk/include/sl_lidar_cmd.h:41[m[K,
[3.450s]                  from [01m[K/home/devesh/Butterfly/project_2/libbot_final/src/sllidar_ros2/./sdk/include/sl_lidar_driver.h:54[m[K,
[3.451s]                  from [01m[K/home/devesh/Butterfly/project_2/libbot_final/src/sllidar_ros2/./sdk/include/sl_lidar.h:36[m[K,
[3.451s]                  from [01m[K/home/devesh/Butterfly/project_2/libbot_final/src/sllidar_ros2/src/sllidar_node.cpp:38[m[K:
[3.451s] [01m[K/home/devesh/Butterfly/project_2/libbot_final/src/sllidar_ros2/./sdk/include/sl_lidar_protocol.h:66:16:[m[K [01;35m[Kwarning: [m[KISO C++ forbids zero-size array ‘[01m[Kdata[m[K’ [[01;35m[K]8;;https://gcc.gnu.org/onlinedocs/gcc/Warning-Options.html#index-Wpedantic-Wpedantic]8;;[m[K]
[3.451s]    66 |     sl_u8 data[[01;35m[K0[m[K];
[3.452s]       |                [01;35m[K^[m[K
[3.452s] [01m[K/home/devesh/Butterfly/project_2/libbot_final/src/sllidar_ros2/./sdk/include/sl_lidar_cmd.h:324:20:[m[K [01;35m[Kwarning: [m[KISO C++ forbids zero-size array ‘[01m[Kpayload[m[K’ [[01;35m[K]8;;https://gcc.gnu.org/onlinedocs/gcc/Warning-Options.html#index-Wpedantic-Wpedantic]8;;[m[K]
[3.452s]   324 |     sl_u8  payload[[01;35m[K0[m[K];
[3.452s]       |                    [01;35m[K^[m[K
[7.482s] [ 20%] [32m[1mLinking CXX executable sllidar_node[0m
[7.880s] [100%] Built target sllidar_node
[7.908s] Invoked command in '/home/devesh/Butterfly/project_2/libbot_final/build/sllidar_ros2' returned '0': CMAKE_PREFIX_PATH=${CMAKE_PREFIX_PATH}:/home/devesh/Butterfly/project_2/libbot_final/install/libbot_navigation:/home/devesh/Butterfly/project_2/libbot_final/install/libbot_mapping:/home/devesh/Butterfly/project_2/libbot_final/install/libbot_lib_interface:/home/devesh/Butterfly/project_2/libbot_final/install/libbot_gazebo:/home/devesh/Butterfly/project_2/libbot_final/install/libbot_bringup:/opt/ros/jazzy DEBUGINFOD_URLS=https://debuginfod.ubuntu.com /usr/bin/cmake --build /home/devesh/Butterfly/project_2/libbot_final/build/sllidar_ros2 -- -j12 -l12
[7.937s] Invoking command in '/home/devesh/Butterfly/project_2/libbot_final/build/sllidar_ros2': CMAKE_PREFIX_PATH=${CMAKE_PREFIX_PATH}:/home/devesh/Butterfly/project_2/libbot_final/install/libbot_navigation:/home/devesh/Butterfly/project_2/libbot_final/install/libbot_mapping:/home/devesh/Butterfly/project_2/libbot_final/install/libbot_lib_interface:/home/devesh/Butterfly/project_2/libbot_final/install/libbot_gazebo:/home/devesh/Butterfly/project_2/libbot_final/install/libbot_bringup:/opt/ros/jazzy DEBUGINFOD_URLS=https://debuginfod.ubuntu.com /usr/bin/cmake --install /home/devesh/Butterfly/project_2/libbot_final/build/sllidar_ros2
[7.953s] -- Install configuration: ""
[7.953s] -- Up-to-date: /home/devesh/Butterfly/project_2/libbot_final/install/sllidar_ros2/share/sllidar_ros2/launch
[7.953s] -- Up-to-date: /home/devesh/Butterfly/project_2/libbot_final/install/sllidar_ros2/share/sllidar_ros2/launch/view_sllidar_s2_launch.py
[7.953s] -- Up-to-date: /home/devesh/Butterfly/project_2/libbot_final/install/sllidar_ros2/share/sllidar_ros2/launch/view_sllidar_s3_launch.py
[7.954s] -- Up-to-date: /home/devesh/Butterfly/project_2/libbot_final/install/sllidar_ros2/share/sllidar_ros2/launch/sllidar_a1_launch.py
[7.954s] -- Up-to-date: /home/devesh/Butterfly/project_2/libbot_final/install/sllidar_ros2/share/sllidar_ros2/launch/view_sllidar_a2m12_launch.py
[7.954s] -- Up-to-date: /home/devesh/Butterfly/project_2/libbot_final/install/sllidar_ros2/share/sllidar_ros2/launch/view_sllidar_a3_launch.py
[7.955s] -- Up-to-date: /home/devesh/Butterfly/project_2/libbot_final/install/sllidar_ros2/share/sllidar_ros2/launch/sllidar_c1_launch.py
[7.955s] -- Up-to-date: /home/devesh/Butterfly/project_2/libbot_final/install/sllidar_ros2/share/sllidar_ros2/launch/sllidar_a2m8_launch.py
[7.955s] -- Up-to-date: /home/devesh/Butterfly/project_2/libbot_final/install/sllidar_ros2/share/sllidar_ros2/launch/sllidar_s1_tcp_launch.py
[7.955s] -- Up-to-date: /home/devesh/Butterfly/project_2/libbot_final/install/sllidar_ros2/share/sllidar_ros2/launch/sllidar_s3_launch.py
[7.955s] -- Up-to-date: /home/devesh/Butterfly/project_2/libbot_final/install/sllidar_ros2/share/sllidar_ros2/launch/sllidar_s2_launch.py
[7.956s] -- Up-to-date: /home/devesh/Butterfly/project_2/libbot_final/install/sllidar_ros2/share/sllidar_ros2/launch/view_sllidar_s2e_launch.py
[7.956s] -- Up-to-date: /home/devesh/Butterfly/project_2/libbot_final/install/sllidar_ros2/share/sllidar_ros2/launch/view_sllidar_a2m8_launch.py
[7.956s] -- Up-to-date: /home/devesh/Butterfly/project_2/libbot_final/install/sllidar_ros2/share/sllidar_ros2/launch/view_sllidar_s1_launch.py
[7.956s] -- Up-to-date: /home/devesh/Butterfly/project_2/libbot_final/install/sllidar_ros2/share/sllidar_ros2/launch/view_sllidar_c1_launch.py
[7.956s] -- Up-to-date: /home/devesh/Butterfly/project_2/libbot_final/install/sllidar_ros2/share/sllidar_ros2/launch/view_sllidar_a2m7_launch.py
[7.957s] -- Up-to-date: /home/devesh/Butterfly/project_2/libbot_final/install/sllidar_ros2/share/sllidar_ros2/launch/sllidar_t1_launch.py
[7.957s] -- Up-to-date: /home/devesh/Butterfly/project_2/libbot_final/install/sllidar_ros2/share/sllidar_ros2/launch/sllidar_s2e_launch.py
[7.957s] -- Up-to-date: /home/devesh/Butterfly/project_2/libbot_final/install/sllidar_ros2/share/sllidar_ros2/launch/sllidar_a2m7_launch.py
[7.957s] -- Up-to-date: /home/devesh/Butterfly/project_2/libbot_final/install/sllidar_ros2/share/sllidar_ros2/launch/sllidar_a2m12_launch .py
[7.957s] -- Up-to-date: /home/devesh/Butterfly/project_2/libbot_final/install/sllidar_ros2/share/sllidar_ros2/launch/view_sllidar_t1_launch.py
[7.958s] -- Up-to-date: /home/devesh/Butterfly/project_2/libbot_final/install/sllidar_ros2/share/sllidar_ros2/launch/view_sllidar_a1_launch.py
[7.958s] -- Up-to-date: /home/devesh/Butterfly/project_2/libbot_final/install/sllidar_ros2/share/sllidar_ros2/launch/view_sllidar_s1_tcp_launch.py
[7.958s] -- Up-to-date: /home/devesh/Butterfly/project_2/libbot_final/install/sllidar_ros2/share/sllidar_ros2/launch/sllidar_s1_launch.py
[7.958s] -- Up-to-date: /home/devesh/Butterfly/project_2/libbot_final/install/sllidar_ros2/share/sllidar_ros2/launch/sllidar_a3_launch.py
[7.958s] -- Up-to-date: /home/devesh/Butterfly/project_2/libbot_final/install/sllidar_ros2/share/sllidar_ros2/rviz
[7.959s] -- Up-to-date: /home/devesh/Butterfly/project_2/libbot_final/install/sllidar_ros2/share/sllidar_ros2/rviz/sllidar_ros2.rviz
[7.959s] -- Installing: /home/devesh/Butterfly/project_2/libbot_final/install/sllidar_ros2/lib/sllidar_ros2/sllidar_node
[7.959s] -- Set non-toolchain portion of runtime path of "/home/devesh/Butterfly/project_2/libbot_final/install/sllidar_ros2/lib/sllidar_ros2/sllidar_node" to ""
[7.960s] -- Up-to-date: /home/devesh/Butterfly/project_2/libbot_final/install/sllidar_ros2/lib/sllidar_ros2/sllidar_client
[7.960s] -- Up-to-date: /home/devesh/Butterfly/project_2/libbot_final/install/sllidar_ros2/share/ament_index/resource_index/package_run_dependencies/sllidar_ros2
[7.960s] -- Up-to-date: /home/devesh/Butterfly/project_2/libbot_final/install/sllidar_ros2/share/ament_index/resource_index/parent_prefix_path/sllidar_ros2
[7.960s] -- Up-to-date: /home/devesh/Butterfly/project_2/libbot_final/install/sllidar_ros2/share/sllidar_ros2/environment/ament_prefix_path.sh
[7.961s] -- Up-to-date: /home/devesh/Butterfly/project_2/libbot_final/install/sllidar_ros2/share/sllidar_ros2/environment/ament_prefix_path.dsv
[7.961s] -- Up-to-date: /home/devesh/Butterfly/project_2/libbot_final/install/sllidar_ros2/share/sllidar_ros2/environment/path.sh
[7.961s] -- Up-to-date: /home/devesh/Butterfly/project_2/libbot_final/install/sllidar_ros2/share/sllidar_ros2/environment/path.dsv
[7.962s] -- Up-to-date: /home/devesh/Butterfly/project_2/libbot_final/install/sllidar_ros2/share/sllidar_ros2/local_setup.bash
[7.962s] -- Up-to-date: /home/devesh/Butterfly/project_2/libbot_final/install/sllidar_ros2/share/sllidar_ros2/local_setup.sh
[7.962s] -- Up-to-date: /home/devesh/Butterfly/project_2/libbot_final/install/sllidar_ros2/share/sllidar_ros2/local_setup.zsh
[7.962s] -- Up-to-date: /home/devesh/Butterfly/project_2/libbot_final/install/sllidar_ros2/share/sllidar_ros2/local_setup.dsv
[7.962s] -- Installing: /home/devesh/Butterfly/project_2/libbot_final/install/sllidar_ros2/share/sllidar_ros2/package.dsv
[7.963s] -- Up-to-date: /home/devesh/Butterfly/project_2/libbot_final/install/sllidar_ros2/share/ament_index/resource_index/packages/sllidar_ros2
[7.963s] -- Up-to-date: /home/devesh/Butterfly/project_2/libbot_final/install/sllidar_ros2/share/sllidar_ros2/cmake/ament_cmake_export_dependencies-extras.cmake
[7.963s] -- Up-to-date: /home/devesh/Butterfly/project_2/libbot_final/install/sllidar_ros2/share/sllidar_ros2/cmake/ament_cmake_export_include_directories-extras.cmake
[7.963s] -- Up-to-date: /home/devesh/Butterfly/project_2/libbot_final/install/sllidar_ros2/share/sllidar_ros2/cmake/sllidar_ros2Config.cmake
[7.963s] -- Up-to-date: /home/devesh/Butterfly/project_2/libbot_final/install/sllidar_ros2/share/sllidar_ros2/cmake/sllidar_ros2Config-version.cmake
[7.964s] -- Up-to-date: /home/devesh/Butterfly/project_2/libbot_final/install/sllidar_ros2/share/sllidar_ros2/package.xml
[7.965s] Invoked command in '/home/devesh/Butterfly/project_2/libbot_final/build/sllidar_ros2' returned '0': CMAKE_PREFIX_PATH=${CMAKE_PREFIX_PATH}:/home/devesh/Butterfly/project_2/libbot_final/install/libbot_navigation:/home/devesh/Butterfly/project_2/libbot_final/install/libbot_mapping:/home/devesh/Butterfly/project_2/libbot_final/install/libbot_lib_interface:/home/devesh/Butterfly/project_2/libbot_final/install/libbot_gazebo:/home/devesh/Butterfly/project_2/libbot_final/install/libbot_bringup:/opt/ros/jazzy DEBUGINFOD_URLS=https://debuginfod.ubuntu.com /usr/bin/cmake --install /home/devesh/Butterfly/project_2/libbot_final/build/sllidar_ros2
