[0.000000] (-) TimerEvent: {}
[0.000771] (-) JobUnselected: {'identifier': 'drive_base_msgs'}
[0.000906] (-) JobUnselected: {'identifier': 'libbot_bringup'}
[0.000953] (-) JobUnselected: {'identifier': 'micro_ros_agent'}
[0.000993] (-) JobUnselected: {'identifier': 'micro_ros_msgs'}
[0.001035] (libbot_gazebo) JobQueued: {'identifier': 'libbot_gazebo', 'dependencies': OrderedDict()}
[0.001080] (libbot_gazebo) JobStarted: {'identifier': 'libbot_gazebo'}
[0.099834] (-) TimerEvent: {}
[0.200299] (-) TimerEvent: {}
[0.300746] (-) TimerEvent: {}
[0.401116] (-) TimerEvent: {}
[0.501528] (-) TimerEvent: {}
[0.602002] (-) TimerEvent: {}
[0.702443] (-) TimerEvent: {}
[0.802871] (-) TimerEvent: {}
[0.867162] (libbot_gazebo) Command: {'cmd': ['/usr/bin/python3', '-W', 'ignore:setup.py install is deprecated', '-W', 'ignore:easy_install command is deprecated', 'setup.py', 'egg_info', '--egg-base', '../../build/libbot_gazebo', 'build', '--build-base', '/home/devesh/Butterfly/project_2/libbot_final/build/libbot_gazebo/build', 'install', '--record', '/home/devesh/Butterfly/project_2/libbot_final/build/libbot_gazebo/install.log', '--single-version-externally-managed', 'install_data'], 'cwd': '/home/devesh/Butterfly/project_2/libbot_final/src/libbot_gazebo', 'env': {'USER': 'devesh', 'GZ_CONFIG_PATH': '/opt/ros/jazzy/opt/gz_sim_vendor/share/gz:/opt/ros/jazzy/opt/sdformat_vendor/share/gz:/opt/ros/jazzy/opt/gz_gui_vendor/share/gz:/opt/ros/jazzy/opt/gz_transport_vendor/share/gz:/opt/ros/jazzy/opt/gz_rendering_vendor/share/gz:/opt/ros/jazzy/opt/gz_plugin_vendor/share/gz:/opt/ros/jazzy/opt/gz_fuel_tools_vendor/share/gz:/opt/ros/jazzy/opt/gz_msgs_vendor/share/gz:/opt/ros/jazzy/opt/gz_common_vendor/share/gz', 'XDG_SESSION_TYPE': 'x11', 'SHLVL': '1', 'LD_LIBRARY_PATH': '/home/devesh/Butterfly/project_2/libbot_final/install/micro_ros_agent/lib:/home/devesh/Butterfly/project_2/libbot_final/install/micro_ros_msgs/lib:/home/devesh/Butterfly/project_2/libbot_final/install/drive_base_msgs/lib:/opt/ros/jazzy/opt/gz_sim_vendor/lib:/opt/ros/jazzy/opt/gz_sensors_vendor/lib:/opt/ros/jazzy/opt/gz_physics_vendor/lib:/opt/ros/jazzy/opt/sdformat_vendor/lib:/opt/ros/jazzy/opt/rviz_ogre_vendor/lib:/opt/ros/jazzy/lib/x86_64-linux-gnu:/opt/ros/jazzy/opt/gz_gui_vendor/lib:/opt/ros/jazzy/opt/gz_transport_vendor/lib:/opt/ros/jazzy/opt/gz_rendering_vendor/lib:/opt/ros/jazzy/opt/gz_plugin_vendor/lib:/opt/ros/jazzy/opt/gz_fuel_tools_vendor/lib:/opt/ros/jazzy/opt/gz_msgs_vendor/lib:/opt/ros/jazzy/opt/gz_common_vendor/lib:/opt/ros/jazzy/opt/gz_math_vendor/lib:/opt/ros/jazzy/opt/gz_utils_vendor/lib:/opt/ros/jazzy/opt/gz_tools_vendor/lib:/opt/ros/jazzy/opt/gz_ogre_next_vendor/lib:/opt/ros/jazzy/opt/gz_dartsim_vendor/lib:/opt/ros/jazzy/opt/gz_cmake_vendor/lib:/opt/ros/jazzy/lib', 'HOME': '/home/devesh', 'OLDPWD': '/home/devesh/Butterfly/project_2/libbot_final', 'DESKTOP_SESSION': 'ubuntu', 'GTK_MODULES': 'gail:atk-bridge', 'GNOME_SHELL_SESSION_MODE': 'ubuntu', 'ROS_PYTHON_VERSION': '3', 'SYSTEMD_EXEC_PID': '2222', 'DBUS_SESSION_BUS_ADDRESS': 'unix:path=/run/user/1000/bus,guid=3ad3c9ca0276d792be0bc43167df611d', 'GSM_SKIP_SSH_AGENT_WORKAROUND': 'true', 'DBUS_STARTER_BUS_TYPE': 'session', 'P9K_TTY': 'old', 'COLORTERM': 'truecolor', 'DEBUGINFOD_URLS': 'https://debuginfod.ubuntu.com', 'ROS_DISTRO': 'jazzy', 'COLCON_PREFIX_PATH': '/home/devesh/Butterfly/project_2/libbot_final/install', 'LOGNAME': 'devesh', '_P9K_SSH_TTY': '/dev/pts/4', '_': '/usr/bin/colcon', 'MEMORY_PRESSURE_WATCH': '/sys/fs/cgroup/user.slice/user-1000.slice/user@1000.service/app.slice/app-gnome\\x2dsession\\x2dmanager.slice/gnome-session-manager@ubuntu.service/memory.pressure', 'XDG_SESSION_CLASS': 'user', 'ROS_VERSION': '2', 'USERNAME': 'devesh', 'TERM': 'xterm-256color', 'GNOME_DESKTOP_SESSION_ID': 'this-is-deprecated', 'WINDOWPATH': '2', 'PATH': '/opt/ros/jazzy/opt/gz_msgs_vendor/bin:/opt/ros/jazzy/opt/gz_tools_vendor/bin:/opt/ros/jazzy/opt/gz_ogre_next_vendor/bin:/opt/ros/jazzy/bin:/usr/local/sbin:/usr/local/bin:/usr/sbin:/usr/bin:/sbin:/bin:/usr/games:/usr/local/games:/snap/bin:/snap/bin:/opt/nvim-linux64/bin', 'SESSION_MANAGER': 'local/Devesh-O15:@/tmp/.ICE-unix/2222,unix/Devesh-O15:/tmp/.ICE-unix/2222', 'GNOME_TERMINAL_SCREEN': '/org/gnome/Terminal/screen/dbd1d500_312b_4b44_ad2d_bcefd3b0530c', 'XDG_MENU_PREFIX': 'gnome-', 'XDG_RUNTIME_DIR': '/run/user/1000', 'DISPLAY': ':0', 'LANG': 'en_US.UTF-8', 'XDG_CURRENT_DESKTOP': 'ubuntu:GNOME', 'XDG_SESSION_DESKTOP': 'ubuntu', 'GNOME_TERMINAL_SERVICE': ':1.348', 'XMODIFIERS': '@im=ibus', 'XAUTHORITY': '/run/user/1000/gdm/Xauthority', 'XDG_CONFIG_HOME': '/home/devesh/.config/', 'SSH_AUTH_SOCK': '/run/user/1000/keyring/ssh', 'AMENT_PREFIX_PATH': '/home/devesh/Butterfly/project_2/libbot_final/install/micro_ros_agent:/home/devesh/Butterfly/project_2/libbot_final/install/micro_ros_msgs:/home/devesh/Butterfly/project_2/libbot_final/install/drive_base_msgs:/home/devesh/Butterfly/project_2/libbot_final/install/libbot_gazebo:/home/devesh/Butterfly/project_2/libbot_final/install/libbot_bringup:/opt/ros/jazzy', 'SHELL': '/usr/bin/zsh', 'QT_ACCESSIBILITY': '1', 'GDMSESSION': 'ubuntu', 'GPG_AGENT_INFO': '/run/user/1000/gnupg/S.gpg-agent:0:1', 'P9K_SSH': '0', 'QT_IM_MODULE': 'ibus', 'ROS_AUTOMATIC_DISCOVERY_RANGE': 'SUBNET', 'PWD': '/home/devesh/Butterfly/project_2/libbot_final/build/libbot_gazebo', 'XDG_CONFIG_DIRS': '/etc/xdg/xdg-ubuntu:/etc/xdg', 'XDG_DATA_DIRS': '/usr/share/ubuntu:/usr/share/gnome:/usr/local/share/:/usr/share/:/var/lib/snapd/desktop', 'DBUS_STARTER_ADDRESS': 'unix:path=/run/user/1000/bus,guid=3ad3c9ca0276d792be0bc43167df611d', 'ZDOTDIR': '/home/devesh/.config//zsh/', '_P9K_TTY': '/dev/pts/4', 'PYTHONPATH': '/home/devesh/Butterfly/project_2/libbot_final/build/libbot_gazebo/prefix_override:/usr/lib/python3/dist-packages/colcon_core/task/python/colcon_distutils_commands:/home/devesh/Butterfly/project_2/libbot_final/install/libbot_gazebo/lib/python3.12/site-packages:/home/devesh/Butterfly/project_2/libbot_final/install/micro_ros_msgs/lib/python3.12/site-packages:/home/devesh/Butterfly/project_2/libbot_final/install/drive_base_msgs/lib/python3.12/site-packages:/home/devesh/Butterfly/project_2/libbot_final/install/libbot_gazebo/lib/python3.12/site-packages:/home/devesh/Butterfly/project_2/libbot_final/install/libbot_bringup/lib/python3.12/site-packages:/opt/ros/jazzy/lib/python3.12/site-packages', 'COLCON': '1', 'VTE_VERSION': '7600', 'MEMORY_PRESSURE_WRITE': 'c29tZSAyMDAwMDAgMjAwMDAwMAA=', 'CMAKE_PREFIX_PATH': '/home/devesh/Butterfly/project_2/libbot_final/install/micro_ros_agent:/home/devesh/Butterfly/project_2/libbot_final/install/micro_ros_msgs:/home/devesh/Butterfly/project_2/libbot_final/install/drive_base_msgs:/opt/ros/jazzy/opt/gz_sim_vendor:/opt/ros/jazzy/opt/gz_sensors_vendor:/opt/ros/jazzy/opt/gz_physics_vendor:/opt/ros/jazzy/opt/sdformat_vendor:/opt/ros/jazzy/opt/gz_gui_vendor:/opt/ros/jazzy/opt/gz_transport_vendor:/opt/ros/jazzy/opt/gz_rendering_vendor:/opt/ros/jazzy/opt/gz_plugin_vendor:/opt/ros/jazzy/opt/gz_fuel_tools_vendor:/opt/ros/jazzy/opt/gz_msgs_vendor:/opt/ros/jazzy/opt/gz_common_vendor:/opt/ros/jazzy/opt/gz_math_vendor:/opt/ros/jazzy/opt/gz_utils_vendor:/opt/ros/jazzy/opt/gz_tools_vendor:/opt/ros/jazzy/opt/gz_ogre_next_vendor:/opt/ros/jazzy/opt/gz_dartsim_vendor:/opt/ros/jazzy/opt/gz_cmake_vendor'}, 'shell': False}
[0.903001] (-) TimerEvent: {}
[1.003347] (-) TimerEvent: {}
[1.103748] (-) TimerEvent: {}
[1.141518] (libbot_gazebo) StdoutLine: {'line': b'running egg_info\n'}
[1.162270] (libbot_gazebo) StdoutLine: {'line': b'writing ../../build/libbot_gazebo/libbot_gazebo.egg-info/PKG-INFO\n'}
[1.162627] (libbot_gazebo) StdoutLine: {'line': b'writing dependency_links to ../../build/libbot_gazebo/libbot_gazebo.egg-info/dependency_links.txt\n'}
[1.162827] (libbot_gazebo) StdoutLine: {'line': b'writing requirements to ../../build/libbot_gazebo/libbot_gazebo.egg-info/requires.txt\n'}
[1.162993] (libbot_gazebo) StdoutLine: {'line': b'writing top-level names to ../../build/libbot_gazebo/libbot_gazebo.egg-info/top_level.txt\n'}
[1.203572] (libbot_gazebo) StdoutLine: {'line': b"reading manifest file '../../build/libbot_gazebo/libbot_gazebo.egg-info/SOURCES.txt'\n"}
[1.203876] (-) TimerEvent: {}
[1.204119] (libbot_gazebo) StdoutLine: {'line': b"adding license file 'LICENSE'\n"}
[1.204479] (libbot_gazebo) StdoutLine: {'line': b"writing manifest file '../../build/libbot_gazebo/libbot_gazebo.egg-info/SOURCES.txt'\n"}
[1.204727] (libbot_gazebo) StdoutLine: {'line': b'running build\n'}
[1.204914] (libbot_gazebo) StdoutLine: {'line': b'running build_py\n'}
[1.205163] (libbot_gazebo) StdoutLine: {'line': b'running install\n'}
[1.210596] (libbot_gazebo) StdoutLine: {'line': b'running install_lib\n'}
[1.232011] (libbot_gazebo) StdoutLine: {'line': b'running install_data\n'}
[1.232387] (libbot_gazebo) StdoutLine: {'line': b'creating /home/devesh/Butterfly/project_2/libbot_final/install/libbot_gazebo/share/libbot_gazebo/config\n'}
[1.232637] (libbot_gazebo) StdoutLine: {'line': b'copying config/rviz_config.rviz -> /home/devesh/Butterfly/project_2/libbot_final/install/libbot_gazebo/share/libbot_gazebo/config\n'}
[1.232795] (libbot_gazebo) StdoutLine: {'line': b'copying config/bridge.yaml -> /home/devesh/Butterfly/project_2/libbot_final/install/libbot_gazebo/share/libbot_gazebo/config\n'}
[1.232925] (libbot_gazebo) StdoutLine: {'line': b'creating /home/devesh/Butterfly/project_2/libbot_final/install/libbot_gazebo/share/libbot_gazebo/launch\n'}
[1.233127] (libbot_gazebo) StdoutLine: {'line': b'copying launch/gazebo.launch.py -> /home/devesh/Butterfly/project_2/libbot_final/install/libbot_gazebo/share/libbot_gazebo/launch\n'}
[1.233258] (libbot_gazebo) StdoutLine: {'line': b'creating /home/devesh/Butterfly/project_2/libbot_final/install/libbot_gazebo/share/libbot_gazebo/worlds\n'}
[1.233376] (libbot_gazebo) StdoutLine: {'line': b'copying worlds/library_walls.stl -> /home/devesh/Butterfly/project_2/libbot_final/install/libbot_gazebo/share/libbot_gazebo/worlds\n'}
[1.233545] (libbot_gazebo) StdoutLine: {'line': b'copying worlds/library_interior.stl -> /home/devesh/Butterfly/project_2/libbot_final/install/libbot_gazebo/share/libbot_gazebo/worlds\n'}
[1.235772] (libbot_gazebo) StdoutLine: {'line': b'copying worlds/library.sdf -> /home/devesh/Butterfly/project_2/libbot_final/install/libbot_gazebo/share/libbot_gazebo/worlds\n'}
[1.236152] (libbot_gazebo) StdoutLine: {'line': b'creating /home/devesh/Butterfly/project_2/libbot_final/install/libbot_gazebo/share/libbot_gazebo/worlds/Apriltag36_11_00000\n'}
[1.236299] (libbot_gazebo) StdoutLine: {'line': b'copying worlds/Apriltag36_11_00000/model.config -> /home/devesh/Butterfly/project_2/libbot_final/install/libbot_gazebo/share/libbot_gazebo/worlds/Apriltag36_11_00000\n'}
[1.236504] (libbot_gazebo) StdoutLine: {'line': b'copying worlds/Apriltag36_11_00000/model.sdf -> /home/devesh/Butterfly/project_2/libbot_final/install/libbot_gazebo/share/libbot_gazebo/worlds/Apriltag36_11_00000\n'}
[1.236639] (libbot_gazebo) StdoutLine: {'line': b'creating /home/devesh/Butterfly/project_2/libbot_final/install/libbot_gazebo/share/libbot_gazebo/worlds/Apriltag36_11_00000/meshes\n'}
[1.236896] (libbot_gazebo) StdoutLine: {'line': b'copying worlds/Apriltag36_11_00000/meshes/tag36_11_00000.dae -> /home/devesh/Butterfly/project_2/libbot_final/install/libbot_gazebo/share/libbot_gazebo/worlds/Apriltag36_11_00000/meshes\n'}
[1.237038] (libbot_gazebo) StdoutLine: {'line': b'creating /home/devesh/Butterfly/project_2/libbot_final/install/libbot_gazebo/share/libbot_gazebo/worlds/Apriltag36_11_00000/materials\n'}
[1.237157] (libbot_gazebo) StdoutLine: {'line': b'creating /home/devesh/Butterfly/project_2/libbot_final/install/libbot_gazebo/share/libbot_gazebo/worlds/Apriltag36_11_00000/materials/textures\n'}
[1.237363] (libbot_gazebo) StdoutLine: {'line': b'copying worlds/Apriltag36_11_00000/materials/textures/tag36_11_00000.png -> /home/devesh/Butterfly/project_2/libbot_final/install/libbot_gazebo/share/libbot_gazebo/worlds/Apriltag36_11_00000/materials/textures\n'}
[1.237499] (libbot_gazebo) StdoutLine: {'line': b'running install_egg_info\n'}
[1.259212] (libbot_gazebo) StdoutLine: {'line': b"removing '/home/devesh/Butterfly/project_2/libbot_final/install/libbot_gazebo/lib/python3.12/site-packages/libbot_gazebo-0.0.0-py3.12.egg-info' (and everything under it)\n"}
[1.259564] (libbot_gazebo) StdoutLine: {'line': b'Copying ../../build/libbot_gazebo/libbot_gazebo.egg-info to /home/devesh/Butterfly/project_2/libbot_final/install/libbot_gazebo/lib/python3.12/site-packages/libbot_gazebo-0.0.0-py3.12.egg-info\n'}
[1.260370] (libbot_gazebo) StdoutLine: {'line': b'running install_scripts\n'}
[1.304062] (-) TimerEvent: {}
[1.399821] (libbot_gazebo) StdoutLine: {'line': b"writing list of installed files to '/home/devesh/Butterfly/project_2/libbot_final/build/libbot_gazebo/install.log'\n"}
[1.404187] (-) TimerEvent: {}
[1.440958] (libbot_gazebo) CommandEnded: {'returncode': 0}
[1.461904] (libbot_gazebo) JobEnded: {'identifier': 'libbot_gazebo', 'rc': 0}
[1.463216] (-) EventReactorShutdown: {}
