[2.332s] Invoking command in '/home/devesh/Butterfly/project_2/libbot_final/src/libbot_navigation': DEBUGINFOD_URLS=https://debuginfod.ubuntu.com PYTHONPATH=/home/devesh/Butterfly/project_2/libbot_final/build/libbot_navigation/prefix_override:/usr/lib/python3/dist-packages/colcon_core/task/python/colcon_distutils_commands:/home/devesh/Butterfly/project_2/libbot_final/install/libbot_navigation/lib/python3.12/site-packages:${PYTHONPATH} /usr/bin/python3 -W ignore:setup.py install is deprecated -W ignore:easy_install command is deprecated setup.py egg_info --egg-base ../../build/libbot_navigation build --build-base /home/devesh/Butterfly/project_2/libbot_final/build/libbot_navigation/build install --record /home/devesh/Butterfly/project_2/libbot_final/build/libbot_navigation/install.log --single-version-externally-managed install_data
[2.663s] running egg_info
[2.689s] writing ../../build/libbot_navigation/libbot_navigation.egg-info/PKG-INFO
[2.689s] writing dependency_links to ../../build/libbot_navigation/libbot_navigation.egg-info/dependency_links.txt
[2.689s] writing requirements to ../../build/libbot_navigation/libbot_navigation.egg-info/requires.txt
[2.689s] writing top-level names to ../../build/libbot_navigation/libbot_navigation.egg-info/top_level.txt
[2.738s] reading manifest file '../../build/libbot_navigation/libbot_navigation.egg-info/SOURCES.txt'
[2.738s] adding license file 'LICENSE'
[2.739s] writing manifest file '../../build/libbot_navigation/libbot_navigation.egg-info/SOURCES.txt'
[2.739s] running build
[2.739s] running build_py
[2.739s] running install
[2.746s] running install_lib
[2.771s] running install_data
[2.772s] running install_egg_info
[2.796s] removing '/home/devesh/Butterfly/project_2/libbot_final/install/libbot_navigation/lib/python3.12/site-packages/libbot_navigation-0.0.0-py3.12.egg-info' (and everything under it)
[2.797s] Copying ../../build/libbot_navigation/libbot_navigation.egg-info to /home/devesh/Butterfly/project_2/libbot_final/install/libbot_navigation/lib/python3.12/site-packages/libbot_navigation-0.0.0-py3.12.egg-info
[2.798s] running install_scripts
[2.959s] writing list of installed files to '/home/devesh/Butterfly/project_2/libbot_final/build/libbot_navigation/install.log'
[3.068s] Invoked command in '/home/devesh/Butterfly/project_2/libbot_final/src/libbot_navigation' returned '0': DEBUGINFOD_URLS=https://debuginfod.ubuntu.com PYTHONPATH=/home/devesh/Butterfly/project_2/libbot_final/build/libbot_navigation/prefix_override:/usr/lib/python3/dist-packages/colcon_core/task/python/colcon_distutils_commands:/home/devesh/Butterfly/project_2/libbot_final/install/libbot_navigation/lib/python3.12/site-packages:${PYTHONPATH} /usr/bin/python3 -W ignore:setup.py install is deprecated -W ignore:easy_install command is deprecated setup.py egg_info --egg-base ../../build/libbot_navigation build --build-base /home/devesh/Butterfly/project_2/libbot_final/build/libbot_navigation/build install --record /home/devesh/Butterfly/project_2/libbot_final/build/libbot_navigation/install.log --single-version-externally-managed install_data
