[0.058s] Invoking command in '/home/devesh/Butterfly/project_2/libbot_final/build/drive_base_msgs': CMAKE_PREFIX_PATH=${CMAKE_PREFIX_PATH}:/home/devesh/Butterfly/project_2/libbot_final/install/libbot_gazebo:/home/devesh/Butterfly/project_2/libbot_final/install/libbot_bringup:/opt/ros/jazzy DEBUGINFOD_URLS=https://debuginfod.ubuntu.com /usr/bin/cmake --build /home/devesh/Butterfly/project_2/libbot_final/build/drive_base_msgs -- -j12 -l12
[1.256s] [  1%] Built target drive_base_msgs__rosidl_generator_type_description
[1.256s] [  1%] Built target ament_cmake_python_copy_drive_base_msgs
[1.256s] [  3%] Built target drive_base_msgs__cpp
[1.256s] [ 25%] Built target drive_base_msgs__rosidl_generator_c
[1.257s] [ 34%] Built target drive_base_msgs__rosidl_typesupport_fastrtps_cpp
[1.257s] [ 43%] Built target drive_base_msgs__rosidl_typesupport_fastrtps_c
[1.257s] [ 53%] Built target drive_base_msgs__rosidl_typesupport_c
[1.257s] [ 68%] Built target drive_base_msgs__rosidl_typesupport_cpp
[1.257s] [ 71%] Built target drive_base_msgs__rosidl_typesupport_introspection_c
[1.257s] [ 81%] Built target drive_base_msgs__rosidl_typesupport_introspection_cpp
[1.257s] [ 81%] Built target drive_base_msgs
[1.258s] [ 82%] Built target drive_base_msgs__py
[1.258s] [ 90%] Built target drive_base_msgs__rosidl_generator_py
[1.258s] [ 93%] Built target drive_base_msgs_s__rosidl_typesupport_c
[1.258s] [100%] Built target drive_base_msgs_s__rosidl_typesupport_fastrtps_c
[1.258s] [100%] Built target drive_base_msgs_s__rosidl_typesupport_introspection_c
[1.258s] running egg_info
[1.258s] writing drive_base_msgs.egg-info/PKG-INFO
[1.259s] writing dependency_links to drive_base_msgs.egg-info/dependency_links.txt
[1.259s] writing top-level names to drive_base_msgs.egg-info/top_level.txt
[1.259s] reading manifest file 'drive_base_msgs.egg-info/SOURCES.txt'
[1.259s] writing manifest file 'drive_base_msgs.egg-info/SOURCES.txt'
[1.259s] [100%] Built target ament_cmake_python_build_drive_base_msgs_egg
[1.284s] Invoked command in '/home/devesh/Butterfly/project_2/libbot_final/build/drive_base_msgs' returned '0': CMAKE_PREFIX_PATH=${CMAKE_PREFIX_PATH}:/home/devesh/Butterfly/project_2/libbot_final/install/libbot_gazebo:/home/devesh/Butterfly/project_2/libbot_final/install/libbot_bringup:/opt/ros/jazzy DEBUGINFOD_URLS=https://debuginfod.ubuntu.com /usr/bin/cmake --build /home/devesh/Butterfly/project_2/libbot_final/build/drive_base_msgs -- -j12 -l12
[1.287s] Invoking command in '/home/devesh/Butterfly/project_2/libbot_final/build/drive_base_msgs': CMAKE_PREFIX_PATH=${CMAKE_PREFIX_PATH}:/home/devesh/Butterfly/project_2/libbot_final/install/libbot_gazebo:/home/devesh/Butterfly/project_2/libbot_final/install/libbot_bringup:/opt/ros/jazzy DEBUGINFOD_URLS=https://debuginfod.ubuntu.com /usr/bin/cmake --install /home/devesh/Butterfly/project_2/libbot_final/build/drive_base_msgs
[1.667s] -- Install configuration: ""
[1.667s] -- Up-to-date: /home/devesh/Butterfly/project_2/libbot_final/install/drive_base_msgs/share/ament_index/resource_index/rosidl_interfaces/drive_base_msgs
[1.667s] -- Up-to-date: /home/devesh/Butterfly/project_2/libbot_final/install/drive_base_msgs/share/drive_base_msgs/msg/CommandHeader.json
[1.668s] -- Up-to-date: /home/devesh/Butterfly/project_2/libbot_final/install/drive_base_msgs/share/drive_base_msgs/msg/BaseInfo.json
[1.669s] -- Up-to-date: /home/devesh/Butterfly/project_2/libbot_final/install/drive_base_msgs/share/drive_base_msgs/msg/CommandStatus.json
[1.669s] -- Up-to-date: /home/devesh/Butterfly/project_2/libbot_final/install/drive_base_msgs/share/drive_base_msgs/msg/TRVCommand.json
[1.669s] -- Up-to-date: /home/devesh/Butterfly/project_2/libbot_final/install/drive_base_msgs/include/drive_base_msgs/drive_base_msgs
[1.670s] -- Up-to-date: /home/devesh/Butterfly/project_2/libbot_final/install/drive_base_msgs/include/drive_base_msgs/drive_base_msgs/msg
[1.670s] -- Up-to-date: /home/devesh/Butterfly/project_2/libbot_final/install/drive_base_msgs/include/drive_base_msgs/drive_base_msgs/msg/command_status.h
[1.670s] -- Up-to-date: /home/devesh/Butterfly/project_2/libbot_final/install/drive_base_msgs/include/drive_base_msgs/drive_base_msgs/msg/detail
[1.670s] -- Up-to-date: /home/devesh/Butterfly/project_2/libbot_final/install/drive_base_msgs/include/drive_base_msgs/drive_base_msgs/msg/detail/trv_command__struct.h
[1.671s] -- Up-to-date: /home/devesh/Butterfly/project_2/libbot_final/install/drive_base_msgs/include/drive_base_msgs/drive_base_msgs/msg/detail/trv_command__description.c
[1.671s] -- Up-to-date: /home/devesh/Butterfly/project_2/libbot_final/install/drive_base_msgs/include/drive_base_msgs/drive_base_msgs/msg/detail/command_status__functions.h
[1.671s] -- Up-to-date: /home/devesh/Butterfly/project_2/libbot_final/install/drive_base_msgs/include/drive_base_msgs/drive_base_msgs/msg/detail/command_header__description.c
[1.671s] -- Up-to-date: /home/devesh/Butterfly/project_2/libbot_final/install/drive_base_msgs/include/drive_base_msgs/drive_base_msgs/msg/detail/command_status__struct.h
[1.672s] -- Up-to-date: /home/devesh/Butterfly/project_2/libbot_final/install/drive_base_msgs/include/drive_base_msgs/drive_base_msgs/msg/detail/command_header__functions.c
[1.672s] -- Up-to-date: /home/devesh/Butterfly/project_2/libbot_final/install/drive_base_msgs/include/drive_base_msgs/drive_base_msgs/msg/detail/command_status__description.c
[1.672s] -- Up-to-date: /home/devesh/Butterfly/project_2/libbot_final/install/drive_base_msgs/include/drive_base_msgs/drive_base_msgs/msg/detail/command_status__functions.c
[1.672s] -- Up-to-date: /home/devesh/Butterfly/project_2/libbot_final/install/drive_base_msgs/include/drive_base_msgs/drive_base_msgs/msg/detail/trv_command__functions.h
[1.673s] -- Up-to-date: /home/devesh/Butterfly/project_2/libbot_final/install/drive_base_msgs/include/drive_base_msgs/drive_base_msgs/msg/detail/command_header__functions.h
[1.696s] -- Up-to-date: /home/devesh/Butterfly/project_2/libbot_final/install/drive_base_msgs/include/drive_base_msgs/drive_base_msgs/msg/detail/command_status__type_support.c
[1.697s] -- Up-to-date: /home/devesh/Butterfly/project_2/libbot_final/install/drive_base_msgs/include/drive_base_msgs/drive_base_msgs/msg/detail/base_info__description.c
[1.698s] -- Up-to-date: /home/devesh/Butterfly/project_2/libbot_final/install/drive_base_msgs/include/drive_base_msgs/drive_base_msgs/msg/detail/base_info__functions.h
[1.699s] -- Up-to-date: /home/devesh/Butterfly/project_2/libbot_final/install/drive_base_msgs/include/drive_base_msgs/drive_base_msgs/msg/detail/base_info__type_support.c
[1.700s] -- Up-to-date: /home/devesh/Butterfly/project_2/libbot_final/install/drive_base_msgs/include/drive_base_msgs/drive_base_msgs/msg/detail/trv_command__functions.c
[1.701s] -- Up-to-date: /home/devesh/Butterfly/project_2/libbot_final/install/drive_base_msgs/include/drive_base_msgs/drive_base_msgs/msg/detail/base_info__type_support.h
[1.701s] -- Up-to-date: /home/devesh/Butterfly/project_2/libbot_final/install/drive_base_msgs/include/drive_base_msgs/drive_base_msgs/msg/detail/command_header__type_support.c
[1.729s] -- Up-to-date: /home/devesh/Butterfly/project_2/libbot_final/install/drive_base_msgs/include/drive_base_msgs/drive_base_msgs/msg/detail/command_header__struct.h
[1.730s] -- Up-to-date: /home/devesh/Butterfly/project_2/libbot_final/install/drive_base_msgs/include/drive_base_msgs/drive_base_msgs/msg/detail/base_info__functions.c
[1.730s] -- Up-to-date: /home/devesh/Butterfly/project_2/libbot_final/install/drive_base_msgs/include/drive_base_msgs/drive_base_msgs/msg/detail/base_info__struct.h
[1.730s] -- Up-to-date: /home/devesh/Butterfly/project_2/libbot_final/install/drive_base_msgs/include/drive_base_msgs/drive_base_msgs/msg/detail/trv_command__type_support.c
[1.730s] -- Up-to-date: /home/devesh/Butterfly/project_2/libbot_final/install/drive_base_msgs/include/drive_base_msgs/drive_base_msgs/msg/detail/command_header__type_support.h
[1.730s] -- Up-to-date: /home/devesh/Butterfly/project_2/libbot_final/install/drive_base_msgs/include/drive_base_msgs/drive_base_msgs/msg/detail/command_status__type_support.h
[1.731s] -- Up-to-date: /home/devesh/Butterfly/project_2/libbot_final/install/drive_base_msgs/include/drive_base_msgs/drive_base_msgs/msg/detail/trv_command__type_support.h
[1.731s] -- Up-to-date: /home/devesh/Butterfly/project_2/libbot_final/install/drive_base_msgs/include/drive_base_msgs/drive_base_msgs/msg/rosidl_generator_c__visibility_control.h
[1.731s] -- Up-to-date: /home/devesh/Butterfly/project_2/libbot_final/install/drive_base_msgs/include/drive_base_msgs/drive_base_msgs/msg/trv_command.h
[1.732s] -- Up-to-date: /home/devesh/Butterfly/project_2/libbot_final/install/drive_base_msgs/include/drive_base_msgs/drive_base_msgs/msg/command_header.h
[1.732s] -- Up-to-date: /home/devesh/Butterfly/project_2/libbot_final/install/drive_base_msgs/include/drive_base_msgs/drive_base_msgs/msg/base_info.h
[1.732s] -- Up-to-date: /home/devesh/Butterfly/project_2/libbot_final/install/drive_base_msgs/share/drive_base_msgs/environment/library_path.sh
[1.732s] -- Up-to-date: /home/devesh/Butterfly/project_2/libbot_final/install/drive_base_msgs/share/drive_base_msgs/environment/library_path.dsv
[1.733s] -- Up-to-date: /home/devesh/Butterfly/project_2/libbot_final/install/drive_base_msgs/lib/libdrive_base_msgs__rosidl_generator_c.so
[1.733s] -- Up-to-date: /home/devesh/Butterfly/project_2/libbot_final/install/drive_base_msgs/include/drive_base_msgs/drive_base_msgs
[1.733s] -- Up-to-date: /home/devesh/Butterfly/project_2/libbot_final/install/drive_base_msgs/include/drive_base_msgs/drive_base_msgs/msg
[1.734s] -- Up-to-date: /home/devesh/Butterfly/project_2/libbot_final/install/drive_base_msgs/include/drive_base_msgs/drive_base_msgs/msg/detail
[1.734s] -- Up-to-date: /home/devesh/Butterfly/project_2/libbot_final/install/drive_base_msgs/include/drive_base_msgs/drive_base_msgs/msg/detail/command_header__rosidl_typesupport_fastrtps_c.h
[1.734s] -- Up-to-date: /home/devesh/Butterfly/project_2/libbot_final/install/drive_base_msgs/include/drive_base_msgs/drive_base_msgs/msg/detail/base_info__rosidl_typesupport_fastrtps_c.h
[1.735s] -- Up-to-date: /home/devesh/Butterfly/project_2/libbot_final/install/drive_base_msgs/include/drive_base_msgs/drive_base_msgs/msg/detail/trv_command__rosidl_typesupport_fastrtps_c.h
[1.735s] -- Up-to-date: /home/devesh/Butterfly/project_2/libbot_final/install/drive_base_msgs/include/drive_base_msgs/drive_base_msgs/msg/detail/command_status__rosidl_typesupport_fastrtps_c.h
[1.735s] -- Up-to-date: /home/devesh/Butterfly/project_2/libbot_final/install/drive_base_msgs/include/drive_base_msgs/drive_base_msgs/msg/rosidl_typesupport_fastrtps_c__visibility_control.h
[1.735s] -- Up-to-date: /home/devesh/Butterfly/project_2/libbot_final/install/drive_base_msgs/lib/libdrive_base_msgs__rosidl_typesupport_fastrtps_c.so
[1.735s] -- Up-to-date: /home/devesh/Butterfly/project_2/libbot_final/install/drive_base_msgs/include/drive_base_msgs/drive_base_msgs
[1.735s] -- Up-to-date: /home/devesh/Butterfly/project_2/libbot_final/install/drive_base_msgs/include/drive_base_msgs/drive_base_msgs/msg
[1.736s] -- Up-to-date: /home/devesh/Butterfly/project_2/libbot_final/install/drive_base_msgs/include/drive_base_msgs/drive_base_msgs/msg/base_info.hpp
[1.736s] -- Up-to-date: /home/devesh/Butterfly/project_2/libbot_final/install/drive_base_msgs/include/drive_base_msgs/drive_base_msgs/msg/rosidl_generator_cpp__visibility_control.hpp
[1.736s] -- Up-to-date: /home/devesh/Butterfly/project_2/libbot_final/install/drive_base_msgs/include/drive_base_msgs/drive_base_msgs/msg/detail
[1.736s] -- Up-to-date: /home/devesh/Butterfly/project_2/libbot_final/install/drive_base_msgs/include/drive_base_msgs/drive_base_msgs/msg/detail/trv_command__builder.hpp
[1.736s] -- Up-to-date: /home/devesh/Butterfly/project_2/libbot_final/install/drive_base_msgs/include/drive_base_msgs/drive_base_msgs/msg/detail/base_info__type_support.hpp
[1.736s] -- Up-to-date: /home/devesh/Butterfly/project_2/libbot_final/install/drive_base_msgs/include/drive_base_msgs/drive_base_msgs/msg/detail/command_status__builder.hpp
[1.737s] -- Up-to-date: /home/devesh/Butterfly/project_2/libbot_final/install/drive_base_msgs/include/drive_base_msgs/drive_base_msgs/msg/detail/base_info__struct.hpp
[1.737s] -- Up-to-date: /home/devesh/Butterfly/project_2/libbot_final/install/drive_base_msgs/include/drive_base_msgs/drive_base_msgs/msg/detail/trv_command__struct.hpp
[1.738s] -- Up-to-date: /home/devesh/Butterfly/project_2/libbot_final/install/drive_base_msgs/include/drive_base_msgs/drive_base_msgs/msg/detail/command_status__struct.hpp
[1.738s] -- Up-to-date: /home/devesh/Butterfly/project_2/libbot_final/install/drive_base_msgs/include/drive_base_msgs/drive_base_msgs/msg/detail/command_header__type_support.hpp
[1.738s] -- Up-to-date: /home/devesh/Butterfly/project_2/libbot_final/install/drive_base_msgs/include/drive_base_msgs/drive_base_msgs/msg/detail/base_info__builder.hpp
[1.738s] -- Up-to-date: /home/devesh/Butterfly/project_2/libbot_final/install/drive_base_msgs/include/drive_base_msgs/drive_base_msgs/msg/detail/command_status__type_support.hpp
[1.738s] -- Up-to-date: /home/devesh/Butterfly/project_2/libbot_final/install/drive_base_msgs/include/drive_base_msgs/drive_base_msgs/msg/detail/command_header__struct.hpp
[1.738s] -- Up-to-date: /home/devesh/Butterfly/project_2/libbot_final/install/drive_base_msgs/include/drive_base_msgs/drive_base_msgs/msg/detail/command_status__traits.hpp
[1.739s] -- Up-to-date: /home/devesh/Butterfly/project_2/libbot_final/install/drive_base_msgs/include/drive_base_msgs/drive_base_msgs/msg/detail/trv_command__type_support.hpp
[1.739s] -- Up-to-date: /home/devesh/Butterfly/project_2/libbot_final/install/drive_base_msgs/include/drive_base_msgs/drive_base_msgs/msg/detail/command_header__builder.hpp
[1.739s] -- Up-to-date: /home/devesh/Butterfly/project_2/libbot_final/install/drive_base_msgs/include/drive_base_msgs/drive_base_msgs/msg/detail/trv_command__traits.hpp
[1.739s] -- Up-to-date: /home/devesh/Butterfly/project_2/libbot_final/install/drive_base_msgs/include/drive_base_msgs/drive_base_msgs/msg/detail/base_info__traits.hpp
[1.739s] -- Up-to-date: /home/devesh/Butterfly/project_2/libbot_final/install/drive_base_msgs/include/drive_base_msgs/drive_base_msgs/msg/detail/command_header__traits.hpp
[1.740s] -- Up-to-date: /home/devesh/Butterfly/project_2/libbot_final/install/drive_base_msgs/include/drive_base_msgs/drive_base_msgs/msg/command_status.hpp
[1.740s] -- Up-to-date: /home/devesh/Butterfly/project_2/libbot_final/install/drive_base_msgs/include/drive_base_msgs/drive_base_msgs/msg/command_header.hpp
[1.740s] -- Up-to-date: /home/devesh/Butterfly/project_2/libbot_final/install/drive_base_msgs/include/drive_base_msgs/drive_base_msgs/msg/trv_command.hpp
[1.740s] -- Up-to-date: /home/devesh/Butterfly/project_2/libbot_final/install/drive_base_msgs/include/drive_base_msgs/drive_base_msgs
[1.740s] -- Up-to-date: /home/devesh/Butterfly/project_2/libbot_final/install/drive_base_msgs/include/drive_base_msgs/drive_base_msgs/msg
[1.740s] -- Up-to-date: /home/devesh/Butterfly/project_2/libbot_final/install/drive_base_msgs/include/drive_base_msgs/drive_base_msgs/msg/detail
[1.741s] -- Up-to-date: /home/devesh/Butterfly/project_2/libbot_final/install/drive_base_msgs/include/drive_base_msgs/drive_base_msgs/msg/detail/trv_command__rosidl_typesupport_fastrtps_cpp.hpp
[1.741s] -- Up-to-date: /home/devesh/Butterfly/project_2/libbot_final/install/drive_base_msgs/include/drive_base_msgs/drive_base_msgs/msg/detail/command_status__rosidl_typesupport_fastrtps_cpp.hpp
[1.741s] -- Up-to-date: /home/devesh/Butterfly/project_2/libbot_final/install/drive_base_msgs/include/drive_base_msgs/drive_base_msgs/msg/detail/dds_fastrtps
[1.741s] -- Up-to-date: /home/devesh/Butterfly/project_2/libbot_final/install/drive_base_msgs/include/drive_base_msgs/drive_base_msgs/msg/detail/base_info__rosidl_typesupport_fastrtps_cpp.hpp
[1.741s] -- Up-to-date: /home/devesh/Butterfly/project_2/libbot_final/install/drive_base_msgs/include/drive_base_msgs/drive_base_msgs/msg/detail/command_header__rosidl_typesupport_fastrtps_cpp.hpp
[1.743s] -- Up-to-date: /home/devesh/Butterfly/project_2/libbot_final/install/drive_base_msgs/include/drive_base_msgs/drive_base_msgs/msg/rosidl_typesupport_fastrtps_cpp__visibility_control.h
[1.744s] -- Up-to-date: /home/devesh/Butterfly/project_2/libbot_final/install/drive_base_msgs/lib/libdrive_base_msgs__rosidl_typesupport_fastrtps_cpp.so
[1.744s] -- Up-to-date: /home/devesh/Butterfly/project_2/libbot_final/install/drive_base_msgs/include/drive_base_msgs/drive_base_msgs
[1.744s] -- Up-to-date: /home/devesh/Butterfly/project_2/libbot_final/install/drive_base_msgs/include/drive_base_msgs/drive_base_msgs/msg
[1.744s] -- Up-to-date: /home/devesh/Butterfly/project_2/libbot_final/install/drive_base_msgs/include/drive_base_msgs/drive_base_msgs/msg/rosidl_typesupport_introspection_c__visibility_control.h
[1.744s] -- Up-to-date: /home/devesh/Butterfly/project_2/libbot_final/install/drive_base_msgs/include/drive_base_msgs/drive_base_msgs/msg/detail
[1.744s] -- Up-to-date: /home/devesh/Butterfly/project_2/libbot_final/install/drive_base_msgs/include/drive_base_msgs/drive_base_msgs/msg/detail/command_header__rosidl_typesupport_introspection_c.h
[1.744s] -- Up-to-date: /home/devesh/Butterfly/project_2/libbot_final/install/drive_base_msgs/include/drive_base_msgs/drive_base_msgs/msg/detail/base_info__rosidl_typesupport_introspection_c.h
[1.745s] -- Up-to-date: /home/devesh/Butterfly/project_2/libbot_final/install/drive_base_msgs/include/drive_base_msgs/drive_base_msgs/msg/detail/command_status__type_support.c
[1.745s] -- Up-to-date: /home/devesh/Butterfly/project_2/libbot_final/install/drive_base_msgs/include/drive_base_msgs/drive_base_msgs/msg/detail/trv_command__rosidl_typesupport_introspection_c.h
[1.745s] -- Up-to-date: /home/devesh/Butterfly/project_2/libbot_final/install/drive_base_msgs/include/drive_base_msgs/drive_base_msgs/msg/detail/base_info__type_support.c
[1.745s] -- Up-to-date: /home/devesh/Butterfly/project_2/libbot_final/install/drive_base_msgs/include/drive_base_msgs/drive_base_msgs/msg/detail/command_header__type_support.c
[1.745s] -- Up-to-date: /home/devesh/Butterfly/project_2/libbot_final/install/drive_base_msgs/include/drive_base_msgs/drive_base_msgs/msg/detail/command_status__rosidl_typesupport_introspection_c.h
[1.745s] -- Up-to-date: /home/devesh/Butterfly/project_2/libbot_final/install/drive_base_msgs/include/drive_base_msgs/drive_base_msgs/msg/detail/trv_command__type_support.c
[1.745s] -- Up-to-date: /home/devesh/Butterfly/project_2/libbot_final/install/drive_base_msgs/lib/libdrive_base_msgs__rosidl_typesupport_introspection_c.so
[1.746s] -- Up-to-date: /home/devesh/Butterfly/project_2/libbot_final/install/drive_base_msgs/lib/libdrive_base_msgs__rosidl_typesupport_c.so
[1.746s] -- Up-to-date: /home/devesh/Butterfly/project_2/libbot_final/install/drive_base_msgs/include/drive_base_msgs/drive_base_msgs
[1.746s] -- Up-to-date: /home/devesh/Butterfly/project_2/libbot_final/install/drive_base_msgs/include/drive_base_msgs/drive_base_msgs/msg
[1.746s] -- Up-to-date: /home/devesh/Butterfly/project_2/libbot_final/install/drive_base_msgs/include/drive_base_msgs/drive_base_msgs/msg/detail
[1.746s] -- Up-to-date: /home/devesh/Butterfly/project_2/libbot_final/install/drive_base_msgs/include/drive_base_msgs/drive_base_msgs/msg/detail/command_status__type_support.cpp
[1.746s] -- Up-to-date: /home/devesh/Butterfly/project_2/libbot_final/install/drive_base_msgs/include/drive_base_msgs/drive_base_msgs/msg/detail/command_status__rosidl_typesupport_introspection_cpp.hpp
[1.746s] -- Up-to-date: /home/devesh/Butterfly/project_2/libbot_final/install/drive_base_msgs/include/drive_base_msgs/drive_base_msgs/msg/detail/trv_command__rosidl_typesupport_introspection_cpp.hpp
[1.747s] -- Up-to-date: /home/devesh/Butterfly/project_2/libbot_final/install/drive_base_msgs/include/drive_base_msgs/drive_base_msgs/msg/detail/base_info__type_support.cpp
[1.747s] -- Up-to-date: /home/devesh/Butterfly/project_2/libbot_final/install/drive_base_msgs/include/drive_base_msgs/drive_base_msgs/msg/detail/trv_command__type_support.cpp
[1.747s] -- Up-to-date: /home/devesh/Butterfly/project_2/libbot_final/install/drive_base_msgs/include/drive_base_msgs/drive_base_msgs/msg/detail/command_header__type_support.cpp
[1.747s] -- Up-to-date: /home/devesh/Butterfly/project_2/libbot_final/install/drive_base_msgs/include/drive_base_msgs/drive_base_msgs/msg/detail/command_header__rosidl_typesupport_introspection_cpp.hpp
[1.747s] -- Up-to-date: /home/devesh/Butterfly/project_2/libbot_final/install/drive_base_msgs/include/drive_base_msgs/drive_base_msgs/msg/detail/base_info__rosidl_typesupport_introspection_cpp.hpp
[1.747s] -- Up-to-date: /home/devesh/Butterfly/project_2/libbot_final/install/drive_base_msgs/lib/libdrive_base_msgs__rosidl_typesupport_introspection_cpp.so
[1.748s] -- Up-to-date: /home/devesh/Butterfly/project_2/libbot_final/install/drive_base_msgs/lib/libdrive_base_msgs__rosidl_typesupport_cpp.so
[1.748s] -- Up-to-date: /home/devesh/Butterfly/project_2/libbot_final/install/drive_base_msgs/share/drive_base_msgs/environment/pythonpath.sh
[1.749s] -- Up-to-date: /home/devesh/Butterfly/project_2/libbot_final/install/drive_base_msgs/share/drive_base_msgs/environment/pythonpath.dsv
[1.749s] -- Up-to-date: /home/devesh/Butterfly/project_2/libbot_final/install/drive_base_msgs/lib/python3.12/site-packages/drive_base_msgs-0.0.0-py3.12.egg-info
[1.751s] -- Installing: /home/devesh/Butterfly/project_2/libbot_final/install/drive_base_msgs/lib/python3.12/site-packages/drive_base_msgs-0.0.0-py3.12.egg-info/PKG-INFO
[1.751s] -- Installing: /home/devesh/Butterfly/project_2/libbot_final/install/drive_base_msgs/lib/python3.12/site-packages/drive_base_msgs-0.0.0-py3.12.egg-info/dependency_links.txt
[1.752s] -- Installing: /home/devesh/Butterfly/project_2/libbot_final/install/drive_base_msgs/lib/python3.12/site-packages/drive_base_msgs-0.0.0-py3.12.egg-info/top_level.txt
[1.752s] -- Installing: /home/devesh/Butterfly/project_2/libbot_final/install/drive_base_msgs/lib/python3.12/site-packages/drive_base_msgs-0.0.0-py3.12.egg-info/SOURCES.txt
[1.754s] -- Up-to-date: /home/devesh/Butterfly/project_2/libbot_final/install/drive_base_msgs/lib/python3.12/site-packages/drive_base_msgs
[1.754s] -- Up-to-date: /home/devesh/Butterfly/project_2/libbot_final/install/drive_base_msgs/lib/python3.12/site-packages/drive_base_msgs/_drive_base_msgs_s.ep.rosidl_typesupport_fastrtps_c.c
[1.754s] -- Up-to-date: /home/devesh/Butterfly/project_2/libbot_final/install/drive_base_msgs/lib/python3.12/site-packages/drive_base_msgs/_drive_base_msgs_s.ep.rosidl_typesupport_introspection_c.c
[1.754s] -- Up-to-date: /home/devesh/Butterfly/project_2/libbot_final/install/drive_base_msgs/lib/python3.12/site-packages/drive_base_msgs/drive_base_msgs_s__rosidl_typesupport_c.so
[1.755s] -- Up-to-date: /home/devesh/Butterfly/project_2/libbot_final/install/drive_base_msgs/lib/python3.12/site-packages/drive_base_msgs/__init__.py
[1.755s] -- Up-to-date: /home/devesh/Butterfly/project_2/libbot_final/install/drive_base_msgs/lib/python3.12/site-packages/drive_base_msgs/msg
[1.755s] -- Up-to-date: /home/devesh/Butterfly/project_2/libbot_final/install/drive_base_msgs/lib/python3.12/site-packages/drive_base_msgs/msg/_command_status.py
[1.755s] -- Up-to-date: /home/devesh/Butterfly/project_2/libbot_final/install/drive_base_msgs/lib/python3.12/site-packages/drive_base_msgs/msg/_command_header.py
[1.755s] -- Up-to-date: /home/devesh/Butterfly/project_2/libbot_final/install/drive_base_msgs/lib/python3.12/site-packages/drive_base_msgs/msg/_trv_command.py
[1.756s] -- Up-to-date: /home/devesh/Butterfly/project_2/libbot_final/install/drive_base_msgs/lib/python3.12/site-packages/drive_base_msgs/msg/_base_info.py
[1.756s] -- Up-to-date: /home/devesh/Butterfly/project_2/libbot_final/install/drive_base_msgs/lib/python3.12/site-packages/drive_base_msgs/msg/_command_status_s.c
[1.756s] -- Up-to-date: /home/devesh/Butterfly/project_2/libbot_final/install/drive_base_msgs/lib/python3.12/site-packages/drive_base_msgs/msg/_command_header_s.c
[1.756s] -- Up-to-date: /home/devesh/Butterfly/project_2/libbot_final/install/drive_base_msgs/lib/python3.12/site-packages/drive_base_msgs/msg/__init__.py
[1.756s] -- Up-to-date: /home/devesh/Butterfly/project_2/libbot_final/install/drive_base_msgs/lib/python3.12/site-packages/drive_base_msgs/msg/_trv_command_s.c
[1.757s] -- Up-to-date: /home/devesh/Butterfly/project_2/libbot_final/install/drive_base_msgs/lib/python3.12/site-packages/drive_base_msgs/msg/_base_info_s.c
[1.757s] -- Up-to-date: /home/devesh/Butterfly/project_2/libbot_final/install/drive_base_msgs/lib/python3.12/site-packages/drive_base_msgs/_drive_base_msgs_s.ep.rosidl_typesupport_c.c
[1.758s] -- Up-to-date: /home/devesh/Butterfly/project_2/libbot_final/install/drive_base_msgs/lib/python3.12/site-packages/drive_base_msgs/drive_base_msgs_s__rosidl_typesupport_fastrtps_c.so
[1.758s] -- Up-to-date: /home/devesh/Butterfly/project_2/libbot_final/install/drive_base_msgs/lib/python3.12/site-packages/drive_base_msgs/drive_base_msgs_s__rosidl_typesupport_introspection_c.so
[1.764s] Listing '/home/devesh/Butterfly/project_2/libbot_final/install/drive_base_msgs/lib/python3.12/site-packages/drive_base_msgs'...
[1.764s] Listing '/home/devesh/Butterfly/project_2/libbot_final/install/drive_base_msgs/lib/python3.12/site-packages/drive_base_msgs/msg'...
[1.764s] -- Up-to-date: /home/devesh/Butterfly/project_2/libbot_final/install/drive_base_msgs/lib/python3.12/site-packages/drive_base_msgs/drive_base_msgs_s__rosidl_typesupport_fastrtps_c.so
[1.764s] -- Up-to-date: /home/devesh/Butterfly/project_2/libbot_final/install/drive_base_msgs/lib/python3.12/site-packages/drive_base_msgs/drive_base_msgs_s__rosidl_typesupport_introspection_c.so
[1.764s] -- Up-to-date: /home/devesh/Butterfly/project_2/libbot_final/install/drive_base_msgs/lib/python3.12/site-packages/drive_base_msgs/drive_base_msgs_s__rosidl_typesupport_c.so
[1.765s] -- Up-to-date: /home/devesh/Butterfly/project_2/libbot_final/install/drive_base_msgs/lib/libdrive_base_msgs__rosidl_generator_py.so
[1.765s] -- Up-to-date: /home/devesh/Butterfly/project_2/libbot_final/install/drive_base_msgs/share/drive_base_msgs/msg/CommandHeader.idl
[1.765s] -- Up-to-date: /home/devesh/Butterfly/project_2/libbot_final/install/drive_base_msgs/share/drive_base_msgs/msg/BaseInfo.idl
[1.765s] -- Up-to-date: /home/devesh/Butterfly/project_2/libbot_final/install/drive_base_msgs/share/drive_base_msgs/msg/CommandStatus.idl
[1.765s] -- Up-to-date: /home/devesh/Butterfly/project_2/libbot_final/install/drive_base_msgs/share/drive_base_msgs/msg/TRVCommand.idl
[1.765s] -- Up-to-date: /home/devesh/Butterfly/project_2/libbot_final/install/drive_base_msgs/share/drive_base_msgs/msg/CommandHeader.msg
[1.766s] -- Up-to-date: /home/devesh/Butterfly/project_2/libbot_final/install/drive_base_msgs/share/drive_base_msgs/msg/BaseInfo.msg
[1.766s] -- Up-to-date: /home/devesh/Butterfly/project_2/libbot_final/install/drive_base_msgs/share/drive_base_msgs/msg/CommandStatus.msg
[1.766s] -- Up-to-date: /home/devesh/Butterfly/project_2/libbot_final/install/drive_base_msgs/share/drive_base_msgs/msg/TRVCommand.msg
[1.766s] -- Up-to-date: /home/devesh/Butterfly/project_2/libbot_final/install/drive_base_msgs/share/ament_index/resource_index/package_run_dependencies/drive_base_msgs
[1.766s] -- Up-to-date: /home/devesh/Butterfly/project_2/libbot_final/install/drive_base_msgs/share/ament_index/resource_index/parent_prefix_path/drive_base_msgs
[1.767s] -- Up-to-date: /home/devesh/Butterfly/project_2/libbot_final/install/drive_base_msgs/share/drive_base_msgs/environment/ament_prefix_path.sh
[1.767s] -- Up-to-date: /home/devesh/Butterfly/project_2/libbot_final/install/drive_base_msgs/share/drive_base_msgs/environment/ament_prefix_path.dsv
[1.767s] -- Up-to-date: /home/devesh/Butterfly/project_2/libbot_final/install/drive_base_msgs/share/drive_base_msgs/environment/path.sh
[1.767s] -- Up-to-date: /home/devesh/Butterfly/project_2/libbot_final/install/drive_base_msgs/share/drive_base_msgs/environment/path.dsv
[1.767s] -- Up-to-date: /home/devesh/Butterfly/project_2/libbot_final/install/drive_base_msgs/share/drive_base_msgs/local_setup.bash
[1.767s] -- Up-to-date: /home/devesh/Butterfly/project_2/libbot_final/install/drive_base_msgs/share/drive_base_msgs/local_setup.sh
[1.768s] -- Up-to-date: /home/devesh/Butterfly/project_2/libbot_final/install/drive_base_msgs/share/drive_base_msgs/local_setup.zsh
[1.768s] -- Up-to-date: /home/devesh/Butterfly/project_2/libbot_final/install/drive_base_msgs/share/drive_base_msgs/local_setup.dsv
[1.768s] -- Installing: /home/devesh/Butterfly/project_2/libbot_final/install/drive_base_msgs/share/drive_base_msgs/package.dsv
[1.768s] -- Up-to-date: /home/devesh/Butterfly/project_2/libbot_final/install/drive_base_msgs/share/ament_index/resource_index/packages/drive_base_msgs
[1.768s] -- Up-to-date: /home/devesh/Butterfly/project_2/libbot_final/install/drive_base_msgs/share/drive_base_msgs/cmake/export_drive_base_msgs__rosidl_generator_cExport.cmake
[1.768s] -- Up-to-date: /home/devesh/Butterfly/project_2/libbot_final/install/drive_base_msgs/share/drive_base_msgs/cmake/export_drive_base_msgs__rosidl_generator_cExport-noconfig.cmake
[1.768s] -- Up-to-date: /home/devesh/Butterfly/project_2/libbot_final/install/drive_base_msgs/share/drive_base_msgs/cmake/export_drive_base_msgs__rosidl_typesupport_fastrtps_cExport.cmake
[1.769s] -- Up-to-date: /home/devesh/Butterfly/project_2/libbot_final/install/drive_base_msgs/share/drive_base_msgs/cmake/export_drive_base_msgs__rosidl_typesupport_fastrtps_cExport-noconfig.cmake
[1.769s] -- Up-to-date: /home/devesh/Butterfly/project_2/libbot_final/install/drive_base_msgs/share/drive_base_msgs/cmake/export_drive_base_msgs__rosidl_generator_cppExport.cmake
[1.769s] -- Up-to-date: /home/devesh/Butterfly/project_2/libbot_final/install/drive_base_msgs/share/drive_base_msgs/cmake/export_drive_base_msgs__rosidl_typesupport_fastrtps_cppExport.cmake
[1.769s] -- Up-to-date: /home/devesh/Butterfly/project_2/libbot_final/install/drive_base_msgs/share/drive_base_msgs/cmake/export_drive_base_msgs__rosidl_typesupport_fastrtps_cppExport-noconfig.cmake
[1.769s] -- Up-to-date: /home/devesh/Butterfly/project_2/libbot_final/install/drive_base_msgs/share/drive_base_msgs/cmake/drive_base_msgs__rosidl_typesupport_introspection_cExport.cmake
[1.770s] -- Up-to-date: /home/devesh/Butterfly/project_2/libbot_final/install/drive_base_msgs/share/drive_base_msgs/cmake/drive_base_msgs__rosidl_typesupport_introspection_cExport-noconfig.cmake
[1.770s] -- Up-to-date: /home/devesh/Butterfly/project_2/libbot_final/install/drive_base_msgs/share/drive_base_msgs/cmake/drive_base_msgs__rosidl_typesupport_cExport.cmake
[1.770s] -- Up-to-date: /home/devesh/Butterfly/project_2/libbot_final/install/drive_base_msgs/share/drive_base_msgs/cmake/drive_base_msgs__rosidl_typesupport_cExport-noconfig.cmake
[1.770s] -- Up-to-date: /home/devesh/Butterfly/project_2/libbot_final/install/drive_base_msgs/share/drive_base_msgs/cmake/drive_base_msgs__rosidl_typesupport_introspection_cppExport.cmake
[1.771s] -- Up-to-date: /home/devesh/Butterfly/project_2/libbot_final/install/drive_base_msgs/share/drive_base_msgs/cmake/drive_base_msgs__rosidl_typesupport_introspection_cppExport-noconfig.cmake
[1.771s] -- Up-to-date: /home/devesh/Butterfly/project_2/libbot_final/install/drive_base_msgs/share/drive_base_msgs/cmake/drive_base_msgs__rosidl_typesupport_cppExport.cmake
[1.771s] -- Up-to-date: /home/devesh/Butterfly/project_2/libbot_final/install/drive_base_msgs/share/drive_base_msgs/cmake/drive_base_msgs__rosidl_typesupport_cppExport-noconfig.cmake
[1.771s] -- Up-to-date: /home/devesh/Butterfly/project_2/libbot_final/install/drive_base_msgs/share/drive_base_msgs/cmake/export_drive_base_msgs__rosidl_generator_pyExport.cmake
[1.771s] -- Up-to-date: /home/devesh/Butterfly/project_2/libbot_final/install/drive_base_msgs/share/drive_base_msgs/cmake/export_drive_base_msgs__rosidl_generator_pyExport-noconfig.cmake
[1.772s] -- Up-to-date: /home/devesh/Butterfly/project_2/libbot_final/install/drive_base_msgs/share/drive_base_msgs/cmake/rosidl_cmake-extras.cmake
[1.772s] -- Up-to-date: /home/devesh/Butterfly/project_2/libbot_final/install/drive_base_msgs/share/drive_base_msgs/cmake/ament_cmake_export_dependencies-extras.cmake
[1.772s] -- Up-to-date: /home/devesh/Butterfly/project_2/libbot_final/install/drive_base_msgs/share/drive_base_msgs/cmake/ament_cmake_export_include_directories-extras.cmake
[1.772s] -- Up-to-date: /home/devesh/Butterfly/project_2/libbot_final/install/drive_base_msgs/share/drive_base_msgs/cmake/ament_cmake_export_libraries-extras.cmake
[1.772s] -- Up-to-date: /home/devesh/Butterfly/project_2/libbot_final/install/drive_base_msgs/share/drive_base_msgs/cmake/ament_cmake_export_targets-extras.cmake
[1.773s] -- Up-to-date: /home/devesh/Butterfly/project_2/libbot_final/install/drive_base_msgs/share/drive_base_msgs/cmake/rosidl_cmake_export_typesupport_targets-extras.cmake
[1.773s] -- Up-to-date: /home/devesh/Butterfly/project_2/libbot_final/install/drive_base_msgs/share/drive_base_msgs/cmake/rosidl_cmake_export_typesupport_libraries-extras.cmake
[1.773s] -- Up-to-date: /home/devesh/Butterfly/project_2/libbot_final/install/drive_base_msgs/share/drive_base_msgs/cmake/drive_base_msgsConfig.cmake
[1.773s] -- Up-to-date: /home/devesh/Butterfly/project_2/libbot_final/install/drive_base_msgs/share/drive_base_msgs/cmake/drive_base_msgsConfig-version.cmake
[1.773s] -- Up-to-date: /home/devesh/Butterfly/project_2/libbot_final/install/drive_base_msgs/share/drive_base_msgs/package.xml
[1.819s] Invoked command in '/home/devesh/Butterfly/project_2/libbot_final/build/drive_base_msgs' returned '0': CMAKE_PREFIX_PATH=${CMAKE_PREFIX_PATH}:/home/devesh/Butterfly/project_2/libbot_final/install/libbot_gazebo:/home/devesh/Butterfly/project_2/libbot_final/install/libbot_bringup:/opt/ros/jazzy DEBUGINFOD_URLS=https://debuginfod.ubuntu.com /usr/bin/cmake --install /home/devesh/Butterfly/project_2/libbot_final/build/drive_base_msgs
