[0.063s] Invoking command in '/home/devesh/Butterfly/project_2/libbot_final/build/micro_ros_msgs': CMAKE_PREFIX_PATH=${CMAKE_PREFIX_PATH}:/home/devesh/Butterfly/project_2/libbot_final/install/libbot_gazebo:/home/devesh/Butterfly/project_2/libbot_final/install/libbot_bringup:/opt/ros/jazzy DEBUGINFOD_URLS=https://debuginfod.ubuntu.com /usr/bin/cmake --build /home/devesh/Butterfly/project_2/libbot_final/build/micro_ros_msgs -- -j12 -l12
[1.581s] [  1%] Built target micro_ros_msgs__rosidl_generator_type_description
[1.581s] [  1%] Built target ament_cmake_python_copy_micro_ros_msgs
[1.611s] [  3%] Built target micro_ros_msgs__cpp
[1.612s] running egg_info
[1.612s] writing micro_ros_msgs.egg-info/PKG-INFO
[1.612s] writing dependency_links to micro_ros_msgs.egg-info/dependency_links.txt
[1.613s] writing top-level names to micro_ros_msgs.egg-info/top_level.txt
[1.613s] reading manifest file 'micro_ros_msgs.egg-info/SOURCES.txt'
[1.614s] writing manifest file 'micro_ros_msgs.egg-info/SOURCES.txt'
[1.614s] [  3%] Built target ament_cmake_python_build_micro_ros_msgs_egg
[1.614s] [ 24%] Built target micro_ros_msgs__rosidl_generator_c
[1.614s] [ 33%] Built target micro_ros_msgs__rosidl_typesupport_cpp
[1.615s] [ 42%] Built target micro_ros_msgs__rosidl_typesupport_introspection_cpp
[1.615s] [ 51%] Built target micro_ros_msgs__rosidl_typesupport_fastrtps_cpp
[1.615s] [ 61%] Built target micro_ros_msgs__rosidl_typesupport_c
[1.616s] [ 70%] Built target micro_ros_msgs__rosidl_typesupport_introspection_c
[1.616s] [ 79%] Built target micro_ros_msgs__rosidl_typesupport_fastrtps_c
[1.616s] [ 79%] Built target micro_ros_msgs
[1.616s] [ 81%] Built target micro_ros_msgs__py
[1.617s] [ 88%] Built target micro_ros_msgs__rosidl_generator_py
[1.617s] [ 92%] Built target micro_ros_msgs_s__rosidl_typesupport_fastrtps_c
[1.617s] [ 96%] Built target micro_ros_msgs_s__rosidl_typesupport_c
[1.617s] [100%] Built target micro_ros_msgs_s__rosidl_typesupport_introspection_c
[1.626s] Invoked command in '/home/devesh/Butterfly/project_2/libbot_final/build/micro_ros_msgs' returned '0': CMAKE_PREFIX_PATH=${CMAKE_PREFIX_PATH}:/home/devesh/Butterfly/project_2/libbot_final/install/libbot_gazebo:/home/devesh/Butterfly/project_2/libbot_final/install/libbot_bringup:/opt/ros/jazzy DEBUGINFOD_URLS=https://debuginfod.ubuntu.com /usr/bin/cmake --build /home/devesh/Butterfly/project_2/libbot_final/build/micro_ros_msgs -- -j12 -l12
[1.651s] Invoking command in '/home/devesh/Butterfly/project_2/libbot_final/build/micro_ros_msgs': CMAKE_PREFIX_PATH=${CMAKE_PREFIX_PATH}:/home/devesh/Butterfly/project_2/libbot_final/install/libbot_gazebo:/home/devesh/Butterfly/project_2/libbot_final/install/libbot_bringup:/opt/ros/jazzy DEBUGINFOD_URLS=https://debuginfod.ubuntu.com /usr/bin/cmake --install /home/devesh/Butterfly/project_2/libbot_final/build/micro_ros_msgs
[1.663s] -- Install configuration: ""
[1.664s] -- Up-to-date: /home/devesh/Butterfly/project_2/libbot_final/install/micro_ros_msgs/share/ament_index/resource_index/rosidl_interfaces/micro_ros_msgs
[1.664s] -- Up-to-date: /home/devesh/Butterfly/project_2/libbot_final/install/micro_ros_msgs/share/micro_ros_msgs/msg/Graph.json
[1.664s] -- Up-to-date: /home/devesh/Butterfly/project_2/libbot_final/install/micro_ros_msgs/share/micro_ros_msgs/msg/Node.json
[1.665s] -- Up-to-date: /home/devesh/Butterfly/project_2/libbot_final/install/micro_ros_msgs/share/micro_ros_msgs/msg/Entity.json
[1.665s] -- Up-to-date: /home/devesh/Butterfly/project_2/libbot_final/install/micro_ros_msgs/include/micro_ros_msgs/micro_ros_msgs
[1.665s] -- Up-to-date: /home/devesh/Butterfly/project_2/libbot_final/install/micro_ros_msgs/include/micro_ros_msgs/micro_ros_msgs/msg
[1.665s] -- Up-to-date: /home/devesh/Butterfly/project_2/libbot_final/install/micro_ros_msgs/include/micro_ros_msgs/micro_ros_msgs/msg/detail
[1.665s] -- Up-to-date: /home/devesh/Butterfly/project_2/libbot_final/install/micro_ros_msgs/include/micro_ros_msgs/micro_ros_msgs/msg/detail/node__type_support.h
[1.665s] -- Up-to-date: /home/devesh/Butterfly/project_2/libbot_final/install/micro_ros_msgs/include/micro_ros_msgs/micro_ros_msgs/msg/detail/entity__functions.c
[1.666s] -- Up-to-date: /home/devesh/Butterfly/project_2/libbot_final/install/micro_ros_msgs/include/micro_ros_msgs/micro_ros_msgs/msg/detail/node__struct.h
[1.666s] -- Up-to-date: /home/devesh/Butterfly/project_2/libbot_final/install/micro_ros_msgs/include/micro_ros_msgs/micro_ros_msgs/msg/detail/node__description.c
[1.666s] -- Up-to-date: /home/devesh/Butterfly/project_2/libbot_final/install/micro_ros_msgs/include/micro_ros_msgs/micro_ros_msgs/msg/detail/graph__description.c
[1.666s] -- Up-to-date: /home/devesh/Butterfly/project_2/libbot_final/install/micro_ros_msgs/include/micro_ros_msgs/micro_ros_msgs/msg/detail/graph__functions.h
[1.666s] -- Up-to-date: /home/devesh/Butterfly/project_2/libbot_final/install/micro_ros_msgs/include/micro_ros_msgs/micro_ros_msgs/msg/detail/graph__functions.c
[1.666s] -- Up-to-date: /home/devesh/Butterfly/project_2/libbot_final/install/micro_ros_msgs/include/micro_ros_msgs/micro_ros_msgs/msg/detail/node__functions.h
[1.667s] -- Up-to-date: /home/devesh/Butterfly/project_2/libbot_final/install/micro_ros_msgs/include/micro_ros_msgs/micro_ros_msgs/msg/detail/graph__struct.h
[1.667s] -- Up-to-date: /home/devesh/Butterfly/project_2/libbot_final/install/micro_ros_msgs/include/micro_ros_msgs/micro_ros_msgs/msg/detail/entity__type_support.h
[1.667s] -- Up-to-date: /home/devesh/Butterfly/project_2/libbot_final/install/micro_ros_msgs/include/micro_ros_msgs/micro_ros_msgs/msg/detail/node__functions.c
[1.667s] -- Up-to-date: /home/devesh/Butterfly/project_2/libbot_final/install/micro_ros_msgs/include/micro_ros_msgs/micro_ros_msgs/msg/detail/node__type_support.c
[1.668s] -- Up-to-date: /home/devesh/Butterfly/project_2/libbot_final/install/micro_ros_msgs/include/micro_ros_msgs/micro_ros_msgs/msg/detail/entity__description.c
[1.668s] -- Up-to-date: /home/devesh/Butterfly/project_2/libbot_final/install/micro_ros_msgs/include/micro_ros_msgs/micro_ros_msgs/msg/detail/graph__type_support.c
[1.668s] -- Up-to-date: /home/devesh/Butterfly/project_2/libbot_final/install/micro_ros_msgs/include/micro_ros_msgs/micro_ros_msgs/msg/detail/entity__struct.h
[1.668s] -- Up-to-date: /home/devesh/Butterfly/project_2/libbot_final/install/micro_ros_msgs/include/micro_ros_msgs/micro_ros_msgs/msg/detail/entity__type_support.c
[1.668s] -- Up-to-date: /home/devesh/Butterfly/project_2/libbot_final/install/micro_ros_msgs/include/micro_ros_msgs/micro_ros_msgs/msg/detail/entity__functions.h
[1.668s] -- Up-to-date: /home/devesh/Butterfly/project_2/libbot_final/install/micro_ros_msgs/include/micro_ros_msgs/micro_ros_msgs/msg/detail/graph__type_support.h
[1.668s] -- Up-to-date: /home/devesh/Butterfly/project_2/libbot_final/install/micro_ros_msgs/include/micro_ros_msgs/micro_ros_msgs/msg/rosidl_generator_c__visibility_control.h
[1.669s] -- Up-to-date: /home/devesh/Butterfly/project_2/libbot_final/install/micro_ros_msgs/include/micro_ros_msgs/micro_ros_msgs/msg/entity.h
[1.669s] -- Up-to-date: /home/devesh/Butterfly/project_2/libbot_final/install/micro_ros_msgs/include/micro_ros_msgs/micro_ros_msgs/msg/node.h
[1.670s] -- Up-to-date: /home/devesh/Butterfly/project_2/libbot_final/install/micro_ros_msgs/include/micro_ros_msgs/micro_ros_msgs/msg/graph.h
[1.670s] -- Up-to-date: /home/devesh/Butterfly/project_2/libbot_final/install/micro_ros_msgs/share/micro_ros_msgs/environment/library_path.sh
[1.670s] -- Up-to-date: /home/devesh/Butterfly/project_2/libbot_final/install/micro_ros_msgs/share/micro_ros_msgs/environment/library_path.dsv
[1.670s] -- Up-to-date: /home/devesh/Butterfly/project_2/libbot_final/install/micro_ros_msgs/lib/libmicro_ros_msgs__rosidl_generator_c.so
[1.670s] -- Up-to-date: /home/devesh/Butterfly/project_2/libbot_final/install/micro_ros_msgs/include/micro_ros_msgs/micro_ros_msgs
[1.670s] -- Up-to-date: /home/devesh/Butterfly/project_2/libbot_final/install/micro_ros_msgs/include/micro_ros_msgs/micro_ros_msgs/msg
[1.671s] -- Up-to-date: /home/devesh/Butterfly/project_2/libbot_final/install/micro_ros_msgs/include/micro_ros_msgs/micro_ros_msgs/msg/detail
[1.671s] -- Up-to-date: /home/devesh/Butterfly/project_2/libbot_final/install/micro_ros_msgs/include/micro_ros_msgs/micro_ros_msgs/msg/detail/graph__rosidl_typesupport_fastrtps_c.h
[1.671s] -- Up-to-date: /home/devesh/Butterfly/project_2/libbot_final/install/micro_ros_msgs/include/micro_ros_msgs/micro_ros_msgs/msg/detail/entity__rosidl_typesupport_fastrtps_c.h
[1.671s] -- Up-to-date: /home/devesh/Butterfly/project_2/libbot_final/install/micro_ros_msgs/include/micro_ros_msgs/micro_ros_msgs/msg/detail/node__rosidl_typesupport_fastrtps_c.h
[1.671s] -- Up-to-date: /home/devesh/Butterfly/project_2/libbot_final/install/micro_ros_msgs/include/micro_ros_msgs/micro_ros_msgs/msg/rosidl_typesupport_fastrtps_c__visibility_control.h
[1.671s] -- Up-to-date: /home/devesh/Butterfly/project_2/libbot_final/install/micro_ros_msgs/lib/libmicro_ros_msgs__rosidl_typesupport_fastrtps_c.so
[1.678s] -- Up-to-date: /home/devesh/Butterfly/project_2/libbot_final/install/micro_ros_msgs/include/micro_ros_msgs/micro_ros_msgs
[1.678s] -- Up-to-date: /home/devesh/Butterfly/project_2/libbot_final/install/micro_ros_msgs/include/micro_ros_msgs/micro_ros_msgs/msg
[1.678s] -- Up-to-date: /home/devesh/Butterfly/project_2/libbot_final/install/micro_ros_msgs/include/micro_ros_msgs/micro_ros_msgs/msg/rosidl_typesupport_introspection_c__visibility_control.h
[1.679s] -- Up-to-date: /home/devesh/Butterfly/project_2/libbot_final/install/micro_ros_msgs/include/micro_ros_msgs/micro_ros_msgs/msg/detail
[1.679s] -- Up-to-date: /home/devesh/Butterfly/project_2/libbot_final/install/micro_ros_msgs/include/micro_ros_msgs/micro_ros_msgs/msg/detail/node__rosidl_typesupport_introspection_c.h
[1.679s] -- Up-to-date: /home/devesh/Butterfly/project_2/libbot_final/install/micro_ros_msgs/include/micro_ros_msgs/micro_ros_msgs/msg/detail/graph__rosidl_typesupport_introspection_c.h
[1.680s] -- Up-to-date: /home/devesh/Butterfly/project_2/libbot_final/install/micro_ros_msgs/include/micro_ros_msgs/micro_ros_msgs/msg/detail/node__type_support.c
[1.681s] -- Up-to-date: /home/devesh/Butterfly/project_2/libbot_final/install/micro_ros_msgs/include/micro_ros_msgs/micro_ros_msgs/msg/detail/entity__rosidl_typesupport_introspection_c.h
[1.681s] -- Up-to-date: /home/devesh/Butterfly/project_2/libbot_final/install/micro_ros_msgs/include/micro_ros_msgs/micro_ros_msgs/msg/detail/graph__type_support.c
[1.681s] -- Up-to-date: /home/devesh/Butterfly/project_2/libbot_final/install/micro_ros_msgs/include/micro_ros_msgs/micro_ros_msgs/msg/detail/entity__type_support.c
[1.681s] -- Up-to-date: /home/devesh/Butterfly/project_2/libbot_final/install/micro_ros_msgs/lib/libmicro_ros_msgs__rosidl_typesupport_introspection_c.so
[1.682s] -- Up-to-date: /home/devesh/Butterfly/project_2/libbot_final/install/micro_ros_msgs/lib/libmicro_ros_msgs__rosidl_typesupport_c.so
[1.682s] -- Up-to-date: /home/devesh/Butterfly/project_2/libbot_final/install/micro_ros_msgs/include/micro_ros_msgs/micro_ros_msgs
[1.682s] -- Up-to-date: /home/devesh/Butterfly/project_2/libbot_final/install/micro_ros_msgs/include/micro_ros_msgs/micro_ros_msgs/msg
[1.682s] -- Up-to-date: /home/devesh/Butterfly/project_2/libbot_final/install/micro_ros_msgs/include/micro_ros_msgs/micro_ros_msgs/msg/entity.hpp
[1.682s] -- Up-to-date: /home/devesh/Butterfly/project_2/libbot_final/install/micro_ros_msgs/include/micro_ros_msgs/micro_ros_msgs/msg/rosidl_generator_cpp__visibility_control.hpp
[1.683s] -- Up-to-date: /home/devesh/Butterfly/project_2/libbot_final/install/micro_ros_msgs/include/micro_ros_msgs/micro_ros_msgs/msg/detail
[1.683s] -- Up-to-date: /home/devesh/Butterfly/project_2/libbot_final/install/micro_ros_msgs/include/micro_ros_msgs/micro_ros_msgs/msg/detail/entity__type_support.hpp
[1.683s] -- Up-to-date: /home/devesh/Butterfly/project_2/libbot_final/install/micro_ros_msgs/include/micro_ros_msgs/micro_ros_msgs/msg/detail/entity__struct.hpp
[1.683s] -- Up-to-date: /home/devesh/Butterfly/project_2/libbot_final/install/micro_ros_msgs/include/micro_ros_msgs/micro_ros_msgs/msg/detail/graph__struct.hpp
[1.683s] -- Up-to-date: /home/devesh/Butterfly/project_2/libbot_final/install/micro_ros_msgs/include/micro_ros_msgs/micro_ros_msgs/msg/detail/node__struct.hpp
[1.684s] -- Up-to-date: /home/devesh/Butterfly/project_2/libbot_final/install/micro_ros_msgs/include/micro_ros_msgs/micro_ros_msgs/msg/detail/graph__builder.hpp
[1.684s] -- Up-to-date: /home/devesh/Butterfly/project_2/libbot_final/install/micro_ros_msgs/include/micro_ros_msgs/micro_ros_msgs/msg/detail/node__type_support.hpp
[1.684s] -- Up-to-date: /home/devesh/Butterfly/project_2/libbot_final/install/micro_ros_msgs/include/micro_ros_msgs/micro_ros_msgs/msg/detail/graph__traits.hpp
[1.684s] -- Up-to-date: /home/devesh/Butterfly/project_2/libbot_final/install/micro_ros_msgs/include/micro_ros_msgs/micro_ros_msgs/msg/detail/entity__traits.hpp
[1.684s] -- Up-to-date: /home/devesh/Butterfly/project_2/libbot_final/install/micro_ros_msgs/include/micro_ros_msgs/micro_ros_msgs/msg/detail/node__traits.hpp
[1.684s] -- Up-to-date: /home/devesh/Butterfly/project_2/libbot_final/install/micro_ros_msgs/include/micro_ros_msgs/micro_ros_msgs/msg/detail/entity__builder.hpp
[1.684s] -- Up-to-date: /home/devesh/Butterfly/project_2/libbot_final/install/micro_ros_msgs/include/micro_ros_msgs/micro_ros_msgs/msg/detail/node__builder.hpp
[1.684s] -- Up-to-date: /home/devesh/Butterfly/project_2/libbot_final/install/micro_ros_msgs/include/micro_ros_msgs/micro_ros_msgs/msg/detail/graph__type_support.hpp
[1.684s] -- Up-to-date: /home/devesh/Butterfly/project_2/libbot_final/install/micro_ros_msgs/include/micro_ros_msgs/micro_ros_msgs/msg/graph.hpp
[1.685s] -- Up-to-date: /home/devesh/Butterfly/project_2/libbot_final/install/micro_ros_msgs/include/micro_ros_msgs/micro_ros_msgs/msg/node.hpp
[1.685s] -- Up-to-date: /home/devesh/Butterfly/project_2/libbot_final/install/micro_ros_msgs/include/micro_ros_msgs/micro_ros_msgs
[1.685s] -- Up-to-date: /home/devesh/Butterfly/project_2/libbot_final/install/micro_ros_msgs/include/micro_ros_msgs/micro_ros_msgs/msg
[1.685s] -- Up-to-date: /home/devesh/Butterfly/project_2/libbot_final/install/micro_ros_msgs/include/micro_ros_msgs/micro_ros_msgs/msg/detail
[1.685s] -- Up-to-date: /home/devesh/Butterfly/project_2/libbot_final/install/micro_ros_msgs/include/micro_ros_msgs/micro_ros_msgs/msg/detail/node__rosidl_typesupport_fastrtps_cpp.hpp
[1.686s] -- Up-to-date: /home/devesh/Butterfly/project_2/libbot_final/install/micro_ros_msgs/include/micro_ros_msgs/micro_ros_msgs/msg/detail/dds_fastrtps
[1.687s] -- Up-to-date: /home/devesh/Butterfly/project_2/libbot_final/install/micro_ros_msgs/include/micro_ros_msgs/micro_ros_msgs/msg/detail/entity__rosidl_typesupport_fastrtps_cpp.hpp
[1.687s] -- Up-to-date: /home/devesh/Butterfly/project_2/libbot_final/install/micro_ros_msgs/include/micro_ros_msgs/micro_ros_msgs/msg/detail/graph__rosidl_typesupport_fastrtps_cpp.hpp
[1.687s] -- Up-to-date: /home/devesh/Butterfly/project_2/libbot_final/install/micro_ros_msgs/include/micro_ros_msgs/micro_ros_msgs/msg/rosidl_typesupport_fastrtps_cpp__visibility_control.h
[1.687s] -- Up-to-date: /home/devesh/Butterfly/project_2/libbot_final/install/micro_ros_msgs/lib/libmicro_ros_msgs__rosidl_typesupport_fastrtps_cpp.so
[1.687s] -- Up-to-date: /home/devesh/Butterfly/project_2/libbot_final/install/micro_ros_msgs/include/micro_ros_msgs/micro_ros_msgs
[1.687s] -- Up-to-date: /home/devesh/Butterfly/project_2/libbot_final/install/micro_ros_msgs/include/micro_ros_msgs/micro_ros_msgs/msg
[1.687s] -- Up-to-date: /home/devesh/Butterfly/project_2/libbot_final/install/micro_ros_msgs/include/micro_ros_msgs/micro_ros_msgs/msg/detail
[1.688s] -- Up-to-date: /home/devesh/Butterfly/project_2/libbot_final/install/micro_ros_msgs/include/micro_ros_msgs/micro_ros_msgs/msg/detail/node__type_support.cpp
[1.688s] -- Up-to-date: /home/devesh/Butterfly/project_2/libbot_final/install/micro_ros_msgs/include/micro_ros_msgs/micro_ros_msgs/msg/detail/graph__type_support.cpp
[1.688s] -- Up-to-date: /home/devesh/Butterfly/project_2/libbot_final/install/micro_ros_msgs/include/micro_ros_msgs/micro_ros_msgs/msg/detail/entity__rosidl_typesupport_introspection_cpp.hpp
[1.688s] -- Up-to-date: /home/devesh/Butterfly/project_2/libbot_final/install/micro_ros_msgs/include/micro_ros_msgs/micro_ros_msgs/msg/detail/graph__rosidl_typesupport_introspection_cpp.hpp
[1.688s] -- Up-to-date: /home/devesh/Butterfly/project_2/libbot_final/install/micro_ros_msgs/include/micro_ros_msgs/micro_ros_msgs/msg/detail/node__rosidl_typesupport_introspection_cpp.hpp
[1.689s] -- Up-to-date: /home/devesh/Butterfly/project_2/libbot_final/install/micro_ros_msgs/include/micro_ros_msgs/micro_ros_msgs/msg/detail/entity__type_support.cpp
[1.689s] -- Up-to-date: /home/devesh/Butterfly/project_2/libbot_final/install/micro_ros_msgs/lib/libmicro_ros_msgs__rosidl_typesupport_introspection_cpp.so
[1.689s] -- Up-to-date: /home/devesh/Butterfly/project_2/libbot_final/install/micro_ros_msgs/lib/libmicro_ros_msgs__rosidl_typesupport_cpp.so
[1.689s] -- Up-to-date: /home/devesh/Butterfly/project_2/libbot_final/install/micro_ros_msgs/share/micro_ros_msgs/environment/pythonpath.sh
[1.689s] -- Up-to-date: /home/devesh/Butterfly/project_2/libbot_final/install/micro_ros_msgs/share/micro_ros_msgs/environment/pythonpath.dsv
[1.689s] -- Up-to-date: /home/devesh/Butterfly/project_2/libbot_final/install/micro_ros_msgs/lib/python3.12/site-packages/micro_ros_msgs-5.0.2-py3.12.egg-info
[1.690s] -- Installing: /home/devesh/Butterfly/project_2/libbot_final/install/micro_ros_msgs/lib/python3.12/site-packages/micro_ros_msgs-5.0.2-py3.12.egg-info/PKG-INFO
[1.692s] -- Installing: /home/devesh/Butterfly/project_2/libbot_final/install/micro_ros_msgs/lib/python3.12/site-packages/micro_ros_msgs-5.0.2-py3.12.egg-info/dependency_links.txt
[1.692s] -- Installing: /home/devesh/Butterfly/project_2/libbot_final/install/micro_ros_msgs/lib/python3.12/site-packages/micro_ros_msgs-5.0.2-py3.12.egg-info/top_level.txt
[1.692s] -- Installing: /home/devesh/Butterfly/project_2/libbot_final/install/micro_ros_msgs/lib/python3.12/site-packages/micro_ros_msgs-5.0.2-py3.12.egg-info/SOURCES.txt
[1.693s] -- Up-to-date: /home/devesh/Butterfly/project_2/libbot_final/install/micro_ros_msgs/lib/python3.12/site-packages/micro_ros_msgs
[1.693s] -- Up-to-date: /home/devesh/Butterfly/project_2/libbot_final/install/micro_ros_msgs/lib/python3.12/site-packages/micro_ros_msgs/micro_ros_msgs_s__rosidl_typesupport_c.so
[1.693s] -- Up-to-date: /home/devesh/Butterfly/project_2/libbot_final/install/micro_ros_msgs/lib/python3.12/site-packages/micro_ros_msgs/micro_ros_msgs_s__rosidl_typesupport_fastrtps_c.so
[1.693s] -- Up-to-date: /home/devesh/Butterfly/project_2/libbot_final/install/micro_ros_msgs/lib/python3.12/site-packages/micro_ros_msgs/_micro_ros_msgs_s.ep.rosidl_typesupport_fastrtps_c.c
[1.693s] -- Up-to-date: /home/devesh/Butterfly/project_2/libbot_final/install/micro_ros_msgs/lib/python3.12/site-packages/micro_ros_msgs/__init__.py
[1.693s] -- Up-to-date: /home/devesh/Butterfly/project_2/libbot_final/install/micro_ros_msgs/lib/python3.12/site-packages/micro_ros_msgs/_micro_ros_msgs_s.ep.rosidl_typesupport_introspection_c.c
[1.694s] -- Up-to-date: /home/devesh/Butterfly/project_2/libbot_final/install/micro_ros_msgs/lib/python3.12/site-packages/micro_ros_msgs/msg
[1.694s] -- Up-to-date: /home/devesh/Butterfly/project_2/libbot_final/install/micro_ros_msgs/lib/python3.12/site-packages/micro_ros_msgs/msg/_entity_s.c
[1.694s] -- Up-to-date: /home/devesh/Butterfly/project_2/libbot_final/install/micro_ros_msgs/lib/python3.12/site-packages/micro_ros_msgs/msg/_graph_s.c
[1.694s] -- Up-to-date: /home/devesh/Butterfly/project_2/libbot_final/install/micro_ros_msgs/lib/python3.12/site-packages/micro_ros_msgs/msg/_graph.py
[1.694s] -- Up-to-date: /home/devesh/Butterfly/project_2/libbot_final/install/micro_ros_msgs/lib/python3.12/site-packages/micro_ros_msgs/msg/_node_s.c
[1.694s] -- Up-to-date: /home/devesh/Butterfly/project_2/libbot_final/install/micro_ros_msgs/lib/python3.12/site-packages/micro_ros_msgs/msg/__init__.py
[1.694s] -- Up-to-date: /home/devesh/Butterfly/project_2/libbot_final/install/micro_ros_msgs/lib/python3.12/site-packages/micro_ros_msgs/msg/_node.py
[1.695s] -- Up-to-date: /home/devesh/Butterfly/project_2/libbot_final/install/micro_ros_msgs/lib/python3.12/site-packages/micro_ros_msgs/msg/_entity.py
[1.698s] -- Up-to-date: /home/devesh/Butterfly/project_2/libbot_final/install/micro_ros_msgs/lib/python3.12/site-packages/micro_ros_msgs/micro_ros_msgs_s__rosidl_typesupport_introspection_c.so
[1.699s] -- Up-to-date: /home/devesh/Butterfly/project_2/libbot_final/install/micro_ros_msgs/lib/python3.12/site-packages/micro_ros_msgs/_micro_ros_msgs_s.ep.rosidl_typesupport_c.c
[1.740s] Listing '/home/devesh/Butterfly/project_2/libbot_final/install/micro_ros_msgs/lib/python3.12/site-packages/micro_ros_msgs'...
[1.740s] Listing '/home/devesh/Butterfly/project_2/libbot_final/install/micro_ros_msgs/lib/python3.12/site-packages/micro_ros_msgs/msg'...
[1.756s] -- Up-to-date: /home/devesh/Butterfly/project_2/libbot_final/install/micro_ros_msgs/lib/python3.12/site-packages/micro_ros_msgs/micro_ros_msgs_s__rosidl_typesupport_fastrtps_c.so
[1.756s] -- Up-to-date: /home/devesh/Butterfly/project_2/libbot_final/install/micro_ros_msgs/lib/python3.12/site-packages/micro_ros_msgs/micro_ros_msgs_s__rosidl_typesupport_introspection_c.so
[1.757s] -- Up-to-date: /home/devesh/Butterfly/project_2/libbot_final/install/micro_ros_msgs/lib/python3.12/site-packages/micro_ros_msgs/micro_ros_msgs_s__rosidl_typesupport_c.so
[1.760s] -- Up-to-date: /home/devesh/Butterfly/project_2/libbot_final/install/micro_ros_msgs/lib/libmicro_ros_msgs__rosidl_generator_py.so
[1.760s] -- Up-to-date: /home/devesh/Butterfly/project_2/libbot_final/install/micro_ros_msgs/share/micro_ros_msgs/msg/Graph.idl
[1.761s] -- Up-to-date: /home/devesh/Butterfly/project_2/libbot_final/install/micro_ros_msgs/share/micro_ros_msgs/msg/Node.idl
[1.761s] -- Up-to-date: /home/devesh/Butterfly/project_2/libbot_final/install/micro_ros_msgs/share/micro_ros_msgs/msg/Entity.idl
[1.761s] -- Up-to-date: /home/devesh/Butterfly/project_2/libbot_final/install/micro_ros_msgs/share/micro_ros_msgs/msg/Graph.msg
[1.761s] -- Up-to-date: /home/devesh/Butterfly/project_2/libbot_final/install/micro_ros_msgs/share/micro_ros_msgs/msg/Node.msg
[1.761s] -- Up-to-date: /home/devesh/Butterfly/project_2/libbot_final/install/micro_ros_msgs/share/micro_ros_msgs/msg/Entity.msg
[1.762s] -- Up-to-date: /home/devesh/Butterfly/project_2/libbot_final/install/micro_ros_msgs/share/ament_index/resource_index/package_run_dependencies/micro_ros_msgs
[1.762s] -- Up-to-date: /home/devesh/Butterfly/project_2/libbot_final/install/micro_ros_msgs/share/ament_index/resource_index/parent_prefix_path/micro_ros_msgs
[1.762s] -- Up-to-date: /home/devesh/Butterfly/project_2/libbot_final/install/micro_ros_msgs/share/micro_ros_msgs/environment/ament_prefix_path.sh
[1.762s] -- Up-to-date: /home/devesh/Butterfly/project_2/libbot_final/install/micro_ros_msgs/share/micro_ros_msgs/environment/ament_prefix_path.dsv
[1.762s] -- Up-to-date: /home/devesh/Butterfly/project_2/libbot_final/install/micro_ros_msgs/share/micro_ros_msgs/environment/path.sh
[1.763s] -- Up-to-date: /home/devesh/Butterfly/project_2/libbot_final/install/micro_ros_msgs/share/micro_ros_msgs/environment/path.dsv
[1.763s] -- Up-to-date: /home/devesh/Butterfly/project_2/libbot_final/install/micro_ros_msgs/share/micro_ros_msgs/local_setup.bash
[1.763s] -- Up-to-date: /home/devesh/Butterfly/project_2/libbot_final/install/micro_ros_msgs/share/micro_ros_msgs/local_setup.sh
[1.763s] -- Up-to-date: /home/devesh/Butterfly/project_2/libbot_final/install/micro_ros_msgs/share/micro_ros_msgs/local_setup.zsh
[1.763s] -- Up-to-date: /home/devesh/Butterfly/project_2/libbot_final/install/micro_ros_msgs/share/micro_ros_msgs/local_setup.dsv
[1.764s] -- Installing: /home/devesh/Butterfly/project_2/libbot_final/install/micro_ros_msgs/share/micro_ros_msgs/package.dsv
[1.764s] -- Up-to-date: /home/devesh/Butterfly/project_2/libbot_final/install/micro_ros_msgs/share/ament_index/resource_index/packages/micro_ros_msgs
[1.764s] -- Up-to-date: /home/devesh/Butterfly/project_2/libbot_final/install/micro_ros_msgs/share/micro_ros_msgs/cmake/export_micro_ros_msgs__rosidl_generator_cExport.cmake
[1.764s] -- Up-to-date: /home/devesh/Butterfly/project_2/libbot_final/install/micro_ros_msgs/share/micro_ros_msgs/cmake/export_micro_ros_msgs__rosidl_generator_cExport-noconfig.cmake
[1.765s] -- Up-to-date: /home/devesh/Butterfly/project_2/libbot_final/install/micro_ros_msgs/share/micro_ros_msgs/cmake/export_micro_ros_msgs__rosidl_typesupport_fastrtps_cExport.cmake
[1.765s] -- Up-to-date: /home/devesh/Butterfly/project_2/libbot_final/install/micro_ros_msgs/share/micro_ros_msgs/cmake/export_micro_ros_msgs__rosidl_typesupport_fastrtps_cExport-noconfig.cmake
[1.765s] -- Up-to-date: /home/devesh/Butterfly/project_2/libbot_final/install/micro_ros_msgs/share/micro_ros_msgs/cmake/micro_ros_msgs__rosidl_typesupport_introspection_cExport.cmake
[1.765s] -- Up-to-date: /home/devesh/Butterfly/project_2/libbot_final/install/micro_ros_msgs/share/micro_ros_msgs/cmake/micro_ros_msgs__rosidl_typesupport_introspection_cExport-noconfig.cmake
[1.766s] -- Up-to-date: /home/devesh/Butterfly/project_2/libbot_final/install/micro_ros_msgs/share/micro_ros_msgs/cmake/micro_ros_msgs__rosidl_typesupport_cExport.cmake
[1.766s] -- Up-to-date: /home/devesh/Butterfly/project_2/libbot_final/install/micro_ros_msgs/share/micro_ros_msgs/cmake/micro_ros_msgs__rosidl_typesupport_cExport-noconfig.cmake
[1.766s] -- Up-to-date: /home/devesh/Butterfly/project_2/libbot_final/install/micro_ros_msgs/share/micro_ros_msgs/cmake/export_micro_ros_msgs__rosidl_generator_cppExport.cmake
[1.767s] -- Up-to-date: /home/devesh/Butterfly/project_2/libbot_final/install/micro_ros_msgs/share/micro_ros_msgs/cmake/export_micro_ros_msgs__rosidl_typesupport_fastrtps_cppExport.cmake
[1.767s] -- Up-to-date: /home/devesh/Butterfly/project_2/libbot_final/install/micro_ros_msgs/share/micro_ros_msgs/cmake/export_micro_ros_msgs__rosidl_typesupport_fastrtps_cppExport-noconfig.cmake
[1.767s] -- Up-to-date: /home/devesh/Butterfly/project_2/libbot_final/install/micro_ros_msgs/share/micro_ros_msgs/cmake/micro_ros_msgs__rosidl_typesupport_introspection_cppExport.cmake
[1.769s] -- Up-to-date: /home/devesh/Butterfly/project_2/libbot_final/install/micro_ros_msgs/share/micro_ros_msgs/cmake/micro_ros_msgs__rosidl_typesupport_introspection_cppExport-noconfig.cmake
[1.770s] -- Up-to-date: /home/devesh/Butterfly/project_2/libbot_final/install/micro_ros_msgs/share/micro_ros_msgs/cmake/micro_ros_msgs__rosidl_typesupport_cppExport.cmake
[1.770s] -- Up-to-date: /home/devesh/Butterfly/project_2/libbot_final/install/micro_ros_msgs/share/micro_ros_msgs/cmake/micro_ros_msgs__rosidl_typesupport_cppExport-noconfig.cmake
[1.772s] -- Up-to-date: /home/devesh/Butterfly/project_2/libbot_final/install/micro_ros_msgs/share/micro_ros_msgs/cmake/export_micro_ros_msgs__rosidl_generator_pyExport.cmake
[1.772s] -- Up-to-date: /home/devesh/Butterfly/project_2/libbot_final/install/micro_ros_msgs/share/micro_ros_msgs/cmake/export_micro_ros_msgs__rosidl_generator_pyExport-noconfig.cmake
[1.774s] -- Up-to-date: /home/devesh/Butterfly/project_2/libbot_final/install/micro_ros_msgs/share/micro_ros_msgs/cmake/rosidl_cmake-extras.cmake
[1.774s] -- Up-to-date: /home/devesh/Butterfly/project_2/libbot_final/install/micro_ros_msgs/share/micro_ros_msgs/cmake/ament_cmake_export_include_directories-extras.cmake
[1.774s] -- Up-to-date: /home/devesh/Butterfly/project_2/libbot_final/install/micro_ros_msgs/share/micro_ros_msgs/cmake/ament_cmake_export_libraries-extras.cmake
[1.774s] -- Up-to-date: /home/devesh/Butterfly/project_2/libbot_final/install/micro_ros_msgs/share/micro_ros_msgs/cmake/ament_cmake_export_targets-extras.cmake
[1.775s] -- Up-to-date: /home/devesh/Butterfly/project_2/libbot_final/install/micro_ros_msgs/share/micro_ros_msgs/cmake/rosidl_cmake_export_typesupport_targets-extras.cmake
[1.775s] -- Up-to-date: /home/devesh/Butterfly/project_2/libbot_final/install/micro_ros_msgs/share/micro_ros_msgs/cmake/ament_cmake_export_dependencies-extras.cmake
[1.775s] -- Up-to-date: /home/devesh/Butterfly/project_2/libbot_final/install/micro_ros_msgs/share/micro_ros_msgs/cmake/rosidl_cmake_export_typesupport_libraries-extras.cmake
[1.775s] -- Up-to-date: /home/devesh/Butterfly/project_2/libbot_final/install/micro_ros_msgs/share/micro_ros_msgs/cmake/micro_ros_msgsConfig.cmake
[1.776s] -- Up-to-date: /home/devesh/Butterfly/project_2/libbot_final/install/micro_ros_msgs/share/micro_ros_msgs/cmake/micro_ros_msgsConfig-version.cmake
[1.777s] -- Up-to-date: /home/devesh/Butterfly/project_2/libbot_final/install/micro_ros_msgs/share/micro_ros_msgs/package.xml
[1.780s] Invoked command in '/home/devesh/Butterfly/project_2/libbot_final/build/micro_ros_msgs' returned '0': CMAKE_PREFIX_PATH=${CMAKE_PREFIX_PATH}:/home/devesh/Butterfly/project_2/libbot_final/install/libbot_gazebo:/home/devesh/Butterfly/project_2/libbot_final/install/libbot_bringup:/opt/ros/jazzy DEBUGINFOD_URLS=https://debuginfod.ubuntu.com /usr/bin/cmake --install /home/devesh/Butterfly/project_2/libbot_final/build/micro_ros_msgs
