[0.000000] (-) TimerEvent: {}
[0.000946] (-) JobUnselected: {'identifier': 'drive_base_msgs'}
[0.001043] (-) JobUnselected: {'identifier': 'libbot_bringup'}
[0.001106] (-) JobUnselected: {'identifier': 'libbot_gazebo'}
[0.001159] (-) JobUnselected: {'identifier': 'libbot_mapping'}
[0.001217] (-) JobUnselected: {'identifier': 'libbot_navigation'}
[0.001266] (-) JobUnselected: {'identifier': 'micro_ros_agent'}
[0.001315] (-) JobUnselected: {'identifier': 'micro_ros_msgs'}
[0.001391] (libbot_lib_interface) JobQueued: {'identifier': 'libbot_lib_interface', 'dependencies': OrderedDict()}
[0.001457] (libbot_lib_interface) JobStarted: {'identifier': 'libbot_lib_interface'}
[0.099453] (-) TimerEvent: {}
[0.199911] (-) TimerEvent: {}
[0.300380] (-) TimerEvent: {}
[0.401026] (-) TimerEvent: {}
[0.501843] (-) TimerEvent: {}
[0.602328] (-) TimerEvent: {}
[0.702841] (-) TimerEvent: {}
[0.803586] (-) TimerEvent: {}
[0.904121] (-) TimerEvent: {}
[1.004645] (-) TimerEvent: {}
[1.105117] (-) TimerEvent: {}
[1.205601] (-) TimerEvent: {}
[1.306134] (-) TimerEvent: {}
[1.406622] (-) TimerEvent: {}
[1.507047] (-) TimerEvent: {}
[1.531148] (libbot_lib_interface) Command: {'cmd': ['/usr/bin/python3', '-W', 'ignore:setup.py install is deprecated', '-W', 'ignore:easy_install command is deprecated', 'setup.py', 'egg_info', '--egg-base', '../../build/libbot_lib_interface', 'build', '--build-base', '/home/devesh/Butterfly/project_2/libbot_final/build/libbot_lib_interface/build', 'install', '--record', '/home/devesh/Butterfly/project_2/libbot_final/build/libbot_lib_interface/install.log', '--single-version-externally-managed', 'install_data'], 'cwd': '/home/devesh/Butterfly/project_2/libbot_final/src/libbot_lib_interface', 'env': {'USER': 'devesh', 'GZ_CONFIG_PATH': '/opt/ros/jazzy/opt/gz_sim_vendor/share/gz:/opt/ros/jazzy/opt/sdformat_vendor/share/gz:/opt/ros/jazzy/opt/gz_gui_vendor/share/gz:/opt/ros/jazzy/opt/gz_transport_vendor/share/gz:/opt/ros/jazzy/opt/gz_rendering_vendor/share/gz:/opt/ros/jazzy/opt/gz_plugin_vendor/share/gz:/opt/ros/jazzy/opt/gz_fuel_tools_vendor/share/gz:/opt/ros/jazzy/opt/gz_msgs_vendor/share/gz:/opt/ros/jazzy/opt/gz_common_vendor/share/gz', 'XDG_SESSION_TYPE': 'x11', 'SHLVL': '1', 'LD_LIBRARY_PATH': '/home/devesh/Butterfly/project_2/libbot_final/install/micro_ros_agent/lib:/home/devesh/Butterfly/project_2/libbot_final/install/micro_ros_msgs/lib:/home/devesh/Butterfly/project_2/libbot_final/install/drive_base_msgs/lib:/opt/ros/jazzy/opt/gz_sim_vendor/lib:/opt/ros/jazzy/opt/gz_sensors_vendor/lib:/opt/ros/jazzy/opt/gz_physics_vendor/lib:/opt/ros/jazzy/opt/sdformat_vendor/lib:/opt/ros/jazzy/opt/rviz_ogre_vendor/lib:/opt/ros/jazzy/lib/x86_64-linux-gnu:/opt/ros/jazzy/opt/gz_gui_vendor/lib:/opt/ros/jazzy/opt/gz_transport_vendor/lib:/opt/ros/jazzy/opt/gz_rendering_vendor/lib:/opt/ros/jazzy/opt/gz_plugin_vendor/lib:/opt/ros/jazzy/opt/gz_fuel_tools_vendor/lib:/opt/ros/jazzy/opt/gz_msgs_vendor/lib:/opt/ros/jazzy/opt/gz_common_vendor/lib:/opt/ros/jazzy/opt/gz_math_vendor/lib:/opt/ros/jazzy/opt/gz_utils_vendor/lib:/opt/ros/jazzy/opt/gz_tools_vendor/lib:/opt/ros/jazzy/opt/gz_ogre_next_vendor/lib:/opt/ros/jazzy/opt/gz_dartsim_vendor/lib:/opt/ros/jazzy/opt/gz_cmake_vendor/lib:/opt/ros/jazzy/lib', 'HOME': '/home/devesh', 'OLDPWD': '/home/devesh/Butterfly/project_2/libbot_final', 'DESKTOP_SESSION': 'ubuntu', 'GTK_MODULES': 'gail:atk-bridge', 'GNOME_SHELL_SESSION_MODE': 'ubuntu', 'ROS_PYTHON_VERSION': '3', 'SYSTEMD_EXEC_PID': '2222', 'DBUS_SESSION_BUS_ADDRESS': 'unix:path=/run/user/1000/bus,guid=3ad3c9ca0276d792be0bc43167df611d', 'GSM_SKIP_SSH_AGENT_WORKAROUND': 'true', 'DBUS_STARTER_BUS_TYPE': 'session', 'P9K_TTY': 'old', 'COLORTERM': 'truecolor', 'DEBUGINFOD_URLS': 'https://debuginfod.ubuntu.com', 'ROS_DISTRO': 'jazzy', 'COLCON_PREFIX_PATH': '/home/devesh/Butterfly/project_2/libbot_final/install', 'LOGNAME': 'devesh', '_P9K_SSH_TTY': '/dev/pts/5', '_': '/usr/bin/colcon', 'MEMORY_PRESSURE_WATCH': '/sys/fs/cgroup/user.slice/user-1000.slice/user@1000.service/app.slice/app-gnome\\x2dsession\\x2dmanager.slice/gnome-session-manager@ubuntu.service/memory.pressure', 'XDG_SESSION_CLASS': 'user', 'ROS_VERSION': '2', 'USERNAME': 'devesh', 'TERM': 'xterm-256color', 'GNOME_DESKTOP_SESSION_ID': 'this-is-deprecated', 'WINDOWPATH': '2', 'PATH': '/opt/ros/jazzy/opt/gz_msgs_vendor/bin:/opt/ros/jazzy/opt/gz_tools_vendor/bin:/opt/ros/jazzy/opt/gz_ogre_next_vendor/bin:/opt/ros/jazzy/bin:/usr/local/sbin:/usr/local/bin:/usr/sbin:/usr/bin:/sbin:/bin:/usr/games:/usr/local/games:/snap/bin:/snap/bin:/opt/nvim-linux64/bin', 'SESSION_MANAGER': 'local/Devesh-O15:@/tmp/.ICE-unix/2222,unix/Devesh-O15:/tmp/.ICE-unix/2222', 'GNOME_TERMINAL_SCREEN': '/org/gnome/Terminal/screen/058886f0_fa11_448f_adde_778982f39c83', 'XDG_MENU_PREFIX': 'gnome-', 'XDG_RUNTIME_DIR': '/run/user/1000', 'DISPLAY': ':0', 'LANG': 'en_US.UTF-8', 'XDG_CURRENT_DESKTOP': 'ubuntu:GNOME', 'XDG_SESSION_DESKTOP': 'ubuntu', 'GNOME_TERMINAL_SERVICE': ':1.348', 'XMODIFIERS': '@im=ibus', 'XAUTHORITY': '/run/user/1000/gdm/Xauthority', 'XDG_CONFIG_HOME': '/home/devesh/.config/', 'SSH_AUTH_SOCK': '/run/user/1000/keyring/ssh', 'AMENT_PREFIX_PATH': '/home/devesh/Butterfly/project_2/libbot_final/install/libbot_lib_interface:/home/devesh/Butterfly/project_2/libbot_final/install/micro_ros_agent:/home/devesh/Butterfly/project_2/libbot_final/install/micro_ros_msgs:/home/devesh/Butterfly/project_2/libbot_final/install/libbot_navigation:/home/devesh/Butterfly/project_2/libbot_final/install/libbot_mapping:/home/devesh/Butterfly/project_2/libbot_final/install/libbot_gazebo:/home/devesh/Butterfly/project_2/libbot_final/install/libbot_bringup:/home/devesh/Butterfly/project_2/libbot_final/install/drive_base_msgs:/opt/ros/jazzy', 'SHELL': '/usr/bin/zsh', 'QT_ACCESSIBILITY': '1', 'GDMSESSION': 'ubuntu', 'GPG_AGENT_INFO': '/run/user/1000/gnupg/S.gpg-agent:0:1', 'P9K_SSH': '0', 'QT_IM_MODULE': 'ibus', 'ROS_AUTOMATIC_DISCOVERY_RANGE': 'SUBNET', 'PWD': '/home/devesh/Butterfly/project_2/libbot_final/build/libbot_lib_interface', 'XDG_CONFIG_DIRS': '/etc/xdg/xdg-ubuntu:/etc/xdg', 'XDG_DATA_DIRS': '/usr/share/ubuntu:/usr/share/gnome:/usr/local/share/:/usr/share/:/var/lib/snapd/desktop', 'DBUS_STARTER_ADDRESS': 'unix:path=/run/user/1000/bus,guid=3ad3c9ca0276d792be0bc43167df611d', 'ZDOTDIR': '/home/devesh/.config//zsh/', '_P9K_TTY': '/dev/pts/5', 'PYTHONPATH': '/home/devesh/Butterfly/project_2/libbot_final/build/libbot_lib_interface/prefix_override:/usr/lib/python3/dist-packages/colcon_core/task/python/colcon_distutils_commands:/home/devesh/Butterfly/project_2/libbot_final/install/libbot_lib_interface/lib/python3.12/site-packages:/home/devesh/Butterfly/project_2/libbot_final/install/libbot_lib_interface/lib/python3.12/site-packages:/home/devesh/Butterfly/project_2/libbot_final/install/micro_ros_msgs/lib/python3.12/site-packages:/home/devesh/Butterfly/project_2/libbot_final/install/libbot_navigation/lib/python3.12/site-packages:/home/devesh/Butterfly/project_2/libbot_final/install/libbot_mapping/lib/python3.12/site-packages:/home/devesh/Butterfly/project_2/libbot_final/install/libbot_gazebo/lib/python3.12/site-packages:/home/devesh/Butterfly/project_2/libbot_final/install/libbot_bringup/lib/python3.12/site-packages:/home/devesh/Butterfly/project_2/libbot_final/install/drive_base_msgs/lib/python3.12/site-packages:/opt/ros/jazzy/lib/python3.12/site-packages', 'COLCON': '1', 'VTE_VERSION': '7600', 'MEMORY_PRESSURE_WRITE': 'c29tZSAyMDAwMDAgMjAwMDAwMAA=', 'CMAKE_PREFIX_PATH': '/home/devesh/Butterfly/project_2/libbot_final/install/micro_ros_agent:/home/devesh/Butterfly/project_2/libbot_final/install/micro_ros_msgs:/home/devesh/Butterfly/project_2/libbot_final/install/drive_base_msgs:/opt/ros/jazzy/opt/gz_sim_vendor:/opt/ros/jazzy/opt/gz_sensors_vendor:/opt/ros/jazzy/opt/gz_physics_vendor:/opt/ros/jazzy/opt/sdformat_vendor:/opt/ros/jazzy/opt/gz_gui_vendor:/opt/ros/jazzy/opt/gz_transport_vendor:/opt/ros/jazzy/opt/gz_rendering_vendor:/opt/ros/jazzy/opt/gz_plugin_vendor:/opt/ros/jazzy/opt/gz_fuel_tools_vendor:/opt/ros/jazzy/opt/gz_msgs_vendor:/opt/ros/jazzy/opt/gz_common_vendor:/opt/ros/jazzy/opt/gz_math_vendor:/opt/ros/jazzy/opt/gz_utils_vendor:/opt/ros/jazzy/opt/gz_tools_vendor:/opt/ros/jazzy/opt/gz_ogre_next_vendor:/opt/ros/jazzy/opt/gz_dartsim_vendor:/opt/ros/jazzy/opt/gz_cmake_vendor'}, 'shell': False}
[1.607197] (-) TimerEvent: {}
[1.707599] (-) TimerEvent: {}
[1.807960] (-) TimerEvent: {}
[1.908364] (-) TimerEvent: {}
[1.971158] (libbot_lib_interface) StdoutLine: {'line': b'running egg_info\n'}
[2.003777] (libbot_lib_interface) StdoutLine: {'line': b'writing ../../build/libbot_lib_interface/libbot_lib_interface.egg-info/PKG-INFO\n'}
[2.004281] (libbot_lib_interface) StdoutLine: {'line': b'writing dependency_links to ../../build/libbot_lib_interface/libbot_lib_interface.egg-info/dependency_links.txt\n'}
[2.004744] (libbot_lib_interface) StdoutLine: {'line': b'writing entry points to ../../build/libbot_lib_interface/libbot_lib_interface.egg-info/entry_points.txt\n'}
[2.005028] (libbot_lib_interface) StdoutLine: {'line': b'writing requirements to ../../build/libbot_lib_interface/libbot_lib_interface.egg-info/requires.txt\n'}
[2.005293] (libbot_lib_interface) StdoutLine: {'line': b'writing top-level names to ../../build/libbot_lib_interface/libbot_lib_interface.egg-info/top_level.txt\n'}
[2.008481] (-) TimerEvent: {}
[2.072227] (libbot_lib_interface) StdoutLine: {'line': b"reading manifest file '../../build/libbot_lib_interface/libbot_lib_interface.egg-info/SOURCES.txt'\n"}
[2.072801] (libbot_lib_interface) StdoutLine: {'line': b"adding license file 'LICENSE'\n"}
[2.073694] (libbot_lib_interface) StdoutLine: {'line': b"writing manifest file '../../build/libbot_lib_interface/libbot_lib_interface.egg-info/SOURCES.txt'\n"}
[2.074110] (libbot_lib_interface) StdoutLine: {'line': b'running build\n'}
[2.074502] (libbot_lib_interface) StdoutLine: {'line': b'running build_py\n'}
[2.074810] (libbot_lib_interface) StdoutLine: {'line': b'copying libbot_lib_interface/RobotControl.py -> /home/devesh/Butterfly/project_2/libbot_final/build/libbot_lib_interface/build/lib/libbot_lib_interface\n'}
[2.075212] (libbot_lib_interface) StdoutLine: {'line': b'running install\n'}
[2.084805] (libbot_lib_interface) StdoutLine: {'line': b'running install_lib\n'}
[2.108651] (-) TimerEvent: {}
[2.118803] (libbot_lib_interface) StdoutLine: {'line': b'copying /home/devesh/Butterfly/project_2/libbot_final/build/libbot_lib_interface/build/lib/libbot_lib_interface/RobotControl.py -> /home/devesh/Butterfly/project_2/libbot_final/install/libbot_lib_interface/lib/python3.12/site-packages/libbot_lib_interface\n'}
[2.119989] (libbot_lib_interface) StdoutLine: {'line': b'byte-compiling /home/devesh/Butterfly/project_2/libbot_final/install/libbot_lib_interface/lib/python3.12/site-packages/libbot_lib_interface/RobotControl.py to RobotControl.cpython-312.pyc\n'}
[2.122062] (libbot_lib_interface) StdoutLine: {'line': b'running install_data\n'}
[2.122643] (libbot_lib_interface) StdoutLine: {'line': b'running install_egg_info\n'}
[2.157262] (libbot_lib_interface) StdoutLine: {'line': b"removing '/home/devesh/Butterfly/project_2/libbot_final/install/libbot_lib_interface/lib/python3.12/site-packages/libbot_lib_interface-0.0.0-py3.12.egg-info' (and everything under it)\n"}
[2.158071] (libbot_lib_interface) StdoutLine: {'line': b'Copying ../../build/libbot_lib_interface/libbot_lib_interface.egg-info to /home/devesh/Butterfly/project_2/libbot_final/install/libbot_lib_interface/lib/python3.12/site-packages/libbot_lib_interface-0.0.0-py3.12.egg-info\n'}
[2.159842] (libbot_lib_interface) StdoutLine: {'line': b'running install_scripts\n'}
[2.208813] (-) TimerEvent: {}
[2.309464] (-) TimerEvent: {}
[2.382856] (libbot_lib_interface) StdoutLine: {'line': b'Installing door_trajectory_publisher script to /home/devesh/Butterfly/project_2/libbot_final/install/libbot_lib_interface/lib/libbot_lib_interface\n'}
[2.383315] (libbot_lib_interface) StdoutLine: {'line': b'Installing library_server script to /home/devesh/Butterfly/project_2/libbot_final/install/libbot_lib_interface/lib/libbot_lib_interface\n'}
[2.383714] (libbot_lib_interface) StdoutLine: {'line': b"writing list of installed files to '/home/devesh/Butterfly/project_2/libbot_final/build/libbot_lib_interface/install.log'\n"}
[2.409662] (-) TimerEvent: {}
[2.434902] (libbot_lib_interface) CommandEnded: {'returncode': 0}
[2.460068] (libbot_lib_interface) JobEnded: {'identifier': 'libbot_lib_interface', 'rc': 0}
[2.461131] (-) EventReactorShutdown: {}
