running egg_info
writing ../../build/libbot_gazebo/libbot_gazebo.egg-info/PKG-INFO
writing dependency_links to ../../build/libbot_gazebo/libbot_gazebo.egg-info/dependency_links.txt
writing requirements to ../../build/libbot_gazebo/libbot_gazebo.egg-info/requires.txt
writing top-level names to ../../build/libbot_gazebo/libbot_gazebo.egg-info/top_level.txt
reading manifest file '../../build/libbot_gazebo/libbot_gazebo.egg-info/SOURCES.txt'
adding license file 'LICENSE'
writing manifest file '../../build/libbot_gazebo/libbot_gazebo.egg-info/SOURCES.txt'
running build
running build_py
running install
running install_lib
running install_data
creating /home/devesh/Butterfly/project_2/libbot_final/install/libbot_gazebo/share/libbot_gazebo/config
copying config/rviz_config.rviz -> /home/devesh/Butterfly/project_2/libbot_final/install/libbot_gazebo/share/libbot_gazebo/config
copying config/bridge.yaml -> /home/devesh/Butterfly/project_2/libbot_final/install/libbot_gazebo/share/libbot_gazebo/config
creating /home/devesh/Butterfly/project_2/libbot_final/install/libbot_gazebo/share/libbot_gazebo/launch
copying launch/gazebo.launch.py -> /home/devesh/Butterfly/project_2/libbot_final/install/libbot_gazebo/share/libbot_gazebo/launch
creating /home/devesh/Butterfly/project_2/libbot_final/install/libbot_gazebo/share/libbot_gazebo/worlds
copying worlds/library_walls.stl -> /home/devesh/Butterfly/project_2/libbot_final/install/libbot_gazebo/share/libbot_gazebo/worlds
copying worlds/library_interior.stl -> /home/devesh/Butterfly/project_2/libbot_final/install/libbot_gazebo/share/libbot_gazebo/worlds
copying worlds/library.sdf -> /home/devesh/Butterfly/project_2/libbot_final/install/libbot_gazebo/share/libbot_gazebo/worlds
creating /home/devesh/Butterfly/project_2/libbot_final/install/libbot_gazebo/share/libbot_gazebo/worlds/Apriltag36_11_00000
copying worlds/Apriltag36_11_00000/model.config -> /home/devesh/Butterfly/project_2/libbot_final/install/libbot_gazebo/share/libbot_gazebo/worlds/Apriltag36_11_00000
copying worlds/Apriltag36_11_00000/model.sdf -> /home/devesh/Butterfly/project_2/libbot_final/install/libbot_gazebo/share/libbot_gazebo/worlds/Apriltag36_11_00000
creating /home/devesh/Butterfly/project_2/libbot_final/install/libbot_gazebo/share/libbot_gazebo/worlds/Apriltag36_11_00000/meshes
copying worlds/Apriltag36_11_00000/meshes/tag36_11_00000.dae -> /home/devesh/Butterfly/project_2/libbot_final/install/libbot_gazebo/share/libbot_gazebo/worlds/Apriltag36_11_00000/meshes
creating /home/devesh/Butterfly/project_2/libbot_final/install/libbot_gazebo/share/libbot_gazebo/worlds/Apriltag36_11_00000/materials
creating /home/devesh/Butterfly/project_2/libbot_final/install/libbot_gazebo/share/libbot_gazebo/worlds/Apriltag36_11_00000/materials/textures
copying worlds/Apriltag36_11_00000/materials/textures/tag36_11_00000.png -> /home/devesh/Butterfly/project_2/libbot_final/install/libbot_gazebo/share/libbot_gazebo/worlds/Apriltag36_11_00000/materials/textures
running install_egg_info
removing '/home/devesh/Butterfly/project_2/libbot_final/install/libbot_gazebo/lib/python3.12/site-packages/libbot_gazebo-0.0.0-py3.12.egg-info' (and everything under it)
Copying ../../build/libbot_gazebo/libbot_gazebo.egg-info to /home/devesh/Butterfly/project_2/libbot_final/install/libbot_gazebo/lib/python3.12/site-packages/libbot_gazebo-0.0.0-py3.12.egg-info
running install_scripts
writing list of installed files to '/home/devesh/Butterfly/project_2/libbot_final/build/libbot_gazebo/install.log'
