[0.870s] Invoking command in '/home/devesh/Butterfly/project_2/libbot_final/src/libbot_gazebo': DEBUGINFOD_URLS=https://debuginfod.ubuntu.com PYTHONPATH=/home/devesh/Butterfly/project_2/libbot_final/build/libbot_gazebo/prefix_override:/usr/lib/python3/dist-packages/colcon_core/task/python/colcon_distutils_commands:/home/devesh/Butterfly/project_2/libbot_final/install/libbot_gazebo/lib/python3.12/site-packages:${PYTHONPATH} /usr/bin/python3 -W ignore:setup.py install is deprecated -W ignore:easy_install command is deprecated setup.py egg_info --egg-base ../../build/libbot_gazebo build --build-base /home/devesh/Butterfly/project_2/libbot_final/build/libbot_gazebo/build install --record /home/devesh/Butterfly/project_2/libbot_final/build/libbot_gazebo/install.log --single-version-externally-managed install_data
[1.141s] running egg_info
[1.161s] writing ../../build/libbot_gazebo/libbot_gazebo.egg-info/PKG-INFO
[1.162s] writing dependency_links to ../../build/libbot_gazebo/libbot_gazebo.egg-info/dependency_links.txt
[1.162s] writing requirements to ../../build/libbot_gazebo/libbot_gazebo.egg-info/requires.txt
[1.162s] writing top-level names to ../../build/libbot_gazebo/libbot_gazebo.egg-info/top_level.txt
[1.203s] reading manifest file '../../build/libbot_gazebo/libbot_gazebo.egg-info/SOURCES.txt'
[1.203s] adding license file 'LICENSE'
[1.204s] writing manifest file '../../build/libbot_gazebo/libbot_gazebo.egg-info/SOURCES.txt'
[1.204s] running build
[1.204s] running build_py
[1.204s] running install
[1.210s] running install_lib
[1.231s] running install_data
[1.231s] creating /home/devesh/Butterfly/project_2/libbot_final/install/libbot_gazebo/share/libbot_gazebo/config
[1.232s] copying config/rviz_config.rviz -> /home/devesh/Butterfly/project_2/libbot_final/install/libbot_gazebo/share/libbot_gazebo/config
[1.232s] copying config/bridge.yaml -> /home/devesh/Butterfly/project_2/libbot_final/install/libbot_gazebo/share/libbot_gazebo/config
[1.232s] creating /home/devesh/Butterfly/project_2/libbot_final/install/libbot_gazebo/share/libbot_gazebo/launch
[1.232s] copying launch/gazebo.launch.py -> /home/devesh/Butterfly/project_2/libbot_final/install/libbot_gazebo/share/libbot_gazebo/launch
[1.232s] creating /home/devesh/Butterfly/project_2/libbot_final/install/libbot_gazebo/share/libbot_gazebo/worlds
[1.232s] copying worlds/library_walls.stl -> /home/devesh/Butterfly/project_2/libbot_final/install/libbot_gazebo/share/libbot_gazebo/worlds
[1.233s] copying worlds/library_interior.stl -> /home/devesh/Butterfly/project_2/libbot_final/install/libbot_gazebo/share/libbot_gazebo/worlds
[1.235s] copying worlds/library.sdf -> /home/devesh/Butterfly/project_2/libbot_final/install/libbot_gazebo/share/libbot_gazebo/worlds
[1.235s] creating /home/devesh/Butterfly/project_2/libbot_final/install/libbot_gazebo/share/libbot_gazebo/worlds/Apriltag36_11_00000
[1.235s] copying worlds/Apriltag36_11_00000/model.config -> /home/devesh/Butterfly/project_2/libbot_final/install/libbot_gazebo/share/libbot_gazebo/worlds/Apriltag36_11_00000
[1.236s] copying worlds/Apriltag36_11_00000/model.sdf -> /home/devesh/Butterfly/project_2/libbot_final/install/libbot_gazebo/share/libbot_gazebo/worlds/Apriltag36_11_00000
[1.236s] creating /home/devesh/Butterfly/project_2/libbot_final/install/libbot_gazebo/share/libbot_gazebo/worlds/Apriltag36_11_00000/meshes
[1.236s] copying worlds/Apriltag36_11_00000/meshes/tag36_11_00000.dae -> /home/devesh/Butterfly/project_2/libbot_final/install/libbot_gazebo/share/libbot_gazebo/worlds/Apriltag36_11_00000/meshes
[1.236s] creating /home/devesh/Butterfly/project_2/libbot_final/install/libbot_gazebo/share/libbot_gazebo/worlds/Apriltag36_11_00000/materials
[1.236s] creating /home/devesh/Butterfly/project_2/libbot_final/install/libbot_gazebo/share/libbot_gazebo/worlds/Apriltag36_11_00000/materials/textures
[1.236s] copying worlds/Apriltag36_11_00000/materials/textures/tag36_11_00000.png -> /home/devesh/Butterfly/project_2/libbot_final/install/libbot_gazebo/share/libbot_gazebo/worlds/Apriltag36_11_00000/materials/textures
[1.236s] running install_egg_info
[1.258s] removing '/home/devesh/Butterfly/project_2/libbot_final/install/libbot_gazebo/lib/python3.12/site-packages/libbot_gazebo-0.0.0-py3.12.egg-info' (and everything under it)
[1.259s] Copying ../../build/libbot_gazebo/libbot_gazebo.egg-info to /home/devesh/Butterfly/project_2/libbot_final/install/libbot_gazebo/lib/python3.12/site-packages/libbot_gazebo-0.0.0-py3.12.egg-info
[1.259s] running install_scripts
[1.399s] writing list of installed files to '/home/devesh/Butterfly/project_2/libbot_final/build/libbot_gazebo/install.log'
[1.440s] Invoked command in '/home/devesh/Butterfly/project_2/libbot_final/src/libbot_gazebo' returned '0': DEBUGINFOD_URLS=https://debuginfod.ubuntu.com PYTHONPATH=/home/devesh/Butterfly/project_2/libbot_final/build/libbot_gazebo/prefix_override:/usr/lib/python3/dist-packages/colcon_core/task/python/colcon_distutils_commands:/home/devesh/Butterfly/project_2/libbot_final/install/libbot_gazebo/lib/python3.12/site-packages:${PYTHONPATH} /usr/bin/python3 -W ignore:setup.py install is deprecated -W ignore:easy_install command is deprecated setup.py egg_info --egg-base ../../build/libbot_gazebo build --build-base /home/devesh/Butterfly/project_2/libbot_final/build/libbot_gazebo/build install --record /home/devesh/Butterfly/project_2/libbot_final/build/libbot_gazebo/install.log --single-version-externally-managed install_data
