running egg_info
creating ../../build/libbot_mapping/libbot_mapping.egg-info
writing ../../build/libbot_mapping/libbot_mapping.egg-info/PKG-INFO
writing dependency_links to ../../build/libbot_mapping/libbot_mapping.egg-info/dependency_links.txt
writing requirements to ../../build/libbot_mapping/libbot_mapping.egg-info/requires.txt
writing top-level names to ../../build/libbot_mapping/libbot_mapping.egg-info/top_level.txt
writing manifest file '../../build/libbot_mapping/libbot_mapping.egg-info/SOURCES.txt'
reading manifest file '../../build/libbot_mapping/libbot_mapping.egg-info/SOURCES.txt'
adding license file 'LICENSE'
writing manifest file '../../build/libbot_mapping/libbot_mapping.egg-info/SOURCES.txt'
running build
running build_py
creating /home/devesh/Butterfly/project_2/libbot_final/build/libbot_mapping/build
creating /home/devesh/Butterfly/project_2/libbot_final/build/libbot_mapping/build/lib
creating /home/devesh/Butterfly/project_2/libbot_final/build/libbot_mapping/build/lib/libbot_mapping
copying libbot_mapping/__init__.py -> /home/devesh/Butterfly/project_2/libbot_final/build/libbot_mapping/build/lib/libbot_mapping
running install
running install_lib
creating /home/devesh/Butterfly/project_2/libbot_final/install/libbot_mapping/lib/python3.12/site-packages/libbot_mapping
copying /home/devesh/Butterfly/project_2/libbot_final/build/libbot_mapping/build/lib/libbot_mapping/__init__.py -> /home/devesh/Butterfly/project_2/libbot_final/install/libbot_mapping/lib/python3.12/site-packages/libbot_mapping
byte-compiling /home/devesh/Butterfly/project_2/libbot_final/install/libbot_mapping/lib/python3.12/site-packages/libbot_mapping/__init__.py to __init__.cpython-312.pyc
running install_data
creating /home/devesh/Butterfly/project_2/libbot_final/install/libbot_mapping/share/ament_index
creating /home/devesh/Butterfly/project_2/libbot_final/install/libbot_mapping/share/ament_index/resource_index
creating /home/devesh/Butterfly/project_2/libbot_final/install/libbot_mapping/share/ament_index/resource_index/packages
copying resource/libbot_mapping -> /home/devesh/Butterfly/project_2/libbot_final/install/libbot_mapping/share/ament_index/resource_index/packages
copying package.xml -> /home/devesh/Butterfly/project_2/libbot_final/install/libbot_mapping/share/libbot_mapping
creating /home/devesh/Butterfly/project_2/libbot_final/install/libbot_mapping/share/libbot_mapping/config
copying config/mapper_params_online_async.yaml -> /home/devesh/Butterfly/project_2/libbot_final/install/libbot_mapping/share/libbot_mapping/config
copying config/rviz_config_moa.rviz -> /home/devesh/Butterfly/project_2/libbot_final/install/libbot_mapping/share/libbot_mapping/config
creating /home/devesh/Butterfly/project_2/libbot_final/install/libbot_mapping/share/libbot_mapping/launch
copying launch/toolbox_oma.launch.py -> /home/devesh/Butterfly/project_2/libbot_final/install/libbot_mapping/share/libbot_mapping/launch
running install_egg_info
Copying ../../build/libbot_mapping/libbot_mapping.egg-info to /home/devesh/Butterfly/project_2/libbot_final/install/libbot_mapping/lib/python3.12/site-packages/libbot_mapping-0.0.0-py3.12.egg-info
running install_scripts
writing list of installed files to '/home/devesh/Butterfly/project_2/libbot_final/build/libbot_mapping/install.log'
