[1.864s] Invoking command in '/home/devesh/Butterfly/project_2/libbot_final/src/libbot_mapping': DEBUGINFOD_URLS=https://debuginfod.ubuntu.com PYTHONPATH=/home/devesh/Butterfly/project_2/libbot_final/build/libbot_mapping/prefix_override:/usr/lib/python3/dist-packages/colcon_core/task/python/colcon_distutils_commands:/home/devesh/Butterfly/project_2/libbot_final/install/libbot_mapping/lib/python3.12/site-packages:${PYTHONPATH} /usr/bin/python3 -W ignore:setup.py install is deprecated -W ignore:easy_install command is deprecated setup.py egg_info --egg-base ../../build/libbot_mapping build --build-base /home/devesh/Butterfly/project_2/libbot_final/build/libbot_mapping/build install --record /home/devesh/Butterfly/project_2/libbot_final/build/libbot_mapping/install.log --single-version-externally-managed install_data
[2.438s] running egg_info
[2.438s] creating ../../build/libbot_mapping/libbot_mapping.egg-info
[2.482s] writing ../../build/libbot_mapping/libbot_mapping.egg-info/PKG-INFO
[2.482s] writing dependency_links to ../../build/libbot_mapping/libbot_mapping.egg-info/dependency_links.txt
[2.483s] writing requirements to ../../build/libbot_mapping/libbot_mapping.egg-info/requires.txt
[2.483s] writing top-level names to ../../build/libbot_mapping/libbot_mapping.egg-info/top_level.txt
[2.483s] writing manifest file '../../build/libbot_mapping/libbot_mapping.egg-info/SOURCES.txt'
[2.567s] reading manifest file '../../build/libbot_mapping/libbot_mapping.egg-info/SOURCES.txt'
[2.567s] adding license file 'LICENSE'
[2.568s] writing manifest file '../../build/libbot_mapping/libbot_mapping.egg-info/SOURCES.txt'
[2.568s] running build
[2.568s] running build_py
[2.569s] creating /home/devesh/Butterfly/project_2/libbot_final/build/libbot_mapping/build
[2.569s] creating /home/devesh/Butterfly/project_2/libbot_final/build/libbot_mapping/build/lib
[2.569s] creating /home/devesh/Butterfly/project_2/libbot_final/build/libbot_mapping/build/lib/libbot_mapping
[2.569s] copying libbot_mapping/__init__.py -> /home/devesh/Butterfly/project_2/libbot_final/build/libbot_mapping/build/lib/libbot_mapping
[2.569s] running install
[2.581s] running install_lib
[2.622s] creating /home/devesh/Butterfly/project_2/libbot_final/install/libbot_mapping/lib/python3.12/site-packages/libbot_mapping
[2.623s] copying /home/devesh/Butterfly/project_2/libbot_final/build/libbot_mapping/build/lib/libbot_mapping/__init__.py -> /home/devesh/Butterfly/project_2/libbot_final/install/libbot_mapping/lib/python3.12/site-packages/libbot_mapping
[2.624s] byte-compiling /home/devesh/Butterfly/project_2/libbot_final/install/libbot_mapping/lib/python3.12/site-packages/libbot_mapping/__init__.py to __init__.cpython-312.pyc
[2.624s] running install_data
[2.624s] creating /home/devesh/Butterfly/project_2/libbot_final/install/libbot_mapping/share/ament_index
[2.625s] creating /home/devesh/Butterfly/project_2/libbot_final/install/libbot_mapping/share/ament_index/resource_index
[2.625s] creating /home/devesh/Butterfly/project_2/libbot_final/install/libbot_mapping/share/ament_index/resource_index/packages
[2.626s] copying resource/libbot_mapping -> /home/devesh/Butterfly/project_2/libbot_final/install/libbot_mapping/share/ament_index/resource_index/packages
[2.626s] copying package.xml -> /home/devesh/Butterfly/project_2/libbot_final/install/libbot_mapping/share/libbot_mapping
[2.626s] creating /home/devesh/Butterfly/project_2/libbot_final/install/libbot_mapping/share/libbot_mapping/config
[2.627s] copying config/mapper_params_online_async.yaml -> /home/devesh/Butterfly/project_2/libbot_final/install/libbot_mapping/share/libbot_mapping/config
[2.627s] copying config/rviz_config_moa.rviz -> /home/devesh/Butterfly/project_2/libbot_final/install/libbot_mapping/share/libbot_mapping/config
[2.627s] creating /home/devesh/Butterfly/project_2/libbot_final/install/libbot_mapping/share/libbot_mapping/launch
[2.627s] copying launch/toolbox_oma.launch.py -> /home/devesh/Butterfly/project_2/libbot_final/install/libbot_mapping/share/libbot_mapping/launch
[2.627s] running install_egg_info
[2.671s] Copying ../../build/libbot_mapping/libbot_mapping.egg-info to /home/devesh/Butterfly/project_2/libbot_final/install/libbot_mapping/lib/python3.12/site-packages/libbot_mapping-0.0.0-py3.12.egg-info
[2.672s] running install_scripts
[2.976s] writing list of installed files to '/home/devesh/Butterfly/project_2/libbot_final/build/libbot_mapping/install.log'
[3.069s] Invoked command in '/home/devesh/Butterfly/project_2/libbot_final/src/libbot_mapping' returned '0': DEBUGINFOD_URLS=https://debuginfod.ubuntu.com PYTHONPATH=/home/devesh/Butterfly/project_2/libbot_final/build/libbot_mapping/prefix_override:/usr/lib/python3/dist-packages/colcon_core/task/python/colcon_distutils_commands:/home/devesh/Butterfly/project_2/libbot_final/install/libbot_mapping/lib/python3.12/site-packages:${PYTHONPATH} /usr/bin/python3 -W ignore:setup.py install is deprecated -W ignore:easy_install command is deprecated setup.py egg_info --egg-base ../../build/libbot_mapping build --build-base /home/devesh/Butterfly/project_2/libbot_final/build/libbot_mapping/build install --record /home/devesh/Butterfly/project_2/libbot_final/build/libbot_mapping/install.log --single-version-externally-managed install_data
