[3.371s] Invoking command in '/home/devesh/Butterfly/project_2/libbot_final/src/libbot_bringup': DEBUGINFOD_URLS=https://debuginfod.ubuntu.com PYTHONPATH=/home/devesh/Butterfly/project_2/libbot_final/build/libbot_bringup/prefix_override:/usr/lib/python3/dist-packages/colcon_core/task/python/colcon_distutils_commands:/home/devesh/Butterfly/project_2/libbot_final/install/libbot_bringup/lib/python3.12/site-packages:${PYTHONPATH} /usr/bin/python3 -W ignore:setup.py install is deprecated -W ignore:easy_install command is deprecated setup.py egg_info --egg-base ../../build/libbot_bringup build --build-base /home/devesh/Butterfly/project_2/libbot_final/build/libbot_bringup/build install --record /home/devesh/Butterfly/project_2/libbot_final/build/libbot_bringup/install.log --single-version-externally-managed install_data
[3.890s] running egg_info
[3.927s] writing ../../build/libbot_bringup/libbot_bringup.egg-info/PKG-INFO
[3.928s] writing dependency_links to ../../build/libbot_bringup/libbot_bringup.egg-info/dependency_links.txt
[3.928s] writing entry points to ../../build/libbot_bringup/libbot_bringup.egg-info/entry_points.txt
[3.928s] writing requirements to ../../build/libbot_bringup/libbot_bringup.egg-info/requires.txt
[3.929s] writing top-level names to ../../build/libbot_bringup/libbot_bringup.egg-info/top_level.txt
[4.006s] reading manifest file '../../build/libbot_bringup/libbot_bringup.egg-info/SOURCES.txt'
[4.007s] adding license file 'LICENSE'
[4.008s] writing manifest file '../../build/libbot_bringup/libbot_bringup.egg-info/SOURCES.txt'
[4.009s] running build
[4.009s] running build_py
[4.009s] running install
[4.021s] running install_lib
[4.063s] running install_data
[4.064s] running install_egg_info
[4.111s] removing '/home/devesh/Butterfly/project_2/libbot_final/install/libbot_bringup/lib/python3.12/site-packages/libbot_bringup-0.0.0-py3.12.egg-info' (and everything under it)
[4.112s] Copying ../../build/libbot_bringup/libbot_bringup.egg-info to /home/devesh/Butterfly/project_2/libbot_final/install/libbot_bringup/lib/python3.12/site-packages/libbot_bringup-0.0.0-py3.12.egg-info
[4.114s] running install_scripts
[4.371s] Installing camera_publisher script to /home/devesh/Butterfly/project_2/libbot_final/install/libbot_bringup/lib/libbot_bringup
[4.372s] writing list of installed files to '/home/devesh/Butterfly/project_2/libbot_final/build/libbot_bringup/install.log'
[4.487s] Invoked command in '/home/devesh/Butterfly/project_2/libbot_final/src/libbot_bringup' returned '0': DEBUGINFOD_URLS=https://debuginfod.ubuntu.com PYTHONPATH=/home/devesh/Butterfly/project_2/libbot_final/build/libbot_bringup/prefix_override:/usr/lib/python3/dist-packages/colcon_core/task/python/colcon_distutils_commands:/home/devesh/Butterfly/project_2/libbot_final/install/libbot_bringup/lib/python3.12/site-packages:${PYTHONPATH} /usr/bin/python3 -W ignore:setup.py install is deprecated -W ignore:easy_install command is deprecated setup.py egg_info --egg-base ../../build/libbot_bringup build --build-base /home/devesh/Butterfly/project_2/libbot_final/build/libbot_bringup/build install --record /home/devesh/Butterfly/project_2/libbot_final/build/libbot_bringup/install.log --single-version-externally-managed install_data
