[1.480s] Invoking command in '/home/devesh/Butterfly/project_2/libbot_final/src/libbot_bringup': DEBUGINFOD_URLS=https://debuginfod.ubuntu.com PYTHONPATH=/home/devesh/Butterfly/project_2/libbot_final/build/libbot_bringup/prefix_override:/usr/lib/python3/dist-packages/colcon_core/task/python/colcon_distutils_commands:/home/devesh/Butterfly/project_2/libbot_final/install/libbot_bringup/lib/python3.12/site-packages:${PYTHONPATH} /usr/bin/python3 -W ignore:setup.py install is deprecated -W ignore:easy_install command is deprecated setup.py egg_info --egg-base ../../build/libbot_bringup build --build-base /home/devesh/Butterfly/project_2/libbot_final/build/libbot_bringup/build install --record /home/devesh/Butterfly/project_2/libbot_final/build/libbot_bringup/install.log --single-version-externally-managed install_data
[1.923s] running egg_info
[1.955s] writing ../../build/libbot_bringup/libbot_bringup.egg-info/PKG-INFO
[1.955s] writing dependency_links to ../../build/libbot_bringup/libbot_bringup.egg-info/dependency_links.txt
[1.955s] writing entry points to ../../build/libbot_bringup/libbot_bringup.egg-info/entry_points.txt
[1.956s] writing requirements to ../../build/libbot_bringup/libbot_bringup.egg-info/requires.txt
[1.956s] writing top-level names to ../../build/libbot_bringup/libbot_bringup.egg-info/top_level.txt
[2.021s] reading manifest file '../../build/libbot_bringup/libbot_bringup.egg-info/SOURCES.txt'
[2.022s] adding license file 'LICENSE'
[2.023s] writing manifest file '../../build/libbot_bringup/libbot_bringup.egg-info/SOURCES.txt'
[2.023s] running build
[2.023s] running build_py
[2.023s] copying libbot_bringup/camera_publisher.py -> /home/devesh/Butterfly/project_2/libbot_final/build/libbot_bringup/build/lib/libbot_bringup
[2.024s] running install
[2.033s] running install_lib
[2.066s] copying /home/devesh/Butterfly/project_2/libbot_final/build/libbot_bringup/build/lib/libbot_bringup/camera_publisher.py -> /home/devesh/Butterfly/project_2/libbot_final/install/libbot_bringup/lib/python3.12/site-packages/libbot_bringup
[2.067s] byte-compiling /home/devesh/Butterfly/project_2/libbot_final/install/libbot_bringup/lib/python3.12/site-packages/libbot_bringup/camera_publisher.py to camera_publisher.cpython-312.pyc
[2.068s] running install_data
[2.069s] running install_egg_info
[2.103s] removing '/home/devesh/Butterfly/project_2/libbot_final/install/libbot_bringup/lib/python3.12/site-packages/libbot_bringup-0.0.0-py3.12.egg-info' (and everything under it)
[2.104s] Copying ../../build/libbot_bringup/libbot_bringup.egg-info to /home/devesh/Butterfly/project_2/libbot_final/install/libbot_bringup/lib/python3.12/site-packages/libbot_bringup-0.0.0-py3.12.egg-info
[2.105s] running install_scripts
[2.324s] Installing camera_publisher script to /home/devesh/Butterfly/project_2/libbot_final/install/libbot_bringup/lib/libbot_bringup
[2.324s] writing list of installed files to '/home/devesh/Butterfly/project_2/libbot_final/build/libbot_bringup/install.log'
[2.370s] Invoked command in '/home/devesh/Butterfly/project_2/libbot_final/src/libbot_bringup' returned '0': DEBUGINFOD_URLS=https://debuginfod.ubuntu.com PYTHONPATH=/home/devesh/Butterfly/project_2/libbot_final/build/libbot_bringup/prefix_override:/usr/lib/python3/dist-packages/colcon_core/task/python/colcon_distutils_commands:/home/devesh/Butterfly/project_2/libbot_final/install/libbot_bringup/lib/python3.12/site-packages:${PYTHONPATH} /usr/bin/python3 -W ignore:setup.py install is deprecated -W ignore:easy_install command is deprecated setup.py egg_info --egg-base ../../build/libbot_bringup build --build-base /home/devesh/Butterfly/project_2/libbot_final/build/libbot_bringup/build install --record /home/devesh/Butterfly/project_2/libbot_final/build/libbot_bringup/install.log --single-version-externally-managed install_data
