running egg_info
creating ../../build/libbot_bringup/libbot_bringup.egg-info
writing ../../build/libbot_bringup/libbot_bringup.egg-info/PKG-INFO
writing dependency_links to ../../build/libbot_bringup/libbot_bringup.egg-info/dependency_links.txt
writing requirements to ../../build/libbot_bringup/libbot_bringup.egg-info/requires.txt
writing top-level names to ../../build/libbot_bringup/libbot_bringup.egg-info/top_level.txt
writing manifest file '../../build/libbot_bringup/libbot_bringup.egg-info/SOURCES.txt'
reading manifest file '../../build/libbot_bringup/libbot_bringup.egg-info/SOURCES.txt'
adding license file 'LICENSE'
writing manifest file '../../build/libbot_bringup/libbot_bringup.egg-info/SOURCES.txt'
running build
running build_py
creating /home/devesh/Butterfly/project_2/libbot_final/build/libbot_bringup/build
creating /home/devesh/Butterfly/project_2/libbot_final/build/libbot_bringup/build/lib
creating /home/devesh/Butterfly/project_2/libbot_final/build/libbot_bringup/build/lib/libbot_bringup
copying libbot_bringup/__init__.py -> /home/devesh/Butterfly/project_2/libbot_final/build/libbot_bringup/build/lib/libbot_bringup
running install
running install_lib
creating /home/devesh/Butterfly/project_2/libbot_final/install/libbot_bringup/lib/python3.12/site-packages/libbot_bringup
copying /home/devesh/Butterfly/project_2/libbot_final/build/libbot_bringup/build/lib/libbot_bringup/__init__.py -> /home/devesh/Butterfly/project_2/libbot_final/install/libbot_bringup/lib/python3.12/site-packages/libbot_bringup
byte-compiling /home/devesh/Butterfly/project_2/libbot_final/install/libbot_bringup/lib/python3.12/site-packages/libbot_bringup/__init__.py to __init__.cpython-312.pyc
running install_data
creating /home/devesh/Butterfly/project_2/libbot_final/install/libbot_bringup/share/ament_index
creating /home/devesh/Butterfly/project_2/libbot_final/install/libbot_bringup/share/ament_index/resource_index
creating /home/devesh/Butterfly/project_2/libbot_final/install/libbot_bringup/share/ament_index/resource_index/packages
copying resource/libbot_bringup -> /home/devesh/Butterfly/project_2/libbot_final/install/libbot_bringup/share/ament_index/resource_index/packages
copying package.xml -> /home/devesh/Butterfly/project_2/libbot_final/install/libbot_bringup/share/libbot_bringup
creating /home/devesh/Butterfly/project_2/libbot_final/install/libbot_bringup/share/libbot_bringup/config
copying config/bringup_launch.rviz -> /home/devesh/Butterfly/project_2/libbot_final/install/libbot_bringup/share/libbot_bringup/config
copying config/description_launch.rviz -> /home/devesh/Butterfly/project_2/libbot_final/install/libbot_bringup/share/libbot_bringup/config
copying config/ekf.yaml -> /home/devesh/Butterfly/project_2/libbot_final/install/libbot_bringup/share/libbot_bringup/config
creating /home/devesh/Butterfly/project_2/libbot_final/install/libbot_bringup/share/libbot_bringup/launch
copying launch/description.launch.py -> /home/devesh/Butterfly/project_2/libbot_final/install/libbot_bringup/share/libbot_bringup/launch
copying launch/bringup.launch.py -> /home/devesh/Butterfly/project_2/libbot_final/install/libbot_bringup/share/libbot_bringup/launch
creating /home/devesh/Butterfly/project_2/libbot_final/install/libbot_bringup/share/libbot_bringup/urdf
copying urdf/libbot_core.xacro -> /home/devesh/Butterfly/project_2/libbot_final/install/libbot_bringup/share/libbot_bringup/urdf
copying urdf/lidar.xacro -> /home/devesh/Butterfly/project_2/libbot_final/install/libbot_bringup/share/libbot_bringup/urdf
copying urdf/materials.xacro -> /home/devesh/Butterfly/project_2/libbot_final/install/libbot_bringup/share/libbot_bringup/urdf
copying urdf/imu.xacro -> /home/devesh/Butterfly/project_2/libbot_final/install/libbot_bringup/share/libbot_bringup/urdf
copying urdf/libbot.urdf.xacro -> /home/devesh/Butterfly/project_2/libbot_final/install/libbot_bringup/share/libbot_bringup/urdf
copying urdf/libbot_gazebo_control.xacro -> /home/devesh/Butterfly/project_2/libbot_final/install/libbot_bringup/share/libbot_bringup/urdf
creating /home/devesh/Butterfly/project_2/libbot_final/install/libbot_bringup/share/libbot_bringup/urdf/meshes
copying urdf/meshes/chassis_frame.stl -> /home/devesh/Butterfly/project_2/libbot_final/install/libbot_bringup/share/libbot_bringup/urdf/meshes
copying urdf/meshes/caster_wheel.stl -> /home/devesh/Butterfly/project_2/libbot_final/install/libbot_bringup/share/libbot_bringup/urdf/meshes
running install_egg_info
Copying ../../build/libbot_bringup/libbot_bringup.egg-info to /home/devesh/Butterfly/project_2/libbot_final/install/libbot_bringup/lib/python3.12/site-packages/libbot_bringup-0.0.0-py3.12.egg-info
running install_scripts
writing list of installed files to '/home/devesh/Butterfly/project_2/libbot_final/build/libbot_bringup/install.log'
