[1.115s] Invoking command in '/home/devesh/Butterfly/project_2/libbot_final/src/libbot_bringup': DEBUGINFOD_URLS=https://debuginfod.ubuntu.com PYTHONPATH=/home/devesh/Butterfly/project_2/libbot_final/build/libbot_bringup/prefix_override:/usr/lib/python3/dist-packages/colcon_core/task/python/colcon_distutils_commands:/home/devesh/Butterfly/project_2/libbot_final/install/libbot_bringup/lib/python3.12/site-packages:${PYTHONPATH} /usr/bin/python3 -W ignore:setup.py install is deprecated -W ignore:easy_install command is deprecated setup.py egg_info --egg-base ../../build/libbot_bringup build --build-base /home/devesh/Butterfly/project_2/libbot_final/build/libbot_bringup/build install --record /home/devesh/Butterfly/project_2/libbot_final/build/libbot_bringup/install.log --single-version-externally-managed install_data
[1.388s] running egg_info
[1.388s] creating ../../build/libbot_bringup/libbot_bringup.egg-info
[1.407s] writing ../../build/libbot_bringup/libbot_bringup.egg-info/PKG-INFO
[1.408s] writing dependency_links to ../../build/libbot_bringup/libbot_bringup.egg-info/dependency_links.txt
[1.408s] writing requirements to ../../build/libbot_bringup/libbot_bringup.egg-info/requires.txt
[1.408s] writing top-level names to ../../build/libbot_bringup/libbot_bringup.egg-info/top_level.txt
[1.408s] writing manifest file '../../build/libbot_bringup/libbot_bringup.egg-info/SOURCES.txt'
[1.449s] reading manifest file '../../build/libbot_bringup/libbot_bringup.egg-info/SOURCES.txt'
[1.450s] adding license file 'LICENSE'
[1.450s] writing manifest file '../../build/libbot_bringup/libbot_bringup.egg-info/SOURCES.txt'
[1.450s] running build
[1.450s] running build_py
[1.451s] creating /home/devesh/Butterfly/project_2/libbot_final/build/libbot_bringup/build
[1.451s] creating /home/devesh/Butterfly/project_2/libbot_final/build/libbot_bringup/build/lib
[1.451s] creating /home/devesh/Butterfly/project_2/libbot_final/build/libbot_bringup/build/lib/libbot_bringup
[1.451s] copying libbot_bringup/__init__.py -> /home/devesh/Butterfly/project_2/libbot_final/build/libbot_bringup/build/lib/libbot_bringup
[1.451s] running install
[1.457s] running install_lib
[1.478s] creating /home/devesh/Butterfly/project_2/libbot_final/install/libbot_bringup/lib/python3.12/site-packages/libbot_bringup
[1.478s] copying /home/devesh/Butterfly/project_2/libbot_final/build/libbot_bringup/build/lib/libbot_bringup/__init__.py -> /home/devesh/Butterfly/project_2/libbot_final/install/libbot_bringup/lib/python3.12/site-packages/libbot_bringup
[1.478s] byte-compiling /home/devesh/Butterfly/project_2/libbot_final/install/libbot_bringup/lib/python3.12/site-packages/libbot_bringup/__init__.py to __init__.cpython-312.pyc
[1.479s] running install_data
[1.479s] creating /home/devesh/Butterfly/project_2/libbot_final/install/libbot_bringup/share/ament_index
[1.479s] creating /home/devesh/Butterfly/project_2/libbot_final/install/libbot_bringup/share/ament_index/resource_index
[1.479s] creating /home/devesh/Butterfly/project_2/libbot_final/install/libbot_bringup/share/ament_index/resource_index/packages
[1.479s] copying resource/libbot_bringup -> /home/devesh/Butterfly/project_2/libbot_final/install/libbot_bringup/share/ament_index/resource_index/packages
[1.479s] copying package.xml -> /home/devesh/Butterfly/project_2/libbot_final/install/libbot_bringup/share/libbot_bringup
[1.480s] creating /home/devesh/Butterfly/project_2/libbot_final/install/libbot_bringup/share/libbot_bringup/config
[1.480s] copying config/bringup_launch.rviz -> /home/devesh/Butterfly/project_2/libbot_final/install/libbot_bringup/share/libbot_bringup/config
[1.480s] copying config/description_launch.rviz -> /home/devesh/Butterfly/project_2/libbot_final/install/libbot_bringup/share/libbot_bringup/config
[1.480s] copying config/ekf.yaml -> /home/devesh/Butterfly/project_2/libbot_final/install/libbot_bringup/share/libbot_bringup/config
[1.480s] creating /home/devesh/Butterfly/project_2/libbot_final/install/libbot_bringup/share/libbot_bringup/launch
[1.481s] copying launch/description.launch.py -> /home/devesh/Butterfly/project_2/libbot_final/install/libbot_bringup/share/libbot_bringup/launch
[1.481s] copying launch/bringup.launch.py -> /home/devesh/Butterfly/project_2/libbot_final/install/libbot_bringup/share/libbot_bringup/launch
[1.481s] creating /home/devesh/Butterfly/project_2/libbot_final/install/libbot_bringup/share/libbot_bringup/urdf
[1.481s] copying urdf/libbot_core.xacro -> /home/devesh/Butterfly/project_2/libbot_final/install/libbot_bringup/share/libbot_bringup/urdf
[1.482s] copying urdf/lidar.xacro -> /home/devesh/Butterfly/project_2/libbot_final/install/libbot_bringup/share/libbot_bringup/urdf
[1.482s] copying urdf/materials.xacro -> /home/devesh/Butterfly/project_2/libbot_final/install/libbot_bringup/share/libbot_bringup/urdf
[1.482s] copying urdf/imu.xacro -> /home/devesh/Butterfly/project_2/libbot_final/install/libbot_bringup/share/libbot_bringup/urdf
[1.482s] copying urdf/libbot.urdf.xacro -> /home/devesh/Butterfly/project_2/libbot_final/install/libbot_bringup/share/libbot_bringup/urdf
[1.482s] copying urdf/libbot_gazebo_control.xacro -> /home/devesh/Butterfly/project_2/libbot_final/install/libbot_bringup/share/libbot_bringup/urdf
[1.482s] creating /home/devesh/Butterfly/project_2/libbot_final/install/libbot_bringup/share/libbot_bringup/urdf/meshes
[1.483s] copying urdf/meshes/chassis_frame.stl -> /home/devesh/Butterfly/project_2/libbot_final/install/libbot_bringup/share/libbot_bringup/urdf/meshes
[1.483s] copying urdf/meshes/caster_wheel.stl -> /home/devesh/Butterfly/project_2/libbot_final/install/libbot_bringup/share/libbot_bringup/urdf/meshes
[1.483s] running install_egg_info
[1.503s] Copying ../../build/libbot_bringup/libbot_bringup.egg-info to /home/devesh/Butterfly/project_2/libbot_final/install/libbot_bringup/lib/python3.12/site-packages/libbot_bringup-0.0.0-py3.12.egg-info
[1.504s] running install_scripts
[1.640s] writing list of installed files to '/home/devesh/Butterfly/project_2/libbot_final/build/libbot_bringup/install.log'
[1.683s] Invoked command in '/home/devesh/Butterfly/project_2/libbot_final/src/libbot_bringup' returned '0': DEBUGINFOD_URLS=https://debuginfod.ubuntu.com PYTHONPATH=/home/devesh/Butterfly/project_2/libbot_final/build/libbot_bringup/prefix_override:/usr/lib/python3/dist-packages/colcon_core/task/python/colcon_distutils_commands:/home/devesh/Butterfly/project_2/libbot_final/install/libbot_bringup/lib/python3.12/site-packages:${PYTHONPATH} /usr/bin/python3 -W ignore:setup.py install is deprecated -W ignore:easy_install command is deprecated setup.py egg_info --egg-base ../../build/libbot_bringup build --build-base /home/devesh/Butterfly/project_2/libbot_final/build/libbot_bringup/build install --record /home/devesh/Butterfly/project_2/libbot_final/build/libbot_bringup/install.log --single-version-externally-managed install_data
