[0.000000] (-) TimerEvent: {}
[0.001253] (-) JobUnselected: {'identifier': 'drive_base_msgs'}
[0.001386] (-) JobUnselected: {'identifier': 'libbot_bringup'}
[0.001447] (-) JobUnselected: {'identifier': 'libbot_gazebo'}
[0.001498] (-) JobUnselected: {'identifier': 'libbot_lib_interface'}
[0.001537] (-) JobUnselected: {'identifier': 'libbot_mapping'}
[0.001580] (-) JobUnselected: {'identifier': 'libbot_navigation'}
[0.001619] (-) JobUnselected: {'identifier': 'micro_ros_agent'}
[0.001658] (-) JobUnselected: {'identifier': 'micro_ros_msgs'}
[0.001704] (sllidar_ros2) JobQueued: {'identifier': 'sllidar_ros2', 'dependencies': OrderedDict()}
[0.001753] (sllidar_ros2) JobStarted: {'identifier': 'sllidar_ros2'}
[0.024237] (sllidar_ros2) JobProgress: {'identifier': 'sllidar_ros2', 'progress': 'cmake'}
[0.025533] (sllidar_ros2) JobProgress: {'identifier': 'sllidar_ros2', 'progress': 'build'}
[0.026439] (sllidar_ros2) Command: {'cmd': ['/usr/bin/cmake', '--build', '/home/devesh/Butterfly/project_2/libbot_final/build/sllidar_ros2', '--', '-j12', '-l12'], 'cwd': '/home/devesh/Butterfly/project_2/libbot_final/build/sllidar_ros2', 'env': OrderedDict({'USER': 'devesh', 'GZ_CONFIG_PATH': '/opt/ros/jazzy/opt/gz_sim_vendor/share/gz:/opt/ros/jazzy/opt/sdformat_vendor/share/gz:/opt/ros/jazzy/opt/gz_gui_vendor/share/gz:/opt/ros/jazzy/opt/gz_transport_vendor/share/gz:/opt/ros/jazzy/opt/gz_rendering_vendor/share/gz:/opt/ros/jazzy/opt/gz_plugin_vendor/share/gz:/opt/ros/jazzy/opt/gz_fuel_tools_vendor/share/gz:/opt/ros/jazzy/opt/gz_msgs_vendor/share/gz:/opt/ros/jazzy/opt/gz_common_vendor/share/gz', 'XDG_SESSION_TYPE': 'x11', 'SHLVL': '1', 'LD_LIBRARY_PATH': '/home/devesh/Butterfly/project_2/libbot_final/install/micro_ros_agent/lib:/home/devesh/Butterfly/project_2/libbot_final/install/micro_ros_msgs/lib:/home/devesh/Butterfly/project_2/libbot_final/install/drive_base_msgs/lib:/opt/ros/jazzy/opt/gz_sim_vendor/lib:/opt/ros/jazzy/opt/gz_sensors_vendor/lib:/opt/ros/jazzy/opt/gz_physics_vendor/lib:/opt/ros/jazzy/opt/sdformat_vendor/lib:/opt/ros/jazzy/opt/rviz_ogre_vendor/lib:/opt/ros/jazzy/lib/x86_64-linux-gnu:/opt/ros/jazzy/opt/gz_gui_vendor/lib:/opt/ros/jazzy/opt/gz_transport_vendor/lib:/opt/ros/jazzy/opt/gz_rendering_vendor/lib:/opt/ros/jazzy/opt/gz_plugin_vendor/lib:/opt/ros/jazzy/opt/gz_fuel_tools_vendor/lib:/opt/ros/jazzy/opt/gz_msgs_vendor/lib:/opt/ros/jazzy/opt/gz_common_vendor/lib:/opt/ros/jazzy/opt/gz_math_vendor/lib:/opt/ros/jazzy/opt/gz_utils_vendor/lib:/opt/ros/jazzy/opt/gz_tools_vendor/lib:/opt/ros/jazzy/opt/gz_ogre_next_vendor/lib:/opt/ros/jazzy/opt/gz_dartsim_vendor/lib:/opt/ros/jazzy/opt/gz_cmake_vendor/lib:/opt/ros/jazzy/lib', 'HOME': '/home/devesh', 'OLDPWD': '/home/devesh', 'DESKTOP_SESSION': 'ubuntu', 'GTK_MODULES': 'gail:atk-bridge', 'GNOME_SHELL_SESSION_MODE': 'ubuntu', 'ROS_PYTHON_VERSION': '3', 'SYSTEMD_EXEC_PID': '2186', 'DBUS_SESSION_BUS_ADDRESS': 'unix:path=/run/user/1000/bus', 'GSM_SKIP_SSH_AGENT_WORKAROUND': 'true', 'P9K_TTY': 'old', 'COLORTERM': 'truecolor', 'DEBUGINFOD_URLS': 'https://debuginfod.ubuntu.com', 'ROS_DISTRO': 'jazzy', 'COLCON_PREFIX_PATH': '/home/devesh/Butterfly/project_2/libbot_final/install', 'LOGNAME': 'devesh', '_P9K_SSH_TTY': '/dev/pts/0', '_': '/usr/bin/colcon', 'MEMORY_PRESSURE_WATCH': '/sys/fs/cgroup/user.slice/user-1000.slice/user@1000.service/session.slice/org.gnome.Shell@x11.service/memory.pressure', 'XDG_SESSION_CLASS': 'user', 'ROS_VERSION': '2', 'USERNAME': 'devesh', 'TERM': 'xterm-256color', 'GNOME_DESKTOP_SESSION_ID': 'this-is-deprecated', 'WINDOWPATH': '2', 'PATH': '/opt/ros/jazzy/opt/gz_msgs_vendor/bin:/opt/ros/jazzy/opt/gz_tools_vendor/bin:/opt/ros/jazzy/opt/gz_ogre_next_vendor/bin:/opt/ros/jazzy/bin:/usr/local/sbin:/usr/local/bin:/usr/sbin:/usr/bin:/sbin:/bin:/usr/games:/usr/local/games:/snap/bin:/snap/bin:/opt/nvim-linux64/bin', 'SESSION_MANAGER': 'local/Devesh-O15:@/tmp/.ICE-unix/2139,unix/Devesh-O15:/tmp/.ICE-unix/2139', 'GNOME_TERMINAL_SCREEN': '/org/gnome/Terminal/screen/62045cb3_c281_4c24_895b_694e62e2f3ef', 'XDG_MENU_PREFIX': 'gnome-', 'XDG_RUNTIME_DIR': '/run/user/1000', 'DISPLAY': ':0', 'LANG': 'en_US.UTF-8', 'XDG_CURRENT_DESKTOP': 'ubuntu:GNOME', 'XDG_SESSION_DESKTOP': 'ubuntu', 'GNOME_TERMINAL_SERVICE': ':1.137', 'XMODIFIERS': '@im=ibus', 'XAUTHORITY': '/run/user/1000/gdm/Xauthority', 'XDG_CONFIG_HOME': '/home/devesh/.config/', 'SSH_AUTH_SOCK': '/run/user/1000/keyring/ssh', 'AMENT_PREFIX_PATH': '/home/devesh/Butterfly/project_2/libbot_final/install/sllidar_ros2:/home/devesh/Butterfly/project_2/libbot_final/install/micro_ros_agent:/home/devesh/Butterfly/project_2/libbot_final/install/micro_ros_msgs:/home/devesh/Butterfly/project_2/libbot_final/install/libbot_navigation:/home/devesh/Butterfly/project_2/libbot_final/install/libbot_mapping:/home/devesh/Butterfly/project_2/libbot_final/install/libbot_lib_interface:/home/devesh/Butterfly/project_2/libbot_final/install/libbot_gazebo:/home/devesh/Butterfly/project_2/libbot_final/install/libbot_bringup:/home/devesh/Butterfly/project_2/libbot_final/install/drive_base_msgs:/opt/ros/jazzy', 'SHELL': '/usr/bin/zsh', 'QT_ACCESSIBILITY': '1', 'GDMSESSION': 'ubuntu', 'GPG_AGENT_INFO': '/run/user/1000/gnupg/S.gpg-agent:0:1', 'P9K_SSH': '0', 'QT_IM_MODULE': 'ibus', 'ROS_AUTOMATIC_DISCOVERY_RANGE': 'SUBNET', 'PWD': '/home/devesh/Butterfly/project_2/libbot_final/build/sllidar_ros2', 'XDG_CONFIG_DIRS': '/etc/xdg/xdg-ubuntu:/etc/xdg', 'XDG_DATA_DIRS': '/usr/share/ubuntu:/usr/share/gnome:/usr/local/share/:/usr/share/:/var/lib/snapd/desktop', 'ZDOTDIR': '/home/devesh/.config//zsh/', '_P9K_TTY': '/dev/pts/0', 'PYTHONPATH': '/home/devesh/Butterfly/project_2/libbot_final/install/micro_ros_msgs/lib/python3.12/site-packages:/home/devesh/Butterfly/project_2/libbot_final/install/libbot_navigation/lib/python3.12/site-packages:/home/devesh/Butterfly/project_2/libbot_final/install/libbot_mapping/lib/python3.12/site-packages:/home/devesh/Butterfly/project_2/libbot_final/install/libbot_lib_interface/lib/python3.12/site-packages:/home/devesh/Butterfly/project_2/libbot_final/install/libbot_gazebo/lib/python3.12/site-packages:/home/devesh/Butterfly/project_2/libbot_final/install/libbot_bringup/lib/python3.12/site-packages:/home/devesh/Butterfly/project_2/libbot_final/install/drive_base_msgs/lib/python3.12/site-packages:/opt/ros/jazzy/lib/python3.12/site-packages', 'COLCON': '1', 'MEMORY_PRESSURE_WRITE': 'c29tZSAyMDAwMDAgMjAwMDAwMAA=', 'VTE_VERSION': '7600', 'CMAKE_PREFIX_PATH': '/home/devesh/Butterfly/project_2/libbot_final/install/sllidar_ros2:/home/devesh/Butterfly/project_2/libbot_final/install/micro_ros_agent:/home/devesh/Butterfly/project_2/libbot_final/install/micro_ros_msgs:/home/devesh/Butterfly/project_2/libbot_final/install/drive_base_msgs:/opt/ros/jazzy/opt/gz_sim_vendor:/opt/ros/jazzy/opt/gz_sensors_vendor:/opt/ros/jazzy/opt/gz_physics_vendor:/opt/ros/jazzy/opt/sdformat_vendor:/opt/ros/jazzy/opt/gz_gui_vendor:/opt/ros/jazzy/opt/gz_transport_vendor:/opt/ros/jazzy/opt/gz_rendering_vendor:/opt/ros/jazzy/opt/gz_plugin_vendor:/opt/ros/jazzy/opt/gz_fuel_tools_vendor:/opt/ros/jazzy/opt/gz_msgs_vendor:/opt/ros/jazzy/opt/gz_common_vendor:/opt/ros/jazzy/opt/gz_math_vendor:/opt/ros/jazzy/opt/gz_utils_vendor:/opt/ros/jazzy/opt/gz_tools_vendor:/opt/ros/jazzy/opt/gz_ogre_next_vendor:/opt/ros/jazzy/opt/gz_dartsim_vendor:/opt/ros/jazzy/opt/gz_cmake_vendor:/home/devesh/Butterfly/project_2/libbot_final/install/libbot_navigation:/home/devesh/Butterfly/project_2/libbot_final/install/libbot_mapping:/home/devesh/Butterfly/project_2/libbot_final/install/libbot_lib_interface:/home/devesh/Butterfly/project_2/libbot_final/install/libbot_gazebo:/home/devesh/Butterfly/project_2/libbot_final/install/libbot_bringup:/opt/ros/jazzy'}), 'shell': False}
[0.099436] (-) TimerEvent: {}
[0.181538] (sllidar_ros2) StdoutLine: {'line': b'[ 10%] Built target sllidar_client\n'}
[0.199634] (-) TimerEvent: {}
[0.242687] (sllidar_ros2) StdoutLine: {'line': b'[ 15%] \x1b[32mBuilding CXX object CMakeFiles/sllidar_node.dir/src/sllidar_node.cpp.o\x1b[0m\n'}
[0.299804] (-) TimerEvent: {}
[0.400389] (-) TimerEvent: {}
[0.500941] (-) TimerEvent: {}
[0.601523] (-) TimerEvent: {}
[0.702084] (-) TimerEvent: {}
[0.803097] (-) TimerEvent: {}
[0.904001] (-) TimerEvent: {}
[1.004619] (-) TimerEvent: {}
[1.105195] (-) TimerEvent: {}
[1.206088] (-) TimerEvent: {}
[1.307027] (-) TimerEvent: {}
[1.407861] (-) TimerEvent: {}
[1.508465] (-) TimerEvent: {}
[1.609222] (-) TimerEvent: {}
[1.709947] (-) TimerEvent: {}
[1.810476] (-) TimerEvent: {}
[1.910929] (-) TimerEvent: {}
[2.011570] (-) TimerEvent: {}
[2.112019] (-) TimerEvent: {}
[2.212466] (-) TimerEvent: {}
[2.312883] (-) TimerEvent: {}
[2.413288] (-) TimerEvent: {}
[2.513772] (-) TimerEvent: {}
[2.614178] (-) TimerEvent: {}
[2.714654] (-) TimerEvent: {}
[2.815438] (-) TimerEvent: {}
[2.915887] (-) TimerEvent: {}
[3.016278] (-) TimerEvent: {}
[3.116740] (-) TimerEvent: {}
[3.217156] (-) TimerEvent: {}
[3.317641] (-) TimerEvent: {}
[3.418078] (-) TimerEvent: {}
[3.451396] (sllidar_ros2) StderrLine: {'line': b'In file included from \x1b[01m\x1b[K/home/devesh/Butterfly/project_2/libbot_final/src/sllidar_ros2/./sdk/include/sl_lidar_cmd.h:41\x1b[m\x1b[K,\n'}
[3.451915] (sllidar_ros2) StderrLine: {'line': b'                 from \x1b[01m\x1b[K/home/devesh/Butterfly/project_2/libbot_final/src/sllidar_ros2/./sdk/include/sl_lidar_driver.h:54\x1b[m\x1b[K,\n'}
[3.452157] (sllidar_ros2) StderrLine: {'line': b'                 from \x1b[01m\x1b[K/home/devesh/Butterfly/project_2/libbot_final/src/sllidar_ros2/./sdk/include/sl_lidar.h:36\x1b[m\x1b[K,\n'}
[3.452467] (sllidar_ros2) StderrLine: {'line': b'                 from \x1b[01m\x1b[K/home/devesh/Butterfly/project_2/libbot_final/src/sllidar_ros2/src/sllidar_node.cpp:38\x1b[m\x1b[K:\n'}
[3.452683] (sllidar_ros2) StderrLine: {'line': b'\x1b[01m\x1b[K/home/devesh/Butterfly/project_2/libbot_final/src/sllidar_ros2/./sdk/include/sl_lidar_protocol.h:66:16:\x1b[m\x1b[K \x1b[01;35m\x1b[Kwarning: \x1b[m\x1b[KISO C++ forbids zero-size array \xe2\x80\x98\x1b[01m\x1b[Kdata\x1b[m\x1b[K\xe2\x80\x99 [\x1b[01;35m\x1b[K\x1b]8;;https://gcc.gnu.org/onlinedocs/gcc/Warning-Options.html#index-Wpedantic\x07-Wpedantic\x1b]8;;\x07\x1b[m\x1b[K]\n'}
[3.452877] (sllidar_ros2) StderrLine: {'line': b'   66 |     sl_u8 data[\x1b[01;35m\x1b[K0\x1b[m\x1b[K];\n'}
[3.453107] (sllidar_ros2) StderrLine: {'line': b'      |                \x1b[01;35m\x1b[K^\x1b[m\x1b[K\n'}
[3.453403] (sllidar_ros2) StderrLine: {'line': b'\x1b[01m\x1b[K/home/devesh/Butterfly/project_2/libbot_final/src/sllidar_ros2/./sdk/include/sl_lidar_cmd.h:324:20:\x1b[m\x1b[K \x1b[01;35m\x1b[Kwarning: \x1b[m\x1b[KISO C++ forbids zero-size array \xe2\x80\x98\x1b[01m\x1b[Kpayload\x1b[m\x1b[K\xe2\x80\x99 [\x1b[01;35m\x1b[K\x1b]8;;https://gcc.gnu.org/onlinedocs/gcc/Warning-Options.html#index-Wpedantic\x07-Wpedantic\x1b]8;;\x07\x1b[m\x1b[K]\n'}
[3.453671] (sllidar_ros2) StderrLine: {'line': b'  324 |     sl_u8  payload[\x1b[01;35m\x1b[K0\x1b[m\x1b[K];\n'}
[3.453883] (sllidar_ros2) StderrLine: {'line': b'      |                    \x1b[01;35m\x1b[K^\x1b[m\x1b[K\n'}
[3.518271] (-) TimerEvent: {}
[3.618880] (-) TimerEvent: {}
[3.719481] (-) TimerEvent: {}
[3.819953] (-) TimerEvent: {}
[3.920480] (-) TimerEvent: {}
[4.021035] (-) TimerEvent: {}
[4.121567] (-) TimerEvent: {}
[4.222009] (-) TimerEvent: {}
[4.322455] (-) TimerEvent: {}
[4.422901] (-) TimerEvent: {}
[4.523344] (-) TimerEvent: {}
[4.623839] (-) TimerEvent: {}
[4.724287] (-) TimerEvent: {}
[4.824769] (-) TimerEvent: {}
[4.925208] (-) TimerEvent: {}
[5.025710] (-) TimerEvent: {}
[5.126164] (-) TimerEvent: {}
[5.226650] (-) TimerEvent: {}
[5.327087] (-) TimerEvent: {}
[5.427541] (-) TimerEvent: {}
[5.528041] (-) TimerEvent: {}
[5.628473] (-) TimerEvent: {}
[5.728869] (-) TimerEvent: {}
[5.829296] (-) TimerEvent: {}
[5.929745] (-) TimerEvent: {}
[6.030121] (-) TimerEvent: {}
[6.130574] (-) TimerEvent: {}
[6.231002] (-) TimerEvent: {}
[6.331475] (-) TimerEvent: {}
[6.431916] (-) TimerEvent: {}
[6.532349] (-) TimerEvent: {}
[6.632845] (-) TimerEvent: {}
[6.733291] (-) TimerEvent: {}
[6.833792] (-) TimerEvent: {}
[6.934210] (-) TimerEvent: {}
[7.034693] (-) TimerEvent: {}
[7.135124] (-) TimerEvent: {}
[7.235594] (-) TimerEvent: {}
[7.336027] (-) TimerEvent: {}
[7.436669] (-) TimerEvent: {}
[7.483627] (sllidar_ros2) StdoutLine: {'line': b'[ 20%] \x1b[32m\x1b[1mLinking CXX executable sllidar_node\x1b[0m\n'}
[7.536867] (-) TimerEvent: {}
[7.637334] (-) TimerEvent: {}
[7.737859] (-) TimerEvent: {}
[7.838452] (-) TimerEvent: {}
[7.881167] (sllidar_ros2) StdoutLine: {'line': b'[100%] Built target sllidar_node\n'}
[7.909595] (sllidar_ros2) CommandEnded: {'returncode': 0}
[7.910808] (sllidar_ros2) JobProgress: {'identifier': 'sllidar_ros2', 'progress': 'install'}
[7.937618] (sllidar_ros2) Command: {'cmd': ['/usr/bin/cmake', '--install', '/home/devesh/Butterfly/project_2/libbot_final/build/sllidar_ros2'], 'cwd': '/home/devesh/Butterfly/project_2/libbot_final/build/sllidar_ros2', 'env': OrderedDict({'USER': 'devesh', 'GZ_CONFIG_PATH': '/opt/ros/jazzy/opt/gz_sim_vendor/share/gz:/opt/ros/jazzy/opt/sdformat_vendor/share/gz:/opt/ros/jazzy/opt/gz_gui_vendor/share/gz:/opt/ros/jazzy/opt/gz_transport_vendor/share/gz:/opt/ros/jazzy/opt/gz_rendering_vendor/share/gz:/opt/ros/jazzy/opt/gz_plugin_vendor/share/gz:/opt/ros/jazzy/opt/gz_fuel_tools_vendor/share/gz:/opt/ros/jazzy/opt/gz_msgs_vendor/share/gz:/opt/ros/jazzy/opt/gz_common_vendor/share/gz', 'XDG_SESSION_TYPE': 'x11', 'SHLVL': '1', 'LD_LIBRARY_PATH': '/home/devesh/Butterfly/project_2/libbot_final/install/micro_ros_agent/lib:/home/devesh/Butterfly/project_2/libbot_final/install/micro_ros_msgs/lib:/home/devesh/Butterfly/project_2/libbot_final/install/drive_base_msgs/lib:/opt/ros/jazzy/opt/gz_sim_vendor/lib:/opt/ros/jazzy/opt/gz_sensors_vendor/lib:/opt/ros/jazzy/opt/gz_physics_vendor/lib:/opt/ros/jazzy/opt/sdformat_vendor/lib:/opt/ros/jazzy/opt/rviz_ogre_vendor/lib:/opt/ros/jazzy/lib/x86_64-linux-gnu:/opt/ros/jazzy/opt/gz_gui_vendor/lib:/opt/ros/jazzy/opt/gz_transport_vendor/lib:/opt/ros/jazzy/opt/gz_rendering_vendor/lib:/opt/ros/jazzy/opt/gz_plugin_vendor/lib:/opt/ros/jazzy/opt/gz_fuel_tools_vendor/lib:/opt/ros/jazzy/opt/gz_msgs_vendor/lib:/opt/ros/jazzy/opt/gz_common_vendor/lib:/opt/ros/jazzy/opt/gz_math_vendor/lib:/opt/ros/jazzy/opt/gz_utils_vendor/lib:/opt/ros/jazzy/opt/gz_tools_vendor/lib:/opt/ros/jazzy/opt/gz_ogre_next_vendor/lib:/opt/ros/jazzy/opt/gz_dartsim_vendor/lib:/opt/ros/jazzy/opt/gz_cmake_vendor/lib:/opt/ros/jazzy/lib', 'HOME': '/home/devesh', 'OLDPWD': '/home/devesh', 'DESKTOP_SESSION': 'ubuntu', 'GTK_MODULES': 'gail:atk-bridge', 'GNOME_SHELL_SESSION_MODE': 'ubuntu', 'ROS_PYTHON_VERSION': '3', 'SYSTEMD_EXEC_PID': '2186', 'DBUS_SESSION_BUS_ADDRESS': 'unix:path=/run/user/1000/bus', 'GSM_SKIP_SSH_AGENT_WORKAROUND': 'true', 'P9K_TTY': 'old', 'COLORTERM': 'truecolor', 'DEBUGINFOD_URLS': 'https://debuginfod.ubuntu.com', 'ROS_DISTRO': 'jazzy', 'COLCON_PREFIX_PATH': '/home/devesh/Butterfly/project_2/libbot_final/install', 'LOGNAME': 'devesh', '_P9K_SSH_TTY': '/dev/pts/0', '_': '/usr/bin/colcon', 'MEMORY_PRESSURE_WATCH': '/sys/fs/cgroup/user.slice/user-1000.slice/user@1000.service/session.slice/org.gnome.Shell@x11.service/memory.pressure', 'XDG_SESSION_CLASS': 'user', 'ROS_VERSION': '2', 'USERNAME': 'devesh', 'TERM': 'xterm-256color', 'GNOME_DESKTOP_SESSION_ID': 'this-is-deprecated', 'WINDOWPATH': '2', 'PATH': '/opt/ros/jazzy/opt/gz_msgs_vendor/bin:/opt/ros/jazzy/opt/gz_tools_vendor/bin:/opt/ros/jazzy/opt/gz_ogre_next_vendor/bin:/opt/ros/jazzy/bin:/usr/local/sbin:/usr/local/bin:/usr/sbin:/usr/bin:/sbin:/bin:/usr/games:/usr/local/games:/snap/bin:/snap/bin:/opt/nvim-linux64/bin', 'SESSION_MANAGER': 'local/Devesh-O15:@/tmp/.ICE-unix/2139,unix/Devesh-O15:/tmp/.ICE-unix/2139', 'GNOME_TERMINAL_SCREEN': '/org/gnome/Terminal/screen/62045cb3_c281_4c24_895b_694e62e2f3ef', 'XDG_MENU_PREFIX': 'gnome-', 'XDG_RUNTIME_DIR': '/run/user/1000', 'DISPLAY': ':0', 'LANG': 'en_US.UTF-8', 'XDG_CURRENT_DESKTOP': 'ubuntu:GNOME', 'XDG_SESSION_DESKTOP': 'ubuntu', 'GNOME_TERMINAL_SERVICE': ':1.137', 'XMODIFIERS': '@im=ibus', 'XAUTHORITY': '/run/user/1000/gdm/Xauthority', 'XDG_CONFIG_HOME': '/home/devesh/.config/', 'SSH_AUTH_SOCK': '/run/user/1000/keyring/ssh', 'AMENT_PREFIX_PATH': '/home/devesh/Butterfly/project_2/libbot_final/install/sllidar_ros2:/home/devesh/Butterfly/project_2/libbot_final/install/micro_ros_agent:/home/devesh/Butterfly/project_2/libbot_final/install/micro_ros_msgs:/home/devesh/Butterfly/project_2/libbot_final/install/libbot_navigation:/home/devesh/Butterfly/project_2/libbot_final/install/libbot_mapping:/home/devesh/Butterfly/project_2/libbot_final/install/libbot_lib_interface:/home/devesh/Butterfly/project_2/libbot_final/install/libbot_gazebo:/home/devesh/Butterfly/project_2/libbot_final/install/libbot_bringup:/home/devesh/Butterfly/project_2/libbot_final/install/drive_base_msgs:/opt/ros/jazzy', 'SHELL': '/usr/bin/zsh', 'QT_ACCESSIBILITY': '1', 'GDMSESSION': 'ubuntu', 'GPG_AGENT_INFO': '/run/user/1000/gnupg/S.gpg-agent:0:1', 'P9K_SSH': '0', 'QT_IM_MODULE': 'ibus', 'ROS_AUTOMATIC_DISCOVERY_RANGE': 'SUBNET', 'PWD': '/home/devesh/Butterfly/project_2/libbot_final/build/sllidar_ros2', 'XDG_CONFIG_DIRS': '/etc/xdg/xdg-ubuntu:/etc/xdg', 'XDG_DATA_DIRS': '/usr/share/ubuntu:/usr/share/gnome:/usr/local/share/:/usr/share/:/var/lib/snapd/desktop', 'ZDOTDIR': '/home/devesh/.config//zsh/', '_P9K_TTY': '/dev/pts/0', 'PYTHONPATH': '/home/devesh/Butterfly/project_2/libbot_final/install/micro_ros_msgs/lib/python3.12/site-packages:/home/devesh/Butterfly/project_2/libbot_final/install/libbot_navigation/lib/python3.12/site-packages:/home/devesh/Butterfly/project_2/libbot_final/install/libbot_mapping/lib/python3.12/site-packages:/home/devesh/Butterfly/project_2/libbot_final/install/libbot_lib_interface/lib/python3.12/site-packages:/home/devesh/Butterfly/project_2/libbot_final/install/libbot_gazebo/lib/python3.12/site-packages:/home/devesh/Butterfly/project_2/libbot_final/install/libbot_bringup/lib/python3.12/site-packages:/home/devesh/Butterfly/project_2/libbot_final/install/drive_base_msgs/lib/python3.12/site-packages:/opt/ros/jazzy/lib/python3.12/site-packages', 'COLCON': '1', 'MEMORY_PRESSURE_WRITE': 'c29tZSAyMDAwMDAgMjAwMDAwMAA=', 'VTE_VERSION': '7600', 'CMAKE_PREFIX_PATH': '/home/devesh/Butterfly/project_2/libbot_final/install/sllidar_ros2:/home/devesh/Butterfly/project_2/libbot_final/install/micro_ros_agent:/home/devesh/Butterfly/project_2/libbot_final/install/micro_ros_msgs:/home/devesh/Butterfly/project_2/libbot_final/install/drive_base_msgs:/opt/ros/jazzy/opt/gz_sim_vendor:/opt/ros/jazzy/opt/gz_sensors_vendor:/opt/ros/jazzy/opt/gz_physics_vendor:/opt/ros/jazzy/opt/sdformat_vendor:/opt/ros/jazzy/opt/gz_gui_vendor:/opt/ros/jazzy/opt/gz_transport_vendor:/opt/ros/jazzy/opt/gz_rendering_vendor:/opt/ros/jazzy/opt/gz_plugin_vendor:/opt/ros/jazzy/opt/gz_fuel_tools_vendor:/opt/ros/jazzy/opt/gz_msgs_vendor:/opt/ros/jazzy/opt/gz_common_vendor:/opt/ros/jazzy/opt/gz_math_vendor:/opt/ros/jazzy/opt/gz_utils_vendor:/opt/ros/jazzy/opt/gz_tools_vendor:/opt/ros/jazzy/opt/gz_ogre_next_vendor:/opt/ros/jazzy/opt/gz_dartsim_vendor:/opt/ros/jazzy/opt/gz_cmake_vendor:/home/devesh/Butterfly/project_2/libbot_final/install/libbot_navigation:/home/devesh/Butterfly/project_2/libbot_final/install/libbot_mapping:/home/devesh/Butterfly/project_2/libbot_final/install/libbot_lib_interface:/home/devesh/Butterfly/project_2/libbot_final/install/libbot_gazebo:/home/devesh/Butterfly/project_2/libbot_final/install/libbot_bringup:/opt/ros/jazzy'}), 'shell': False}
[7.939320] (-) TimerEvent: {}
[7.953474] (sllidar_ros2) StdoutLine: {'line': b'-- Install configuration: ""\n'}
[7.954554] (sllidar_ros2) StdoutLine: {'line': b'-- Up-to-date: /home/devesh/Butterfly/project_2/libbot_final/install/sllidar_ros2/share/sllidar_ros2/launch\n'}
[7.954856] (sllidar_ros2) StdoutLine: {'line': b'-- Up-to-date: /home/devesh/Butterfly/project_2/libbot_final/install/sllidar_ros2/share/sllidar_ros2/launch/view_sllidar_s2_launch.py\n'}
[7.955056] (sllidar_ros2) StdoutLine: {'line': b'-- Up-to-date: /home/devesh/Butterfly/project_2/libbot_final/install/sllidar_ros2/share/sllidar_ros2/launch/view_sllidar_s3_launch.py\n'}
[7.955305] (sllidar_ros2) StdoutLine: {'line': b'-- Up-to-date: /home/devesh/Butterfly/project_2/libbot_final/install/sllidar_ros2/share/sllidar_ros2/launch/sllidar_a1_launch.py\n'}
[7.955667] (sllidar_ros2) StdoutLine: {'line': b'-- Up-to-date: /home/devesh/Butterfly/project_2/libbot_final/install/sllidar_ros2/share/sllidar_ros2/launch/view_sllidar_a2m12_launch.py\n'}
[7.956002] (sllidar_ros2) StdoutLine: {'line': b'-- Up-to-date: /home/devesh/Butterfly/project_2/libbot_final/install/sllidar_ros2/share/sllidar_ros2/launch/view_sllidar_a3_launch.py\n'}
[7.956277] (sllidar_ros2) StdoutLine: {'line': b'-- Up-to-date: /home/devesh/Butterfly/project_2/libbot_final/install/sllidar_ros2/share/sllidar_ros2/launch/sllidar_c1_launch.py\n'}
[7.956510] (sllidar_ros2) StdoutLine: {'line': b'-- Up-to-date: /home/devesh/Butterfly/project_2/libbot_final/install/sllidar_ros2/share/sllidar_ros2/launch/sllidar_a2m8_launch.py\n'}
[7.956704] (sllidar_ros2) StdoutLine: {'line': b'-- Up-to-date: /home/devesh/Butterfly/project_2/libbot_final/install/sllidar_ros2/share/sllidar_ros2/launch/sllidar_s1_tcp_launch.py\n'}
[7.956893] (sllidar_ros2) StdoutLine: {'line': b'-- Up-to-date: /home/devesh/Butterfly/project_2/libbot_final/install/sllidar_ros2/share/sllidar_ros2/launch/sllidar_s3_launch.py\n'}
[7.957085] (sllidar_ros2) StdoutLine: {'line': b'-- Up-to-date: /home/devesh/Butterfly/project_2/libbot_final/install/sllidar_ros2/share/sllidar_ros2/launch/sllidar_s2_launch.py\n'}
[7.957273] (sllidar_ros2) StdoutLine: {'line': b'-- Up-to-date: /home/devesh/Butterfly/project_2/libbot_final/install/sllidar_ros2/share/sllidar_ros2/launch/view_sllidar_s2e_launch.py\n'}
[7.957494] (sllidar_ros2) StdoutLine: {'line': b'-- Up-to-date: /home/devesh/Butterfly/project_2/libbot_final/install/sllidar_ros2/share/sllidar_ros2/launch/view_sllidar_a2m8_launch.py\n'}
[7.957689] (sllidar_ros2) StdoutLine: {'line': b'-- Up-to-date: /home/devesh/Butterfly/project_2/libbot_final/install/sllidar_ros2/share/sllidar_ros2/launch/view_sllidar_s1_launch.py\n'}
[7.957875] (sllidar_ros2) StdoutLine: {'line': b'-- Up-to-date: /home/devesh/Butterfly/project_2/libbot_final/install/sllidar_ros2/share/sllidar_ros2/launch/view_sllidar_c1_launch.py\n'}
[7.958058] (sllidar_ros2) StdoutLine: {'line': b'-- Up-to-date: /home/devesh/Butterfly/project_2/libbot_final/install/sllidar_ros2/share/sllidar_ros2/launch/view_sllidar_a2m7_launch.py\n'}
[7.958244] (sllidar_ros2) StdoutLine: {'line': b'-- Up-to-date: /home/devesh/Butterfly/project_2/libbot_final/install/sllidar_ros2/share/sllidar_ros2/launch/sllidar_t1_launch.py\n'}
[7.958454] (sllidar_ros2) StdoutLine: {'line': b'-- Up-to-date: /home/devesh/Butterfly/project_2/libbot_final/install/sllidar_ros2/share/sllidar_ros2/launch/sllidar_s2e_launch.py\n'}
[7.958651] (sllidar_ros2) StdoutLine: {'line': b'-- Up-to-date: /home/devesh/Butterfly/project_2/libbot_final/install/sllidar_ros2/share/sllidar_ros2/launch/sllidar_a2m7_launch.py\n'}
[7.958843] (sllidar_ros2) StdoutLine: {'line': b'-- Up-to-date: /home/devesh/Butterfly/project_2/libbot_final/install/sllidar_ros2/share/sllidar_ros2/launch/sllidar_a2m12_launch .py\n'}
[7.959053] (sllidar_ros2) StdoutLine: {'line': b'-- Up-to-date: /home/devesh/Butterfly/project_2/libbot_final/install/sllidar_ros2/share/sllidar_ros2/launch/view_sllidar_t1_launch.py\n'}
[7.959239] (sllidar_ros2) StdoutLine: {'line': b'-- Up-to-date: /home/devesh/Butterfly/project_2/libbot_final/install/sllidar_ros2/share/sllidar_ros2/launch/view_sllidar_a1_launch.py\n'}
[7.959452] (sllidar_ros2) StdoutLine: {'line': b'-- Up-to-date: /home/devesh/Butterfly/project_2/libbot_final/install/sllidar_ros2/share/sllidar_ros2/launch/view_sllidar_s1_tcp_launch.py\n'}
[7.959650] (sllidar_ros2) StdoutLine: {'line': b'-- Up-to-date: /home/devesh/Butterfly/project_2/libbot_final/install/sllidar_ros2/share/sllidar_ros2/launch/sllidar_s1_launch.py\n'}
[7.959836] (sllidar_ros2) StdoutLine: {'line': b'-- Up-to-date: /home/devesh/Butterfly/project_2/libbot_final/install/sllidar_ros2/share/sllidar_ros2/launch/sllidar_a3_launch.py\n'}
[7.960021] (sllidar_ros2) StdoutLine: {'line': b'-- Up-to-date: /home/devesh/Butterfly/project_2/libbot_final/install/sllidar_ros2/share/sllidar_ros2/rviz\n'}
[7.960207] (sllidar_ros2) StdoutLine: {'line': b'-- Up-to-date: /home/devesh/Butterfly/project_2/libbot_final/install/sllidar_ros2/share/sllidar_ros2/rviz/sllidar_ros2.rviz\n'}
[7.960431] (sllidar_ros2) StdoutLine: {'line': b'-- Installing: /home/devesh/Butterfly/project_2/libbot_final/install/sllidar_ros2/lib/sllidar_ros2/sllidar_node\n'}
[7.960842] (sllidar_ros2) StdoutLine: {'line': b'-- Set non-toolchain portion of runtime path of "/home/devesh/Butterfly/project_2/libbot_final/install/sllidar_ros2/lib/sllidar_ros2/sllidar_node" to ""\n'}
[7.961235] (sllidar_ros2) StdoutLine: {'line': b'-- Up-to-date: /home/devesh/Butterfly/project_2/libbot_final/install/sllidar_ros2/lib/sllidar_ros2/sllidar_client\n'}
[7.961642] (sllidar_ros2) StdoutLine: {'line': b'-- Up-to-date: /home/devesh/Butterfly/project_2/libbot_final/install/sllidar_ros2/share/ament_index/resource_index/package_run_dependencies/sllidar_ros2\n'}
[7.961861] (sllidar_ros2) StdoutLine: {'line': b'-- Up-to-date: /home/devesh/Butterfly/project_2/libbot_final/install/sllidar_ros2/share/ament_index/resource_index/parent_prefix_path/sllidar_ros2\n'}
[7.962064] (sllidar_ros2) StdoutLine: {'line': b'-- Up-to-date: /home/devesh/Butterfly/project_2/libbot_final/install/sllidar_ros2/share/sllidar_ros2/environment/ament_prefix_path.sh\n'}
[7.962409] (sllidar_ros2) StdoutLine: {'line': b'-- Up-to-date: /home/devesh/Butterfly/project_2/libbot_final/install/sllidar_ros2/share/sllidar_ros2/environment/ament_prefix_path.dsv\n'}
[7.962642] (sllidar_ros2) StdoutLine: {'line': b'-- Up-to-date: /home/devesh/Butterfly/project_2/libbot_final/install/sllidar_ros2/share/sllidar_ros2/environment/path.sh\n'}
[7.962846] (sllidar_ros2) StdoutLine: {'line': b'-- Up-to-date: /home/devesh/Butterfly/project_2/libbot_final/install/sllidar_ros2/share/sllidar_ros2/environment/path.dsv\n'}
[7.963048] (sllidar_ros2) StdoutLine: {'line': b'-- Up-to-date: /home/devesh/Butterfly/project_2/libbot_final/install/sllidar_ros2/share/sllidar_ros2/local_setup.bash\n'}
[7.963445] (sllidar_ros2) StdoutLine: {'line': b'-- Up-to-date: /home/devesh/Butterfly/project_2/libbot_final/install/sllidar_ros2/share/sllidar_ros2/local_setup.sh\n'}
[7.963662] (sllidar_ros2) StdoutLine: {'line': b'-- Up-to-date: /home/devesh/Butterfly/project_2/libbot_final/install/sllidar_ros2/share/sllidar_ros2/local_setup.zsh\n'}
[7.963852] (sllidar_ros2) StdoutLine: {'line': b'-- Up-to-date: /home/devesh/Butterfly/project_2/libbot_final/install/sllidar_ros2/share/sllidar_ros2/local_setup.dsv\n'}
[7.964039] (sllidar_ros2) StdoutLine: {'line': b'-- Installing: /home/devesh/Butterfly/project_2/libbot_final/install/sllidar_ros2/share/sllidar_ros2/package.dsv\n'}
[7.964226] (sllidar_ros2) StdoutLine: {'line': b'-- Up-to-date: /home/devesh/Butterfly/project_2/libbot_final/install/sllidar_ros2/share/ament_index/resource_index/packages/sllidar_ros2\n'}
[7.964441] (sllidar_ros2) StdoutLine: {'line': b'-- Up-to-date: /home/devesh/Butterfly/project_2/libbot_final/install/sllidar_ros2/share/sllidar_ros2/cmake/ament_cmake_export_dependencies-extras.cmake\n'}
[7.964644] (sllidar_ros2) StdoutLine: {'line': b'-- Up-to-date: /home/devesh/Butterfly/project_2/libbot_final/install/sllidar_ros2/share/sllidar_ros2/cmake/ament_cmake_export_include_directories-extras.cmake\n'}
[7.964834] (sllidar_ros2) StdoutLine: {'line': b'-- Up-to-date: /home/devesh/Butterfly/project_2/libbot_final/install/sllidar_ros2/share/sllidar_ros2/cmake/sllidar_ros2Config.cmake\n'}
[7.965031] (sllidar_ros2) StdoutLine: {'line': b'-- Up-to-date: /home/devesh/Butterfly/project_2/libbot_final/install/sllidar_ros2/share/sllidar_ros2/cmake/sllidar_ros2Config-version.cmake\n'}
[7.965306] (sllidar_ros2) StdoutLine: {'line': b'-- Up-to-date: /home/devesh/Butterfly/project_2/libbot_final/install/sllidar_ros2/share/sllidar_ros2/package.xml\n'}
[7.966431] (sllidar_ros2) CommandEnded: {'returncode': 0}
[7.989892] (sllidar_ros2) JobEnded: {'identifier': 'sllidar_ros2', 'rc': 0}
[7.991492] (-) EventReactorShutdown: {}
