[0.172s] DEBUG:colcon:Command line arguments: ['/usr/bin/colcon', 'build', '--packages-select', 'sllidar_ros2']
[0.172s] DEBUG:colcon:Parsed command line arguments: Namespace(log_base=None, log_level=None, verb_name='build', build_base='build', install_base='install', merge_install=False, symlink_install=False, test_result_base=None, continue_on_error=False, executor='parallel', parallel_workers=12, event_handlers=None, ignore_user_meta=False, metas=['./colcon.meta'], base_paths=['.'], packages_ignore=None, packages_ignore_regex=None, paths=None, packages_up_to=None, packages_up_to_regex=None, packages_above=None, packages_above_and_dependencies=None, packages_above_depth=None, packages_select_by_dep=None, packages_skip_by_dep=None, packages_skip_up_to=None, packages_select_build_failed=False, packages_skip_build_finished=False, packages_select_test_failures=False, packages_skip_test_passed=False, packages_select=['sllidar_ros2'], packages_skip=None, packages_select_regex=None, packages_skip_regex=None, packages_start=None, packages_end=None, allow_overriding=[], cmake_args=None, cmake_target=None, cmake_target_skip_unavailable=False, cmake_clean_cache=False, cmake_clean_first=False, cmake_force_configure=False, ament_cmake_args=None, catkin_cmake_args=None, catkin_skip_building_tests=False, mixin_files=None, mixin=None, verb_parser=<colcon_mixin.mixin.mixin_argument.MixinArgumentDecorator object at 0x7818f6350f20>, verb_extension=<colcon_core.verb.build.BuildVerb object at 0x7818f62cad20>, main=<bound method BuildVerb.main of <colcon_core.verb.build.BuildVerb object at 0x7818f62cad20>>, mixin_verb=('build',))
[0.235s] Level 1:colcon.colcon_core.package_discovery:discover_packages(colcon_meta) check parameters
[0.235s] Level 1:colcon.colcon_core.package_discovery:discover_packages(recursive) check parameters
[0.235s] Level 1:colcon.colcon_core.package_discovery:discover_packages(ignore) check parameters
[0.235s] Level 1:colcon.colcon_core.package_discovery:discover_packages(path) check parameters
[0.235s] Level 1:colcon.colcon_core.package_discovery:discover_packages(colcon_meta) discover
[0.235s] Level 1:colcon.colcon_core.package_discovery:discover_packages(recursive) discover
[0.235s] INFO:colcon.colcon_core.package_discovery:Crawling recursively for packages in '/home/devesh/Butterfly/project_2/libbot_final'
[0.235s] Level 1:colcon.colcon_core.package_identification:_identify(.) by extensions ['ignore', 'ignore_ament_install']
[0.236s] Level 1:colcon.colcon_core.package_identification:_identify(.) by extension 'ignore'
[0.236s] Level 1:colcon.colcon_core.package_identification:_identify(.) by extension 'ignore_ament_install'
[0.236s] Level 1:colcon.colcon_core.package_identification:_identify(.) by extensions ['colcon_pkg']
[0.236s] Level 1:colcon.colcon_core.package_identification:_identify(.) by extension 'colcon_pkg'
[0.236s] Level 1:colcon.colcon_core.package_identification:_identify(.) by extensions ['colcon_meta']
[0.236s] Level 1:colcon.colcon_core.package_identification:_identify(.) by extension 'colcon_meta'
[0.236s] Level 1:colcon.colcon_core.package_identification:_identify(.) by extensions ['ros']
[0.236s] Level 1:colcon.colcon_core.package_identification:_identify(.) by extension 'ros'
[0.279s] Level 1:colcon.colcon_core.package_identification:_identify(.) by extensions ['cmake', 'python']
[0.279s] Level 1:colcon.colcon_core.package_identification:_identify(.) by extension 'cmake'
[0.279s] Level 1:colcon.colcon_core.package_identification:_identify(.) by extension 'python'
[0.279s] Level 1:colcon.colcon_core.package_identification:_identify(.) by extensions ['python_setup_py']
[0.279s] Level 1:colcon.colcon_core.package_identification:_identify(.) by extension 'python_setup_py'
[0.279s] Level 1:colcon.colcon_core.package_identification:_identify(build) by extensions ['ignore', 'ignore_ament_install']
[0.280s] Level 1:colcon.colcon_core.package_identification:_identify(build) by extension 'ignore'
[0.280s] Level 1:colcon.colcon_core.package_identification:_identify(build) ignored
[0.280s] Level 1:colcon.colcon_core.package_identification:_identify(install) by extensions ['ignore', 'ignore_ament_install']
[0.280s] Level 1:colcon.colcon_core.package_identification:_identify(install) by extension 'ignore'
[0.280s] Level 1:colcon.colcon_core.package_identification:_identify(install) ignored
[0.280s] Level 1:colcon.colcon_core.package_identification:_identify(log) by extensions ['ignore', 'ignore_ament_install']
[0.281s] Level 1:colcon.colcon_core.package_identification:_identify(log) by extension 'ignore'
[0.281s] Level 1:colcon.colcon_core.package_identification:_identify(log) ignored
[0.281s] Level 1:colcon.colcon_core.package_identification:_identify(src) by extensions ['ignore', 'ignore_ament_install']
[0.281s] Level 1:colcon.colcon_core.package_identification:_identify(src) by extension 'ignore'
[0.281s] Level 1:colcon.colcon_core.package_identification:_identify(src) by extension 'ignore_ament_install'
[0.281s] Level 1:colcon.colcon_core.package_identification:_identify(src) by extensions ['colcon_pkg']
[0.281s] Level 1:colcon.colcon_core.package_identification:_identify(src) by extension 'colcon_pkg'
[0.281s] Level 1:colcon.colcon_core.package_identification:_identify(src) by extensions ['colcon_meta']
[0.281s] Level 1:colcon.colcon_core.package_identification:_identify(src) by extension 'colcon_meta'
[0.281s] Level 1:colcon.colcon_core.package_identification:_identify(src) by extensions ['ros']
[0.281s] Level 1:colcon.colcon_core.package_identification:_identify(src) by extension 'ros'
[0.281s] Level 1:colcon.colcon_core.package_identification:_identify(src) by extensions ['cmake', 'python']
[0.281s] Level 1:colcon.colcon_core.package_identification:_identify(src) by extension 'cmake'
[0.281s] Level 1:colcon.colcon_core.package_identification:_identify(src) by extension 'python'
[0.282s] Level 1:colcon.colcon_core.package_identification:_identify(src) by extensions ['python_setup_py']
[0.282s] Level 1:colcon.colcon_core.package_identification:_identify(src) by extension 'python_setup_py'
[0.282s] Level 1:colcon.colcon_core.package_identification:_identify(src/libbot_bringup) by extensions ['ignore', 'ignore_ament_install']
[0.282s] Level 1:colcon.colcon_core.package_identification:_identify(src/libbot_bringup) by extension 'ignore'
[0.282s] Level 1:colcon.colcon_core.package_identification:_identify(src/libbot_bringup) by extension 'ignore_ament_install'
[0.282s] Level 1:colcon.colcon_core.package_identification:_identify(src/libbot_bringup) by extensions ['colcon_pkg']
[0.282s] Level 1:colcon.colcon_core.package_identification:_identify(src/libbot_bringup) by extension 'colcon_pkg'
[0.282s] Level 1:colcon.colcon_core.package_identification:_identify(src/libbot_bringup) by extensions ['colcon_meta']
[0.282s] Level 1:colcon.colcon_core.package_identification:_identify(src/libbot_bringup) by extension 'colcon_meta'
[0.282s] Level 1:colcon.colcon_core.package_identification:_identify(src/libbot_bringup) by extensions ['ros']
[0.282s] Level 1:colcon.colcon_core.package_identification:_identify(src/libbot_bringup) by extension 'ros'
[0.287s] DEBUG:colcon.colcon_core.package_identification:Package 'src/libbot_bringup' with type 'ros.ament_python' and name 'libbot_bringup'
[0.287s] Level 1:colcon.colcon_core.package_identification:_identify(src/libbot_gazebo) by extensions ['ignore', 'ignore_ament_install']
[0.287s] Level 1:colcon.colcon_core.package_identification:_identify(src/libbot_gazebo) by extension 'ignore'
[0.287s] Level 1:colcon.colcon_core.package_identification:_identify(src/libbot_gazebo) by extension 'ignore_ament_install'
[0.287s] Level 1:colcon.colcon_core.package_identification:_identify(src/libbot_gazebo) by extensions ['colcon_pkg']
[0.287s] Level 1:colcon.colcon_core.package_identification:_identify(src/libbot_gazebo) by extension 'colcon_pkg'
[0.287s] Level 1:colcon.colcon_core.package_identification:_identify(src/libbot_gazebo) by extensions ['colcon_meta']
[0.287s] Level 1:colcon.colcon_core.package_identification:_identify(src/libbot_gazebo) by extension 'colcon_meta'
[0.288s] Level 1:colcon.colcon_core.package_identification:_identify(src/libbot_gazebo) by extensions ['ros']
[0.288s] Level 1:colcon.colcon_core.package_identification:_identify(src/libbot_gazebo) by extension 'ros'
[0.288s] DEBUG:colcon.colcon_core.package_identification:Package 'src/libbot_gazebo' with type 'ros.ament_python' and name 'libbot_gazebo'
[0.288s] Level 1:colcon.colcon_core.package_identification:_identify(src/libbot_lib_interface) by extensions ['ignore', 'ignore_ament_install']
[0.289s] Level 1:colcon.colcon_core.package_identification:_identify(src/libbot_lib_interface) by extension 'ignore'
[0.289s] Level 1:colcon.colcon_core.package_identification:_identify(src/libbot_lib_interface) by extension 'ignore_ament_install'
[0.289s] Level 1:colcon.colcon_core.package_identification:_identify(src/libbot_lib_interface) by extensions ['colcon_pkg']
[0.289s] Level 1:colcon.colcon_core.package_identification:_identify(src/libbot_lib_interface) by extension 'colcon_pkg'
[0.289s] Level 1:colcon.colcon_core.package_identification:_identify(src/libbot_lib_interface) by extensions ['colcon_meta']
[0.289s] Level 1:colcon.colcon_core.package_identification:_identify(src/libbot_lib_interface) by extension 'colcon_meta'
[0.289s] Level 1:colcon.colcon_core.package_identification:_identify(src/libbot_lib_interface) by extensions ['ros']
[0.289s] Level 1:colcon.colcon_core.package_identification:_identify(src/libbot_lib_interface) by extension 'ros'
[0.289s] DEBUG:colcon.colcon_core.package_identification:Package 'src/libbot_lib_interface' with type 'ros.ament_python' and name 'libbot_lib_interface'
[0.290s] Level 1:colcon.colcon_core.package_identification:_identify(src/libbot_mapping) by extensions ['ignore', 'ignore_ament_install']
[0.290s] Level 1:colcon.colcon_core.package_identification:_identify(src/libbot_mapping) by extension 'ignore'
[0.290s] Level 1:colcon.colcon_core.package_identification:_identify(src/libbot_mapping) by extension 'ignore_ament_install'
[0.290s] Level 1:colcon.colcon_core.package_identification:_identify(src/libbot_mapping) by extensions ['colcon_pkg']
[0.290s] Level 1:colcon.colcon_core.package_identification:_identify(src/libbot_mapping) by extension 'colcon_pkg'
[0.290s] Level 1:colcon.colcon_core.package_identification:_identify(src/libbot_mapping) by extensions ['colcon_meta']
[0.290s] Level 1:colcon.colcon_core.package_identification:_identify(src/libbot_mapping) by extension 'colcon_meta'
[0.290s] Level 1:colcon.colcon_core.package_identification:_identify(src/libbot_mapping) by extensions ['ros']
[0.290s] Level 1:colcon.colcon_core.package_identification:_identify(src/libbot_mapping) by extension 'ros'
[0.291s] DEBUG:colcon.colcon_core.package_identification:Package 'src/libbot_mapping' with type 'ros.ament_python' and name 'libbot_mapping'
[0.291s] Level 1:colcon.colcon_core.package_identification:_identify(src/libbot_navigation) by extensions ['ignore', 'ignore_ament_install']
[0.291s] Level 1:colcon.colcon_core.package_identification:_identify(src/libbot_navigation) by extension 'ignore'
[0.291s] Level 1:colcon.colcon_core.package_identification:_identify(src/libbot_navigation) by extension 'ignore_ament_install'
[0.291s] Level 1:colcon.colcon_core.package_identification:_identify(src/libbot_navigation) by extensions ['colcon_pkg']
[0.291s] Level 1:colcon.colcon_core.package_identification:_identify(src/libbot_navigation) by extension 'colcon_pkg'
[0.291s] Level 1:colcon.colcon_core.package_identification:_identify(src/libbot_navigation) by extensions ['colcon_meta']
[0.291s] Level 1:colcon.colcon_core.package_identification:_identify(src/libbot_navigation) by extension 'colcon_meta'
[0.291s] Level 1:colcon.colcon_core.package_identification:_identify(src/libbot_navigation) by extensions ['ros']
[0.291s] Level 1:colcon.colcon_core.package_identification:_identify(src/libbot_navigation) by extension 'ros'
[0.292s] DEBUG:colcon.colcon_core.package_identification:Package 'src/libbot_navigation' with type 'ros.ament_python' and name 'libbot_navigation'
[0.292s] Level 1:colcon.colcon_core.package_identification:_identify(src/sllidar_ros2) by extensions ['ignore', 'ignore_ament_install']
[0.292s] Level 1:colcon.colcon_core.package_identification:_identify(src/sllidar_ros2) by extension 'ignore'
[0.292s] Level 1:colcon.colcon_core.package_identification:_identify(src/sllidar_ros2) by extension 'ignore_ament_install'
[0.292s] Level 1:colcon.colcon_core.package_identification:_identify(src/sllidar_ros2) by extensions ['colcon_pkg']
[0.293s] Level 1:colcon.colcon_core.package_identification:_identify(src/sllidar_ros2) by extension 'colcon_pkg'
[0.293s] Level 1:colcon.colcon_core.package_identification:_identify(src/sllidar_ros2) by extensions ['colcon_meta']
[0.293s] Level 1:colcon.colcon_core.package_identification:_identify(src/sllidar_ros2) by extension 'colcon_meta'
[0.293s] Level 1:colcon.colcon_core.package_identification:_identify(src/sllidar_ros2) by extensions ['ros']
[0.293s] Level 1:colcon.colcon_core.package_identification:_identify(src/sllidar_ros2) by extension 'ros'
[0.293s] DEBUG:colcon.colcon_core.package_identification:Package 'src/sllidar_ros2' with type 'ros.ament_cmake' and name 'sllidar_ros2'
[0.294s] Level 1:colcon.colcon_core.package_identification:_identify(src/uros) by extensions ['ignore', 'ignore_ament_install']
[0.294s] Level 1:colcon.colcon_core.package_identification:_identify(src/uros) by extension 'ignore'
[0.294s] Level 1:colcon.colcon_core.package_identification:_identify(src/uros) by extension 'ignore_ament_install'
[0.294s] Level 1:colcon.colcon_core.package_identification:_identify(src/uros) by extensions ['colcon_pkg']
[0.294s] Level 1:colcon.colcon_core.package_identification:_identify(src/uros) by extension 'colcon_pkg'
[0.294s] Level 1:colcon.colcon_core.package_identification:_identify(src/uros) by extensions ['colcon_meta']
[0.294s] Level 1:colcon.colcon_core.package_identification:_identify(src/uros) by extension 'colcon_meta'
[0.294s] Level 1:colcon.colcon_core.package_identification:_identify(src/uros) by extensions ['ros']
[0.294s] Level 1:colcon.colcon_core.package_identification:_identify(src/uros) by extension 'ros'
[0.294s] Level 1:colcon.colcon_core.package_identification:_identify(src/uros) by extensions ['cmake', 'python']
[0.294s] Level 1:colcon.colcon_core.package_identification:_identify(src/uros) by extension 'cmake'
[0.294s] Level 1:colcon.colcon_core.package_identification:_identify(src/uros) by extension 'python'
[0.294s] Level 1:colcon.colcon_core.package_identification:_identify(src/uros) by extensions ['python_setup_py']
[0.294s] Level 1:colcon.colcon_core.package_identification:_identify(src/uros) by extension 'python_setup_py'
[0.295s] Level 1:colcon.colcon_core.package_identification:_identify(src/uros/drive_base) by extensions ['ignore', 'ignore_ament_install']
[0.295s] Level 1:colcon.colcon_core.package_identification:_identify(src/uros/drive_base) by extension 'ignore'
[0.295s] Level 1:colcon.colcon_core.package_identification:_identify(src/uros/drive_base) by extension 'ignore_ament_install'
[0.295s] Level 1:colcon.colcon_core.package_identification:_identify(src/uros/drive_base) by extensions ['colcon_pkg']
[0.295s] Level 1:colcon.colcon_core.package_identification:_identify(src/uros/drive_base) by extension 'colcon_pkg'
[0.295s] Level 1:colcon.colcon_core.package_identification:_identify(src/uros/drive_base) by extensions ['colcon_meta']
[0.295s] Level 1:colcon.colcon_core.package_identification:_identify(src/uros/drive_base) by extension 'colcon_meta'
[0.295s] Level 1:colcon.colcon_core.package_identification:_identify(src/uros/drive_base) by extensions ['ros']
[0.295s] Level 1:colcon.colcon_core.package_identification:_identify(src/uros/drive_base) by extension 'ros'
[0.295s] Level 1:colcon.colcon_core.package_identification:_identify(src/uros/drive_base) by extensions ['cmake', 'python']
[0.295s] Level 1:colcon.colcon_core.package_identification:_identify(src/uros/drive_base) by extension 'cmake'
[0.295s] Level 1:colcon.colcon_core.package_identification:_identify(src/uros/drive_base) by extension 'python'
[0.295s] Level 1:colcon.colcon_core.package_identification:_identify(src/uros/drive_base) by extensions ['python_setup_py']
[0.295s] Level 1:colcon.colcon_core.package_identification:_identify(src/uros/drive_base) by extension 'python_setup_py'
[0.296s] Level 1:colcon.colcon_core.package_identification:_identify(src/uros/drive_base/drive_base_msgs) by extensions ['ignore', 'ignore_ament_install']
[0.296s] Level 1:colcon.colcon_core.package_identification:_identify(src/uros/drive_base/drive_base_msgs) by extension 'ignore'
[0.296s] Level 1:colcon.colcon_core.package_identification:_identify(src/uros/drive_base/drive_base_msgs) by extension 'ignore_ament_install'
[0.296s] Level 1:colcon.colcon_core.package_identification:_identify(src/uros/drive_base/drive_base_msgs) by extensions ['colcon_pkg']
[0.296s] Level 1:colcon.colcon_core.package_identification:_identify(src/uros/drive_base/drive_base_msgs) by extension 'colcon_pkg'
[0.296s] Level 1:colcon.colcon_core.package_identification:_identify(src/uros/drive_base/drive_base_msgs) by extensions ['colcon_meta']
[0.296s] Level 1:colcon.colcon_core.package_identification:_identify(src/uros/drive_base/drive_base_msgs) by extension 'colcon_meta'
[0.296s] Level 1:colcon.colcon_core.package_identification:_identify(src/uros/drive_base/drive_base_msgs) by extensions ['ros']
[0.296s] Level 1:colcon.colcon_core.package_identification:_identify(src/uros/drive_base/drive_base_msgs) by extension 'ros'
[0.297s] DEBUG:colcon.colcon_core.package_identification:Package 'src/uros/drive_base/drive_base_msgs' with type 'ros.ament_cmake' and name 'drive_base_msgs'
[0.297s] Level 1:colcon.colcon_core.package_identification:_identify(src/uros/micro-ROS-Agent) by extensions ['ignore', 'ignore_ament_install']
[0.297s] Level 1:colcon.colcon_core.package_identification:_identify(src/uros/micro-ROS-Agent) by extension 'ignore'
[0.297s] Level 1:colcon.colcon_core.package_identification:_identify(src/uros/micro-ROS-Agent) by extension 'ignore_ament_install'
[0.298s] Level 1:colcon.colcon_core.package_identification:_identify(src/uros/micro-ROS-Agent) by extensions ['colcon_pkg']
[0.298s] Level 1:colcon.colcon_core.package_identification:_identify(src/uros/micro-ROS-Agent) by extension 'colcon_pkg'
[0.298s] Level 1:colcon.colcon_core.package_identification:_identify(src/uros/micro-ROS-Agent) by extensions ['colcon_meta']
[0.298s] Level 1:colcon.colcon_core.package_identification:_identify(src/uros/micro-ROS-Agent) by extension 'colcon_meta'
[0.298s] Level 1:colcon.colcon_core.package_identification:_identify(src/uros/micro-ROS-Agent) by extensions ['ros']
[0.298s] Level 1:colcon.colcon_core.package_identification:_identify(src/uros/micro-ROS-Agent) by extension 'ros'
[0.298s] Level 1:colcon.colcon_core.package_identification:_identify(src/uros/micro-ROS-Agent) by extensions ['cmake', 'python']
[0.298s] Level 1:colcon.colcon_core.package_identification:_identify(src/uros/micro-ROS-Agent) by extension 'cmake'
[0.298s] Level 1:colcon.colcon_core.package_identification:_identify(src/uros/micro-ROS-Agent) by extension 'python'
[0.298s] Level 1:colcon.colcon_core.package_identification:_identify(src/uros/micro-ROS-Agent) by extensions ['python_setup_py']
[0.298s] Level 1:colcon.colcon_core.package_identification:_identify(src/uros/micro-ROS-Agent) by extension 'python_setup_py'
[0.299s] Level 1:colcon.colcon_core.package_identification:_identify(src/uros/micro-ROS-Agent/micro_ros_agent) by extensions ['ignore', 'ignore_ament_install']
[0.299s] Level 1:colcon.colcon_core.package_identification:_identify(src/uros/micro-ROS-Agent/micro_ros_agent) by extension 'ignore'
[0.299s] Level 1:colcon.colcon_core.package_identification:_identify(src/uros/micro-ROS-Agent/micro_ros_agent) by extension 'ignore_ament_install'
[0.299s] Level 1:colcon.colcon_core.package_identification:_identify(src/uros/micro-ROS-Agent/micro_ros_agent) by extensions ['colcon_pkg']
[0.299s] Level 1:colcon.colcon_core.package_identification:_identify(src/uros/micro-ROS-Agent/micro_ros_agent) by extension 'colcon_pkg'
[0.299s] Level 1:colcon.colcon_core.package_identification:_identify(src/uros/micro-ROS-Agent/micro_ros_agent) by extensions ['colcon_meta']
[0.299s] Level 1:colcon.colcon_core.package_identification:_identify(src/uros/micro-ROS-Agent/micro_ros_agent) by extension 'colcon_meta'
[0.300s] Level 1:colcon.colcon_core.package_identification:_identify(src/uros/micro-ROS-Agent/micro_ros_agent) by extensions ['ros']
[0.300s] Level 1:colcon.colcon_core.package_identification:_identify(src/uros/micro-ROS-Agent/micro_ros_agent) by extension 'ros'
[0.301s] DEBUG:colcon.colcon_core.package_identification:Package 'src/uros/micro-ROS-Agent/micro_ros_agent' with type 'ros.ament_cmake' and name 'micro_ros_agent'
[0.302s] Level 1:colcon.colcon_core.package_identification:_identify(src/uros/micro-ROS-Agent/snap) by extensions ['ignore', 'ignore_ament_install']
[0.302s] Level 1:colcon.colcon_core.package_identification:_identify(src/uros/micro-ROS-Agent/snap) by extension 'ignore'
[0.302s] Level 1:colcon.colcon_core.package_identification:_identify(src/uros/micro-ROS-Agent/snap) by extension 'ignore_ament_install'
[0.302s] Level 1:colcon.colcon_core.package_identification:_identify(src/uros/micro-ROS-Agent/snap) by extensions ['colcon_pkg']
[0.302s] Level 1:colcon.colcon_core.package_identification:_identify(src/uros/micro-ROS-Agent/snap) by extension 'colcon_pkg'
[0.302s] Level 1:colcon.colcon_core.package_identification:_identify(src/uros/micro-ROS-Agent/snap) by extensions ['colcon_meta']
[0.302s] Level 1:colcon.colcon_core.package_identification:_identify(src/uros/micro-ROS-Agent/snap) by extension 'colcon_meta'
[0.302s] Level 1:colcon.colcon_core.package_identification:_identify(src/uros/micro-ROS-Agent/snap) by extensions ['ros']
[0.303s] Level 1:colcon.colcon_core.package_identification:_identify(src/uros/micro-ROS-Agent/snap) by extension 'ros'
[0.303s] Level 1:colcon.colcon_core.package_identification:_identify(src/uros/micro-ROS-Agent/snap) by extensions ['cmake', 'python']
[0.303s] Level 1:colcon.colcon_core.package_identification:_identify(src/uros/micro-ROS-Agent/snap) by extension 'cmake'
[0.303s] Level 1:colcon.colcon_core.package_identification:_identify(src/uros/micro-ROS-Agent/snap) by extension 'python'
[0.303s] Level 1:colcon.colcon_core.package_identification:_identify(src/uros/micro-ROS-Agent/snap) by extensions ['python_setup_py']
[0.303s] Level 1:colcon.colcon_core.package_identification:_identify(src/uros/micro-ROS-Agent/snap) by extension 'python_setup_py'
[0.303s] Level 1:colcon.colcon_core.package_identification:_identify(src/uros/micro-ROS-Agent/snap/hooks) by extensions ['ignore', 'ignore_ament_install']
[0.303s] Level 1:colcon.colcon_core.package_identification:_identify(src/uros/micro-ROS-Agent/snap/hooks) by extension 'ignore'
[0.303s] Level 1:colcon.colcon_core.package_identification:_identify(src/uros/micro-ROS-Agent/snap/hooks) by extension 'ignore_ament_install'
[0.303s] Level 1:colcon.colcon_core.package_identification:_identify(src/uros/micro-ROS-Agent/snap/hooks) by extensions ['colcon_pkg']
[0.303s] Level 1:colcon.colcon_core.package_identification:_identify(src/uros/micro-ROS-Agent/snap/hooks) by extension 'colcon_pkg'
[0.303s] Level 1:colcon.colcon_core.package_identification:_identify(src/uros/micro-ROS-Agent/snap/hooks) by extensions ['colcon_meta']
[0.303s] Level 1:colcon.colcon_core.package_identification:_identify(src/uros/micro-ROS-Agent/snap/hooks) by extension 'colcon_meta'
[0.304s] Level 1:colcon.colcon_core.package_identification:_identify(src/uros/micro-ROS-Agent/snap/hooks) by extensions ['ros']
[0.304s] Level 1:colcon.colcon_core.package_identification:_identify(src/uros/micro-ROS-Agent/snap/hooks) by extension 'ros'
[0.304s] Level 1:colcon.colcon_core.package_identification:_identify(src/uros/micro-ROS-Agent/snap/hooks) by extensions ['cmake', 'python']
[0.304s] Level 1:colcon.colcon_core.package_identification:_identify(src/uros/micro-ROS-Agent/snap/hooks) by extension 'cmake'
[0.304s] Level 1:colcon.colcon_core.package_identification:_identify(src/uros/micro-ROS-Agent/snap/hooks) by extension 'python'
[0.304s] Level 1:colcon.colcon_core.package_identification:_identify(src/uros/micro-ROS-Agent/snap/hooks) by extensions ['python_setup_py']
[0.304s] Level 1:colcon.colcon_core.package_identification:_identify(src/uros/micro-ROS-Agent/snap/hooks) by extension 'python_setup_py'
[0.304s] Level 1:colcon.colcon_core.package_identification:_identify(src/uros/micro-ROS-Agent/snap/local) by extensions ['ignore', 'ignore_ament_install']
[0.304s] Level 1:colcon.colcon_core.package_identification:_identify(src/uros/micro-ROS-Agent/snap/local) by extension 'ignore'
[0.304s] Level 1:colcon.colcon_core.package_identification:_identify(src/uros/micro-ROS-Agent/snap/local) by extension 'ignore_ament_install'
[0.304s] Level 1:colcon.colcon_core.package_identification:_identify(src/uros/micro-ROS-Agent/snap/local) by extensions ['colcon_pkg']
[0.304s] Level 1:colcon.colcon_core.package_identification:_identify(src/uros/micro-ROS-Agent/snap/local) by extension 'colcon_pkg'
[0.304s] Level 1:colcon.colcon_core.package_identification:_identify(src/uros/micro-ROS-Agent/snap/local) by extensions ['colcon_meta']
[0.304s] Level 1:colcon.colcon_core.package_identification:_identify(src/uros/micro-ROS-Agent/snap/local) by extension 'colcon_meta'
[0.305s] Level 1:colcon.colcon_core.package_identification:_identify(src/uros/micro-ROS-Agent/snap/local) by extensions ['ros']
[0.305s] Level 1:colcon.colcon_core.package_identification:_identify(src/uros/micro-ROS-Agent/snap/local) by extension 'ros'
[0.305s] Level 1:colcon.colcon_core.package_identification:_identify(src/uros/micro-ROS-Agent/snap/local) by extensions ['cmake', 'python']
[0.305s] Level 1:colcon.colcon_core.package_identification:_identify(src/uros/micro-ROS-Agent/snap/local) by extension 'cmake'
[0.305s] Level 1:colcon.colcon_core.package_identification:_identify(src/uros/micro-ROS-Agent/snap/local) by extension 'python'
[0.305s] Level 1:colcon.colcon_core.package_identification:_identify(src/uros/micro-ROS-Agent/snap/local) by extensions ['python_setup_py']
[0.305s] Level 1:colcon.colcon_core.package_identification:_identify(src/uros/micro-ROS-Agent/snap/local) by extension 'python_setup_py'
[0.305s] Level 1:colcon.colcon_core.package_identification:_identify(src/uros/micro_ros_msgs) by extensions ['ignore', 'ignore_ament_install']
[0.305s] Level 1:colcon.colcon_core.package_identification:_identify(src/uros/micro_ros_msgs) by extension 'ignore'
[0.305s] Level 1:colcon.colcon_core.package_identification:_identify(src/uros/micro_ros_msgs) by extension 'ignore_ament_install'
[0.305s] Level 1:colcon.colcon_core.package_identification:_identify(src/uros/micro_ros_msgs) by extensions ['colcon_pkg']
[0.305s] Level 1:colcon.colcon_core.package_identification:_identify(src/uros/micro_ros_msgs) by extension 'colcon_pkg'
[0.305s] Level 1:colcon.colcon_core.package_identification:_identify(src/uros/micro_ros_msgs) by extensions ['colcon_meta']
[0.305s] Level 1:colcon.colcon_core.package_identification:_identify(src/uros/micro_ros_msgs) by extension 'colcon_meta'
[0.306s] Level 1:colcon.colcon_core.package_identification:_identify(src/uros/micro_ros_msgs) by extensions ['ros']
[0.306s] Level 1:colcon.colcon_core.package_identification:_identify(src/uros/micro_ros_msgs) by extension 'ros'
[0.306s] DEBUG:colcon.colcon_core.package_identification:Package 'src/uros/micro_ros_msgs' with type 'ros.ament_cmake' and name 'micro_ros_msgs'
[0.306s] Level 1:colcon.colcon_core.package_discovery:discover_packages(recursive) using defaults
[0.306s] Level 1:colcon.colcon_core.package_discovery:discover_packages(ignore) discover
[0.307s] Level 1:colcon.colcon_core.package_discovery:discover_packages(ignore) using defaults
[0.307s] Level 1:colcon.colcon_core.package_discovery:discover_packages(path) discover
[0.307s] Level 1:colcon.colcon_core.package_discovery:discover_packages(path) using defaults
[0.341s] INFO:colcon.colcon_core.package_selection:Skipping not selected package 'drive_base_msgs' in 'src/uros/drive_base/drive_base_msgs'
[0.341s] INFO:colcon.colcon_core.package_selection:Skipping not selected package 'libbot_bringup' in 'src/libbot_bringup'
[0.341s] INFO:colcon.colcon_core.package_selection:Skipping not selected package 'libbot_gazebo' in 'src/libbot_gazebo'
[0.341s] INFO:colcon.colcon_core.package_selection:Skipping not selected package 'libbot_lib_interface' in 'src/libbot_lib_interface'
[0.342s] INFO:colcon.colcon_core.package_selection:Skipping not selected package 'libbot_mapping' in 'src/libbot_mapping'
[0.342s] INFO:colcon.colcon_core.package_selection:Skipping not selected package 'libbot_navigation' in 'src/libbot_navigation'
[0.342s] INFO:colcon.colcon_core.package_selection:Skipping not selected package 'micro_ros_msgs' in 'src/uros/micro_ros_msgs'
[0.342s] INFO:colcon.colcon_core.package_selection:Skipping not selected package 'micro_ros_agent' in 'src/uros/micro-ROS-Agent/micro_ros_agent'
[0.342s] Level 1:colcon.colcon_core.package_discovery:discover_packages(prefix_path) check parameters
[0.342s] Level 1:colcon.colcon_core.package_discovery:discover_packages(prefix_path) discover
[0.346s] DEBUG:colcon.colcon_installed_package_information.package_discovery:Found 9 installed packages in /home/devesh/Butterfly/project_2/libbot_final/install
[0.350s] DEBUG:colcon.colcon_installed_package_information.package_discovery:Found 441 installed packages in /opt/ros/jazzy
[0.354s] Level 1:colcon.colcon_core.package_discovery:discover_packages(prefix_path) using defaults
[0.460s] Level 5:colcon.colcon_core.verb:set package 'sllidar_ros2' build argument 'cmake_args' from command line to 'None'
[0.460s] Level 5:colcon.colcon_core.verb:set package 'sllidar_ros2' build argument 'cmake_target' from command line to 'None'
[0.460s] Level 5:colcon.colcon_core.verb:set package 'sllidar_ros2' build argument 'cmake_target_skip_unavailable' from command line to 'False'
[0.460s] Level 5:colcon.colcon_core.verb:set package 'sllidar_ros2' build argument 'cmake_clean_cache' from command line to 'False'
[0.460s] Level 5:colcon.colcon_core.verb:set package 'sllidar_ros2' build argument 'cmake_clean_first' from command line to 'False'
[0.460s] Level 5:colcon.colcon_core.verb:set package 'sllidar_ros2' build argument 'cmake_force_configure' from command line to 'False'
[0.460s] Level 5:colcon.colcon_core.verb:set package 'sllidar_ros2' build argument 'ament_cmake_args' from command line to 'None'
[0.460s] Level 5:colcon.colcon_core.verb:set package 'sllidar_ros2' build argument 'catkin_cmake_args' from command line to 'None'
[0.460s] Level 5:colcon.colcon_core.verb:set package 'sllidar_ros2' build argument 'catkin_skip_building_tests' from command line to 'False'
[0.460s] DEBUG:colcon.colcon_core.verb:Building package 'sllidar_ros2' with the following arguments: {'ament_cmake_args': None, 'build_base': '/home/devesh/Butterfly/project_2/libbot_final/build/sllidar_ros2', 'catkin_cmake_args': None, 'catkin_skip_building_tests': False, 'cmake_args': None, 'cmake_clean_cache': False, 'cmake_clean_first': False, 'cmake_force_configure': False, 'cmake_target': None, 'cmake_target_skip_unavailable': False, 'install_base': '/home/devesh/Butterfly/project_2/libbot_final/install/sllidar_ros2', 'merge_install': False, 'path': '/home/devesh/Butterfly/project_2/libbot_final/src/sllidar_ros2', 'symlink_install': False, 'test_result_base': None}
[0.460s] INFO:colcon.colcon_core.executor:Executing jobs using 'parallel' executor
[0.462s] DEBUG:colcon.colcon_parallel_executor.executor.parallel:run_until_complete
[0.462s] INFO:colcon.colcon_ros.task.ament_cmake.build:Building ROS package in '/home/devesh/Butterfly/project_2/libbot_final/src/sllidar_ros2' with build type 'ament_cmake'
[0.462s] INFO:colcon.colcon_cmake.task.cmake.build:Building CMake package in '/home/devesh/Butterfly/project_2/libbot_final/src/sllidar_ros2'
[0.468s] INFO:colcon.colcon_core.plugin_system:Skipping extension 'colcon_core.shell.bat': Not used on non-Windows systems
[0.469s] INFO:colcon.colcon_core.shell:Skip shell extension 'powershell' for command environment: Not usable outside of PowerShell
[0.469s] DEBUG:colcon.colcon_core.shell:Skip shell extension 'dsv' for command environment
[0.490s] DEBUG:colcon.colcon_core.event_handler.log_command:Invoking command in '/home/devesh/Butterfly/project_2/libbot_final/build/sllidar_ros2': CMAKE_PREFIX_PATH=${CMAKE_PREFIX_PATH}:/home/devesh/Butterfly/project_2/libbot_final/install/libbot_navigation:/home/devesh/Butterfly/project_2/libbot_final/install/libbot_mapping:/home/devesh/Butterfly/project_2/libbot_final/install/libbot_lib_interface:/home/devesh/Butterfly/project_2/libbot_final/install/libbot_gazebo:/home/devesh/Butterfly/project_2/libbot_final/install/libbot_bringup:/opt/ros/jazzy DEBUGINFOD_URLS=https://debuginfod.ubuntu.com /usr/bin/cmake --build /home/devesh/Butterfly/project_2/libbot_final/build/sllidar_ros2 -- -j12 -l12
[8.372s] DEBUG:colcon.colcon_core.event_handler.log_command:Invoked command in '/home/devesh/Butterfly/project_2/libbot_final/build/sllidar_ros2' returned '0': CMAKE_PREFIX_PATH=${CMAKE_PREFIX_PATH}:/home/devesh/Butterfly/project_2/libbot_final/install/libbot_navigation:/home/devesh/Butterfly/project_2/libbot_final/install/libbot_mapping:/home/devesh/Butterfly/project_2/libbot_final/install/libbot_lib_interface:/home/devesh/Butterfly/project_2/libbot_final/install/libbot_gazebo:/home/devesh/Butterfly/project_2/libbot_final/install/libbot_bringup:/opt/ros/jazzy DEBUGINFOD_URLS=https://debuginfod.ubuntu.com /usr/bin/cmake --build /home/devesh/Butterfly/project_2/libbot_final/build/sllidar_ros2 -- -j12 -l12
[8.401s] DEBUG:colcon.colcon_core.event_handler.log_command:Invoking command in '/home/devesh/Butterfly/project_2/libbot_final/build/sllidar_ros2': CMAKE_PREFIX_PATH=${CMAKE_PREFIX_PATH}:/home/devesh/Butterfly/project_2/libbot_final/install/libbot_navigation:/home/devesh/Butterfly/project_2/libbot_final/install/libbot_mapping:/home/devesh/Butterfly/project_2/libbot_final/install/libbot_lib_interface:/home/devesh/Butterfly/project_2/libbot_final/install/libbot_gazebo:/home/devesh/Butterfly/project_2/libbot_final/install/libbot_bringup:/opt/ros/jazzy DEBUGINFOD_URLS=https://debuginfod.ubuntu.com /usr/bin/cmake --install /home/devesh/Butterfly/project_2/libbot_final/build/sllidar_ros2
[8.428s] Level 1:colcon.colcon_core.environment:create_environment_scripts_only(sllidar_ros2)
[8.429s] DEBUG:colcon.colcon_core.event_handler.log_command:Invoked command in '/home/devesh/Butterfly/project_2/libbot_final/build/sllidar_ros2' returned '0': CMAKE_PREFIX_PATH=${CMAKE_PREFIX_PATH}:/home/devesh/Butterfly/project_2/libbot_final/install/libbot_navigation:/home/devesh/Butterfly/project_2/libbot_final/install/libbot_mapping:/home/devesh/Butterfly/project_2/libbot_final/install/libbot_lib_interface:/home/devesh/Butterfly/project_2/libbot_final/install/libbot_gazebo:/home/devesh/Butterfly/project_2/libbot_final/install/libbot_bringup:/opt/ros/jazzy DEBUGINFOD_URLS=https://debuginfod.ubuntu.com /usr/bin/cmake --install /home/devesh/Butterfly/project_2/libbot_final/build/sllidar_ros2
[8.432s] Level 1:colcon.colcon_core.environment:checking '/home/devesh/Butterfly/project_2/libbot_final/install/sllidar_ros2' for CMake module files
[8.433s] Level 1:colcon.colcon_core.environment:checking '/home/devesh/Butterfly/project_2/libbot_final/install/sllidar_ros2' for CMake config files
[8.434s] Level 1:colcon.colcon_core.shell:create_environment_hook('sllidar_ros2', 'cmake_prefix_path')
[8.434s] INFO:colcon.colcon_core.shell:Creating environment hook '/home/devesh/Butterfly/project_2/libbot_final/install/sllidar_ros2/share/sllidar_ros2/hook/cmake_prefix_path.ps1'
[8.435s] INFO:colcon.colcon_core.shell:Creating environment descriptor '/home/devesh/Butterfly/project_2/libbot_final/install/sllidar_ros2/share/sllidar_ros2/hook/cmake_prefix_path.dsv'
[8.436s] INFO:colcon.colcon_core.shell:Creating environment hook '/home/devesh/Butterfly/project_2/libbot_final/install/sllidar_ros2/share/sllidar_ros2/hook/cmake_prefix_path.sh'
[8.437s] Level 1:colcon.colcon_core.environment:checking '/home/devesh/Butterfly/project_2/libbot_final/install/sllidar_ros2/lib'
[8.437s] Level 1:colcon.colcon_core.environment:checking '/home/devesh/Butterfly/project_2/libbot_final/install/sllidar_ros2/bin'
[8.437s] Level 1:colcon.colcon_core.environment:checking '/home/devesh/Butterfly/project_2/libbot_final/install/sllidar_ros2/lib/pkgconfig/sllidar_ros2.pc'
[8.437s] Level 1:colcon.colcon_core.environment:checking '/home/devesh/Butterfly/project_2/libbot_final/install/sllidar_ros2/lib/python3.12/site-packages'
[8.438s] Level 1:colcon.colcon_core.environment:checking '/home/devesh/Butterfly/project_2/libbot_final/install/sllidar_ros2/bin'
[8.438s] INFO:colcon.colcon_core.shell:Creating package script '/home/devesh/Butterfly/project_2/libbot_final/install/sllidar_ros2/share/sllidar_ros2/package.ps1'
[8.439s] INFO:colcon.colcon_core.shell:Creating package descriptor '/home/devesh/Butterfly/project_2/libbot_final/install/sllidar_ros2/share/sllidar_ros2/package.dsv'
[8.439s] INFO:colcon.colcon_core.shell:Creating package script '/home/devesh/Butterfly/project_2/libbot_final/install/sllidar_ros2/share/sllidar_ros2/package.sh'
[8.440s] INFO:colcon.colcon_core.shell:Creating package script '/home/devesh/Butterfly/project_2/libbot_final/install/sllidar_ros2/share/sllidar_ros2/package.bash'
[8.441s] INFO:colcon.colcon_core.shell:Creating package script '/home/devesh/Butterfly/project_2/libbot_final/install/sllidar_ros2/share/sllidar_ros2/package.zsh'
[8.442s] Level 1:colcon.colcon_core.environment:create_file_with_runtime_dependencies(/home/devesh/Butterfly/project_2/libbot_final/install/sllidar_ros2/share/colcon-core/packages/sllidar_ros2)
[8.442s] Level 1:colcon.colcon_core.environment:create_environment_scripts_only(sllidar_ros2)
[8.443s] Level 1:colcon.colcon_core.environment:checking '/home/devesh/Butterfly/project_2/libbot_final/install/sllidar_ros2' for CMake module files
[8.443s] Level 1:colcon.colcon_core.environment:checking '/home/devesh/Butterfly/project_2/libbot_final/install/sllidar_ros2' for CMake config files
[8.444s] Level 1:colcon.colcon_core.shell:create_environment_hook('sllidar_ros2', 'cmake_prefix_path')
[8.444s] INFO:colcon.colcon_core.shell:Creating environment hook '/home/devesh/Butterfly/project_2/libbot_final/install/sllidar_ros2/share/sllidar_ros2/hook/cmake_prefix_path.ps1'
[8.445s] INFO:colcon.colcon_core.shell:Creating environment descriptor '/home/devesh/Butterfly/project_2/libbot_final/install/sllidar_ros2/share/sllidar_ros2/hook/cmake_prefix_path.dsv'
[8.445s] INFO:colcon.colcon_core.shell:Creating environment hook '/home/devesh/Butterfly/project_2/libbot_final/install/sllidar_ros2/share/sllidar_ros2/hook/cmake_prefix_path.sh'
[8.446s] Level 1:colcon.colcon_core.environment:checking '/home/devesh/Butterfly/project_2/libbot_final/install/sllidar_ros2/lib'
[8.446s] Level 1:colcon.colcon_core.environment:checking '/home/devesh/Butterfly/project_2/libbot_final/install/sllidar_ros2/bin'
[8.446s] Level 1:colcon.colcon_core.environment:checking '/home/devesh/Butterfly/project_2/libbot_final/install/sllidar_ros2/lib/pkgconfig/sllidar_ros2.pc'
[8.446s] Level 1:colcon.colcon_core.environment:checking '/home/devesh/Butterfly/project_2/libbot_final/install/sllidar_ros2/lib/python3.12/site-packages'
[8.447s] Level 1:colcon.colcon_core.environment:checking '/home/devesh/Butterfly/project_2/libbot_final/install/sllidar_ros2/bin'
[8.447s] INFO:colcon.colcon_core.shell:Creating package script '/home/devesh/Butterfly/project_2/libbot_final/install/sllidar_ros2/share/sllidar_ros2/package.ps1'
[8.448s] INFO:colcon.colcon_core.shell:Creating package descriptor '/home/devesh/Butterfly/project_2/libbot_final/install/sllidar_ros2/share/sllidar_ros2/package.dsv'
[8.449s] INFO:colcon.colcon_core.shell:Creating package script '/home/devesh/Butterfly/project_2/libbot_final/install/sllidar_ros2/share/sllidar_ros2/package.sh'
[8.450s] INFO:colcon.colcon_core.shell:Creating package script '/home/devesh/Butterfly/project_2/libbot_final/install/sllidar_ros2/share/sllidar_ros2/package.bash'
[8.451s] INFO:colcon.colcon_core.shell:Creating package script '/home/devesh/Butterfly/project_2/libbot_final/install/sllidar_ros2/share/sllidar_ros2/package.zsh'
[8.451s] Level 1:colcon.colcon_core.environment:create_file_with_runtime_dependencies(/home/devesh/Butterfly/project_2/libbot_final/install/sllidar_ros2/share/colcon-core/packages/sllidar_ros2)
[8.452s] DEBUG:colcon.colcon_parallel_executor.executor.parallel:closing loop
[8.452s] DEBUG:colcon.colcon_parallel_executor.executor.parallel:loop closed
[8.452s] DEBUG:colcon.colcon_parallel_executor.executor.parallel:run_until_complete finished with '0'
[8.452s] DEBUG:colcon.colcon_core.event_reactor:joining thread
[8.466s] INFO:colcon.colcon_core.plugin_system:Skipping extension 'colcon_notification.desktop_notification.terminal_notifier': Not used on non-Darwin systems
[8.467s] INFO:colcon.colcon_core.plugin_system:Skipping extension 'colcon_notification.desktop_notification.win32': Not used on non-Windows systems
[8.467s] INFO:colcon.colcon_notification.desktop_notification:Sending desktop notification using 'notify2'
[8.494s] DEBUG:colcon.colcon_core.event_reactor:joined thread
[8.495s] INFO:colcon.colcon_core.shell:Creating prefix script '/home/devesh/Butterfly/project_2/libbot_final/install/local_setup.ps1'
[8.498s] INFO:colcon.colcon_core.shell:Creating prefix util module '/home/devesh/Butterfly/project_2/libbot_final/install/_local_setup_util_ps1.py'
[8.502s] INFO:colcon.colcon_core.shell:Creating prefix chain script '/home/devesh/Butterfly/project_2/libbot_final/install/setup.ps1'
[8.506s] INFO:colcon.colcon_core.shell:Creating prefix script '/home/devesh/Butterfly/project_2/libbot_final/install/local_setup.sh'
[8.508s] INFO:colcon.colcon_core.shell:Creating prefix util module '/home/devesh/Butterfly/project_2/libbot_final/install/_local_setup_util_sh.py'
[8.510s] INFO:colcon.colcon_core.shell:Creating prefix chain script '/home/devesh/Butterfly/project_2/libbot_final/install/setup.sh'
[8.515s] INFO:colcon.colcon_core.shell:Creating prefix script '/home/devesh/Butterfly/project_2/libbot_final/install/local_setup.bash'
[8.516s] INFO:colcon.colcon_core.shell:Creating prefix chain script '/home/devesh/Butterfly/project_2/libbot_final/install/setup.bash'
[8.521s] INFO:colcon.colcon_core.shell:Creating prefix script '/home/devesh/Butterfly/project_2/libbot_final/install/local_setup.zsh'
[8.522s] INFO:colcon.colcon_core.shell:Creating prefix chain script '/home/devesh/Butterfly/project_2/libbot_final/install/setup.zsh'
