[2.771s] Invoking command in '/home/devesh/Butterfly/project_2/libbot_final/src/libbot_mapping': DEBUGINFOD_URLS=https://debuginfod.ubuntu.com PYTHONPATH=/home/devesh/Butterfly/project_2/libbot_final/build/libbot_mapping/prefix_override:/usr/lib/python3/dist-packages/colcon_core/task/python/colcon_distutils_commands:/home/devesh/Butterfly/project_2/libbot_final/install/libbot_mapping/lib/python3.12/site-packages:${PYTHONPATH} /usr/bin/python3 -W ignore:setup.py install is deprecated -W ignore:easy_install command is deprecated setup.py egg_info --egg-base ../../build/libbot_mapping build --build-base /home/devesh/Butterfly/project_2/libbot_final/build/libbot_mapping/build install --record /home/devesh/Butterfly/project_2/libbot_final/build/libbot_mapping/install.log --single-version-externally-managed install_data
[3.210s] running egg_info
[3.243s] writing ../../build/libbot_mapping/libbot_mapping.egg-info/PKG-INFO
[3.243s] writing dependency_links to ../../build/libbot_mapping/libbot_mapping.egg-info/dependency_links.txt
[3.243s] writing requirements to ../../build/libbot_mapping/libbot_mapping.egg-info/requires.txt
[3.244s] writing top-level names to ../../build/libbot_mapping/libbot_mapping.egg-info/top_level.txt
[3.312s] reading manifest file '../../build/libbot_mapping/libbot_mapping.egg-info/SOURCES.txt'
[3.312s] adding license file 'LICENSE'
[3.313s] writing manifest file '../../build/libbot_mapping/libbot_mapping.egg-info/SOURCES.txt'
[3.313s] running build
[3.314s] running build_py
[3.314s] running install
[3.324s] running install_lib
[3.359s] running install_data
[3.359s] running install_egg_info
[3.396s] removing '/home/devesh/Butterfly/project_2/libbot_final/install/libbot_mapping/lib/python3.12/site-packages/libbot_mapping-0.0.0-py3.12.egg-info' (and everything under it)
[3.397s] Copying ../../build/libbot_mapping/libbot_mapping.egg-info to /home/devesh/Butterfly/project_2/libbot_final/install/libbot_mapping/lib/python3.12/site-packages/libbot_mapping-0.0.0-py3.12.egg-info
[3.398s] running install_scripts
[3.630s] writing list of installed files to '/home/devesh/Butterfly/project_2/libbot_final/build/libbot_mapping/install.log'
[3.699s] Invoked command in '/home/devesh/Butterfly/project_2/libbot_final/src/libbot_mapping' returned '0': DEBUGINFOD_URLS=https://debuginfod.ubuntu.com PYTHONPATH=/home/devesh/Butterfly/project_2/libbot_final/build/libbot_mapping/prefix_override:/usr/lib/python3/dist-packages/colcon_core/task/python/colcon_distutils_commands:/home/devesh/Butterfly/project_2/libbot_final/install/libbot_mapping/lib/python3.12/site-packages:${PYTHONPATH} /usr/bin/python3 -W ignore:setup.py install is deprecated -W ignore:easy_install command is deprecated setup.py egg_info --egg-base ../../build/libbot_mapping build --build-base /home/devesh/Butterfly/project_2/libbot_final/build/libbot_mapping/build install --record /home/devesh/Butterfly/project_2/libbot_final/build/libbot_mapping/install.log --single-version-externally-managed install_data
