[3.211s] Invoking command in '/home/devesh/Butterfly/project_2/libbot_final/src/libbot_navigation': DEBUGINFOD_URLS=https://debuginfod.ubuntu.com PYTHONPATH=/home/devesh/Butterfly/project_2/libbot_final/build/libbot_navigation/prefix_override:/usr/lib/python3/dist-packages/colcon_core/task/python/colcon_distutils_commands:/home/devesh/Butterfly/project_2/libbot_final/install/libbot_navigation/lib/python3.12/site-packages:${PYTHONPATH} /usr/bin/python3 -W ignore:setup.py install is deprecated -W ignore:easy_install command is deprecated setup.py egg_info --egg-base ../../build/libbot_navigation build --build-base /home/devesh/Butterfly/project_2/libbot_final/build/libbot_navigation/build install --record /home/devesh/Butterfly/project_2/libbot_final/build/libbot_navigation/install.log --single-version-externally-managed install_data
[3.648s] running egg_info
[3.681s] writing ../../build/libbot_navigation/libbot_navigation.egg-info/PKG-INFO
[3.681s] writing dependency_links to ../../build/libbot_navigation/libbot_navigation.egg-info/dependency_links.txt
[3.682s] writing requirements to ../../build/libbot_navigation/libbot_navigation.egg-info/requires.txt
[3.682s] writing top-level names to ../../build/libbot_navigation/libbot_navigation.egg-info/top_level.txt
[3.747s] reading manifest file '../../build/libbot_navigation/libbot_navigation.egg-info/SOURCES.txt'
[3.747s] adding license file 'LICENSE'
[3.748s] writing manifest file '../../build/libbot_navigation/libbot_navigation.egg-info/SOURCES.txt'
[3.749s] running build
[3.749s] running build_py
[3.750s] running install
[3.758s] running install_lib
[3.792s] running install_data
[3.792s] running install_egg_info
[3.826s] removing '/home/devesh/Butterfly/project_2/libbot_final/install/libbot_navigation/lib/python3.12/site-packages/libbot_navigation-0.0.0-py3.12.egg-info' (and everything under it)
[3.827s] Copying ../../build/libbot_navigation/libbot_navigation.egg-info to /home/devesh/Butterfly/project_2/libbot_final/install/libbot_navigation/lib/python3.12/site-packages/libbot_navigation-0.0.0-py3.12.egg-info
[3.829s] running install_scripts
[4.048s] writing list of installed files to '/home/devesh/Butterfly/project_2/libbot_final/build/libbot_navigation/install.log'
[4.118s] Invoked command in '/home/devesh/Butterfly/project_2/libbot_final/src/libbot_navigation' returned '0': DEBUGINFOD_URLS=https://debuginfod.ubuntu.com PYTHONPATH=/home/devesh/Butterfly/project_2/libbot_final/build/libbot_navigation/prefix_override:/usr/lib/python3/dist-packages/colcon_core/task/python/colcon_distutils_commands:/home/devesh/Butterfly/project_2/libbot_final/install/libbot_navigation/lib/python3.12/site-packages:${PYTHONPATH} /usr/bin/python3 -W ignore:setup.py install is deprecated -W ignore:easy_install command is deprecated setup.py egg_info --egg-base ../../build/libbot_navigation build --build-base /home/devesh/Butterfly/project_2/libbot_final/build/libbot_navigation/build install --record /home/devesh/Butterfly/project_2/libbot_final/build/libbot_navigation/install.log --single-version-externally-managed install_data
