[0.073s] Invoking command in '/home/devesh/Butterfly/project_2/libbot_final/build/micro_ros_msgs': CMAKE_PREFIX_PATH=${CMAKE_PREFIX_PATH}:/home/devesh/Butterfly/project_2/libbot_final/install/libbot_gazebo:/home/devesh/Butterfly/project_2/libbot_final/install/libbot_bringup:/opt/ros/jazzy DEBUGINFOD_URLS=https://debuginfod.ubuntu.com /usr/bin/cmake --build /home/devesh/Butterfly/project_2/libbot_final/build/micro_ros_msgs -- -j12 -l12
[1.261s] [  1%] Built target micro_ros_msgs__rosidl_generator_type_description
[1.262s] [  1%] Built target ament_cmake_python_copy_micro_ros_msgs
[1.262s] [  3%] Built target micro_ros_msgs__cpp
[1.262s] [ 24%] Built target micro_ros_msgs__rosidl_generator_c
[1.263s] [ 33%] Built target micro_ros_msgs__rosidl_typesupport_introspection_c
[1.263s] [ 51%] Built target micro_ros_msgs__rosidl_typesupport_cpp
[1.263s] [ 70%] Built target micro_ros_msgs__rosidl_typesupport_fastrtps_cpp
[1.263s] [ 51%] Built target micro_ros_msgs__rosidl_typesupport_fastrtps_c
[1.264s] [ 61%] Built target micro_ros_msgs__rosidl_typesupport_c
[1.265s] [ 79%] Built target micro_ros_msgs__rosidl_typesupport_introspection_cpp
[1.265s] [ 79%] Built target micro_ros_msgs
[1.265s] [ 81%] Built target micro_ros_msgs__py
[1.265s] [ 88%] Built target micro_ros_msgs__rosidl_generator_py
[1.266s] [ 98%] Built target micro_ros_msgs_s__rosidl_typesupport_c
[1.266s] [100%] Built target micro_ros_msgs_s__rosidl_typesupport_fastrtps_c
[1.266s] [100%] Built target micro_ros_msgs_s__rosidl_typesupport_introspection_c
[1.267s] running egg_info
[1.267s] writing micro_ros_msgs.egg-info/PKG-INFO
[1.267s] writing dependency_links to micro_ros_msgs.egg-info/dependency_links.txt
[1.267s] writing top-level names to micro_ros_msgs.egg-info/top_level.txt
[1.268s] reading manifest file 'micro_ros_msgs.egg-info/SOURCES.txt'
[1.268s] writing manifest file 'micro_ros_msgs.egg-info/SOURCES.txt'
[1.268s] [100%] Built target ament_cmake_python_build_micro_ros_msgs_egg
[1.276s] Invoked command in '/home/devesh/Butterfly/project_2/libbot_final/build/micro_ros_msgs' returned '0': CMAKE_PREFIX_PATH=${CMAKE_PREFIX_PATH}:/home/devesh/Butterfly/project_2/libbot_final/install/libbot_gazebo:/home/devesh/Butterfly/project_2/libbot_final/install/libbot_bringup:/opt/ros/jazzy DEBUGINFOD_URLS=https://debuginfod.ubuntu.com /usr/bin/cmake --build /home/devesh/Butterfly/project_2/libbot_final/build/micro_ros_msgs -- -j12 -l12
[1.300s] Invoking command in '/home/devesh/Butterfly/project_2/libbot_final/build/micro_ros_msgs': CMAKE_PREFIX_PATH=${CMAKE_PREFIX_PATH}:/home/devesh/Butterfly/project_2/libbot_final/install/libbot_gazebo:/home/devesh/Butterfly/project_2/libbot_final/install/libbot_bringup:/opt/ros/jazzy DEBUGINFOD_URLS=https://debuginfod.ubuntu.com /usr/bin/cmake --install /home/devesh/Butterfly/project_2/libbot_final/build/micro_ros_msgs
[1.674s] -- Install configuration: ""
[1.674s] -- Up-to-date: /home/devesh/Butterfly/project_2/libbot_final/install/micro_ros_msgs/share/ament_index/resource_index/rosidl_interfaces/micro_ros_msgs
[1.674s] -- Up-to-date: /home/devesh/Butterfly/project_2/libbot_final/install/micro_ros_msgs/share/micro_ros_msgs/msg/Graph.json
[1.674s] -- Up-to-date: /home/devesh/Butterfly/project_2/libbot_final/install/micro_ros_msgs/share/micro_ros_msgs/msg/Node.json
[1.674s] -- Up-to-date: /home/devesh/Butterfly/project_2/libbot_final/install/micro_ros_msgs/share/micro_ros_msgs/msg/Entity.json
[1.674s] -- Up-to-date: /home/devesh/Butterfly/project_2/libbot_final/install/micro_ros_msgs/include/micro_ros_msgs/micro_ros_msgs
[1.675s] -- Up-to-date: /home/devesh/Butterfly/project_2/libbot_final/install/micro_ros_msgs/include/micro_ros_msgs/micro_ros_msgs/msg
[1.675s] -- Up-to-date: /home/devesh/Butterfly/project_2/libbot_final/install/micro_ros_msgs/include/micro_ros_msgs/micro_ros_msgs/msg/detail
[1.675s] -- Up-to-date: /home/devesh/Butterfly/project_2/libbot_final/install/micro_ros_msgs/include/micro_ros_msgs/micro_ros_msgs/msg/detail/node__type_support.h
[1.676s] -- Up-to-date: /home/devesh/Butterfly/project_2/libbot_final/install/micro_ros_msgs/include/micro_ros_msgs/micro_ros_msgs/msg/detail/entity__functions.c
[1.676s] -- Up-to-date: /home/devesh/Butterfly/project_2/libbot_final/install/micro_ros_msgs/include/micro_ros_msgs/micro_ros_msgs/msg/detail/node__struct.h
[1.676s] -- Up-to-date: /home/devesh/Butterfly/project_2/libbot_final/install/micro_ros_msgs/include/micro_ros_msgs/micro_ros_msgs/msg/detail/node__description.c
[1.676s] -- Up-to-date: /home/devesh/Butterfly/project_2/libbot_final/install/micro_ros_msgs/include/micro_ros_msgs/micro_ros_msgs/msg/detail/graph__description.c
[1.676s] -- Up-to-date: /home/devesh/Butterfly/project_2/libbot_final/install/micro_ros_msgs/include/micro_ros_msgs/micro_ros_msgs/msg/detail/graph__functions.h
[1.677s] -- Up-to-date: /home/devesh/Butterfly/project_2/libbot_final/install/micro_ros_msgs/include/micro_ros_msgs/micro_ros_msgs/msg/detail/graph__functions.c
[1.677s] -- Up-to-date: /home/devesh/Butterfly/project_2/libbot_final/install/micro_ros_msgs/include/micro_ros_msgs/micro_ros_msgs/msg/detail/node__functions.h
[1.677s] -- Up-to-date: /home/devesh/Butterfly/project_2/libbot_final/install/micro_ros_msgs/include/micro_ros_msgs/micro_ros_msgs/msg/detail/graph__struct.h
[1.677s] -- Up-to-date: /home/devesh/Butterfly/project_2/libbot_final/install/micro_ros_msgs/include/micro_ros_msgs/micro_ros_msgs/msg/detail/entity__type_support.h
[1.677s] -- Up-to-date: /home/devesh/Butterfly/project_2/libbot_final/install/micro_ros_msgs/include/micro_ros_msgs/micro_ros_msgs/msg/detail/node__functions.c
[1.677s] -- Up-to-date: /home/devesh/Butterfly/project_2/libbot_final/install/micro_ros_msgs/include/micro_ros_msgs/micro_ros_msgs/msg/detail/node__type_support.c
[1.678s] -- Up-to-date: /home/devesh/Butterfly/project_2/libbot_final/install/micro_ros_msgs/include/micro_ros_msgs/micro_ros_msgs/msg/detail/entity__description.c
[1.678s] -- Up-to-date: /home/devesh/Butterfly/project_2/libbot_final/install/micro_ros_msgs/include/micro_ros_msgs/micro_ros_msgs/msg/detail/graph__type_support.c
[1.678s] -- Up-to-date: /home/devesh/Butterfly/project_2/libbot_final/install/micro_ros_msgs/include/micro_ros_msgs/micro_ros_msgs/msg/detail/entity__struct.h
[1.678s] -- Up-to-date: /home/devesh/Butterfly/project_2/libbot_final/install/micro_ros_msgs/include/micro_ros_msgs/micro_ros_msgs/msg/detail/entity__type_support.c
[1.679s] -- Up-to-date: /home/devesh/Butterfly/project_2/libbot_final/install/micro_ros_msgs/include/micro_ros_msgs/micro_ros_msgs/msg/detail/entity__functions.h
[1.679s] -- Up-to-date: /home/devesh/Butterfly/project_2/libbot_final/install/micro_ros_msgs/include/micro_ros_msgs/micro_ros_msgs/msg/detail/graph__type_support.h
[1.679s] -- Up-to-date: /home/devesh/Butterfly/project_2/libbot_final/install/micro_ros_msgs/include/micro_ros_msgs/micro_ros_msgs/msg/rosidl_generator_c__visibility_control.h
[1.679s] -- Up-to-date: /home/devesh/Butterfly/project_2/libbot_final/install/micro_ros_msgs/include/micro_ros_msgs/micro_ros_msgs/msg/entity.h
[1.692s] -- Up-to-date: /home/devesh/Butterfly/project_2/libbot_final/install/micro_ros_msgs/include/micro_ros_msgs/micro_ros_msgs/msg/node.h
[1.692s] -- Up-to-date: /home/devesh/Butterfly/project_2/libbot_final/install/micro_ros_msgs/include/micro_ros_msgs/micro_ros_msgs/msg/graph.h
[1.692s] -- Up-to-date: /home/devesh/Butterfly/project_2/libbot_final/install/micro_ros_msgs/share/micro_ros_msgs/environment/library_path.sh
[1.693s] -- Up-to-date: /home/devesh/Butterfly/project_2/libbot_final/install/micro_ros_msgs/share/micro_ros_msgs/environment/library_path.dsv
[1.693s] -- Up-to-date: /home/devesh/Butterfly/project_2/libbot_final/install/micro_ros_msgs/lib/libmicro_ros_msgs__rosidl_generator_c.so
[1.693s] -- Up-to-date: /home/devesh/Butterfly/project_2/libbot_final/install/micro_ros_msgs/include/micro_ros_msgs/micro_ros_msgs
[1.694s] -- Up-to-date: /home/devesh/Butterfly/project_2/libbot_final/install/micro_ros_msgs/include/micro_ros_msgs/micro_ros_msgs/msg
[1.694s] -- Up-to-date: /home/devesh/Butterfly/project_2/libbot_final/install/micro_ros_msgs/include/micro_ros_msgs/micro_ros_msgs/msg/detail
[1.694s] -- Up-to-date: /home/devesh/Butterfly/project_2/libbot_final/install/micro_ros_msgs/include/micro_ros_msgs/micro_ros_msgs/msg/detail/graph__rosidl_typesupport_fastrtps_c.h
[1.694s] -- Up-to-date: /home/devesh/Butterfly/project_2/libbot_final/install/micro_ros_msgs/include/micro_ros_msgs/micro_ros_msgs/msg/detail/entity__rosidl_typesupport_fastrtps_c.h
[1.694s] -- Up-to-date: /home/devesh/Butterfly/project_2/libbot_final/install/micro_ros_msgs/include/micro_ros_msgs/micro_ros_msgs/msg/detail/node__rosidl_typesupport_fastrtps_c.h
[1.694s] -- Up-to-date: /home/devesh/Butterfly/project_2/libbot_final/install/micro_ros_msgs/include/micro_ros_msgs/micro_ros_msgs/msg/rosidl_typesupport_fastrtps_c__visibility_control.h
[1.695s] -- Up-to-date: /home/devesh/Butterfly/project_2/libbot_final/install/micro_ros_msgs/lib/libmicro_ros_msgs__rosidl_typesupport_fastrtps_c.so
[1.695s] -- Up-to-date: /home/devesh/Butterfly/project_2/libbot_final/install/micro_ros_msgs/include/micro_ros_msgs/micro_ros_msgs
[1.696s] -- Up-to-date: /home/devesh/Butterfly/project_2/libbot_final/install/micro_ros_msgs/include/micro_ros_msgs/micro_ros_msgs/msg
[1.696s] -- Up-to-date: /home/devesh/Butterfly/project_2/libbot_final/install/micro_ros_msgs/include/micro_ros_msgs/micro_ros_msgs/msg/rosidl_typesupport_introspection_c__visibility_control.h
[1.696s] -- Up-to-date: /home/devesh/Butterfly/project_2/libbot_final/install/micro_ros_msgs/include/micro_ros_msgs/micro_ros_msgs/msg/detail
[1.696s] -- Up-to-date: /home/devesh/Butterfly/project_2/libbot_final/install/micro_ros_msgs/include/micro_ros_msgs/micro_ros_msgs/msg/detail/node__rosidl_typesupport_introspection_c.h
[1.696s] -- Up-to-date: /home/devesh/Butterfly/project_2/libbot_final/install/micro_ros_msgs/include/micro_ros_msgs/micro_ros_msgs/msg/detail/graph__rosidl_typesupport_introspection_c.h
[1.697s] -- Up-to-date: /home/devesh/Butterfly/project_2/libbot_final/install/micro_ros_msgs/include/micro_ros_msgs/micro_ros_msgs/msg/detail/node__type_support.c
[1.697s] -- Up-to-date: /home/devesh/Butterfly/project_2/libbot_final/install/micro_ros_msgs/include/micro_ros_msgs/micro_ros_msgs/msg/detail/entity__rosidl_typesupport_introspection_c.h
[1.697s] -- Up-to-date: /home/devesh/Butterfly/project_2/libbot_final/install/micro_ros_msgs/include/micro_ros_msgs/micro_ros_msgs/msg/detail/graph__type_support.c
[1.697s] -- Up-to-date: /home/devesh/Butterfly/project_2/libbot_final/install/micro_ros_msgs/include/micro_ros_msgs/micro_ros_msgs/msg/detail/entity__type_support.c
[1.697s] -- Up-to-date: /home/devesh/Butterfly/project_2/libbot_final/install/micro_ros_msgs/lib/libmicro_ros_msgs__rosidl_typesupport_introspection_c.so
[1.698s] -- Up-to-date: /home/devesh/Butterfly/project_2/libbot_final/install/micro_ros_msgs/lib/libmicro_ros_msgs__rosidl_typesupport_c.so
[1.698s] -- Up-to-date: /home/devesh/Butterfly/project_2/libbot_final/install/micro_ros_msgs/include/micro_ros_msgs/micro_ros_msgs
[1.698s] -- Up-to-date: /home/devesh/Butterfly/project_2/libbot_final/install/micro_ros_msgs/include/micro_ros_msgs/micro_ros_msgs/msg
[1.698s] -- Up-to-date: /home/devesh/Butterfly/project_2/libbot_final/install/micro_ros_msgs/include/micro_ros_msgs/micro_ros_msgs/msg/entity.hpp
[1.699s] -- Up-to-date: /home/devesh/Butterfly/project_2/libbot_final/install/micro_ros_msgs/include/micro_ros_msgs/micro_ros_msgs/msg/rosidl_generator_cpp__visibility_control.hpp
[1.699s] -- Up-to-date: /home/devesh/Butterfly/project_2/libbot_final/install/micro_ros_msgs/include/micro_ros_msgs/micro_ros_msgs/msg/detail
[1.699s] -- Up-to-date: /home/devesh/Butterfly/project_2/libbot_final/install/micro_ros_msgs/include/micro_ros_msgs/micro_ros_msgs/msg/detail/entity__type_support.hpp
[1.699s] -- Up-to-date: /home/devesh/Butterfly/project_2/libbot_final/install/micro_ros_msgs/include/micro_ros_msgs/micro_ros_msgs/msg/detail/entity__struct.hpp
[1.699s] -- Up-to-date: /home/devesh/Butterfly/project_2/libbot_final/install/micro_ros_msgs/include/micro_ros_msgs/micro_ros_msgs/msg/detail/graph__struct.hpp
[1.699s] -- Up-to-date: /home/devesh/Butterfly/project_2/libbot_final/install/micro_ros_msgs/include/micro_ros_msgs/micro_ros_msgs/msg/detail/node__struct.hpp
[1.700s] -- Up-to-date: /home/devesh/Butterfly/project_2/libbot_final/install/micro_ros_msgs/include/micro_ros_msgs/micro_ros_msgs/msg/detail/graph__builder.hpp
[1.700s] -- Up-to-date: /home/devesh/Butterfly/project_2/libbot_final/install/micro_ros_msgs/include/micro_ros_msgs/micro_ros_msgs/msg/detail/node__type_support.hpp
[1.700s] -- Up-to-date: /home/devesh/Butterfly/project_2/libbot_final/install/micro_ros_msgs/include/micro_ros_msgs/micro_ros_msgs/msg/detail/graph__traits.hpp
[1.700s] -- Up-to-date: /home/devesh/Butterfly/project_2/libbot_final/install/micro_ros_msgs/include/micro_ros_msgs/micro_ros_msgs/msg/detail/entity__traits.hpp
[1.700s] -- Up-to-date: /home/devesh/Butterfly/project_2/libbot_final/install/micro_ros_msgs/include/micro_ros_msgs/micro_ros_msgs/msg/detail/node__traits.hpp
[1.701s] -- Up-to-date: /home/devesh/Butterfly/project_2/libbot_final/install/micro_ros_msgs/include/micro_ros_msgs/micro_ros_msgs/msg/detail/entity__builder.hpp
[1.701s] -- Up-to-date: /home/devesh/Butterfly/project_2/libbot_final/install/micro_ros_msgs/include/micro_ros_msgs/micro_ros_msgs/msg/detail/node__builder.hpp
[1.701s] -- Up-to-date: /home/devesh/Butterfly/project_2/libbot_final/install/micro_ros_msgs/include/micro_ros_msgs/micro_ros_msgs/msg/detail/graph__type_support.hpp
[1.701s] -- Up-to-date: /home/devesh/Butterfly/project_2/libbot_final/install/micro_ros_msgs/include/micro_ros_msgs/micro_ros_msgs/msg/graph.hpp
[1.701s] -- Up-to-date: /home/devesh/Butterfly/project_2/libbot_final/install/micro_ros_msgs/include/micro_ros_msgs/micro_ros_msgs/msg/node.hpp
[1.702s] -- Up-to-date: /home/devesh/Butterfly/project_2/libbot_final/install/micro_ros_msgs/include/micro_ros_msgs/micro_ros_msgs
[1.702s] -- Up-to-date: /home/devesh/Butterfly/project_2/libbot_final/install/micro_ros_msgs/include/micro_ros_msgs/micro_ros_msgs/msg
[1.702s] -- Up-to-date: /home/devesh/Butterfly/project_2/libbot_final/install/micro_ros_msgs/include/micro_ros_msgs/micro_ros_msgs/msg/detail
[1.703s] -- Up-to-date: /home/devesh/Butterfly/project_2/libbot_final/install/micro_ros_msgs/include/micro_ros_msgs/micro_ros_msgs/msg/detail/node__rosidl_typesupport_fastrtps_cpp.hpp
[1.703s] -- Up-to-date: /home/devesh/Butterfly/project_2/libbot_final/install/micro_ros_msgs/include/micro_ros_msgs/micro_ros_msgs/msg/detail/dds_fastrtps
[1.703s] -- Up-to-date: /home/devesh/Butterfly/project_2/libbot_final/install/micro_ros_msgs/include/micro_ros_msgs/micro_ros_msgs/msg/detail/entity__rosidl_typesupport_fastrtps_cpp.hpp
[1.703s] -- Up-to-date: /home/devesh/Butterfly/project_2/libbot_final/install/micro_ros_msgs/include/micro_ros_msgs/micro_ros_msgs/msg/detail/graph__rosidl_typesupport_fastrtps_cpp.hpp
[1.704s] -- Up-to-date: /home/devesh/Butterfly/project_2/libbot_final/install/micro_ros_msgs/include/micro_ros_msgs/micro_ros_msgs/msg/rosidl_typesupport_fastrtps_cpp__visibility_control.h
[1.704s] -- Up-to-date: /home/devesh/Butterfly/project_2/libbot_final/install/micro_ros_msgs/lib/libmicro_ros_msgs__rosidl_typesupport_fastrtps_cpp.so
[1.704s] -- Up-to-date: /home/devesh/Butterfly/project_2/libbot_final/install/micro_ros_msgs/include/micro_ros_msgs/micro_ros_msgs
[1.705s] -- Up-to-date: /home/devesh/Butterfly/project_2/libbot_final/install/micro_ros_msgs/include/micro_ros_msgs/micro_ros_msgs/msg
[1.706s] -- Up-to-date: /home/devesh/Butterfly/project_2/libbot_final/install/micro_ros_msgs/include/micro_ros_msgs/micro_ros_msgs/msg/detail
[1.706s] -- Up-to-date: /home/devesh/Butterfly/project_2/libbot_final/install/micro_ros_msgs/include/micro_ros_msgs/micro_ros_msgs/msg/detail/node__type_support.cpp
[1.706s] -- Up-to-date: /home/devesh/Butterfly/project_2/libbot_final/install/micro_ros_msgs/include/micro_ros_msgs/micro_ros_msgs/msg/detail/graph__type_support.cpp
[1.706s] -- Up-to-date: /home/devesh/Butterfly/project_2/libbot_final/install/micro_ros_msgs/include/micro_ros_msgs/micro_ros_msgs/msg/detail/entity__rosidl_typesupport_introspection_cpp.hpp
[1.707s] -- Up-to-date: /home/devesh/Butterfly/project_2/libbot_final/install/micro_ros_msgs/include/micro_ros_msgs/micro_ros_msgs/msg/detail/graph__rosidl_typesupport_introspection_cpp.hpp
[1.707s] -- Up-to-date: /home/devesh/Butterfly/project_2/libbot_final/install/micro_ros_msgs/include/micro_ros_msgs/micro_ros_msgs/msg/detail/node__rosidl_typesupport_introspection_cpp.hpp
[1.707s] -- Up-to-date: /home/devesh/Butterfly/project_2/libbot_final/install/micro_ros_msgs/include/micro_ros_msgs/micro_ros_msgs/msg/detail/entity__type_support.cpp
[1.707s] -- Up-to-date: /home/devesh/Butterfly/project_2/libbot_final/install/micro_ros_msgs/lib/libmicro_ros_msgs__rosidl_typesupport_introspection_cpp.so
[1.708s] -- Up-to-date: /home/devesh/Butterfly/project_2/libbot_final/install/micro_ros_msgs/lib/libmicro_ros_msgs__rosidl_typesupport_cpp.so
[1.708s] -- Up-to-date: /home/devesh/Butterfly/project_2/libbot_final/install/micro_ros_msgs/share/micro_ros_msgs/environment/pythonpath.sh
[1.708s] -- Up-to-date: /home/devesh/Butterfly/project_2/libbot_final/install/micro_ros_msgs/share/micro_ros_msgs/environment/pythonpath.dsv
[1.708s] -- Up-to-date: /home/devesh/Butterfly/project_2/libbot_final/install/micro_ros_msgs/lib/python3.12/site-packages/micro_ros_msgs-5.0.2-py3.12.egg-info
[1.708s] -- Installing: /home/devesh/Butterfly/project_2/libbot_final/install/micro_ros_msgs/lib/python3.12/site-packages/micro_ros_msgs-5.0.2-py3.12.egg-info/PKG-INFO
[1.709s] -- Installing: /home/devesh/Butterfly/project_2/libbot_final/install/micro_ros_msgs/lib/python3.12/site-packages/micro_ros_msgs-5.0.2-py3.12.egg-info/dependency_links.txt
[1.709s] -- Installing: /home/devesh/Butterfly/project_2/libbot_final/install/micro_ros_msgs/lib/python3.12/site-packages/micro_ros_msgs-5.0.2-py3.12.egg-info/top_level.txt
[1.709s] -- Installing: /home/devesh/Butterfly/project_2/libbot_final/install/micro_ros_msgs/lib/python3.12/site-packages/micro_ros_msgs-5.0.2-py3.12.egg-info/SOURCES.txt
[1.709s] -- Up-to-date: /home/devesh/Butterfly/project_2/libbot_final/install/micro_ros_msgs/lib/python3.12/site-packages/micro_ros_msgs
[1.709s] -- Up-to-date: /home/devesh/Butterfly/project_2/libbot_final/install/micro_ros_msgs/lib/python3.12/site-packages/micro_ros_msgs/micro_ros_msgs_s__rosidl_typesupport_c.so
[1.710s] -- Up-to-date: /home/devesh/Butterfly/project_2/libbot_final/install/micro_ros_msgs/lib/python3.12/site-packages/micro_ros_msgs/micro_ros_msgs_s__rosidl_typesupport_fastrtps_c.so
[1.710s] -- Up-to-date: /home/devesh/Butterfly/project_2/libbot_final/install/micro_ros_msgs/lib/python3.12/site-packages/micro_ros_msgs/_micro_ros_msgs_s.ep.rosidl_typesupport_fastrtps_c.c
[1.710s] -- Up-to-date: /home/devesh/Butterfly/project_2/libbot_final/install/micro_ros_msgs/lib/python3.12/site-packages/micro_ros_msgs/__init__.py
[1.710s] -- Up-to-date: /home/devesh/Butterfly/project_2/libbot_final/install/micro_ros_msgs/lib/python3.12/site-packages/micro_ros_msgs/_micro_ros_msgs_s.ep.rosidl_typesupport_introspection_c.c
[1.710s] -- Up-to-date: /home/devesh/Butterfly/project_2/libbot_final/install/micro_ros_msgs/lib/python3.12/site-packages/micro_ros_msgs/msg
[1.711s] -- Up-to-date: /home/devesh/Butterfly/project_2/libbot_final/install/micro_ros_msgs/lib/python3.12/site-packages/micro_ros_msgs/msg/_entity_s.c
[1.711s] -- Up-to-date: /home/devesh/Butterfly/project_2/libbot_final/install/micro_ros_msgs/lib/python3.12/site-packages/micro_ros_msgs/msg/_graph_s.c
[1.711s] -- Up-to-date: /home/devesh/Butterfly/project_2/libbot_final/install/micro_ros_msgs/lib/python3.12/site-packages/micro_ros_msgs/msg/_graph.py
[1.711s] -- Up-to-date: /home/devesh/Butterfly/project_2/libbot_final/install/micro_ros_msgs/lib/python3.12/site-packages/micro_ros_msgs/msg/_node_s.c
[1.712s] -- Up-to-date: /home/devesh/Butterfly/project_2/libbot_final/install/micro_ros_msgs/lib/python3.12/site-packages/micro_ros_msgs/msg/__init__.py
[1.712s] -- Up-to-date: /home/devesh/Butterfly/project_2/libbot_final/install/micro_ros_msgs/lib/python3.12/site-packages/micro_ros_msgs/msg/_node.py
[1.712s] -- Up-to-date: /home/devesh/Butterfly/project_2/libbot_final/install/micro_ros_msgs/lib/python3.12/site-packages/micro_ros_msgs/msg/_entity.py
[1.712s] -- Up-to-date: /home/devesh/Butterfly/project_2/libbot_final/install/micro_ros_msgs/lib/python3.12/site-packages/micro_ros_msgs/micro_ros_msgs_s__rosidl_typesupport_introspection_c.so
[1.713s] -- Up-to-date: /home/devesh/Butterfly/project_2/libbot_final/install/micro_ros_msgs/lib/python3.12/site-packages/micro_ros_msgs/_micro_ros_msgs_s.ep.rosidl_typesupport_c.c
[1.713s] Listing '/home/devesh/Butterfly/project_2/libbot_final/install/micro_ros_msgs/lib/python3.12/site-packages/micro_ros_msgs'...
[1.713s] Listing '/home/devesh/Butterfly/project_2/libbot_final/install/micro_ros_msgs/lib/python3.12/site-packages/micro_ros_msgs/msg'...
[1.713s] -- Up-to-date: /home/devesh/Butterfly/project_2/libbot_final/install/micro_ros_msgs/lib/python3.12/site-packages/micro_ros_msgs/micro_ros_msgs_s__rosidl_typesupport_fastrtps_c.so
[1.715s] -- Up-to-date: /home/devesh/Butterfly/project_2/libbot_final/install/micro_ros_msgs/lib/python3.12/site-packages/micro_ros_msgs/micro_ros_msgs_s__rosidl_typesupport_introspection_c.so
[1.715s] -- Up-to-date: /home/devesh/Butterfly/project_2/libbot_final/install/micro_ros_msgs/lib/python3.12/site-packages/micro_ros_msgs/micro_ros_msgs_s__rosidl_typesupport_c.so
[1.716s] -- Up-to-date: /home/devesh/Butterfly/project_2/libbot_final/install/micro_ros_msgs/lib/libmicro_ros_msgs__rosidl_generator_py.so
[1.718s] -- Up-to-date: /home/devesh/Butterfly/project_2/libbot_final/install/micro_ros_msgs/share/micro_ros_msgs/msg/Graph.idl
[1.718s] -- Up-to-date: /home/devesh/Butterfly/project_2/libbot_final/install/micro_ros_msgs/share/micro_ros_msgs/msg/Node.idl
[1.721s] -- Up-to-date: /home/devesh/Butterfly/project_2/libbot_final/install/micro_ros_msgs/share/micro_ros_msgs/msg/Entity.idl
[1.721s] -- Up-to-date: /home/devesh/Butterfly/project_2/libbot_final/install/micro_ros_msgs/share/micro_ros_msgs/msg/Graph.msg
[1.721s] -- Up-to-date: /home/devesh/Butterfly/project_2/libbot_final/install/micro_ros_msgs/share/micro_ros_msgs/msg/Node.msg
[1.721s] -- Up-to-date: /home/devesh/Butterfly/project_2/libbot_final/install/micro_ros_msgs/share/micro_ros_msgs/msg/Entity.msg
[1.722s] -- Up-to-date: /home/devesh/Butterfly/project_2/libbot_final/install/micro_ros_msgs/share/ament_index/resource_index/package_run_dependencies/micro_ros_msgs
[1.722s] -- Up-to-date: /home/devesh/Butterfly/project_2/libbot_final/install/micro_ros_msgs/share/ament_index/resource_index/parent_prefix_path/micro_ros_msgs
[1.722s] -- Up-to-date: /home/devesh/Butterfly/project_2/libbot_final/install/micro_ros_msgs/share/micro_ros_msgs/environment/ament_prefix_path.sh
[1.722s] -- Up-to-date: /home/devesh/Butterfly/project_2/libbot_final/install/micro_ros_msgs/share/micro_ros_msgs/environment/ament_prefix_path.dsv
[1.722s] -- Up-to-date: /home/devesh/Butterfly/project_2/libbot_final/install/micro_ros_msgs/share/micro_ros_msgs/environment/path.sh
[1.723s] -- Up-to-date: /home/devesh/Butterfly/project_2/libbot_final/install/micro_ros_msgs/share/micro_ros_msgs/environment/path.dsv
[1.723s] -- Up-to-date: /home/devesh/Butterfly/project_2/libbot_final/install/micro_ros_msgs/share/micro_ros_msgs/local_setup.bash
[1.723s] -- Up-to-date: /home/devesh/Butterfly/project_2/libbot_final/install/micro_ros_msgs/share/micro_ros_msgs/local_setup.sh
[1.723s] -- Up-to-date: /home/devesh/Butterfly/project_2/libbot_final/install/micro_ros_msgs/share/micro_ros_msgs/local_setup.zsh
[1.723s] -- Up-to-date: /home/devesh/Butterfly/project_2/libbot_final/install/micro_ros_msgs/share/micro_ros_msgs/local_setup.dsv
[1.723s] -- Installing: /home/devesh/Butterfly/project_2/libbot_final/install/micro_ros_msgs/share/micro_ros_msgs/package.dsv
[1.723s] -- Up-to-date: /home/devesh/Butterfly/project_2/libbot_final/install/micro_ros_msgs/share/ament_index/resource_index/packages/micro_ros_msgs
[1.724s] -- Up-to-date: /home/devesh/Butterfly/project_2/libbot_final/install/micro_ros_msgs/share/micro_ros_msgs/cmake/export_micro_ros_msgs__rosidl_generator_cExport.cmake
[1.724s] -- Up-to-date: /home/devesh/Butterfly/project_2/libbot_final/install/micro_ros_msgs/share/micro_ros_msgs/cmake/export_micro_ros_msgs__rosidl_generator_cExport-noconfig.cmake
[1.724s] -- Up-to-date: /home/devesh/Butterfly/project_2/libbot_final/install/micro_ros_msgs/share/micro_ros_msgs/cmake/export_micro_ros_msgs__rosidl_typesupport_fastrtps_cExport.cmake
[1.724s] -- Up-to-date: /home/devesh/Butterfly/project_2/libbot_final/install/micro_ros_msgs/share/micro_ros_msgs/cmake/export_micro_ros_msgs__rosidl_typesupport_fastrtps_cExport-noconfig.cmake
[1.724s] -- Up-to-date: /home/devesh/Butterfly/project_2/libbot_final/install/micro_ros_msgs/share/micro_ros_msgs/cmake/micro_ros_msgs__rosidl_typesupport_introspection_cExport.cmake
[1.725s] -- Up-to-date: /home/devesh/Butterfly/project_2/libbot_final/install/micro_ros_msgs/share/micro_ros_msgs/cmake/micro_ros_msgs__rosidl_typesupport_introspection_cExport-noconfig.cmake
[1.725s] -- Up-to-date: /home/devesh/Butterfly/project_2/libbot_final/install/micro_ros_msgs/share/micro_ros_msgs/cmake/micro_ros_msgs__rosidl_typesupport_cExport.cmake
[1.725s] -- Up-to-date: /home/devesh/Butterfly/project_2/libbot_final/install/micro_ros_msgs/share/micro_ros_msgs/cmake/micro_ros_msgs__rosidl_typesupport_cExport-noconfig.cmake
[1.725s] -- Up-to-date: /home/devesh/Butterfly/project_2/libbot_final/install/micro_ros_msgs/share/micro_ros_msgs/cmake/export_micro_ros_msgs__rosidl_generator_cppExport.cmake
[1.725s] -- Up-to-date: /home/devesh/Butterfly/project_2/libbot_final/install/micro_ros_msgs/share/micro_ros_msgs/cmake/export_micro_ros_msgs__rosidl_typesupport_fastrtps_cppExport.cmake
[1.725s] -- Up-to-date: /home/devesh/Butterfly/project_2/libbot_final/install/micro_ros_msgs/share/micro_ros_msgs/cmake/export_micro_ros_msgs__rosidl_typesupport_fastrtps_cppExport-noconfig.cmake
[1.725s] -- Up-to-date: /home/devesh/Butterfly/project_2/libbot_final/install/micro_ros_msgs/share/micro_ros_msgs/cmake/micro_ros_msgs__rosidl_typesupport_introspection_cppExport.cmake
[1.726s] -- Up-to-date: /home/devesh/Butterfly/project_2/libbot_final/install/micro_ros_msgs/share/micro_ros_msgs/cmake/micro_ros_msgs__rosidl_typesupport_introspection_cppExport-noconfig.cmake
[1.726s] -- Up-to-date: /home/devesh/Butterfly/project_2/libbot_final/install/micro_ros_msgs/share/micro_ros_msgs/cmake/micro_ros_msgs__rosidl_typesupport_cppExport.cmake
[1.726s] -- Up-to-date: /home/devesh/Butterfly/project_2/libbot_final/install/micro_ros_msgs/share/micro_ros_msgs/cmake/micro_ros_msgs__rosidl_typesupport_cppExport-noconfig.cmake
[1.726s] -- Up-to-date: /home/devesh/Butterfly/project_2/libbot_final/install/micro_ros_msgs/share/micro_ros_msgs/cmake/export_micro_ros_msgs__rosidl_generator_pyExport.cmake
[1.726s] -- Up-to-date: /home/devesh/Butterfly/project_2/libbot_final/install/micro_ros_msgs/share/micro_ros_msgs/cmake/export_micro_ros_msgs__rosidl_generator_pyExport-noconfig.cmake
[1.726s] -- Up-to-date: /home/devesh/Butterfly/project_2/libbot_final/install/micro_ros_msgs/share/micro_ros_msgs/cmake/rosidl_cmake-extras.cmake
[1.727s] -- Up-to-date: /home/devesh/Butterfly/project_2/libbot_final/install/micro_ros_msgs/share/micro_ros_msgs/cmake/ament_cmake_export_include_directories-extras.cmake
[1.727s] -- Up-to-date: /home/devesh/Butterfly/project_2/libbot_final/install/micro_ros_msgs/share/micro_ros_msgs/cmake/ament_cmake_export_libraries-extras.cmake
[1.727s] -- Up-to-date: /home/devesh/Butterfly/project_2/libbot_final/install/micro_ros_msgs/share/micro_ros_msgs/cmake/ament_cmake_export_targets-extras.cmake
[1.728s] -- Up-to-date: /home/devesh/Butterfly/project_2/libbot_final/install/micro_ros_msgs/share/micro_ros_msgs/cmake/rosidl_cmake_export_typesupport_targets-extras.cmake
[1.728s] -- Up-to-date: /home/devesh/Butterfly/project_2/libbot_final/install/micro_ros_msgs/share/micro_ros_msgs/cmake/ament_cmake_export_dependencies-extras.cmake
[1.728s] -- Up-to-date: /home/devesh/Butterfly/project_2/libbot_final/install/micro_ros_msgs/share/micro_ros_msgs/cmake/rosidl_cmake_export_typesupport_libraries-extras.cmake
[1.728s] -- Up-to-date: /home/devesh/Butterfly/project_2/libbot_final/install/micro_ros_msgs/share/micro_ros_msgs/cmake/micro_ros_msgsConfig.cmake
[1.728s] -- Up-to-date: /home/devesh/Butterfly/project_2/libbot_final/install/micro_ros_msgs/share/micro_ros_msgs/cmake/micro_ros_msgsConfig-version.cmake
[1.729s] -- Up-to-date: /home/devesh/Butterfly/project_2/libbot_final/install/micro_ros_msgs/share/micro_ros_msgs/package.xml
[1.729s] Invoked command in '/home/devesh/Butterfly/project_2/libbot_final/build/micro_ros_msgs' returned '0': CMAKE_PREFIX_PATH=${CMAKE_PREFIX_PATH}:/home/devesh/Butterfly/project_2/libbot_final/install/libbot_gazebo:/home/devesh/Butterfly/project_2/libbot_final/install/libbot_bringup:/opt/ros/jazzy DEBUGINFOD_URLS=https://debuginfod.ubuntu.com /usr/bin/cmake --install /home/devesh/Butterfly/project_2/libbot_final/build/micro_ros_msgs
