[0.137s] Invoking command in '/home/devesh/Butterfly/project_2/libbot_final/build/drive_base_msgs': CMAKE_PREFIX_PATH=${CMAKE_PREFIX_PATH}:/home/devesh/Butterfly/project_2/libbot_final/install/libbot_navigation:/home/devesh/Butterfly/project_2/libbot_final/install/libbot_mapping:/home/devesh/Butterfly/project_2/libbot_final/install/libbot_lib_interface:/home/devesh/Butterfly/project_2/libbot_final/install/libbot_gazebo:/home/devesh/Butterfly/project_2/libbot_final/install/libbot_bringup:/opt/ros/jazzy DEBUGINFOD_URLS=https://debuginfod.ubuntu.com /usr/bin/cmake --build /home/devesh/Butterfly/project_2/libbot_final/build/drive_base_msgs -- -j12 -l12
[3.245s] [  1%] Built target drive_base_msgs__rosidl_generator_type_description
[3.245s] [  1%] Built target ament_cmake_python_copy_drive_base_msgs
[3.245s] [  3%] Built target drive_base_msgs__cpp
[3.245s] running egg_info
[3.245s] writing drive_base_msgs.egg-info/PKG-INFO
[3.246s] writing dependency_links to drive_base_msgs.egg-info/dependency_links.txt
[3.246s] writing top-level names to drive_base_msgs.egg-info/top_level.txt
[3.246s] reading manifest file 'drive_base_msgs.egg-info/SOURCES.txt'
[3.246s] writing manifest file 'drive_base_msgs.egg-info/SOURCES.txt'
[3.246s] [  3%] Built target ament_cmake_python_build_drive_base_msgs_egg
[3.246s] [ 25%] Built target drive_base_msgs__rosidl_generator_c
[3.246s] [ 34%] Built target drive_base_msgs__rosidl_typesupport_fastrtps_c
[3.247s] [ 43%] Built target drive_base_msgs__rosidl_typesupport_cpp
[3.247s] [ 53%] Built target drive_base_msgs__rosidl_typesupport_introspection_cpp
[3.247s] [ 62%] Built target drive_base_msgs__rosidl_typesupport_c
[3.247s] [ 71%] Built target drive_base_msgs__rosidl_typesupport_introspection_c
[3.247s] [ 81%] Built target drive_base_msgs__rosidl_typesupport_fastrtps_cpp
[3.247s] [ 81%] Built target drive_base_msgs
[3.247s] [ 82%] Built target drive_base_msgs__py
[3.248s] [ 90%] Built target drive_base_msgs__rosidl_generator_py
[3.248s] [ 93%] Built target drive_base_msgs_s__rosidl_typesupport_fastrtps_c
[3.248s] [ 96%] Built target drive_base_msgs_s__rosidl_typesupport_c
[3.248s] [100%] Built target drive_base_msgs_s__rosidl_typesupport_introspection_c
[3.275s] Invoked command in '/home/devesh/Butterfly/project_2/libbot_final/build/drive_base_msgs' returned '0': CMAKE_PREFIX_PATH=${CMAKE_PREFIX_PATH}:/home/devesh/Butterfly/project_2/libbot_final/install/libbot_navigation:/home/devesh/Butterfly/project_2/libbot_final/install/libbot_mapping:/home/devesh/Butterfly/project_2/libbot_final/install/libbot_lib_interface:/home/devesh/Butterfly/project_2/libbot_final/install/libbot_gazebo:/home/devesh/Butterfly/project_2/libbot_final/install/libbot_bringup:/opt/ros/jazzy DEBUGINFOD_URLS=https://debuginfod.ubuntu.com /usr/bin/cmake --build /home/devesh/Butterfly/project_2/libbot_final/build/drive_base_msgs -- -j12 -l12
[3.275s] Invoking command in '/home/devesh/Butterfly/project_2/libbot_final/build/drive_base_msgs': CMAKE_PREFIX_PATH=${CMAKE_PREFIX_PATH}:/home/devesh/Butterfly/project_2/libbot_final/install/libbot_navigation:/home/devesh/Butterfly/project_2/libbot_final/install/libbot_mapping:/home/devesh/Butterfly/project_2/libbot_final/install/libbot_lib_interface:/home/devesh/Butterfly/project_2/libbot_final/install/libbot_gazebo:/home/devesh/Butterfly/project_2/libbot_final/install/libbot_bringup:/opt/ros/jazzy DEBUGINFOD_URLS=https://debuginfod.ubuntu.com /usr/bin/cmake --install /home/devesh/Butterfly/project_2/libbot_final/build/drive_base_msgs
[3.393s] -- Install configuration: ""
[3.393s] -- Up-to-date: /home/devesh/Butterfly/project_2/libbot_final/install/drive_base_msgs/share/ament_index/resource_index/rosidl_interfaces/drive_base_msgs
[3.393s] -- Up-to-date: /home/devesh/Butterfly/project_2/libbot_final/install/drive_base_msgs/share/drive_base_msgs/msg/CommandHeader.json
[3.394s] -- Up-to-date: /home/devesh/Butterfly/project_2/libbot_final/install/drive_base_msgs/share/drive_base_msgs/msg/BaseInfo.json
[3.395s] -- Up-to-date: /home/devesh/Butterfly/project_2/libbot_final/install/drive_base_msgs/share/drive_base_msgs/msg/CommandStatus.json
[3.395s] -- Up-to-date: /home/devesh/Butterfly/project_2/libbot_final/install/drive_base_msgs/share/drive_base_msgs/msg/TRVCommand.json
[3.396s] -- Up-to-date: /home/devesh/Butterfly/project_2/libbot_final/install/drive_base_msgs/include/drive_base_msgs/drive_base_msgs
[3.397s] -- Up-to-date: /home/devesh/Butterfly/project_2/libbot_final/install/drive_base_msgs/include/drive_base_msgs/drive_base_msgs/msg
[3.397s] -- Up-to-date: /home/devesh/Butterfly/project_2/libbot_final/install/drive_base_msgs/include/drive_base_msgs/drive_base_msgs/msg/command_status.h
[3.397s] -- Up-to-date: /home/devesh/Butterfly/project_2/libbot_final/install/drive_base_msgs/include/drive_base_msgs/drive_base_msgs/msg/detail
[3.398s] -- Up-to-date: /home/devesh/Butterfly/project_2/libbot_final/install/drive_base_msgs/include/drive_base_msgs/drive_base_msgs/msg/detail/trv_command__struct.h
[3.398s] -- Up-to-date: /home/devesh/Butterfly/project_2/libbot_final/install/drive_base_msgs/include/drive_base_msgs/drive_base_msgs/msg/detail/trv_command__description.c
[3.398s] -- Up-to-date: /home/devesh/Butterfly/project_2/libbot_final/install/drive_base_msgs/include/drive_base_msgs/drive_base_msgs/msg/detail/command_status__functions.h
[3.398s] -- Up-to-date: /home/devesh/Butterfly/project_2/libbot_final/install/drive_base_msgs/include/drive_base_msgs/drive_base_msgs/msg/detail/command_header__description.c
[3.398s] -- Up-to-date: /home/devesh/Butterfly/project_2/libbot_final/install/drive_base_msgs/include/drive_base_msgs/drive_base_msgs/msg/detail/command_status__struct.h
[3.398s] -- Up-to-date: /home/devesh/Butterfly/project_2/libbot_final/install/drive_base_msgs/include/drive_base_msgs/drive_base_msgs/msg/detail/command_header__functions.c
[3.400s] -- Up-to-date: /home/devesh/Butterfly/project_2/libbot_final/install/drive_base_msgs/include/drive_base_msgs/drive_base_msgs/msg/detail/command_status__description.c
[3.400s] -- Up-to-date: /home/devesh/Butterfly/project_2/libbot_final/install/drive_base_msgs/include/drive_base_msgs/drive_base_msgs/msg/detail/command_status__functions.c
[3.401s] -- Up-to-date: /home/devesh/Butterfly/project_2/libbot_final/install/drive_base_msgs/include/drive_base_msgs/drive_base_msgs/msg/detail/trv_command__functions.h
[3.401s] -- Up-to-date: /home/devesh/Butterfly/project_2/libbot_final/install/drive_base_msgs/include/drive_base_msgs/drive_base_msgs/msg/detail/command_header__functions.h
[3.401s] -- Up-to-date: /home/devesh/Butterfly/project_2/libbot_final/install/drive_base_msgs/include/drive_base_msgs/drive_base_msgs/msg/detail/command_status__type_support.c
[3.401s] -- Up-to-date: /home/devesh/Butterfly/project_2/libbot_final/install/drive_base_msgs/include/drive_base_msgs/drive_base_msgs/msg/detail/base_info__description.c
[3.402s] -- Up-to-date: /home/devesh/Butterfly/project_2/libbot_final/install/drive_base_msgs/include/drive_base_msgs/drive_base_msgs/msg/detail/base_info__functions.h
[3.402s] -- Up-to-date: /home/devesh/Butterfly/project_2/libbot_final/install/drive_base_msgs/include/drive_base_msgs/drive_base_msgs/msg/detail/base_info__type_support.c
[3.402s] -- Up-to-date: /home/devesh/Butterfly/project_2/libbot_final/install/drive_base_msgs/include/drive_base_msgs/drive_base_msgs/msg/detail/trv_command__functions.c
[3.402s] -- Up-to-date: /home/devesh/Butterfly/project_2/libbot_final/install/drive_base_msgs/include/drive_base_msgs/drive_base_msgs/msg/detail/base_info__type_support.h
[3.403s] -- Up-to-date: /home/devesh/Butterfly/project_2/libbot_final/install/drive_base_msgs/include/drive_base_msgs/drive_base_msgs/msg/detail/command_header__type_support.c
[3.403s] -- Up-to-date: /home/devesh/Butterfly/project_2/libbot_final/install/drive_base_msgs/include/drive_base_msgs/drive_base_msgs/msg/detail/command_header__struct.h
[3.403s] -- Up-to-date: /home/devesh/Butterfly/project_2/libbot_final/install/drive_base_msgs/include/drive_base_msgs/drive_base_msgs/msg/detail/base_info__functions.c
[3.403s] -- Up-to-date: /home/devesh/Butterfly/project_2/libbot_final/install/drive_base_msgs/include/drive_base_msgs/drive_base_msgs/msg/detail/base_info__struct.h
[3.403s] -- Up-to-date: /home/devesh/Butterfly/project_2/libbot_final/install/drive_base_msgs/include/drive_base_msgs/drive_base_msgs/msg/detail/trv_command__type_support.c
[3.403s] -- Up-to-date: /home/devesh/Butterfly/project_2/libbot_final/install/drive_base_msgs/include/drive_base_msgs/drive_base_msgs/msg/detail/command_header__type_support.h
[3.403s] -- Up-to-date: /home/devesh/Butterfly/project_2/libbot_final/install/drive_base_msgs/include/drive_base_msgs/drive_base_msgs/msg/detail/command_status__type_support.h
[3.404s] -- Up-to-date: /home/devesh/Butterfly/project_2/libbot_final/install/drive_base_msgs/include/drive_base_msgs/drive_base_msgs/msg/detail/trv_command__type_support.h
[3.404s] -- Up-to-date: /home/devesh/Butterfly/project_2/libbot_final/install/drive_base_msgs/include/drive_base_msgs/drive_base_msgs/msg/rosidl_generator_c__visibility_control.h
[3.405s] -- Up-to-date: /home/devesh/Butterfly/project_2/libbot_final/install/drive_base_msgs/include/drive_base_msgs/drive_base_msgs/msg/trv_command.h
[3.405s] -- Up-to-date: /home/devesh/Butterfly/project_2/libbot_final/install/drive_base_msgs/include/drive_base_msgs/drive_base_msgs/msg/command_header.h
[3.405s] -- Up-to-date: /home/devesh/Butterfly/project_2/libbot_final/install/drive_base_msgs/include/drive_base_msgs/drive_base_msgs/msg/base_info.h
[3.405s] -- Up-to-date: /home/devesh/Butterfly/project_2/libbot_final/install/drive_base_msgs/share/drive_base_msgs/environment/library_path.sh
[3.405s] -- Up-to-date: /home/devesh/Butterfly/project_2/libbot_final/install/drive_base_msgs/share/drive_base_msgs/environment/library_path.dsv
[3.405s] -- Up-to-date: /home/devesh/Butterfly/project_2/libbot_final/install/drive_base_msgs/lib/libdrive_base_msgs__rosidl_generator_c.so
[3.408s] -- Up-to-date: /home/devesh/Butterfly/project_2/libbot_final/install/drive_base_msgs/include/drive_base_msgs/drive_base_msgs
[3.408s] -- Up-to-date: /home/devesh/Butterfly/project_2/libbot_final/install/drive_base_msgs/include/drive_base_msgs/drive_base_msgs/msg
[3.408s] -- Up-to-date: /home/devesh/Butterfly/project_2/libbot_final/install/drive_base_msgs/include/drive_base_msgs/drive_base_msgs/msg/detail
[3.408s] -- Up-to-date: /home/devesh/Butterfly/project_2/libbot_final/install/drive_base_msgs/include/drive_base_msgs/drive_base_msgs/msg/detail/command_header__rosidl_typesupport_fastrtps_c.h
[3.410s] -- Up-to-date: /home/devesh/Butterfly/project_2/libbot_final/install/drive_base_msgs/include/drive_base_msgs/drive_base_msgs/msg/detail/base_info__rosidl_typesupport_fastrtps_c.h
[3.411s] -- Up-to-date: /home/devesh/Butterfly/project_2/libbot_final/install/drive_base_msgs/include/drive_base_msgs/drive_base_msgs/msg/detail/trv_command__rosidl_typesupport_fastrtps_c.h
[3.411s] -- Up-to-date: /home/devesh/Butterfly/project_2/libbot_final/install/drive_base_msgs/include/drive_base_msgs/drive_base_msgs/msg/detail/command_status__rosidl_typesupport_fastrtps_c.h
[3.411s] -- Up-to-date: /home/devesh/Butterfly/project_2/libbot_final/install/drive_base_msgs/include/drive_base_msgs/drive_base_msgs/msg/rosidl_typesupport_fastrtps_c__visibility_control.h
[3.411s] -- Up-to-date: /home/devesh/Butterfly/project_2/libbot_final/install/drive_base_msgs/lib/libdrive_base_msgs__rosidl_typesupport_fastrtps_c.so
[3.411s] -- Up-to-date: /home/devesh/Butterfly/project_2/libbot_final/install/drive_base_msgs/include/drive_base_msgs/drive_base_msgs
[3.411s] -- Up-to-date: /home/devesh/Butterfly/project_2/libbot_final/install/drive_base_msgs/include/drive_base_msgs/drive_base_msgs/msg
[3.411s] -- Up-to-date: /home/devesh/Butterfly/project_2/libbot_final/install/drive_base_msgs/include/drive_base_msgs/drive_base_msgs/msg/base_info.hpp
[3.412s] -- Up-to-date: /home/devesh/Butterfly/project_2/libbot_final/install/drive_base_msgs/include/drive_base_msgs/drive_base_msgs/msg/rosidl_generator_cpp__visibility_control.hpp
[3.412s] -- Up-to-date: /home/devesh/Butterfly/project_2/libbot_final/install/drive_base_msgs/include/drive_base_msgs/drive_base_msgs/msg/detail
[3.412s] -- Up-to-date: /home/devesh/Butterfly/project_2/libbot_final/install/drive_base_msgs/include/drive_base_msgs/drive_base_msgs/msg/detail/trv_command__builder.hpp
[3.412s] -- Up-to-date: /home/devesh/Butterfly/project_2/libbot_final/install/drive_base_msgs/include/drive_base_msgs/drive_base_msgs/msg/detail/base_info__type_support.hpp
[3.412s] -- Up-to-date: /home/devesh/Butterfly/project_2/libbot_final/install/drive_base_msgs/include/drive_base_msgs/drive_base_msgs/msg/detail/command_status__builder.hpp
[3.412s] -- Up-to-date: /home/devesh/Butterfly/project_2/libbot_final/install/drive_base_msgs/include/drive_base_msgs/drive_base_msgs/msg/detail/base_info__struct.hpp
[3.413s] -- Up-to-date: /home/devesh/Butterfly/project_2/libbot_final/install/drive_base_msgs/include/drive_base_msgs/drive_base_msgs/msg/detail/trv_command__struct.hpp
[3.413s] -- Up-to-date: /home/devesh/Butterfly/project_2/libbot_final/install/drive_base_msgs/include/drive_base_msgs/drive_base_msgs/msg/detail/command_status__struct.hpp
[3.413s] -- Up-to-date: /home/devesh/Butterfly/project_2/libbot_final/install/drive_base_msgs/include/drive_base_msgs/drive_base_msgs/msg/detail/command_header__type_support.hpp
[3.413s] -- Up-to-date: /home/devesh/Butterfly/project_2/libbot_final/install/drive_base_msgs/include/drive_base_msgs/drive_base_msgs/msg/detail/base_info__builder.hpp
[3.413s] -- Up-to-date: /home/devesh/Butterfly/project_2/libbot_final/install/drive_base_msgs/include/drive_base_msgs/drive_base_msgs/msg/detail/command_status__type_support.hpp
[3.413s] -- Up-to-date: /home/devesh/Butterfly/project_2/libbot_final/install/drive_base_msgs/include/drive_base_msgs/drive_base_msgs/msg/detail/command_header__struct.hpp
[3.414s] -- Up-to-date: /home/devesh/Butterfly/project_2/libbot_final/install/drive_base_msgs/include/drive_base_msgs/drive_base_msgs/msg/detail/command_status__traits.hpp
[3.414s] -- Up-to-date: /home/devesh/Butterfly/project_2/libbot_final/install/drive_base_msgs/include/drive_base_msgs/drive_base_msgs/msg/detail/trv_command__type_support.hpp
[3.414s] -- Up-to-date: /home/devesh/Butterfly/project_2/libbot_final/install/drive_base_msgs/include/drive_base_msgs/drive_base_msgs/msg/detail/command_header__builder.hpp
[3.414s] -- Up-to-date: /home/devesh/Butterfly/project_2/libbot_final/install/drive_base_msgs/include/drive_base_msgs/drive_base_msgs/msg/detail/trv_command__traits.hpp
[3.414s] -- Up-to-date: /home/devesh/Butterfly/project_2/libbot_final/install/drive_base_msgs/include/drive_base_msgs/drive_base_msgs/msg/detail/base_info__traits.hpp
[3.414s] -- Up-to-date: /home/devesh/Butterfly/project_2/libbot_final/install/drive_base_msgs/include/drive_base_msgs/drive_base_msgs/msg/detail/command_header__traits.hpp
[3.415s] -- Up-to-date: /home/devesh/Butterfly/project_2/libbot_final/install/drive_base_msgs/include/drive_base_msgs/drive_base_msgs/msg/command_status.hpp
[3.415s] -- Up-to-date: /home/devesh/Butterfly/project_2/libbot_final/install/drive_base_msgs/include/drive_base_msgs/drive_base_msgs/msg/command_header.hpp
[3.415s] -- Up-to-date: /home/devesh/Butterfly/project_2/libbot_final/install/drive_base_msgs/include/drive_base_msgs/drive_base_msgs/msg/trv_command.hpp
[3.415s] -- Up-to-date: /home/devesh/Butterfly/project_2/libbot_final/install/drive_base_msgs/include/drive_base_msgs/drive_base_msgs
[3.415s] -- Up-to-date: /home/devesh/Butterfly/project_2/libbot_final/install/drive_base_msgs/include/drive_base_msgs/drive_base_msgs/msg
[3.415s] -- Up-to-date: /home/devesh/Butterfly/project_2/libbot_final/install/drive_base_msgs/include/drive_base_msgs/drive_base_msgs/msg/detail
[3.416s] -- Up-to-date: /home/devesh/Butterfly/project_2/libbot_final/install/drive_base_msgs/include/drive_base_msgs/drive_base_msgs/msg/detail/trv_command__rosidl_typesupport_fastrtps_cpp.hpp
[3.416s] -- Up-to-date: /home/devesh/Butterfly/project_2/libbot_final/install/drive_base_msgs/include/drive_base_msgs/drive_base_msgs/msg/detail/command_status__rosidl_typesupport_fastrtps_cpp.hpp
[3.416s] -- Up-to-date: /home/devesh/Butterfly/project_2/libbot_final/install/drive_base_msgs/include/drive_base_msgs/drive_base_msgs/msg/detail/dds_fastrtps
[3.416s] -- Up-to-date: /home/devesh/Butterfly/project_2/libbot_final/install/drive_base_msgs/include/drive_base_msgs/drive_base_msgs/msg/detail/base_info__rosidl_typesupport_fastrtps_cpp.hpp
[3.416s] -- Up-to-date: /home/devesh/Butterfly/project_2/libbot_final/install/drive_base_msgs/include/drive_base_msgs/drive_base_msgs/msg/detail/command_header__rosidl_typesupport_fastrtps_cpp.hpp
[3.416s] -- Up-to-date: /home/devesh/Butterfly/project_2/libbot_final/install/drive_base_msgs/include/drive_base_msgs/drive_base_msgs/msg/rosidl_typesupport_fastrtps_cpp__visibility_control.h
[3.417s] -- Up-to-date: /home/devesh/Butterfly/project_2/libbot_final/install/drive_base_msgs/lib/libdrive_base_msgs__rosidl_typesupport_fastrtps_cpp.so
[3.419s] -- Up-to-date: /home/devesh/Butterfly/project_2/libbot_final/install/drive_base_msgs/include/drive_base_msgs/drive_base_msgs
[3.419s] -- Up-to-date: /home/devesh/Butterfly/project_2/libbot_final/install/drive_base_msgs/include/drive_base_msgs/drive_base_msgs/msg
[3.419s] -- Up-to-date: /home/devesh/Butterfly/project_2/libbot_final/install/drive_base_msgs/include/drive_base_msgs/drive_base_msgs/msg/rosidl_typesupport_introspection_c__visibility_control.h
[3.419s] -- Up-to-date: /home/devesh/Butterfly/project_2/libbot_final/install/drive_base_msgs/include/drive_base_msgs/drive_base_msgs/msg/detail
[3.420s] -- Up-to-date: /home/devesh/Butterfly/project_2/libbot_final/install/drive_base_msgs/include/drive_base_msgs/drive_base_msgs/msg/detail/command_header__rosidl_typesupport_introspection_c.h
[3.420s] -- Up-to-date: /home/devesh/Butterfly/project_2/libbot_final/install/drive_base_msgs/include/drive_base_msgs/drive_base_msgs/msg/detail/base_info__rosidl_typesupport_introspection_c.h
[3.420s] -- Up-to-date: /home/devesh/Butterfly/project_2/libbot_final/install/drive_base_msgs/include/drive_base_msgs/drive_base_msgs/msg/detail/command_status__type_support.c
[3.420s] -- Up-to-date: /home/devesh/Butterfly/project_2/libbot_final/install/drive_base_msgs/include/drive_base_msgs/drive_base_msgs/msg/detail/trv_command__rosidl_typesupport_introspection_c.h
[3.420s] -- Up-to-date: /home/devesh/Butterfly/project_2/libbot_final/install/drive_base_msgs/include/drive_base_msgs/drive_base_msgs/msg/detail/base_info__type_support.c
[3.420s] -- Up-to-date: /home/devesh/Butterfly/project_2/libbot_final/install/drive_base_msgs/include/drive_base_msgs/drive_base_msgs/msg/detail/command_header__type_support.c
[3.421s] -- Up-to-date: /home/devesh/Butterfly/project_2/libbot_final/install/drive_base_msgs/include/drive_base_msgs/drive_base_msgs/msg/detail/command_status__rosidl_typesupport_introspection_c.h
[3.421s] -- Up-to-date: /home/devesh/Butterfly/project_2/libbot_final/install/drive_base_msgs/include/drive_base_msgs/drive_base_msgs/msg/detail/trv_command__type_support.c
[3.421s] -- Up-to-date: /home/devesh/Butterfly/project_2/libbot_final/install/drive_base_msgs/lib/libdrive_base_msgs__rosidl_typesupport_introspection_c.so
[3.426s] -- Up-to-date: /home/devesh/Butterfly/project_2/libbot_final/install/drive_base_msgs/lib/libdrive_base_msgs__rosidl_typesupport_c.so
[3.427s] -- Up-to-date: /home/devesh/Butterfly/project_2/libbot_final/install/drive_base_msgs/include/drive_base_msgs/drive_base_msgs
[3.427s] -- Up-to-date: /home/devesh/Butterfly/project_2/libbot_final/install/drive_base_msgs/include/drive_base_msgs/drive_base_msgs/msg
[3.427s] -- Up-to-date: /home/devesh/Butterfly/project_2/libbot_final/install/drive_base_msgs/include/drive_base_msgs/drive_base_msgs/msg/detail
[3.427s] -- Up-to-date: /home/devesh/Butterfly/project_2/libbot_final/install/drive_base_msgs/include/drive_base_msgs/drive_base_msgs/msg/detail/command_status__type_support.cpp
[3.427s] -- Up-to-date: /home/devesh/Butterfly/project_2/libbot_final/install/drive_base_msgs/include/drive_base_msgs/drive_base_msgs/msg/detail/command_status__rosidl_typesupport_introspection_cpp.hpp
[3.427s] -- Up-to-date: /home/devesh/Butterfly/project_2/libbot_final/install/drive_base_msgs/include/drive_base_msgs/drive_base_msgs/msg/detail/trv_command__rosidl_typesupport_introspection_cpp.hpp
[3.428s] -- Up-to-date: /home/devesh/Butterfly/project_2/libbot_final/install/drive_base_msgs/include/drive_base_msgs/drive_base_msgs/msg/detail/base_info__type_support.cpp
[3.428s] -- Up-to-date: /home/devesh/Butterfly/project_2/libbot_final/install/drive_base_msgs/include/drive_base_msgs/drive_base_msgs/msg/detail/trv_command__type_support.cpp
[3.428s] -- Up-to-date: /home/devesh/Butterfly/project_2/libbot_final/install/drive_base_msgs/include/drive_base_msgs/drive_base_msgs/msg/detail/command_header__type_support.cpp
[3.428s] -- Up-to-date: /home/devesh/Butterfly/project_2/libbot_final/install/drive_base_msgs/include/drive_base_msgs/drive_base_msgs/msg/detail/command_header__rosidl_typesupport_introspection_cpp.hpp
[3.428s] -- Up-to-date: /home/devesh/Butterfly/project_2/libbot_final/install/drive_base_msgs/include/drive_base_msgs/drive_base_msgs/msg/detail/base_info__rosidl_typesupport_introspection_cpp.hpp
[3.428s] -- Up-to-date: /home/devesh/Butterfly/project_2/libbot_final/install/drive_base_msgs/lib/libdrive_base_msgs__rosidl_typesupport_introspection_cpp.so
[3.428s] -- Up-to-date: /home/devesh/Butterfly/project_2/libbot_final/install/drive_base_msgs/lib/libdrive_base_msgs__rosidl_typesupport_cpp.so
[3.431s] -- Up-to-date: /home/devesh/Butterfly/project_2/libbot_final/install/drive_base_msgs/share/drive_base_msgs/environment/pythonpath.sh
[3.433s] -- Up-to-date: /home/devesh/Butterfly/project_2/libbot_final/install/drive_base_msgs/share/drive_base_msgs/environment/pythonpath.dsv
[3.433s] -- Up-to-date: /home/devesh/Butterfly/project_2/libbot_final/install/drive_base_msgs/lib/python3.12/site-packages/drive_base_msgs-0.0.0-py3.12.egg-info
[3.435s] -- Installing: /home/devesh/Butterfly/project_2/libbot_final/install/drive_base_msgs/lib/python3.12/site-packages/drive_base_msgs-0.0.0-py3.12.egg-info/PKG-INFO
[3.436s] -- Installing: /home/devesh/Butterfly/project_2/libbot_final/install/drive_base_msgs/lib/python3.12/site-packages/drive_base_msgs-0.0.0-py3.12.egg-info/dependency_links.txt
[3.436s] -- Installing: /home/devesh/Butterfly/project_2/libbot_final/install/drive_base_msgs/lib/python3.12/site-packages/drive_base_msgs-0.0.0-py3.12.egg-info/top_level.txt
[3.438s] -- Installing: /home/devesh/Butterfly/project_2/libbot_final/install/drive_base_msgs/lib/python3.12/site-packages/drive_base_msgs-0.0.0-py3.12.egg-info/SOURCES.txt
[3.438s] -- Up-to-date: /home/devesh/Butterfly/project_2/libbot_final/install/drive_base_msgs/lib/python3.12/site-packages/drive_base_msgs
[3.438s] -- Up-to-date: /home/devesh/Butterfly/project_2/libbot_final/install/drive_base_msgs/lib/python3.12/site-packages/drive_base_msgs/_drive_base_msgs_s.ep.rosidl_typesupport_fastrtps_c.c
[3.438s] -- Up-to-date: /home/devesh/Butterfly/project_2/libbot_final/install/drive_base_msgs/lib/python3.12/site-packages/drive_base_msgs/_drive_base_msgs_s.ep.rosidl_typesupport_introspection_c.c
[3.439s] -- Up-to-date: /home/devesh/Butterfly/project_2/libbot_final/install/drive_base_msgs/lib/python3.12/site-packages/drive_base_msgs/drive_base_msgs_s__rosidl_typesupport_c.so
[3.439s] -- Up-to-date: /home/devesh/Butterfly/project_2/libbot_final/install/drive_base_msgs/lib/python3.12/site-packages/drive_base_msgs/__init__.py
[3.439s] -- Up-to-date: /home/devesh/Butterfly/project_2/libbot_final/install/drive_base_msgs/lib/python3.12/site-packages/drive_base_msgs/msg
[3.439s] -- Up-to-date: /home/devesh/Butterfly/project_2/libbot_final/install/drive_base_msgs/lib/python3.12/site-packages/drive_base_msgs/msg/_command_status.py
[3.441s] -- Up-to-date: /home/devesh/Butterfly/project_2/libbot_final/install/drive_base_msgs/lib/python3.12/site-packages/drive_base_msgs/msg/_command_header.py
[3.441s] -- Up-to-date: /home/devesh/Butterfly/project_2/libbot_final/install/drive_base_msgs/lib/python3.12/site-packages/drive_base_msgs/msg/_trv_command.py
[3.441s] -- Up-to-date: /home/devesh/Butterfly/project_2/libbot_final/install/drive_base_msgs/lib/python3.12/site-packages/drive_base_msgs/msg/_base_info.py
[3.443s] -- Up-to-date: /home/devesh/Butterfly/project_2/libbot_final/install/drive_base_msgs/lib/python3.12/site-packages/drive_base_msgs/msg/_command_status_s.c
[3.444s] -- Up-to-date: /home/devesh/Butterfly/project_2/libbot_final/install/drive_base_msgs/lib/python3.12/site-packages/drive_base_msgs/msg/_command_header_s.c
[3.445s] -- Up-to-date: /home/devesh/Butterfly/project_2/libbot_final/install/drive_base_msgs/lib/python3.12/site-packages/drive_base_msgs/msg/__init__.py
[3.446s] -- Up-to-date: /home/devesh/Butterfly/project_2/libbot_final/install/drive_base_msgs/lib/python3.12/site-packages/drive_base_msgs/msg/_trv_command_s.c
[3.446s] -- Up-to-date: /home/devesh/Butterfly/project_2/libbot_final/install/drive_base_msgs/lib/python3.12/site-packages/drive_base_msgs/msg/_base_info_s.c
[3.446s] -- Up-to-date: /home/devesh/Butterfly/project_2/libbot_final/install/drive_base_msgs/lib/python3.12/site-packages/drive_base_msgs/_drive_base_msgs_s.ep.rosidl_typesupport_c.c
[3.446s] -- Up-to-date: /home/devesh/Butterfly/project_2/libbot_final/install/drive_base_msgs/lib/python3.12/site-packages/drive_base_msgs/drive_base_msgs_s__rosidl_typesupport_fastrtps_c.so
[3.447s] -- Up-to-date: /home/devesh/Butterfly/project_2/libbot_final/install/drive_base_msgs/lib/python3.12/site-packages/drive_base_msgs/drive_base_msgs_s__rosidl_typesupport_introspection_c.so
[3.482s] Listing '/home/devesh/Butterfly/project_2/libbot_final/install/drive_base_msgs/lib/python3.12/site-packages/drive_base_msgs'...
[3.483s] Listing '/home/devesh/Butterfly/project_2/libbot_final/install/drive_base_msgs/lib/python3.12/site-packages/drive_base_msgs/msg'...
[3.512s] -- Up-to-date: /home/devesh/Butterfly/project_2/libbot_final/install/drive_base_msgs/lib/python3.12/site-packages/drive_base_msgs/drive_base_msgs_s__rosidl_typesupport_fastrtps_c.so
[3.512s] -- Up-to-date: /home/devesh/Butterfly/project_2/libbot_final/install/drive_base_msgs/lib/python3.12/site-packages/drive_base_msgs/drive_base_msgs_s__rosidl_typesupport_introspection_c.so
[3.519s] -- Up-to-date: /home/devesh/Butterfly/project_2/libbot_final/install/drive_base_msgs/lib/python3.12/site-packages/drive_base_msgs/drive_base_msgs_s__rosidl_typesupport_c.so
[3.521s] -- Up-to-date: /home/devesh/Butterfly/project_2/libbot_final/install/drive_base_msgs/lib/libdrive_base_msgs__rosidl_generator_py.so
[3.527s] -- Up-to-date: /home/devesh/Butterfly/project_2/libbot_final/install/drive_base_msgs/share/drive_base_msgs/msg/CommandHeader.idl
[3.527s] -- Up-to-date: /home/devesh/Butterfly/project_2/libbot_final/install/drive_base_msgs/share/drive_base_msgs/msg/BaseInfo.idl
[3.528s] -- Up-to-date: /home/devesh/Butterfly/project_2/libbot_final/install/drive_base_msgs/share/drive_base_msgs/msg/CommandStatus.idl
[3.532s] -- Up-to-date: /home/devesh/Butterfly/project_2/libbot_final/install/drive_base_msgs/share/drive_base_msgs/msg/TRVCommand.idl
[3.532s] -- Up-to-date: /home/devesh/Butterfly/project_2/libbot_final/install/drive_base_msgs/share/drive_base_msgs/msg/CommandHeader.msg
[3.535s] -- Up-to-date: /home/devesh/Butterfly/project_2/libbot_final/install/drive_base_msgs/share/drive_base_msgs/msg/BaseInfo.msg
[3.535s] -- Up-to-date: /home/devesh/Butterfly/project_2/libbot_final/install/drive_base_msgs/share/drive_base_msgs/msg/CommandStatus.msg
[3.536s] -- Up-to-date: /home/devesh/Butterfly/project_2/libbot_final/install/drive_base_msgs/share/drive_base_msgs/msg/TRVCommand.msg
[3.537s] -- Up-to-date: /home/devesh/Butterfly/project_2/libbot_final/install/drive_base_msgs/share/ament_index/resource_index/package_run_dependencies/drive_base_msgs
[3.537s] -- Up-to-date: /home/devesh/Butterfly/project_2/libbot_final/install/drive_base_msgs/share/ament_index/resource_index/parent_prefix_path/drive_base_msgs
[3.542s] -- Up-to-date: /home/devesh/Butterfly/project_2/libbot_final/install/drive_base_msgs/share/drive_base_msgs/environment/ament_prefix_path.sh
[3.543s] -- Up-to-date: /home/devesh/Butterfly/project_2/libbot_final/install/drive_base_msgs/share/drive_base_msgs/environment/ament_prefix_path.dsv
[3.547s] -- Up-to-date: /home/devesh/Butterfly/project_2/libbot_final/install/drive_base_msgs/share/drive_base_msgs/environment/path.sh
[3.547s] -- Up-to-date: /home/devesh/Butterfly/project_2/libbot_final/install/drive_base_msgs/share/drive_base_msgs/environment/path.dsv
[3.548s] -- Up-to-date: /home/devesh/Butterfly/project_2/libbot_final/install/drive_base_msgs/share/drive_base_msgs/local_setup.bash
[3.548s] -- Up-to-date: /home/devesh/Butterfly/project_2/libbot_final/install/drive_base_msgs/share/drive_base_msgs/local_setup.sh
[3.548s] -- Up-to-date: /home/devesh/Butterfly/project_2/libbot_final/install/drive_base_msgs/share/drive_base_msgs/local_setup.zsh
[3.548s] -- Up-to-date: /home/devesh/Butterfly/project_2/libbot_final/install/drive_base_msgs/share/drive_base_msgs/local_setup.dsv
[3.548s] -- Installing: /home/devesh/Butterfly/project_2/libbot_final/install/drive_base_msgs/share/drive_base_msgs/package.dsv
[3.548s] -- Up-to-date: /home/devesh/Butterfly/project_2/libbot_final/install/drive_base_msgs/share/ament_index/resource_index/packages/drive_base_msgs
[3.549s] -- Up-to-date: /home/devesh/Butterfly/project_2/libbot_final/install/drive_base_msgs/share/drive_base_msgs/cmake/export_drive_base_msgs__rosidl_generator_cExport.cmake
[3.549s] -- Up-to-date: /home/devesh/Butterfly/project_2/libbot_final/install/drive_base_msgs/share/drive_base_msgs/cmake/export_drive_base_msgs__rosidl_generator_cExport-noconfig.cmake
[3.549s] -- Up-to-date: /home/devesh/Butterfly/project_2/libbot_final/install/drive_base_msgs/share/drive_base_msgs/cmake/export_drive_base_msgs__rosidl_typesupport_fastrtps_cExport.cmake
[3.549s] -- Up-to-date: /home/devesh/Butterfly/project_2/libbot_final/install/drive_base_msgs/share/drive_base_msgs/cmake/export_drive_base_msgs__rosidl_typesupport_fastrtps_cExport-noconfig.cmake
[3.549s] -- Up-to-date: /home/devesh/Butterfly/project_2/libbot_final/install/drive_base_msgs/share/drive_base_msgs/cmake/export_drive_base_msgs__rosidl_generator_cppExport.cmake
[3.549s] -- Up-to-date: /home/devesh/Butterfly/project_2/libbot_final/install/drive_base_msgs/share/drive_base_msgs/cmake/export_drive_base_msgs__rosidl_typesupport_fastrtps_cppExport.cmake
[3.549s] -- Up-to-date: /home/devesh/Butterfly/project_2/libbot_final/install/drive_base_msgs/share/drive_base_msgs/cmake/export_drive_base_msgs__rosidl_typesupport_fastrtps_cppExport-noconfig.cmake
[3.550s] -- Up-to-date: /home/devesh/Butterfly/project_2/libbot_final/install/drive_base_msgs/share/drive_base_msgs/cmake/drive_base_msgs__rosidl_typesupport_introspection_cExport.cmake
[3.554s] -- Up-to-date: /home/devesh/Butterfly/project_2/libbot_final/install/drive_base_msgs/share/drive_base_msgs/cmake/drive_base_msgs__rosidl_typesupport_introspection_cExport-noconfig.cmake
[3.555s] -- Up-to-date: /home/devesh/Butterfly/project_2/libbot_final/install/drive_base_msgs/share/drive_base_msgs/cmake/drive_base_msgs__rosidl_typesupport_cExport.cmake
[3.555s] -- Up-to-date: /home/devesh/Butterfly/project_2/libbot_final/install/drive_base_msgs/share/drive_base_msgs/cmake/drive_base_msgs__rosidl_typesupport_cExport-noconfig.cmake
[3.555s] -- Up-to-date: /home/devesh/Butterfly/project_2/libbot_final/install/drive_base_msgs/share/drive_base_msgs/cmake/drive_base_msgs__rosidl_typesupport_introspection_cppExport.cmake
[3.555s] -- Up-to-date: /home/devesh/Butterfly/project_2/libbot_final/install/drive_base_msgs/share/drive_base_msgs/cmake/drive_base_msgs__rosidl_typesupport_introspection_cppExport-noconfig.cmake
[3.555s] -- Up-to-date: /home/devesh/Butterfly/project_2/libbot_final/install/drive_base_msgs/share/drive_base_msgs/cmake/drive_base_msgs__rosidl_typesupport_cppExport.cmake
[3.555s] -- Up-to-date: /home/devesh/Butterfly/project_2/libbot_final/install/drive_base_msgs/share/drive_base_msgs/cmake/drive_base_msgs__rosidl_typesupport_cppExport-noconfig.cmake
[3.555s] -- Up-to-date: /home/devesh/Butterfly/project_2/libbot_final/install/drive_base_msgs/share/drive_base_msgs/cmake/export_drive_base_msgs__rosidl_generator_pyExport.cmake
[3.556s] -- Up-to-date: /home/devesh/Butterfly/project_2/libbot_final/install/drive_base_msgs/share/drive_base_msgs/cmake/export_drive_base_msgs__rosidl_generator_pyExport-noconfig.cmake
[3.556s] -- Up-to-date: /home/devesh/Butterfly/project_2/libbot_final/install/drive_base_msgs/share/drive_base_msgs/cmake/rosidl_cmake-extras.cmake
[3.556s] -- Up-to-date: /home/devesh/Butterfly/project_2/libbot_final/install/drive_base_msgs/share/drive_base_msgs/cmake/ament_cmake_export_dependencies-extras.cmake
[3.556s] -- Up-to-date: /home/devesh/Butterfly/project_2/libbot_final/install/drive_base_msgs/share/drive_base_msgs/cmake/ament_cmake_export_include_directories-extras.cmake
[3.556s] -- Up-to-date: /home/devesh/Butterfly/project_2/libbot_final/install/drive_base_msgs/share/drive_base_msgs/cmake/ament_cmake_export_libraries-extras.cmake
[3.556s] -- Up-to-date: /home/devesh/Butterfly/project_2/libbot_final/install/drive_base_msgs/share/drive_base_msgs/cmake/ament_cmake_export_targets-extras.cmake
[3.557s] -- Up-to-date: /home/devesh/Butterfly/project_2/libbot_final/install/drive_base_msgs/share/drive_base_msgs/cmake/rosidl_cmake_export_typesupport_targets-extras.cmake
[3.557s] -- Up-to-date: /home/devesh/Butterfly/project_2/libbot_final/install/drive_base_msgs/share/drive_base_msgs/cmake/rosidl_cmake_export_typesupport_libraries-extras.cmake
[3.558s] -- Up-to-date: /home/devesh/Butterfly/project_2/libbot_final/install/drive_base_msgs/share/drive_base_msgs/cmake/drive_base_msgsConfig.cmake
[3.558s] -- Up-to-date: /home/devesh/Butterfly/project_2/libbot_final/install/drive_base_msgs/share/drive_base_msgs/cmake/drive_base_msgsConfig-version.cmake
[3.558s] -- Up-to-date: /home/devesh/Butterfly/project_2/libbot_final/install/drive_base_msgs/share/drive_base_msgs/package.xml
[3.604s] Invoked command in '/home/devesh/Butterfly/project_2/libbot_final/build/drive_base_msgs' returned '0': CMAKE_PREFIX_PATH=${CMAKE_PREFIX_PATH}:/home/devesh/Butterfly/project_2/libbot_final/install/libbot_navigation:/home/devesh/Butterfly/project_2/libbot_final/install/libbot_mapping:/home/devesh/Butterfly/project_2/libbot_final/install/libbot_lib_interface:/home/devesh/Butterfly/project_2/libbot_final/install/libbot_gazebo:/home/devesh/Butterfly/project_2/libbot_final/install/libbot_bringup:/opt/ros/jazzy DEBUGINFOD_URLS=https://debuginfod.ubuntu.com /usr/bin/cmake --install /home/devesh/Butterfly/project_2/libbot_final/build/drive_base_msgs
