[2.768s] Invoking command in '/home/devesh/Butterfly/project_2/libbot_final/src/libbot_navigation': DEBUGINFOD_URLS=https://debuginfod.ubuntu.com PYTHONPATH=/home/devesh/Butterfly/project_2/libbot_final/build/libbot_navigation/prefix_override:/usr/lib/python3/dist-packages/colcon_core/task/python/colcon_distutils_commands:/home/devesh/Butterfly/project_2/libbot_final/install/libbot_navigation/lib/python3.12/site-packages:${PYTHONPATH} /usr/bin/python3 -W ignore:setup.py install is deprecated -W ignore:easy_install command is deprecated setup.py egg_info --egg-base ../../build/libbot_navigation build --build-base /home/devesh/Butterfly/project_2/libbot_final/build/libbot_navigation/build install --record /home/devesh/Butterfly/project_2/libbot_final/build/libbot_navigation/install.log --single-version-externally-managed install_data
[3.206s] running egg_info
[3.239s] writing ../../build/libbot_navigation/libbot_navigation.egg-info/PKG-INFO
[3.239s] writing dependency_links to ../../build/libbot_navigation/libbot_navigation.egg-info/dependency_links.txt
[3.240s] writing requirements to ../../build/libbot_navigation/libbot_navigation.egg-info/requires.txt
[3.240s] writing top-level names to ../../build/libbot_navigation/libbot_navigation.egg-info/top_level.txt
[3.306s] reading manifest file '../../build/libbot_navigation/libbot_navigation.egg-info/SOURCES.txt'
[3.307s] adding license file 'LICENSE'
[3.308s] writing manifest file '../../build/libbot_navigation/libbot_navigation.egg-info/SOURCES.txt'
[3.308s] running build
[3.309s] running build_py
[3.309s] running install
[3.319s] running install_lib
[3.352s] running install_data
[3.352s] running install_egg_info
[3.390s] removing '/home/devesh/Butterfly/project_2/libbot_final/install/libbot_navigation/lib/python3.12/site-packages/libbot_navigation-0.0.0-py3.12.egg-info' (and everything under it)
[3.390s] Copying ../../build/libbot_navigation/libbot_navigation.egg-info to /home/devesh/Butterfly/project_2/libbot_final/install/libbot_navigation/lib/python3.12/site-packages/libbot_navigation-0.0.0-py3.12.egg-info
[3.391s] running install_scripts
[3.632s] writing list of installed files to '/home/devesh/Butterfly/project_2/libbot_final/build/libbot_navigation/install.log'
[3.710s] Invoked command in '/home/devesh/Butterfly/project_2/libbot_final/src/libbot_navigation' returned '0': DEBUGINFOD_URLS=https://debuginfod.ubuntu.com PYTHONPATH=/home/devesh/Butterfly/project_2/libbot_final/build/libbot_navigation/prefix_override:/usr/lib/python3/dist-packages/colcon_core/task/python/colcon_distutils_commands:/home/devesh/Butterfly/project_2/libbot_final/install/libbot_navigation/lib/python3.12/site-packages:${PYTHONPATH} /usr/bin/python3 -W ignore:setup.py install is deprecated -W ignore:easy_install command is deprecated setup.py egg_info --egg-base ../../build/libbot_navigation build --build-base /home/devesh/Butterfly/project_2/libbot_final/build/libbot_navigation/build install --record /home/devesh/Butterfly/project_2/libbot_final/build/libbot_navigation/install.log --single-version-externally-managed install_data
