[4.935s] Invoking command in '/home/devesh/Butterfly/project_2/libbot_final/src/libbot_bringup': DEBUGINFOD_URLS=https://debuginfod.ubuntu.com PYTHONPATH=/home/devesh/Butterfly/project_2/libbot_final/build/libbot_bringup/prefix_override:/usr/lib/python3/dist-packages/colcon_core/task/python/colcon_distutils_commands:/home/devesh/Butterfly/project_2/libbot_final/install/libbot_bringup/lib/python3.12/site-packages:${PYTHONPATH} /usr/bin/python3 -W ignore:setup.py install is deprecated -W ignore:easy_install command is deprecated setup.py egg_info --egg-base ../../build/libbot_bringup build --build-base /home/devesh/Butterfly/project_2/libbot_final/build/libbot_bringup/build install --record /home/devesh/Butterfly/project_2/libbot_final/build/libbot_bringup/install.log --single-version-externally-managed install_data
[5.580s] running egg_info
[5.625s] writing ../../build/libbot_bringup/libbot_bringup.egg-info/PKG-INFO
[5.626s] writing dependency_links to ../../build/libbot_bringup/libbot_bringup.egg-info/dependency_links.txt
[5.626s] writing requirements to ../../build/libbot_bringup/libbot_bringup.egg-info/requires.txt
[5.626s] writing top-level names to ../../build/libbot_bringup/libbot_bringup.egg-info/top_level.txt
[5.716s] reading manifest file '../../build/libbot_bringup/libbot_bringup.egg-info/SOURCES.txt'
[5.717s] adding license file 'LICENSE'
[5.718s] writing manifest file '../../build/libbot_bringup/libbot_bringup.egg-info/SOURCES.txt'
[5.719s] running build
[5.719s] running build_py
[5.720s] running install
[5.733s] running install_lib
[5.781s] running install_data
[5.781s] running install_egg_info
[5.829s] removing '/home/devesh/Butterfly/project_2/libbot_final/install/libbot_bringup/lib/python3.12/site-packages/libbot_bringup-0.0.0-py3.12.egg-info' (and everything under it)
[5.831s] Copying ../../build/libbot_bringup/libbot_bringup.egg-info to /home/devesh/Butterfly/project_2/libbot_final/install/libbot_bringup/lib/python3.12/site-packages/libbot_bringup-0.0.0-py3.12.egg-info
[5.835s] running install_scripts
[6.170s] writing list of installed files to '/home/devesh/Butterfly/project_2/libbot_final/build/libbot_bringup/install.log'
[6.349s] Invoked command in '/home/devesh/Butterfly/project_2/libbot_final/src/libbot_bringup' returned '0': DEBUGINFOD_URLS=https://debuginfod.ubuntu.com PYTHONPATH=/home/devesh/Butterfly/project_2/libbot_final/build/libbot_bringup/prefix_override:/usr/lib/python3/dist-packages/colcon_core/task/python/colcon_distutils_commands:/home/devesh/Butterfly/project_2/libbot_final/install/libbot_bringup/lib/python3.12/site-packages:${PYTHONPATH} /usr/bin/python3 -W ignore:setup.py install is deprecated -W ignore:easy_install command is deprecated setup.py egg_info --egg-base ../../build/libbot_bringup build --build-base /home/devesh/Butterfly/project_2/libbot_final/build/libbot_bringup/build install --record /home/devesh/Butterfly/project_2/libbot_final/build/libbot_bringup/install.log --single-version-externally-managed install_data
