[0.026s] Invoking command in '/home/devesh/Butterfly/project_2/libbot_final/build/micro_ros_msgs': CMAKE_PREFIX_PATH=${CMAKE_PREFIX_PATH}:/home/devesh/Butterfly/project_2/libbot_final/install/libbot_gazebo:/home/devesh/Butterfly/project_2/libbot_final/install/libbot_bringup:/opt/ros/jazzy DEBUGINFOD_URLS=https://debuginfod.ubuntu.com /usr/bin/cmake /home/devesh/Butterfly/project_2/libbot_final/src/uros/micro_ros_msgs -DCMAKE_INSTALL_PREFIX=/home/devesh/Butterfly/project_2/libbot_final/install/micro_ros_msgs
[0.271s] -- The C compiler identification is GNU 13.3.0
[0.271s] -- The CXX compiler identification is GNU 13.3.0
[0.272s] -- Detecting C compiler ABI info
[0.387s] -- Detecting C compiler ABI info - done
[0.399s] -- Check for working C compiler: /usr/bin/cc - skipped
[0.400s] -- Detecting C compile features
[0.400s] -- Detecting C compile features - done
[0.411s] -- Detecting CXX compiler ABI info
[0.540s] -- Detecting CXX compiler ABI info - done
[0.550s] -- Check for working CXX compiler: /usr/bin/c++ - skipped
[0.550s] -- Detecting CXX compile features
[0.550s] -- Detecting CXX compile features - done
[0.565s] -- Found ament_cmake: 2.5.3 (/opt/ros/jazzy/share/ament_cmake/cmake)
[0.756s] -- Found Python3: /usr/bin/python3 (found version "3.12.3") found components: Interpreter 
[0.926s] -- Found rosidl_default_generators: 1.6.0 (/opt/ros/jazzy/share/rosidl_default_generators/cmake)
[0.940s] -- Using all available rosidl_typesupport_c: rosidl_typesupport_fastrtps_c;rosidl_typesupport_introspection_c
[1.035s] -- Using all available rosidl_typesupport_cpp: rosidl_typesupport_fastrtps_cpp;rosidl_typesupport_introspection_cpp
[1.113s] -- Found rosidl_adapter: 4.6.5 (/opt/ros/jazzy/share/rosidl_adapter/cmake)
[1.121s] -- Found ament_lint_auto: 0.17.1 (/opt/ros/jazzy/share/ament_lint_auto/cmake)
[1.892s] -- Found ament_cmake_ros: 0.12.0 (/opt/ros/jazzy/share/ament_cmake_ros/cmake)
[2.409s] -- Using all available rosidl_typesupport_c: rosidl_typesupport_fastrtps_c;rosidl_typesupport_introspection_c
[3.102s] -- Using all available rosidl_typesupport_cpp: rosidl_typesupport_fastrtps_cpp;rosidl_typesupport_introspection_cpp
[3.111s] -- Found python_cmake_module: 0.11.1 (/opt/ros/jazzy/share/python_cmake_module/cmake)
[3.268s] -- Found PythonExtra: /usr/bin/python3  
[3.821s] -- Found Python3: /usr/bin/python3 (found version "3.12.3") found components: Interpreter Development NumPy Development.Module Development.Embed 
[3.878s] -- Added test 'copyright' to check source files copyright and LICENSE
[3.906s] -- Added test 'lint_cmake' to check CMake code style
[3.917s] -- Added test 'xmllint' to check XML markup files
[3.925s] -- Configuring done (3.9s)
[3.964s] -- Generating done (0.0s)
[3.975s] -- Build files have been written to: /home/devesh/Butterfly/project_2/libbot_final/build/micro_ros_msgs
[3.987s] Invoked command in '/home/devesh/Butterfly/project_2/libbot_final/build/micro_ros_msgs' returned '0': CMAKE_PREFIX_PATH=${CMAKE_PREFIX_PATH}:/home/devesh/Butterfly/project_2/libbot_final/install/libbot_gazebo:/home/devesh/Butterfly/project_2/libbot_final/install/libbot_bringup:/opt/ros/jazzy DEBUGINFOD_URLS=https://debuginfod.ubuntu.com /usr/bin/cmake /home/devesh/Butterfly/project_2/libbot_final/src/uros/micro_ros_msgs -DCMAKE_INSTALL_PREFIX=/home/devesh/Butterfly/project_2/libbot_final/install/micro_ros_msgs
[3.988s] Invoking command in '/home/devesh/Butterfly/project_2/libbot_final/build/micro_ros_msgs': CMAKE_PREFIX_PATH=${CMAKE_PREFIX_PATH}:/home/devesh/Butterfly/project_2/libbot_final/install/libbot_gazebo:/home/devesh/Butterfly/project_2/libbot_final/install/libbot_bringup:/opt/ros/jazzy DEBUGINFOD_URLS=https://debuginfod.ubuntu.com /usr/bin/cmake --build /home/devesh/Butterfly/project_2/libbot_final/build/micro_ros_msgs -- -j12 -l12
[4.081s] [  0%] Built target ament_cmake_python_copy_micro_ros_msgs
[4.081s] [  1%] [34m[1mGenerating type hashes for ROS interfaces[0m
[4.306s] running egg_info
[4.307s] creating micro_ros_msgs.egg-info
[4.328s] writing micro_ros_msgs.egg-info/PKG-INFO
[4.328s] writing dependency_links to micro_ros_msgs.egg-info/dependency_links.txt
[4.329s] [  1%] Built target micro_ros_msgs__rosidl_generator_type_description
[4.329s] writing top-level names to micro_ros_msgs.egg-info/top_level.txt
[4.329s] writing manifest file 'micro_ros_msgs.egg-info/SOURCES.txt'
[4.342s] [  3%] [34m[1mGenerating C code for ROS interfaces[0m
[4.357s] [  5%] [34m[1mGenerating C++ code for ROS interfaces[0m
[4.392s] reading manifest file 'micro_ros_msgs.egg-info/SOURCES.txt'
[4.393s] writing manifest file 'micro_ros_msgs.egg-info/SOURCES.txt'
[4.452s] [  5%] Built target ament_cmake_python_build_micro_ros_msgs_egg
[4.728s] [  5%] Built target micro_ros_msgs__cpp
[4.785s] [ 11%] [32mBuilding C object CMakeFiles/micro_ros_msgs__rosidl_generator_c.dir/rosidl_generator_c/micro_ros_msgs/msg/detail/entity__type_support.c.o[0m
[4.785s] [ 11%] [32mBuilding C object CMakeFiles/micro_ros_msgs__rosidl_generator_c.dir/rosidl_generator_c/micro_ros_msgs/msg/detail/graph__functions.c.o[0m
[4.785s] [ 11%] [32mBuilding C object CMakeFiles/micro_ros_msgs__rosidl_generator_c.dir/rosidl_generator_c/micro_ros_msgs/msg/detail/node__description.c.o[0m
[4.785s] [ 12%] [32mBuilding C object CMakeFiles/micro_ros_msgs__rosidl_generator_c.dir/rosidl_generator_c/micro_ros_msgs/msg/detail/node__type_support.c.o[0m
[4.785s] [ 18%] [32mBuilding C object CMakeFiles/micro_ros_msgs__rosidl_generator_c.dir/rosidl_generator_c/micro_ros_msgs/msg/detail/graph__type_support.c.o[0m
[4.786s] [ 18%] [32mBuilding C object CMakeFiles/micro_ros_msgs__rosidl_generator_c.dir/rosidl_generator_c/micro_ros_msgs/msg/detail/entity__description.c.o[0m
[4.786s] [ 20%] [32mBuilding C object CMakeFiles/micro_ros_msgs__rosidl_generator_c.dir/rosidl_generator_c/micro_ros_msgs/msg/detail/entity__functions.c.o[0m
[4.787s] [ 20%] [32mBuilding C object CMakeFiles/micro_ros_msgs__rosidl_generator_c.dir/rosidl_generator_c/micro_ros_msgs/msg/detail/node__functions.c.o[0m
[4.788s] [ 22%] [32mBuilding C object CMakeFiles/micro_ros_msgs__rosidl_generator_c.dir/rosidl_generator_c/micro_ros_msgs/msg/detail/graph__description.c.o[0m
[4.858s] [ 24%] [32m[1mLinking C shared library libmicro_ros_msgs__rosidl_generator_c.so[0m
[4.909s] [ 24%] Built target micro_ros_msgs__rosidl_generator_c
[4.926s] [ 31%] [34m[1mGenerating C introspection for ROS interfaces[0m
[4.926s] [ 31%] [34m[1mGenerating C++ introspection for ROS interfaces[0m
[4.926s] [ 31%] [34m[1mGenerating C type support for eProsima Fast-RTPS[0m
[4.926s] [ 31%] [34m[1mGenerating C++ type support for eProsima Fast-RTPS[0m
[4.926s] [ 35%] [34m[1mGenerating C++ type support dispatch for ROS interfaces[0m
[4.927s] [ 35%] [34m[1mGenerating C type support dispatch for ROS interfaces[0m
[5.310s] [ 38%] [32mBuilding CXX object CMakeFiles/micro_ros_msgs__rosidl_typesupport_introspection_cpp.dir/rosidl_typesupport_introspection_cpp/micro_ros_msgs/msg/detail/node__type_support.cpp.o[0m
[5.310s] [ 38%] [32mBuilding CXX object CMakeFiles/micro_ros_msgs__rosidl_typesupport_introspection_cpp.dir/rosidl_typesupport_introspection_cpp/micro_ros_msgs/msg/detail/graph__type_support.cpp.o[0m
[5.311s] [ 40%] [32mBuilding CXX object CMakeFiles/micro_ros_msgs__rosidl_typesupport_introspection_cpp.dir/rosidl_typesupport_introspection_cpp/micro_ros_msgs/msg/detail/entity__type_support.cpp.o[0m
[5.362s] [ 42%] [32mBuilding CXX object CMakeFiles/micro_ros_msgs__rosidl_typesupport_fastrtps_cpp.dir/rosidl_typesupport_fastrtps_cpp/micro_ros_msgs/msg/detail/dds_fastrtps/node__type_support.cpp.o[0m
[5.363s] [ 46%] [32mBuilding CXX object CMakeFiles/micro_ros_msgs__rosidl_typesupport_fastrtps_cpp.dir/rosidl_typesupport_fastrtps_cpp/micro_ros_msgs/msg/detail/dds_fastrtps/graph__type_support.cpp.o[0m
[5.363s] [ 46%] [32mBuilding CXX object CMakeFiles/micro_ros_msgs__rosidl_typesupport_fastrtps_cpp.dir/rosidl_typesupport_fastrtps_cpp/micro_ros_msgs/msg/detail/dds_fastrtps/entity__type_support.cpp.o[0m
[5.408s] [ 50%] [32mBuilding CXX object CMakeFiles/micro_ros_msgs__rosidl_typesupport_c.dir/rosidl_typesupport_c/micro_ros_msgs/msg/node__type_support.cpp.o[0m
[5.408s] [ 50%] [32mBuilding CXX object CMakeFiles/micro_ros_msgs__rosidl_typesupport_c.dir/rosidl_typesupport_c/micro_ros_msgs/msg/graph__type_support.cpp.o[0m
[5.416s] [ 51%] [32mBuilding CXX object CMakeFiles/micro_ros_msgs__rosidl_typesupport_c.dir/rosidl_typesupport_c/micro_ros_msgs/msg/entity__type_support.cpp.o[0m
[5.459s] [ 53%] [32mBuilding CXX object CMakeFiles/micro_ros_msgs__rosidl_typesupport_cpp.dir/rosidl_typesupport_cpp/micro_ros_msgs/msg/graph__type_support.cpp.o[0m
[5.495s] [ 55%] [32mBuilding CXX object CMakeFiles/micro_ros_msgs__rosidl_typesupport_cpp.dir/rosidl_typesupport_cpp/micro_ros_msgs/msg/node__type_support.cpp.o[0m
[5.500s] [ 57%] [32m[1mLinking CXX shared library libmicro_ros_msgs__rosidl_typesupport_c.so[0m
[5.510s] [ 59%] [32mBuilding CXX object CMakeFiles/micro_ros_msgs__rosidl_typesupport_cpp.dir/rosidl_typesupport_cpp/micro_ros_msgs/msg/entity__type_support.cpp.o[0m
[5.603s] [ 61%] [32mBuilding C object CMakeFiles/micro_ros_msgs__rosidl_typesupport_introspection_c.dir/rosidl_typesupport_introspection_c/micro_ros_msgs/msg/detail/graph__type_support.c.o[0m
[5.622s] [ 61%] Built target micro_ros_msgs__rosidl_typesupport_c
[5.651s] [ 62%] [32mBuilding C object CMakeFiles/micro_ros_msgs__rosidl_typesupport_introspection_c.dir/rosidl_typesupport_introspection_c/micro_ros_msgs/msg/detail/node__type_support.c.o[0m
[5.683s] [ 64%] [32mBuilding CXX object CMakeFiles/micro_ros_msgs__rosidl_typesupport_fastrtps_c.dir/rosidl_typesupport_fastrtps_c/micro_ros_msgs/msg/detail/graph__type_support_c.cpp.o[0m
[5.739s] [ 66%] [32mBuilding CXX object CMakeFiles/micro_ros_msgs__rosidl_typesupport_fastrtps_c.dir/rosidl_typesupport_fastrtps_c/micro_ros_msgs/msg/detail/node__type_support_c.cpp.o[0m
[5.829s] [ 68%] [32mBuilding C object CMakeFiles/micro_ros_msgs__rosidl_typesupport_introspection_c.dir/rosidl_typesupport_introspection_c/micro_ros_msgs/msg/detail/entity__type_support.c.o[0m
[5.959s] [ 70%] [32m[1mLinking C shared library libmicro_ros_msgs__rosidl_typesupport_introspection_c.so[0m
[6.007s] [ 72%] [32mBuilding CXX object CMakeFiles/micro_ros_msgs__rosidl_typesupport_fastrtps_c.dir/rosidl_typesupport_fastrtps_c/micro_ros_msgs/msg/detail/entity__type_support_c.cpp.o[0m
[6.091s] [ 72%] Built target micro_ros_msgs__rosidl_typesupport_introspection_c
[6.192s] [ 74%] [32m[1mLinking CXX shared library libmicro_ros_msgs__rosidl_typesupport_cpp.so[0m
[6.307s] [ 74%] Built target micro_ros_msgs__rosidl_typesupport_cpp
[6.338s] [ 75%] [32m[1mLinking CXX shared library libmicro_ros_msgs__rosidl_typesupport_introspection_cpp.so[0m
[6.524s] [ 77%] [32m[1mLinking CXX shared library libmicro_ros_msgs__rosidl_typesupport_fastrtps_cpp.so[0m
[6.555s] [ 77%] Built target micro_ros_msgs__rosidl_typesupport_introspection_cpp
[6.709s] [ 77%] Built target micro_ros_msgs__rosidl_typesupport_fastrtps_cpp
[6.760s] [ 79%] [32m[1mLinking CXX shared library libmicro_ros_msgs__rosidl_typesupport_fastrtps_c.so[0m
[6.872s] [ 79%] Built target micro_ros_msgs__rosidl_typesupport_fastrtps_c
[6.903s] [ 79%] Built target micro_ros_msgs
[6.935s] [ 81%] [34m[1mGenerating Python code for ROS interfaces[0m
[7.782s] [ 81%] Built target micro_ros_msgs__py
[7.841s] [ 83%] [32mBuilding C object CMakeFiles/micro_ros_msgs__rosidl_generator_py.dir/rosidl_generator_py/micro_ros_msgs/msg/_graph_s.c.o[0m
[7.855s] [ 85%] [32mBuilding C object CMakeFiles/micro_ros_msgs__rosidl_generator_py.dir/rosidl_generator_py/micro_ros_msgs/msg/_node_s.c.o[0m
[7.858s] [ 87%] [32mBuilding C object CMakeFiles/micro_ros_msgs__rosidl_generator_py.dir/rosidl_generator_py/micro_ros_msgs/msg/_entity_s.c.o[0m
[8.167s] [ 88%] [32m[1mLinking C shared library libmicro_ros_msgs__rosidl_generator_py.so[0m
[8.242s] [ 88%] Built target micro_ros_msgs__rosidl_generator_py
[8.279s] [ 90%] [32mBuilding C object CMakeFiles/micro_ros_msgs_s__rosidl_typesupport_fastrtps_c.dir/rosidl_generator_py/micro_ros_msgs/_micro_ros_msgs_s.ep.rosidl_typesupport_fastrtps_c.c.o[0m
[8.282s] [ 92%] [32mBuilding C object CMakeFiles/micro_ros_msgs_s__rosidl_typesupport_introspection_c.dir/rosidl_generator_py/micro_ros_msgs/_micro_ros_msgs_s.ep.rosidl_typesupport_introspection_c.c.o[0m
[8.289s] [ 94%] [32mBuilding C object CMakeFiles/micro_ros_msgs_s__rosidl_typesupport_c.dir/rosidl_generator_py/micro_ros_msgs/_micro_ros_msgs_s.ep.rosidl_typesupport_c.c.o[0m
[8.415s] [ 96%] [32m[1mLinking C shared module rosidl_generator_py/micro_ros_msgs/micro_ros_msgs_s__rosidl_typesupport_fastrtps_c.so[0m
[8.440s] [ 98%] [32m[1mLinking C shared module rosidl_generator_py/micro_ros_msgs/micro_ros_msgs_s__rosidl_typesupport_c.so[0m
[8.457s] [100%] [32m[1mLinking C shared module rosidl_generator_py/micro_ros_msgs/micro_ros_msgs_s__rosidl_typesupport_introspection_c.so[0m
[8.468s] [100%] Built target micro_ros_msgs_s__rosidl_typesupport_fastrtps_c
[8.486s] [100%] Built target micro_ros_msgs_s__rosidl_typesupport_c
[8.500s] [100%] Built target micro_ros_msgs_s__rosidl_typesupport_introspection_c
[8.518s] Invoked command in '/home/devesh/Butterfly/project_2/libbot_final/build/micro_ros_msgs' returned '0': CMAKE_PREFIX_PATH=${CMAKE_PREFIX_PATH}:/home/devesh/Butterfly/project_2/libbot_final/install/libbot_gazebo:/home/devesh/Butterfly/project_2/libbot_final/install/libbot_bringup:/opt/ros/jazzy DEBUGINFOD_URLS=https://debuginfod.ubuntu.com /usr/bin/cmake --build /home/devesh/Butterfly/project_2/libbot_final/build/micro_ros_msgs -- -j12 -l12
[8.531s] Invoking command in '/home/devesh/Butterfly/project_2/libbot_final/build/micro_ros_msgs': CMAKE_PREFIX_PATH=${CMAKE_PREFIX_PATH}:/home/devesh/Butterfly/project_2/libbot_final/install/libbot_gazebo:/home/devesh/Butterfly/project_2/libbot_final/install/libbot_bringup:/opt/ros/jazzy DEBUGINFOD_URLS=https://debuginfod.ubuntu.com /usr/bin/cmake --install /home/devesh/Butterfly/project_2/libbot_final/build/micro_ros_msgs
[8.542s] -- Install configuration: ""
[8.542s] -- Installing: /home/devesh/Butterfly/project_2/libbot_final/install/micro_ros_msgs/share/ament_index/resource_index/rosidl_interfaces/micro_ros_msgs
[8.543s] -- Installing: /home/devesh/Butterfly/project_2/libbot_final/install/micro_ros_msgs/share/micro_ros_msgs/msg/Graph.json
[8.543s] -- Installing: /home/devesh/Butterfly/project_2/libbot_final/install/micro_ros_msgs/share/micro_ros_msgs/msg/Node.json
[8.544s] -- Installing: /home/devesh/Butterfly/project_2/libbot_final/install/micro_ros_msgs/share/micro_ros_msgs/msg/Entity.json
[8.544s] -- Installing: /home/devesh/Butterfly/project_2/libbot_final/install/micro_ros_msgs/include/micro_ros_msgs/micro_ros_msgs
[8.544s] -- Installing: /home/devesh/Butterfly/project_2/libbot_final/install/micro_ros_msgs/include/micro_ros_msgs/micro_ros_msgs/msg
[8.544s] -- Installing: /home/devesh/Butterfly/project_2/libbot_final/install/micro_ros_msgs/include/micro_ros_msgs/micro_ros_msgs/msg/detail
[8.544s] -- Installing: /home/devesh/Butterfly/project_2/libbot_final/install/micro_ros_msgs/include/micro_ros_msgs/micro_ros_msgs/msg/detail/node__type_support.h
[8.544s] -- Installing: /home/devesh/Butterfly/project_2/libbot_final/install/micro_ros_msgs/include/micro_ros_msgs/micro_ros_msgs/msg/detail/entity__functions.c
[8.544s] -- Installing: /home/devesh/Butterfly/project_2/libbot_final/install/micro_ros_msgs/include/micro_ros_msgs/micro_ros_msgs/msg/detail/node__struct.h
[8.544s] -- Installing: /home/devesh/Butterfly/project_2/libbot_final/install/micro_ros_msgs/include/micro_ros_msgs/micro_ros_msgs/msg/detail/node__description.c
[8.544s] -- Installing: /home/devesh/Butterfly/project_2/libbot_final/install/micro_ros_msgs/include/micro_ros_msgs/micro_ros_msgs/msg/detail/graph__description.c
[8.545s] -- Installing: /home/devesh/Butterfly/project_2/libbot_final/install/micro_ros_msgs/include/micro_ros_msgs/micro_ros_msgs/msg/detail/graph__functions.h
[8.545s] -- Installing: /home/devesh/Butterfly/project_2/libbot_final/install/micro_ros_msgs/include/micro_ros_msgs/micro_ros_msgs/msg/detail/graph__functions.c
[8.545s] -- Installing: /home/devesh/Butterfly/project_2/libbot_final/install/micro_ros_msgs/include/micro_ros_msgs/micro_ros_msgs/msg/detail/node__functions.h
[8.545s] -- Installing: /home/devesh/Butterfly/project_2/libbot_final/install/micro_ros_msgs/include/micro_ros_msgs/micro_ros_msgs/msg/detail/graph__struct.h
[8.545s] -- Installing: /home/devesh/Butterfly/project_2/libbot_final/install/micro_ros_msgs/include/micro_ros_msgs/micro_ros_msgs/msg/detail/entity__type_support.h
[8.545s] -- Installing: /home/devesh/Butterfly/project_2/libbot_final/install/micro_ros_msgs/include/micro_ros_msgs/micro_ros_msgs/msg/detail/node__functions.c
[8.545s] -- Installing: /home/devesh/Butterfly/project_2/libbot_final/install/micro_ros_msgs/include/micro_ros_msgs/micro_ros_msgs/msg/detail/node__type_support.c
[8.545s] -- Installing: /home/devesh/Butterfly/project_2/libbot_final/install/micro_ros_msgs/include/micro_ros_msgs/micro_ros_msgs/msg/detail/entity__description.c
[8.545s] -- Installing: /home/devesh/Butterfly/project_2/libbot_final/install/micro_ros_msgs/include/micro_ros_msgs/micro_ros_msgs/msg/detail/graph__type_support.c
[8.546s] -- Installing: /home/devesh/Butterfly/project_2/libbot_final/install/micro_ros_msgs/include/micro_ros_msgs/micro_ros_msgs/msg/detail/entity__struct.h
[8.546s] -- Installing: /home/devesh/Butterfly/project_2/libbot_final/install/micro_ros_msgs/include/micro_ros_msgs/micro_ros_msgs/msg/detail/entity__type_support.c
[8.546s] -- Installing: /home/devesh/Butterfly/project_2/libbot_final/install/micro_ros_msgs/include/micro_ros_msgs/micro_ros_msgs/msg/detail/entity__functions.h
[8.546s] -- Installing: /home/devesh/Butterfly/project_2/libbot_final/install/micro_ros_msgs/include/micro_ros_msgs/micro_ros_msgs/msg/detail/graph__type_support.h
[8.546s] -- Installing: /home/devesh/Butterfly/project_2/libbot_final/install/micro_ros_msgs/include/micro_ros_msgs/micro_ros_msgs/msg/rosidl_generator_c__visibility_control.h
[8.546s] -- Installing: /home/devesh/Butterfly/project_2/libbot_final/install/micro_ros_msgs/include/micro_ros_msgs/micro_ros_msgs/msg/entity.h
[8.546s] -- Installing: /home/devesh/Butterfly/project_2/libbot_final/install/micro_ros_msgs/include/micro_ros_msgs/micro_ros_msgs/msg/node.h
[8.547s] -- Installing: /home/devesh/Butterfly/project_2/libbot_final/install/micro_ros_msgs/include/micro_ros_msgs/micro_ros_msgs/msg/graph.h
[8.547s] -- Installing: /home/devesh/Butterfly/project_2/libbot_final/install/micro_ros_msgs/share/micro_ros_msgs/environment/library_path.sh
[8.547s] -- Installing: /home/devesh/Butterfly/project_2/libbot_final/install/micro_ros_msgs/share/micro_ros_msgs/environment/library_path.dsv
[8.547s] -- Installing: /home/devesh/Butterfly/project_2/libbot_final/install/micro_ros_msgs/lib/libmicro_ros_msgs__rosidl_generator_c.so
[8.548s] -- Set non-toolchain portion of runtime path of "/home/devesh/Butterfly/project_2/libbot_final/install/micro_ros_msgs/lib/libmicro_ros_msgs__rosidl_generator_c.so" to ""
[8.548s] -- Up-to-date: /home/devesh/Butterfly/project_2/libbot_final/install/micro_ros_msgs/include/micro_ros_msgs/micro_ros_msgs
[8.548s] -- Up-to-date: /home/devesh/Butterfly/project_2/libbot_final/install/micro_ros_msgs/include/micro_ros_msgs/micro_ros_msgs/msg
[8.548s] -- Up-to-date: /home/devesh/Butterfly/project_2/libbot_final/install/micro_ros_msgs/include/micro_ros_msgs/micro_ros_msgs/msg/detail
[8.548s] -- Installing: /home/devesh/Butterfly/project_2/libbot_final/install/micro_ros_msgs/include/micro_ros_msgs/micro_ros_msgs/msg/detail/graph__rosidl_typesupport_fastrtps_c.h
[8.549s] -- Installing: /home/devesh/Butterfly/project_2/libbot_final/install/micro_ros_msgs/include/micro_ros_msgs/micro_ros_msgs/msg/detail/entity__rosidl_typesupport_fastrtps_c.h
[8.549s] -- Installing: /home/devesh/Butterfly/project_2/libbot_final/install/micro_ros_msgs/include/micro_ros_msgs/micro_ros_msgs/msg/detail/node__rosidl_typesupport_fastrtps_c.h
[8.549s] -- Installing: /home/devesh/Butterfly/project_2/libbot_final/install/micro_ros_msgs/include/micro_ros_msgs/micro_ros_msgs/msg/rosidl_typesupport_fastrtps_c__visibility_control.h
[8.549s] -- Installing: /home/devesh/Butterfly/project_2/libbot_final/install/micro_ros_msgs/lib/libmicro_ros_msgs__rosidl_typesupport_fastrtps_c.so
[8.550s] -- Set non-toolchain portion of runtime path of "/home/devesh/Butterfly/project_2/libbot_final/install/micro_ros_msgs/lib/libmicro_ros_msgs__rosidl_typesupport_fastrtps_c.so" to ""
[8.550s] -- Up-to-date: /home/devesh/Butterfly/project_2/libbot_final/install/micro_ros_msgs/include/micro_ros_msgs/micro_ros_msgs
[8.550s] -- Up-to-date: /home/devesh/Butterfly/project_2/libbot_final/install/micro_ros_msgs/include/micro_ros_msgs/micro_ros_msgs/msg
[8.550s] -- Installing: /home/devesh/Butterfly/project_2/libbot_final/install/micro_ros_msgs/include/micro_ros_msgs/micro_ros_msgs/msg/rosidl_typesupport_introspection_c__visibility_control.h
[8.550s] -- Up-to-date: /home/devesh/Butterfly/project_2/libbot_final/install/micro_ros_msgs/include/micro_ros_msgs/micro_ros_msgs/msg/detail
[8.550s] -- Installing: /home/devesh/Butterfly/project_2/libbot_final/install/micro_ros_msgs/include/micro_ros_msgs/micro_ros_msgs/msg/detail/node__rosidl_typesupport_introspection_c.h
[8.551s] -- Installing: /home/devesh/Butterfly/project_2/libbot_final/install/micro_ros_msgs/include/micro_ros_msgs/micro_ros_msgs/msg/detail/graph__rosidl_typesupport_introspection_c.h
[8.551s] -- Installing: /home/devesh/Butterfly/project_2/libbot_final/install/micro_ros_msgs/include/micro_ros_msgs/micro_ros_msgs/msg/detail/node__type_support.c
[8.551s] -- Installing: /home/devesh/Butterfly/project_2/libbot_final/install/micro_ros_msgs/include/micro_ros_msgs/micro_ros_msgs/msg/detail/entity__rosidl_typesupport_introspection_c.h
[8.551s] -- Installing: /home/devesh/Butterfly/project_2/libbot_final/install/micro_ros_msgs/include/micro_ros_msgs/micro_ros_msgs/msg/detail/graph__type_support.c
[8.552s] -- Installing: /home/devesh/Butterfly/project_2/libbot_final/install/micro_ros_msgs/include/micro_ros_msgs/micro_ros_msgs/msg/detail/entity__type_support.c
[8.552s] -- Installing: /home/devesh/Butterfly/project_2/libbot_final/install/micro_ros_msgs/lib/libmicro_ros_msgs__rosidl_typesupport_introspection_c.so
[8.552s] -- Set non-toolchain portion of runtime path of "/home/devesh/Butterfly/project_2/libbot_final/install/micro_ros_msgs/lib/libmicro_ros_msgs__rosidl_typesupport_introspection_c.so" to ""
[8.552s] -- Installing: /home/devesh/Butterfly/project_2/libbot_final/install/micro_ros_msgs/lib/libmicro_ros_msgs__rosidl_typesupport_c.so
[8.552s] -- Set non-toolchain portion of runtime path of "/home/devesh/Butterfly/project_2/libbot_final/install/micro_ros_msgs/lib/libmicro_ros_msgs__rosidl_typesupport_c.so" to ""
[8.552s] -- Up-to-date: /home/devesh/Butterfly/project_2/libbot_final/install/micro_ros_msgs/include/micro_ros_msgs/micro_ros_msgs
[8.552s] -- Up-to-date: /home/devesh/Butterfly/project_2/libbot_final/install/micro_ros_msgs/include/micro_ros_msgs/micro_ros_msgs/msg
[8.552s] -- Installing: /home/devesh/Butterfly/project_2/libbot_final/install/micro_ros_msgs/include/micro_ros_msgs/micro_ros_msgs/msg/entity.hpp
[8.552s] -- Installing: /home/devesh/Butterfly/project_2/libbot_final/install/micro_ros_msgs/include/micro_ros_msgs/micro_ros_msgs/msg/rosidl_generator_cpp__visibility_control.hpp
[8.552s] -- Up-to-date: /home/devesh/Butterfly/project_2/libbot_final/install/micro_ros_msgs/include/micro_ros_msgs/micro_ros_msgs/msg/detail
[8.553s] -- Installing: /home/devesh/Butterfly/project_2/libbot_final/install/micro_ros_msgs/include/micro_ros_msgs/micro_ros_msgs/msg/detail/entity__type_support.hpp
[8.553s] -- Installing: /home/devesh/Butterfly/project_2/libbot_final/install/micro_ros_msgs/include/micro_ros_msgs/micro_ros_msgs/msg/detail/entity__struct.hpp
[8.553s] -- Installing: /home/devesh/Butterfly/project_2/libbot_final/install/micro_ros_msgs/include/micro_ros_msgs/micro_ros_msgs/msg/detail/graph__struct.hpp
[8.553s] -- Installing: /home/devesh/Butterfly/project_2/libbot_final/install/micro_ros_msgs/include/micro_ros_msgs/micro_ros_msgs/msg/detail/node__struct.hpp
[8.553s] -- Installing: /home/devesh/Butterfly/project_2/libbot_final/install/micro_ros_msgs/include/micro_ros_msgs/micro_ros_msgs/msg/detail/graph__builder.hpp
[8.553s] -- Installing: /home/devesh/Butterfly/project_2/libbot_final/install/micro_ros_msgs/include/micro_ros_msgs/micro_ros_msgs/msg/detail/node__type_support.hpp
[8.553s] -- Installing: /home/devesh/Butterfly/project_2/libbot_final/install/micro_ros_msgs/include/micro_ros_msgs/micro_ros_msgs/msg/detail/graph__traits.hpp
[8.553s] -- Installing: /home/devesh/Butterfly/project_2/libbot_final/install/micro_ros_msgs/include/micro_ros_msgs/micro_ros_msgs/msg/detail/entity__traits.hpp
[8.553s] -- Installing: /home/devesh/Butterfly/project_2/libbot_final/install/micro_ros_msgs/include/micro_ros_msgs/micro_ros_msgs/msg/detail/node__traits.hpp
[8.553s] -- Installing: /home/devesh/Butterfly/project_2/libbot_final/install/micro_ros_msgs/include/micro_ros_msgs/micro_ros_msgs/msg/detail/entity__builder.hpp
[8.554s] -- Installing: /home/devesh/Butterfly/project_2/libbot_final/install/micro_ros_msgs/include/micro_ros_msgs/micro_ros_msgs/msg/detail/node__builder.hpp
[8.554s] -- Installing: /home/devesh/Butterfly/project_2/libbot_final/install/micro_ros_msgs/include/micro_ros_msgs/micro_ros_msgs/msg/detail/graph__type_support.hpp
[8.554s] -- Installing: /home/devesh/Butterfly/project_2/libbot_final/install/micro_ros_msgs/include/micro_ros_msgs/micro_ros_msgs/msg/graph.hpp
[8.554s] -- Installing: /home/devesh/Butterfly/project_2/libbot_final/install/micro_ros_msgs/include/micro_ros_msgs/micro_ros_msgs/msg/node.hpp
[8.554s] -- Up-to-date: /home/devesh/Butterfly/project_2/libbot_final/install/micro_ros_msgs/include/micro_ros_msgs/micro_ros_msgs
[8.554s] -- Up-to-date: /home/devesh/Butterfly/project_2/libbot_final/install/micro_ros_msgs/include/micro_ros_msgs/micro_ros_msgs/msg
[8.554s] -- Up-to-date: /home/devesh/Butterfly/project_2/libbot_final/install/micro_ros_msgs/include/micro_ros_msgs/micro_ros_msgs/msg/detail
[8.554s] -- Installing: /home/devesh/Butterfly/project_2/libbot_final/install/micro_ros_msgs/include/micro_ros_msgs/micro_ros_msgs/msg/detail/node__rosidl_typesupport_fastrtps_cpp.hpp
[8.555s] -- Installing: /home/devesh/Butterfly/project_2/libbot_final/install/micro_ros_msgs/include/micro_ros_msgs/micro_ros_msgs/msg/detail/dds_fastrtps
[8.555s] -- Installing: /home/devesh/Butterfly/project_2/libbot_final/install/micro_ros_msgs/include/micro_ros_msgs/micro_ros_msgs/msg/detail/entity__rosidl_typesupport_fastrtps_cpp.hpp
[8.555s] -- Installing: /home/devesh/Butterfly/project_2/libbot_final/install/micro_ros_msgs/include/micro_ros_msgs/micro_ros_msgs/msg/detail/graph__rosidl_typesupport_fastrtps_cpp.hpp
[8.555s] -- Installing: /home/devesh/Butterfly/project_2/libbot_final/install/micro_ros_msgs/include/micro_ros_msgs/micro_ros_msgs/msg/rosidl_typesupport_fastrtps_cpp__visibility_control.h
[8.555s] -- Installing: /home/devesh/Butterfly/project_2/libbot_final/install/micro_ros_msgs/lib/libmicro_ros_msgs__rosidl_typesupport_fastrtps_cpp.so
[8.555s] -- Set non-toolchain portion of runtime path of "/home/devesh/Butterfly/project_2/libbot_final/install/micro_ros_msgs/lib/libmicro_ros_msgs__rosidl_typesupport_fastrtps_cpp.so" to ""
[8.555s] -- Up-to-date: /home/devesh/Butterfly/project_2/libbot_final/install/micro_ros_msgs/include/micro_ros_msgs/micro_ros_msgs
[8.555s] -- Up-to-date: /home/devesh/Butterfly/project_2/libbot_final/install/micro_ros_msgs/include/micro_ros_msgs/micro_ros_msgs/msg
[8.555s] -- Up-to-date: /home/devesh/Butterfly/project_2/libbot_final/install/micro_ros_msgs/include/micro_ros_msgs/micro_ros_msgs/msg/detail
[8.556s] -- Installing: /home/devesh/Butterfly/project_2/libbot_final/install/micro_ros_msgs/include/micro_ros_msgs/micro_ros_msgs/msg/detail/node__type_support.cpp
[8.556s] -- Installing: /home/devesh/Butterfly/project_2/libbot_final/install/micro_ros_msgs/include/micro_ros_msgs/micro_ros_msgs/msg/detail/graph__type_support.cpp
[8.556s] -- Installing: /home/devesh/Butterfly/project_2/libbot_final/install/micro_ros_msgs/include/micro_ros_msgs/micro_ros_msgs/msg/detail/entity__rosidl_typesupport_introspection_cpp.hpp
[8.556s] -- Installing: /home/devesh/Butterfly/project_2/libbot_final/install/micro_ros_msgs/include/micro_ros_msgs/micro_ros_msgs/msg/detail/graph__rosidl_typesupport_introspection_cpp.hpp
[8.556s] -- Installing: /home/devesh/Butterfly/project_2/libbot_final/install/micro_ros_msgs/include/micro_ros_msgs/micro_ros_msgs/msg/detail/node__rosidl_typesupport_introspection_cpp.hpp
[8.556s] -- Installing: /home/devesh/Butterfly/project_2/libbot_final/install/micro_ros_msgs/include/micro_ros_msgs/micro_ros_msgs/msg/detail/entity__type_support.cpp
[8.556s] -- Installing: /home/devesh/Butterfly/project_2/libbot_final/install/micro_ros_msgs/lib/libmicro_ros_msgs__rosidl_typesupport_introspection_cpp.so
[8.557s] -- Set non-toolchain portion of runtime path of "/home/devesh/Butterfly/project_2/libbot_final/install/micro_ros_msgs/lib/libmicro_ros_msgs__rosidl_typesupport_introspection_cpp.so" to ""
[8.557s] -- Installing: /home/devesh/Butterfly/project_2/libbot_final/install/micro_ros_msgs/lib/libmicro_ros_msgs__rosidl_typesupport_cpp.so
[8.557s] -- Set non-toolchain portion of runtime path of "/home/devesh/Butterfly/project_2/libbot_final/install/micro_ros_msgs/lib/libmicro_ros_msgs__rosidl_typesupport_cpp.so" to ""
[8.557s] -- Installing: /home/devesh/Butterfly/project_2/libbot_final/install/micro_ros_msgs/share/micro_ros_msgs/environment/pythonpath.sh
[8.557s] -- Installing: /home/devesh/Butterfly/project_2/libbot_final/install/micro_ros_msgs/share/micro_ros_msgs/environment/pythonpath.dsv
[8.557s] -- Installing: /home/devesh/Butterfly/project_2/libbot_final/install/micro_ros_msgs/lib/python3.12/site-packages/micro_ros_msgs-5.0.2-py3.12.egg-info
[8.558s] -- Installing: /home/devesh/Butterfly/project_2/libbot_final/install/micro_ros_msgs/lib/python3.12/site-packages/micro_ros_msgs-5.0.2-py3.12.egg-info/PKG-INFO
[8.558s] -- Installing: /home/devesh/Butterfly/project_2/libbot_final/install/micro_ros_msgs/lib/python3.12/site-packages/micro_ros_msgs-5.0.2-py3.12.egg-info/dependency_links.txt
[8.558s] -- Installing: /home/devesh/Butterfly/project_2/libbot_final/install/micro_ros_msgs/lib/python3.12/site-packages/micro_ros_msgs-5.0.2-py3.12.egg-info/top_level.txt
[8.558s] -- Installing: /home/devesh/Butterfly/project_2/libbot_final/install/micro_ros_msgs/lib/python3.12/site-packages/micro_ros_msgs-5.0.2-py3.12.egg-info/SOURCES.txt
[8.558s] -- Installing: /home/devesh/Butterfly/project_2/libbot_final/install/micro_ros_msgs/lib/python3.12/site-packages/micro_ros_msgs
[8.558s] -- Installing: /home/devesh/Butterfly/project_2/libbot_final/install/micro_ros_msgs/lib/python3.12/site-packages/micro_ros_msgs/micro_ros_msgs_s__rosidl_typesupport_c.so
[8.558s] -- Installing: /home/devesh/Butterfly/project_2/libbot_final/install/micro_ros_msgs/lib/python3.12/site-packages/micro_ros_msgs/micro_ros_msgs_s__rosidl_typesupport_fastrtps_c.so
[8.559s] -- Installing: /home/devesh/Butterfly/project_2/libbot_final/install/micro_ros_msgs/lib/python3.12/site-packages/micro_ros_msgs/_micro_ros_msgs_s.ep.rosidl_typesupport_fastrtps_c.c
[8.559s] -- Installing: /home/devesh/Butterfly/project_2/libbot_final/install/micro_ros_msgs/lib/python3.12/site-packages/micro_ros_msgs/__init__.py
[8.559s] -- Installing: /home/devesh/Butterfly/project_2/libbot_final/install/micro_ros_msgs/lib/python3.12/site-packages/micro_ros_msgs/_micro_ros_msgs_s.ep.rosidl_typesupport_introspection_c.c
[8.559s] -- Installing: /home/devesh/Butterfly/project_2/libbot_final/install/micro_ros_msgs/lib/python3.12/site-packages/micro_ros_msgs/msg
[8.560s] -- Installing: /home/devesh/Butterfly/project_2/libbot_final/install/micro_ros_msgs/lib/python3.12/site-packages/micro_ros_msgs/msg/_entity_s.c
[8.560s] -- Installing: /home/devesh/Butterfly/project_2/libbot_final/install/micro_ros_msgs/lib/python3.12/site-packages/micro_ros_msgs/msg/_graph_s.c
[8.560s] -- Installing: /home/devesh/Butterfly/project_2/libbot_final/install/micro_ros_msgs/lib/python3.12/site-packages/micro_ros_msgs/msg/_graph.py
[8.560s] -- Installing: /home/devesh/Butterfly/project_2/libbot_final/install/micro_ros_msgs/lib/python3.12/site-packages/micro_ros_msgs/msg/_node_s.c
[8.561s] -- Installing: /home/devesh/Butterfly/project_2/libbot_final/install/micro_ros_msgs/lib/python3.12/site-packages/micro_ros_msgs/msg/__init__.py
[8.561s] -- Installing: /home/devesh/Butterfly/project_2/libbot_final/install/micro_ros_msgs/lib/python3.12/site-packages/micro_ros_msgs/msg/_node.py
[8.561s] -- Installing: /home/devesh/Butterfly/project_2/libbot_final/install/micro_ros_msgs/lib/python3.12/site-packages/micro_ros_msgs/msg/_entity.py
[8.561s] -- Installing: /home/devesh/Butterfly/project_2/libbot_final/install/micro_ros_msgs/lib/python3.12/site-packages/micro_ros_msgs/micro_ros_msgs_s__rosidl_typesupport_introspection_c.so
[8.561s] -- Installing: /home/devesh/Butterfly/project_2/libbot_final/install/micro_ros_msgs/lib/python3.12/site-packages/micro_ros_msgs/_micro_ros_msgs_s.ep.rosidl_typesupport_c.c
[8.617s] Listing '/home/devesh/Butterfly/project_2/libbot_final/install/micro_ros_msgs/lib/python3.12/site-packages/micro_ros_msgs'...
[8.617s] Compiling '/home/devesh/Butterfly/project_2/libbot_final/install/micro_ros_msgs/lib/python3.12/site-packages/micro_ros_msgs/__init__.py'...
[8.617s] Listing '/home/devesh/Butterfly/project_2/libbot_final/install/micro_ros_msgs/lib/python3.12/site-packages/micro_ros_msgs/msg'...
[8.617s] Compiling '/home/devesh/Butterfly/project_2/libbot_final/install/micro_ros_msgs/lib/python3.12/site-packages/micro_ros_msgs/msg/__init__.py'...
[8.617s] Compiling '/home/devesh/Butterfly/project_2/libbot_final/install/micro_ros_msgs/lib/python3.12/site-packages/micro_ros_msgs/msg/_entity.py'...
[8.618s] Compiling '/home/devesh/Butterfly/project_2/libbot_final/install/micro_ros_msgs/lib/python3.12/site-packages/micro_ros_msgs/msg/_graph.py'...
[8.618s] Compiling '/home/devesh/Butterfly/project_2/libbot_final/install/micro_ros_msgs/lib/python3.12/site-packages/micro_ros_msgs/msg/_node.py'...
[8.626s] -- Installing: /home/devesh/Butterfly/project_2/libbot_final/install/micro_ros_msgs/lib/python3.12/site-packages/micro_ros_msgs/micro_ros_msgs_s__rosidl_typesupport_fastrtps_c.so
[8.627s] -- Set non-toolchain portion of runtime path of "/home/devesh/Butterfly/project_2/libbot_final/install/micro_ros_msgs/lib/python3.12/site-packages/micro_ros_msgs/micro_ros_msgs_s__rosidl_typesupport_fastrtps_c.so" to ""
[8.627s] -- Installing: /home/devesh/Butterfly/project_2/libbot_final/install/micro_ros_msgs/lib/python3.12/site-packages/micro_ros_msgs/micro_ros_msgs_s__rosidl_typesupport_introspection_c.so
[8.628s] -- Set non-toolchain portion of runtime path of "/home/devesh/Butterfly/project_2/libbot_final/install/micro_ros_msgs/lib/python3.12/site-packages/micro_ros_msgs/micro_ros_msgs_s__rosidl_typesupport_introspection_c.so" to ""
[8.629s] -- Installing: /home/devesh/Butterfly/project_2/libbot_final/install/micro_ros_msgs/lib/python3.12/site-packages/micro_ros_msgs/micro_ros_msgs_s__rosidl_typesupport_c.so
[8.629s] -- Set non-toolchain portion of runtime path of "/home/devesh/Butterfly/project_2/libbot_final/install/micro_ros_msgs/lib/python3.12/site-packages/micro_ros_msgs/micro_ros_msgs_s__rosidl_typesupport_c.so" to ""
[8.630s] -- Installing: /home/devesh/Butterfly/project_2/libbot_final/install/micro_ros_msgs/lib/libmicro_ros_msgs__rosidl_generator_py.so
[8.631s] -- Set non-toolchain portion of runtime path of "/home/devesh/Butterfly/project_2/libbot_final/install/micro_ros_msgs/lib/libmicro_ros_msgs__rosidl_generator_py.so" to ""
[8.631s] -- Installing: /home/devesh/Butterfly/project_2/libbot_final/install/micro_ros_msgs/share/micro_ros_msgs/msg/Graph.idl
[8.631s] -- Installing: /home/devesh/Butterfly/project_2/libbot_final/install/micro_ros_msgs/share/micro_ros_msgs/msg/Node.idl
[8.632s] -- Installing: /home/devesh/Butterfly/project_2/libbot_final/install/micro_ros_msgs/share/micro_ros_msgs/msg/Entity.idl
[8.632s] -- Installing: /home/devesh/Butterfly/project_2/libbot_final/install/micro_ros_msgs/share/micro_ros_msgs/msg/Graph.msg
[8.633s] -- Installing: /home/devesh/Butterfly/project_2/libbot_final/install/micro_ros_msgs/share/micro_ros_msgs/msg/Node.msg
[8.633s] -- Installing: /home/devesh/Butterfly/project_2/libbot_final/install/micro_ros_msgs/share/micro_ros_msgs/msg/Entity.msg
[8.634s] -- Installing: /home/devesh/Butterfly/project_2/libbot_final/install/micro_ros_msgs/share/ament_index/resource_index/package_run_dependencies/micro_ros_msgs
[8.634s] -- Installing: /home/devesh/Butterfly/project_2/libbot_final/install/micro_ros_msgs/share/ament_index/resource_index/parent_prefix_path/micro_ros_msgs
[8.635s] -- Installing: /home/devesh/Butterfly/project_2/libbot_final/install/micro_ros_msgs/share/micro_ros_msgs/environment/ament_prefix_path.sh
[8.635s] -- Installing: /home/devesh/Butterfly/project_2/libbot_final/install/micro_ros_msgs/share/micro_ros_msgs/environment/ament_prefix_path.dsv
[8.636s] -- Installing: /home/devesh/Butterfly/project_2/libbot_final/install/micro_ros_msgs/share/micro_ros_msgs/environment/path.sh
[8.636s] -- Installing: /home/devesh/Butterfly/project_2/libbot_final/install/micro_ros_msgs/share/micro_ros_msgs/environment/path.dsv
[8.637s] -- Installing: /home/devesh/Butterfly/project_2/libbot_final/install/micro_ros_msgs/share/micro_ros_msgs/local_setup.bash
[8.637s] -- Installing: /home/devesh/Butterfly/project_2/libbot_final/install/micro_ros_msgs/share/micro_ros_msgs/local_setup.sh
[8.638s] -- Installing: /home/devesh/Butterfly/project_2/libbot_final/install/micro_ros_msgs/share/micro_ros_msgs/local_setup.zsh
[8.638s] -- Installing: /home/devesh/Butterfly/project_2/libbot_final/install/micro_ros_msgs/share/micro_ros_msgs/local_setup.dsv
[8.639s] -- Installing: /home/devesh/Butterfly/project_2/libbot_final/install/micro_ros_msgs/share/micro_ros_msgs/package.dsv
[8.640s] -- Installing: /home/devesh/Butterfly/project_2/libbot_final/install/micro_ros_msgs/share/ament_index/resource_index/packages/micro_ros_msgs
[8.640s] -- Installing: /home/devesh/Butterfly/project_2/libbot_final/install/micro_ros_msgs/share/micro_ros_msgs/cmake/export_micro_ros_msgs__rosidl_generator_cExport.cmake
[8.641s] -- Installing: /home/devesh/Butterfly/project_2/libbot_final/install/micro_ros_msgs/share/micro_ros_msgs/cmake/export_micro_ros_msgs__rosidl_generator_cExport-noconfig.cmake
[8.641s] -- Installing: /home/devesh/Butterfly/project_2/libbot_final/install/micro_ros_msgs/share/micro_ros_msgs/cmake/export_micro_ros_msgs__rosidl_typesupport_fastrtps_cExport.cmake
[8.642s] -- Installing: /home/devesh/Butterfly/project_2/libbot_final/install/micro_ros_msgs/share/micro_ros_msgs/cmake/export_micro_ros_msgs__rosidl_typesupport_fastrtps_cExport-noconfig.cmake
[8.642s] -- Installing: /home/devesh/Butterfly/project_2/libbot_final/install/micro_ros_msgs/share/micro_ros_msgs/cmake/micro_ros_msgs__rosidl_typesupport_introspection_cExport.cmake
[8.643s] -- Installing: /home/devesh/Butterfly/project_2/libbot_final/install/micro_ros_msgs/share/micro_ros_msgs/cmake/micro_ros_msgs__rosidl_typesupport_introspection_cExport-noconfig.cmake
[8.643s] -- Installing: /home/devesh/Butterfly/project_2/libbot_final/install/micro_ros_msgs/share/micro_ros_msgs/cmake/micro_ros_msgs__rosidl_typesupport_cExport.cmake
[8.644s] -- Installing: /home/devesh/Butterfly/project_2/libbot_final/install/micro_ros_msgs/share/micro_ros_msgs/cmake/micro_ros_msgs__rosidl_typesupport_cExport-noconfig.cmake
[8.644s] -- Installing: /home/devesh/Butterfly/project_2/libbot_final/install/micro_ros_msgs/share/micro_ros_msgs/cmake/export_micro_ros_msgs__rosidl_generator_cppExport.cmake
[8.645s] -- Installing: /home/devesh/Butterfly/project_2/libbot_final/install/micro_ros_msgs/share/micro_ros_msgs/cmake/export_micro_ros_msgs__rosidl_typesupport_fastrtps_cppExport.cmake
[8.645s] -- Installing: /home/devesh/Butterfly/project_2/libbot_final/install/micro_ros_msgs/share/micro_ros_msgs/cmake/export_micro_ros_msgs__rosidl_typesupport_fastrtps_cppExport-noconfig.cmake
[8.646s] -- Installing: /home/devesh/Butterfly/project_2/libbot_final/install/micro_ros_msgs/share/micro_ros_msgs/cmake/micro_ros_msgs__rosidl_typesupport_introspection_cppExport.cmake
[8.646s] -- Installing: /home/devesh/Butterfly/project_2/libbot_final/install/micro_ros_msgs/share/micro_ros_msgs/cmake/micro_ros_msgs__rosidl_typesupport_introspection_cppExport-noconfig.cmake
[8.647s] -- Installing: /home/devesh/Butterfly/project_2/libbot_final/install/micro_ros_msgs/share/micro_ros_msgs/cmake/micro_ros_msgs__rosidl_typesupport_cppExport.cmake
[8.647s] -- Installing: /home/devesh/Butterfly/project_2/libbot_final/install/micro_ros_msgs/share/micro_ros_msgs/cmake/micro_ros_msgs__rosidl_typesupport_cppExport-noconfig.cmake
[8.648s] -- Installing: /home/devesh/Butterfly/project_2/libbot_final/install/micro_ros_msgs/share/micro_ros_msgs/cmake/export_micro_ros_msgs__rosidl_generator_pyExport.cmake
[8.648s] -- Installing: /home/devesh/Butterfly/project_2/libbot_final/install/micro_ros_msgs/share/micro_ros_msgs/cmake/export_micro_ros_msgs__rosidl_generator_pyExport-noconfig.cmake
[8.649s] -- Installing: /home/devesh/Butterfly/project_2/libbot_final/install/micro_ros_msgs/share/micro_ros_msgs/cmake/rosidl_cmake-extras.cmake
[8.649s] -- Installing: /home/devesh/Butterfly/project_2/libbot_final/install/micro_ros_msgs/share/micro_ros_msgs/cmake/ament_cmake_export_include_directories-extras.cmake
[8.650s] -- Installing: /home/devesh/Butterfly/project_2/libbot_final/install/micro_ros_msgs/share/micro_ros_msgs/cmake/ament_cmake_export_libraries-extras.cmake
[8.650s] -- Installing: /home/devesh/Butterfly/project_2/libbot_final/install/micro_ros_msgs/share/micro_ros_msgs/cmake/ament_cmake_export_targets-extras.cmake
[8.651s] -- Installing: /home/devesh/Butterfly/project_2/libbot_final/install/micro_ros_msgs/share/micro_ros_msgs/cmake/rosidl_cmake_export_typesupport_targets-extras.cmake
[8.651s] -- Installing: /home/devesh/Butterfly/project_2/libbot_final/install/micro_ros_msgs/share/micro_ros_msgs/cmake/ament_cmake_export_dependencies-extras.cmake
[8.651s] -- Installing: /home/devesh/Butterfly/project_2/libbot_final/install/micro_ros_msgs/share/micro_ros_msgs/cmake/rosidl_cmake_export_typesupport_libraries-extras.cmake
[8.652s] -- Installing: /home/devesh/Butterfly/project_2/libbot_final/install/micro_ros_msgs/share/micro_ros_msgs/cmake/micro_ros_msgsConfig.cmake
[8.653s] -- Installing: /home/devesh/Butterfly/project_2/libbot_final/install/micro_ros_msgs/share/micro_ros_msgs/cmake/micro_ros_msgsConfig-version.cmake
[8.653s] -- Installing: /home/devesh/Butterfly/project_2/libbot_final/install/micro_ros_msgs/share/micro_ros_msgs/package.xml
[8.659s] Invoked command in '/home/devesh/Butterfly/project_2/libbot_final/build/micro_ros_msgs' returned '0': CMAKE_PREFIX_PATH=${CMAKE_PREFIX_PATH}:/home/devesh/Butterfly/project_2/libbot_final/install/libbot_gazebo:/home/devesh/Butterfly/project_2/libbot_final/install/libbot_bringup:/opt/ros/jazzy DEBUGINFOD_URLS=https://debuginfod.ubuntu.com /usr/bin/cmake --install /home/devesh/Butterfly/project_2/libbot_final/build/micro_ros_msgs
