[0.000000] (-) TimerEvent: {}
[0.001198] (-) JobUnselected: {'identifier': 'drive_base_msgs'}
[0.001309] (-) JobUnselected: {'identifier': 'libbot_gazebo'}
[0.001382] (-) JobUnselected: {'identifier': 'libbot_lib_interface'}
[0.001450] (-) JobUnselected: {'identifier': 'libbot_mapping'}
[0.001516] (-) JobUnselected: {'identifier': 'libbot_navigation'}
[0.001580] (-) JobUnselected: {'identifier': 'micro_ros_agent'}
[0.001639] (-) JobUnselected: {'identifier': 'micro_ros_msgs'}
[0.001698] (-) JobUnselected: {'identifier': 'sllidar_ros2'}
[0.001765] (libbot_bringup) JobQueued: {'identifier': 'libbot_bringup', 'dependencies': OrderedDict()}
[0.001838] (libbot_bringup) JobStarted: {'identifier': 'libbot_bringup'}
[0.099636] (-) TimerEvent: {}
[0.200135] (-) TimerEvent: {}
[0.300608] (-) TimerEvent: {}
[0.401240] (-) TimerEvent: {}
[0.502161] (-) TimerEvent: {}
[0.602686] (-) TimerEvent: {}
[0.703151] (-) TimerEvent: {}
[0.803614] (-) TimerEvent: {}
[0.904146] (-) TimerEvent: {}
[1.004683] (-) TimerEvent: {}
[1.105107] (-) TimerEvent: {}
[1.205541] (-) TimerEvent: {}
[1.305954] (-) TimerEvent: {}
[1.406479] (-) TimerEvent: {}
[1.432059] (libbot_bringup) Command: {'cmd': ['/usr/bin/python3', '-W', 'ignore:setup.py install is deprecated', '-W', 'ignore:easy_install command is deprecated', 'setup.py', 'egg_info', '--egg-base', '../../build/libbot_bringup', 'build', '--build-base', '/home/devesh/Butterfly/project_2/libbot_final/build/libbot_bringup/build', 'install', '--record', '/home/devesh/Butterfly/project_2/libbot_final/build/libbot_bringup/install.log', '--single-version-externally-managed', 'install_data'], 'cwd': '/home/devesh/Butterfly/project_2/libbot_final/src/libbot_bringup', 'env': {'USER': 'devesh', 'GZ_CONFIG_PATH': '/opt/ros/jazzy/opt/gz_sim_vendor/share/gz:/opt/ros/jazzy/opt/sdformat_vendor/share/gz:/opt/ros/jazzy/opt/gz_gui_vendor/share/gz:/opt/ros/jazzy/opt/gz_transport_vendor/share/gz:/opt/ros/jazzy/opt/gz_rendering_vendor/share/gz:/opt/ros/jazzy/opt/gz_plugin_vendor/share/gz:/opt/ros/jazzy/opt/gz_fuel_tools_vendor/share/gz:/opt/ros/jazzy/opt/gz_msgs_vendor/share/gz:/opt/ros/jazzy/opt/gz_common_vendor/share/gz', 'XDG_SESSION_TYPE': 'x11', 'SHLVL': '1', 'LD_LIBRARY_PATH': '/opt/ros/jazzy/opt/gz_sim_vendor/lib:/opt/ros/jazzy/opt/gz_sensors_vendor/lib:/opt/ros/jazzy/opt/gz_physics_vendor/lib:/opt/ros/jazzy/opt/sdformat_vendor/lib:/opt/ros/jazzy/opt/rviz_ogre_vendor/lib:/opt/ros/jazzy/lib/x86_64-linux-gnu:/opt/ros/jazzy/opt/gz_gui_vendor/lib:/opt/ros/jazzy/opt/gz_transport_vendor/lib:/opt/ros/jazzy/opt/gz_rendering_vendor/lib:/opt/ros/jazzy/opt/gz_plugin_vendor/lib:/opt/ros/jazzy/opt/gz_fuel_tools_vendor/lib:/opt/ros/jazzy/opt/gz_msgs_vendor/lib:/opt/ros/jazzy/opt/gz_common_vendor/lib:/opt/ros/jazzy/opt/gz_math_vendor/lib:/opt/ros/jazzy/opt/gz_utils_vendor/lib:/opt/ros/jazzy/opt/gz_tools_vendor/lib:/opt/ros/jazzy/opt/gz_ogre_next_vendor/lib:/opt/ros/jazzy/opt/gz_dartsim_vendor/lib:/opt/ros/jazzy/opt/gz_cmake_vendor/lib:/opt/ros/jazzy/lib', 'HOME': '/home/devesh', 'OLDPWD': '/home/devesh/Butterfly/project_2/libbot_final', 'DESKTOP_SESSION': 'ubuntu', 'GTK_MODULES': 'gail:atk-bridge', 'GNOME_SHELL_SESSION_MODE': 'ubuntu', 'ROS_PYTHON_VERSION': '3', 'SYSTEMD_EXEC_PID': '2168', 'DBUS_SESSION_BUS_ADDRESS': 'unix:path=/run/user/1000/bus', 'GSM_SKIP_SSH_AGENT_WORKAROUND': 'true', 'P9K_TTY': 'old', 'COLORTERM': 'truecolor', 'DEBUGINFOD_URLS': 'https://debuginfod.ubuntu.com', 'ROS_DISTRO': 'jazzy', 'LOGNAME': 'devesh', '_P9K_SSH_TTY': '/dev/pts/3', '_': '/usr/bin/colcon', 'MEMORY_PRESSURE_WATCH': '/sys/fs/cgroup/user.slice/user-1000.slice/user@1000.service/session.slice/org.gnome.Shell@x11.service/memory.pressure', 'XDG_SESSION_CLASS': 'user', 'ROS_VERSION': '2', 'USERNAME': 'devesh', 'TERM': 'xterm-256color', 'GNOME_DESKTOP_SESSION_ID': 'this-is-deprecated', 'WINDOWPATH': '2', 'PATH': '/opt/ros/jazzy/opt/gz_msgs_vendor/bin:/opt/ros/jazzy/opt/gz_tools_vendor/bin:/opt/ros/jazzy/opt/gz_ogre_next_vendor/bin:/opt/ros/jazzy/bin:/usr/local/sbin:/usr/local/bin:/usr/sbin:/usr/bin:/sbin:/bin:/usr/games:/usr/local/games:/snap/bin:/snap/bin:/opt/nvim-linux64/bin', 'SESSION_MANAGER': 'local/Devesh-O15:@/tmp/.ICE-unix/2106,unix/Devesh-O15:/tmp/.ICE-unix/2106', 'GNOME_TERMINAL_SCREEN': '/org/gnome/Terminal/screen/a0a4bd11_301b_4192_940f_5e9391924289', 'XDG_MENU_PREFIX': 'gnome-', 'XDG_RUNTIME_DIR': '/run/user/1000', 'DISPLAY': ':0', 'LANG': 'en_US.UTF-8', 'XDG_CURRENT_DESKTOP': 'ubuntu:GNOME', 'XDG_SESSION_DESKTOP': 'ubuntu', 'GNOME_TERMINAL_SERVICE': ':1.211', 'XMODIFIERS': '@im=ibus', 'XAUTHORITY': '/run/user/1000/gdm/Xauthority', 'XDG_CONFIG_HOME': '/home/devesh/.config/', 'SSH_AUTH_SOCK': '/run/user/1000/keyring/ssh', 'AMENT_PREFIX_PATH': '/opt/ros/jazzy', 'SHELL': '/usr/bin/zsh', 'QT_ACCESSIBILITY': '1', 'GDMSESSION': 'ubuntu', 'GPG_AGENT_INFO': '/run/user/1000/gnupg/S.gpg-agent:0:1', 'P9K_SSH': '0', 'QT_IM_MODULE': 'ibus', 'ROS_AUTOMATIC_DISCOVERY_RANGE': 'SUBNET', 'PWD': '/home/devesh/Butterfly/project_2/libbot_final/build/libbot_bringup', 'XDG_CONFIG_DIRS': '/etc/xdg/xdg-ubuntu:/etc/xdg', 'XDG_DATA_DIRS': '/usr/share/ubuntu:/usr/share/gnome:/usr/local/share/:/usr/share/:/var/lib/snapd/desktop', 'ZDOTDIR': '/home/devesh/.config//zsh/', '_P9K_TTY': '/dev/pts/3', 'PYTHONPATH': '/home/devesh/Butterfly/project_2/libbot_final/build/libbot_bringup/prefix_override:/usr/lib/python3/dist-packages/colcon_core/task/python/colcon_distutils_commands:/home/devesh/Butterfly/project_2/libbot_final/install/libbot_bringup/lib/python3.12/site-packages:/opt/ros/jazzy/lib/python3.12/site-packages', 'COLCON': '1', 'VTE_VERSION': '7600', 'MEMORY_PRESSURE_WRITE': 'c29tZSAyMDAwMDAgMjAwMDAwMAA=', 'CMAKE_PREFIX_PATH': '/opt/ros/jazzy/opt/gz_sim_vendor:/opt/ros/jazzy/opt/gz_sensors_vendor:/opt/ros/jazzy/opt/gz_physics_vendor:/opt/ros/jazzy/opt/sdformat_vendor:/opt/ros/jazzy/opt/gz_gui_vendor:/opt/ros/jazzy/opt/gz_transport_vendor:/opt/ros/jazzy/opt/gz_rendering_vendor:/opt/ros/jazzy/opt/gz_plugin_vendor:/opt/ros/jazzy/opt/gz_fuel_tools_vendor:/opt/ros/jazzy/opt/gz_msgs_vendor:/opt/ros/jazzy/opt/gz_common_vendor:/opt/ros/jazzy/opt/gz_math_vendor:/opt/ros/jazzy/opt/gz_utils_vendor:/opt/ros/jazzy/opt/gz_tools_vendor:/opt/ros/jazzy/opt/gz_ogre_next_vendor:/opt/ros/jazzy/opt/gz_dartsim_vendor:/opt/ros/jazzy/opt/gz_cmake_vendor'}, 'shell': False}
[1.506627] (-) TimerEvent: {}
[1.607110] (-) TimerEvent: {}
[1.707590] (-) TimerEvent: {}
[1.808084] (-) TimerEvent: {}
[1.874180] (libbot_bringup) StdoutLine: {'line': b'running egg_info\n'}
[1.906458] (libbot_bringup) StdoutLine: {'line': b'writing ../../build/libbot_bringup/libbot_bringup.egg-info/PKG-INFO\n'}
[1.906876] (libbot_bringup) StdoutLine: {'line': b'writing dependency_links to ../../build/libbot_bringup/libbot_bringup.egg-info/dependency_links.txt\n'}
[1.907239] (libbot_bringup) StdoutLine: {'line': b'writing entry points to ../../build/libbot_bringup/libbot_bringup.egg-info/entry_points.txt\n'}
[1.907563] (libbot_bringup) StdoutLine: {'line': b'writing requirements to ../../build/libbot_bringup/libbot_bringup.egg-info/requires.txt\n'}
[1.907765] (libbot_bringup) StdoutLine: {'line': b'writing top-level names to ../../build/libbot_bringup/libbot_bringup.egg-info/top_level.txt\n'}
[1.908178] (-) TimerEvent: {}
[1.974702] (libbot_bringup) StdoutLine: {'line': b"reading manifest file '../../build/libbot_bringup/libbot_bringup.egg-info/SOURCES.txt'\n"}
[1.975311] (libbot_bringup) StdoutLine: {'line': b"adding license file 'LICENSE'\n"}
[1.976135] (libbot_bringup) StdoutLine: {'line': b"writing manifest file '../../build/libbot_bringup/libbot_bringup.egg-info/SOURCES.txt'\n"}
[1.976566] (libbot_bringup) StdoutLine: {'line': b'running build\n'}
[1.976804] (libbot_bringup) StdoutLine: {'line': b'running build_py\n'}
[1.977136] (libbot_bringup) StdoutLine: {'line': b'copying libbot_bringup/camera_publisher.py -> /home/devesh/Butterfly/project_2/libbot_final/build/libbot_bringup/build/lib/libbot_bringup\n'}
[1.977463] (libbot_bringup) StdoutLine: {'line': b'running install\n'}
[1.987297] (libbot_bringup) StdoutLine: {'line': b'running install_lib\n'}
[2.008342] (-) TimerEvent: {}
[2.021321] (libbot_bringup) StdoutLine: {'line': b'copying /home/devesh/Butterfly/project_2/libbot_final/build/libbot_bringup/build/lib/libbot_bringup/camera_publisher.py -> /home/devesh/Butterfly/project_2/libbot_final/install/libbot_bringup/lib/python3.12/site-packages/libbot_bringup\n'}
[2.022159] (libbot_bringup) StdoutLine: {'line': b'byte-compiling /home/devesh/Butterfly/project_2/libbot_final/install/libbot_bringup/lib/python3.12/site-packages/libbot_bringup/camera_publisher.py to camera_publisher.cpython-312.pyc\n'}
[2.023361] (libbot_bringup) StdoutLine: {'line': b'running install_data\n'}
[2.024093] (libbot_bringup) StdoutLine: {'line': b'running install_egg_info\n'}
[2.059716] (libbot_bringup) StdoutLine: {'line': b"removing '/home/devesh/Butterfly/project_2/libbot_final/install/libbot_bringup/lib/python3.12/site-packages/libbot_bringup-0.0.0-py3.12.egg-info' (and everything under it)\n"}
[2.060538] (libbot_bringup) StdoutLine: {'line': b'Copying ../../build/libbot_bringup/libbot_bringup.egg-info to /home/devesh/Butterfly/project_2/libbot_final/install/libbot_bringup/lib/python3.12/site-packages/libbot_bringup-0.0.0-py3.12.egg-info\n'}
[2.062491] (libbot_bringup) StdoutLine: {'line': b'running install_scripts\n'}
[2.108519] (-) TimerEvent: {}
[2.208928] (-) TimerEvent: {}
[2.275479] (libbot_bringup) StdoutLine: {'line': b'Installing camera_publisher script to /home/devesh/Butterfly/project_2/libbot_final/install/libbot_bringup/lib/libbot_bringup\n'}
[2.275983] (libbot_bringup) StdoutLine: {'line': b"writing list of installed files to '/home/devesh/Butterfly/project_2/libbot_final/build/libbot_bringup/install.log'\n"}
[2.309139] (-) TimerEvent: {}
[2.320935] (libbot_bringup) CommandEnded: {'returncode': 0}
[2.335285] (libbot_bringup) JobEnded: {'identifier': 'libbot_bringup', 'rc': 0}
[2.336757] (-) EventReactorShutdown: {}
