running egg_info
creating ../../build/libbot_navigation/libbot_navigation.egg-info
writing ../../build/libbot_navigation/libbot_navigation.egg-info/PKG-INFO
writing dependency_links to ../../build/libbot_navigation/libbot_navigation.egg-info/dependency_links.txt
writing requirements to ../../build/libbot_navigation/libbot_navigation.egg-info/requires.txt
writing top-level names to ../../build/libbot_navigation/libbot_navigation.egg-info/top_level.txt
writing manifest file '../../build/libbot_navigation/libbot_navigation.egg-info/SOURCES.txt'
reading manifest file '../../build/libbot_navigation/libbot_navigation.egg-info/SOURCES.txt'
adding license file 'LICENSE'
writing manifest file '../../build/libbot_navigation/libbot_navigation.egg-info/SOURCES.txt'
running build
running build_py
creating /home/devesh/Butterfly/project_2/libbot_final/build/libbot_navigation/build
creating /home/devesh/Butterfly/project_2/libbot_final/build/libbot_navigation/build/lib
creating /home/devesh/Butterfly/project_2/libbot_final/build/libbot_navigation/build/lib/libbot_navigation
copying libbot_navigation/__init__.py -> /home/devesh/Butterfly/project_2/libbot_final/build/libbot_navigation/build/lib/libbot_navigation
running install
running install_lib
creating /home/devesh/Butterfly/project_2/libbot_final/install/libbot_navigation/lib/python3.12/site-packages/libbot_navigation
copying /home/devesh/Butterfly/project_2/libbot_final/build/libbot_navigation/build/lib/libbot_navigation/__init__.py -> /home/devesh/Butterfly/project_2/libbot_final/install/libbot_navigation/lib/python3.12/site-packages/libbot_navigation
byte-compiling /home/devesh/Butterfly/project_2/libbot_final/install/libbot_navigation/lib/python3.12/site-packages/libbot_navigation/__init__.py to __init__.cpython-312.pyc
running install_data
creating /home/devesh/Butterfly/project_2/libbot_final/install/libbot_navigation/share/ament_index
creating /home/devesh/Butterfly/project_2/libbot_final/install/libbot_navigation/share/ament_index/resource_index
creating /home/devesh/Butterfly/project_2/libbot_final/install/libbot_navigation/share/ament_index/resource_index/packages
copying resource/libbot_navigation -> /home/devesh/Butterfly/project_2/libbot_final/install/libbot_navigation/share/ament_index/resource_index/packages
copying package.xml -> /home/devesh/Butterfly/project_2/libbot_final/install/libbot_navigation/share/libbot_navigation
creating /home/devesh/Butterfly/project_2/libbot_final/install/libbot_navigation/share/libbot_navigation/config
copying config/nav2_params.yaml -> /home/devesh/Butterfly/project_2/libbot_final/install/libbot_navigation/share/libbot_navigation/config
copying config/rviz_config.rviz -> /home/devesh/Butterfly/project_2/libbot_final/install/libbot_navigation/share/libbot_navigation/config
copying config/twist_mux.yaml -> /home/devesh/Butterfly/project_2/libbot_final/install/libbot_navigation/share/libbot_navigation/config
copying config/dock_database.yaml -> /home/devesh/Butterfly/project_2/libbot_final/install/libbot_navigation/share/libbot_navigation/config
creating /home/devesh/Butterfly/project_2/libbot_final/install/libbot_navigation/share/libbot_navigation/launch
copying launch/navigation.launch.py -> /home/devesh/Butterfly/project_2/libbot_final/install/libbot_navigation/share/libbot_navigation/launch
creating /home/devesh/Butterfly/project_2/libbot_final/install/libbot_navigation/share/libbot_navigation/maps
copying maps/library_map_v2_sav.yaml -> /home/devesh/Butterfly/project_2/libbot_final/install/libbot_navigation/share/libbot_navigation/maps
copying maps/library_map_v2_sav.pgm -> /home/devesh/Butterfly/project_2/libbot_final/install/libbot_navigation/share/libbot_navigation/maps
running install_egg_info
Copying ../../build/libbot_navigation/libbot_navigation.egg-info to /home/devesh/Butterfly/project_2/libbot_final/install/libbot_navigation/lib/python3.12/site-packages/libbot_navigation-0.0.0-py3.12.egg-info
running install_scripts
writing list of installed files to '/home/devesh/Butterfly/project_2/libbot_final/build/libbot_navigation/install.log'
