/home/devesh/Butterfly/project_2/libbot_final/install/libbot_gazebo/lib/python3.12/site-packages/libbot_gazebo/__init__.py
/home/devesh/Butterfly/project_2/libbot_final/install/libbot_gazebo/lib/python3.12/site-packages/libbot_gazebo/__pycache__/__init__.cpython-312.pyc
/home/devesh/Butterfly/project_2/libbot_final/install/libbot_gazebo/share/ament_index/resource_index/packages/libbot_gazebo
/home/devesh/Butterfly/project_2/libbot_final/install/libbot_gazebo/share/libbot_gazebo/package.xml
/home/devesh/Butterfly/project_2/libbot_final/install/libbot_gazebo/share/libbot_gazebo/config/rviz_config.rviz
/home/devesh/Butterfly/project_2/libbot_final/install/libbot_gazebo/share/libbot_gazebo/config/ekf_gz.yaml
/home/devesh/Butterfly/project_2/libbot_final/install/libbot_gazebo/share/libbot_gazebo/config/bridge.yaml
/home/devesh/Butterfly/project_2/libbot_final/install/libbot_gazebo/share/libbot_gazebo/launch/gazebo.launch.py
/home/devesh/Butterfly/project_2/libbot_final/install/libbot_gazebo/share/libbot_gazebo/worlds/library_walls.stl
/home/devesh/Butterfly/project_2/libbot_final/install/libbot_gazebo/share/libbot_gazebo/worlds/library_interior.stl
/home/devesh/Butterfly/project_2/libbot_final/install/libbot_gazebo/share/libbot_gazebo/worlds/library.sdf
/home/devesh/Butterfly/project_2/libbot_final/install/libbot_gazebo/share/libbot_gazebo/worlds/Apriltag36_11_00000/model.config
/home/devesh/Butterfly/project_2/libbot_final/install/libbot_gazebo/share/libbot_gazebo/worlds/Apriltag36_11_00000/model.sdf
/home/devesh/Butterfly/project_2/libbot_final/install/libbot_gazebo/share/libbot_gazebo/worlds/Apriltag36_11_00000/meshes/tag36_11_00000.dae
/home/devesh/Butterfly/project_2/libbot_final/install/libbot_gazebo/share/libbot_gazebo/worlds/Apriltag36_11_00000/materials/textures/tag36_11_00000.png
/home/devesh/Butterfly/project_2/libbot_final/install/libbot_gazebo/lib/python3.12/site-packages/libbot_gazebo-0.0.0-py3.12.egg-info/PKG-INFO
/home/devesh/Butterfly/project_2/libbot_final/install/libbot_gazebo/lib/python3.12/site-packages/libbot_gazebo-0.0.0-py3.12.egg-info/requires.txt
/home/devesh/Butterfly/project_2/libbot_final/install/libbot_gazebo/lib/python3.12/site-packages/libbot_gazebo-0.0.0-py3.12.egg-info/dependency_links.txt
/home/devesh/Butterfly/project_2/libbot_final/install/libbot_gazebo/lib/python3.12/site-packages/libbot_gazebo-0.0.0-py3.12.egg-info/zip-safe
/home/devesh/Butterfly/project_2/libbot_final/install/libbot_gazebo/lib/python3.12/site-packages/libbot_gazebo-0.0.0-py3.12.egg-info/top_level.txt
/home/devesh/Butterfly/project_2/libbot_final/install/libbot_gazebo/lib/python3.12/site-packages/libbot_gazebo-0.0.0-py3.12.egg-info/SOURCES.txt
