[2.180s] Invoking command in '/home/devesh/Butterfly/project_2/libbot_final/src/libbot_bringup': DEBUGINFOD_URLS=https://debuginfod.ubuntu.com PYTHONPATH=/home/devesh/Butterfly/project_2/libbot_final/build/libbot_bringup/prefix_override:/usr/lib/python3/dist-packages/colcon_core/task/python/colcon_distutils_commands:/home/devesh/Butterfly/project_2/libbot_final/install/libbot_bringup/lib/python3.12/site-packages:${PYTHONPATH} /usr/bin/python3 -W ignore:setup.py install is deprecated -W ignore:easy_install command is deprecated setup.py egg_info --egg-base ../../build/libbot_bringup build --build-base /home/devesh/Butterfly/project_2/libbot_final/build/libbot_bringup/build install --record /home/devesh/Butterfly/project_2/libbot_final/build/libbot_bringup/install.log --single-version-externally-managed install_data
[2.449s] running egg_info
[2.469s] writing ../../build/libbot_bringup/libbot_bringup.egg-info/PKG-INFO
[2.470s] writing dependency_links to ../../build/libbot_bringup/libbot_bringup.egg-info/dependency_links.txt
[2.470s] writing entry points to ../../build/libbot_bringup/libbot_bringup.egg-info/entry_points.txt
[2.470s] writing requirements to ../../build/libbot_bringup/libbot_bringup.egg-info/requires.txt
[2.470s] writing top-level names to ../../build/libbot_bringup/libbot_bringup.egg-info/top_level.txt
[2.511s] reading manifest file '../../build/libbot_bringup/libbot_bringup.egg-info/SOURCES.txt'
[2.511s] adding license file 'LICENSE'
[2.512s] writing manifest file '../../build/libbot_bringup/libbot_bringup.egg-info/SOURCES.txt'
[2.512s] running build
[2.512s] running build_py
[2.513s] running install
[2.518s] running install_lib
[2.539s] running install_data
[2.539s] running install_egg_info
[2.560s] removing '/home/devesh/Butterfly/project_2/libbot_final/install/libbot_bringup/lib/python3.12/site-packages/libbot_bringup-0.0.0-py3.12.egg-info' (and everything under it)
[2.560s] Copying ../../build/libbot_bringup/libbot_bringup.egg-info to /home/devesh/Butterfly/project_2/libbot_final/install/libbot_bringup/lib/python3.12/site-packages/libbot_bringup-0.0.0-py3.12.egg-info
[2.562s] running install_scripts
[2.696s] Installing camera_publisher script to /home/devesh/Butterfly/project_2/libbot_final/install/libbot_bringup/lib/libbot_bringup
[2.697s] writing list of installed files to '/home/devesh/Butterfly/project_2/libbot_final/build/libbot_bringup/install.log'
[2.760s] Invoked command in '/home/devesh/Butterfly/project_2/libbot_final/src/libbot_bringup' returned '0': DEBUGINFOD_URLS=https://debuginfod.ubuntu.com PYTHONPATH=/home/devesh/Butterfly/project_2/libbot_final/build/libbot_bringup/prefix_override:/usr/lib/python3/dist-packages/colcon_core/task/python/colcon_distutils_commands:/home/devesh/Butterfly/project_2/libbot_final/install/libbot_bringup/lib/python3.12/site-packages:${PYTHONPATH} /usr/bin/python3 -W ignore:setup.py install is deprecated -W ignore:easy_install command is deprecated setup.py egg_info --egg-base ../../build/libbot_bringup build --build-base /home/devesh/Butterfly/project_2/libbot_final/build/libbot_bringup/build install --record /home/devesh/Butterfly/project_2/libbot_final/build/libbot_bringup/install.log --single-version-externally-managed install_data
